#
# There is insufficient memory for the Java Runtime Environment to continue.
# Native memory allocation (mmap) failed to map 137363456 bytes for Failed to commit area from 0x00000006edc00000 to 0x00000006f5f00000 of length 137363456.
# Possible reasons:
#   The system is out of physical RAM or swap space
#   The process is running with CompressedOops enabled, and the Java Heap may be blocking the growth of the native heap
# Possible solutions:
#   Reduce memory load on the system
#   Increase physical memory or swap space
#   Check if swap backing store is full
#   Decrease Java heap size (-Xmx/-Xms)
#   Decrease number of Java threads
#   Decrease Java thread stack sizes (-Xss)
#   Set larger code cache with -XX:ReservedCodeCacheSize=
#   JVM is running with Zero Based Compressed Oops mode in which the Java heap is
#     placed in the first 32GB address space. The Java Heap base address is the
#     maximum limit for the native heap growth. Please use -XX:HeapBaseMinAddress
#     to set the Java Heap base and to place the Java Heap above 32GB virtual address.
# This output file may be truncated or incomplete.
#
#  Out of Memory Error (./src/hotspot/os/windows/os_windows.cpp:3301), pid=5376, tid=1140
#
# JRE version: OpenJDK Runtime Environment (11.0.11+9) (build 11.0.11+9-b60-7590822)
# Java VM: OpenJDK 64-Bit Server VM (11.0.11+9-b60-7590822, mixed mode, tiered, compressed oops, g1 gc, windows-amd64)
# No core dump will be written. Minidumps are not enabled by default on client versions of Windows
#

---------------  S U M M A R Y ------------

Command Line: --add-opens=java.base/java.util=ALL-UNNAMED --add-opens=java.base/java.lang=ALL-UNNAMED --add-opens=java.base/java.lang.invoke=ALL-UNNAMED --add-opens=java.base/java.util=ALL-UNNAMED --add-opens=java.prefs/java.util.prefs=ALL-UNNAMED --add-opens=java.prefs/java.util.prefs=ALL-UNNAMED --add-opens=java.base/java.nio.charset=ALL-UNNAMED --add-opens=java.base/java.net=ALL-UNNAMED --add-opens=java.base/java.util.concurrent.atomic=ALL-UNNAMED -Xmx4608m -Dfile.encoding=windows-1252 -Duser.country=IN -Duser.language=en -Duser.variant org.gradle.launcher.daemon.bootstrap.GradleDaemon 7.2

Host: Intel(R) Core(TM) i5-3230M CPU @ 2.60GHz, 4 cores, 7G,  Windows 10 , 64 bit Build 19041 (10.0.19041.1503)
Time: Thu Jun  2 21:15:33 2022 India Standard Time elapsed time: 33.921281 seconds (0d 0h 0m 33s)

---------------  T H R E A D  ---------------

Current thread (0x000002425dbe8800):  VMThread "VM Thread" [stack: 0x000000c56a700000,0x000000c56a800000] [id=1140]

Stack: [0x000000c56a700000,0x000000c56a800000]
[error occurred during error reporting (printing stack bounds), id 0xc0000005, EXCEPTION_ACCESS_VIOLATION (0xc0000005) at pc=0x0000024241390f2d]

Native frames: (J=compiled Java code, j=interpreted, Vv=VM code, C=native code)
V  [jvm.dll+0x5f214a]
V  [jvm.dll+0x726fb5]
V  [jvm.dll+0x7285cd]
V  [jvm.dll+0x728be5]
V  [jvm.dll+0x728b9b]
V  [jvm.dll+0x5f14e8]
V  [jvm.dll+0x5f1c78]
C  [ntdll.dll+0xa20cf]
C  [ntdll.dll+0x51454]
C  [ntdll.dll+0xa0bfe]
C  0x0000024241390f2d

VM_Operation (0x000000c5709fda80): G1CollectForAllocation, mode: safepoint, requested by thread 0x00000242674fc800


---------------  P R O C E S S  ---------------

Threads class SMR info:
_java_thread_list=0x0000024263915780, length=95, elements={
0x000002423b79c000, 0x000002425d3b1800, 0x000002425d3b5800, 0x000002425dc45800,
0x000002425dc46800, 0x000002425dc49800, 0x000002425dc54800, 0x000002425dc59000,
0x000002425dc5a800, 0x000002425ddb2000, 0x000002425f775000, 0x000002425f12e800,
0x0000024260a22000, 0x0000024260df7000, 0x00000242606ec800, 0x000002426061a800,
0x00000242601d8800, 0x0000024260c7f000, 0x000002425feda800, 0x000002425f76c000,
0x0000024260feb000, 0x000002425f76c800, 0x000002425f767800, 0x000002425f767000,
0x000002425f769800, 0x000002425f76d800, 0x000002425f768800, 0x000002425f76a000,
0x000002425f76b000, 0x00000242634c1800, 0x00000242634bf000, 0x00000242634c4000,
0x00000242634c3000, 0x00000242634c5000, 0x00000242634c0000, 0x00000242634c6800,
0x00000242634c7000, 0x00000242634ca800, 0x00000242634c5800, 0x00000242634cd000,
0x00000242634c8000, 0x00000242634cc000, 0x00000242634c9000, 0x00000242634c9800,
0x00000242634cb800, 0x0000024263697000, 0x0000024263694800, 0x0000024263696000,
0x0000024263695800, 0x0000024263698000, 0x0000024263692000, 0x0000024263698800,
0x0000024263693000, 0x0000024263699800, 0x0000024263693800, 0x000002426369c800,
0x000002426369a000, 0x000002426369e800, 0x000002426369b000, 0x000002426369f000,
0x000002426369c000, 0x000002426369d800, 0x00000242636a0000, 0x00000242636a1000,
0x0000024263a0e000, 0x0000024263a12000, 0x0000024263a0e800, 0x0000024263a0c800,
0x0000024263a13000, 0x0000024263a0d000, 0x0000024263a13800, 0x0000024263a0f800,
0x0000024263a14800, 0x0000024263a10800, 0x0000024263a15800, 0x0000024263a16000,
0x0000024263a17000, 0x0000024263a11000, 0x0000024263a17800, 0x0000024263a1b000,
0x0000024263a19800, 0x0000024263a1a000, 0x00000242674fd000, 0x00000242674fa000,
0x00000242674f9000, 0x00000242674fa800, 0x00000242674fb800, 0x00000242674fe000,
0x00000242674f8800, 0x00000242674ff800, 0x00000242674ff000, 0x0000024267500800,
0x0000024267501800, 0x0000024267502000, 0x00000242674fc800
}

Java Threads: ( => current thread )
  0x000002423b79c000 JavaThread "main" [_thread_blocked, id=12492, stack(0x000000c56a100000,0x000000c56a200000)]
  0x000002425d3b1800 JavaThread "Reference Handler" daemon [_thread_blocked, id=12652, stack(0x000000c56a800000,0x000000c56a900000)]
  0x000002425d3b5800 JavaThread "Finalizer" daemon [_thread_blocked, id=12384, stack(0x000000c56a900000,0x000000c56aa00000)]
  0x000002425dc45800 JavaThread "Signal Dispatcher" daemon [_thread_blocked, id=5160, stack(0x000000c56aa00000,0x000000c56ab00000)]
  0x000002425dc46800 JavaThread "Attach Listener" daemon [_thread_blocked, id=3868, stack(0x000000c56ab00000,0x000000c56ac00000)]
  0x000002425dc49800 JavaThread "Service Thread" daemon [_thread_blocked, id=13288, stack(0x000000c56ac00000,0x000000c56ad00000)]
  0x000002425dc54800 JavaThread "C2 CompilerThread0" daemon [_thread_blocked, id=10996, stack(0x000000c56ad00000,0x000000c56ae00000)]
  0x000002425dc59000 JavaThread "C1 CompilerThread0" daemon [_thread_blocked, id=9632, stack(0x000000c56ae00000,0x000000c56af00000)]
  0x000002425dc5a800 JavaThread "Sweeper thread" daemon [_thread_blocked, id=2452, stack(0x000000c56af00000,0x000000c56b000000)]
  0x000002425ddb2000 JavaThread "Common-Cleaner" daemon [_thread_blocked, id=4392, stack(0x000000c56b000000,0x000000c56b100000)]
  0x000002425f775000 JavaThread "Daemon health stats" [_thread_blocked, id=13656, stack(0x000000c56b600000,0x000000c56b700000)]
  0x000002425f12e800 JavaThread "Incoming local TCP Connector on port 64403" [_thread_in_native, id=12480, stack(0x000000c56b500000,0x000000c56b600000)]
  0x0000024260a22000 JavaThread "Daemon periodic checks" [_thread_blocked, id=9828, stack(0x000000c56b700000,0x000000c56b800000)]
  0x0000024260df7000 JavaThread "Daemon" [_thread_blocked, id=5960, stack(0x000000c56b800000,0x000000c56b900000)]
  0x00000242606ec800 JavaThread "Handler for socket connection from /127.0.0.1:64403 to /127.0.0.1:64404" [_thread_in_native, id=11304, stack(0x000000c56b900000,0x000000c56ba00000)]
  0x000002426061a800 JavaThread "Cancel handler" [_thread_blocked, id=4120, stack(0x000000c56ba00000,0x000000c56bb00000)]
  0x00000242601d8800 JavaThread "Daemon worker" [_thread_blocked, id=13700, stack(0x000000c56bb00000,0x000000c56bc00000)]
  0x0000024260c7f000 JavaThread "Asynchronous log dispatcher for DefaultDaemonConnection: socket connection from /127.0.0.1:64403 to /127.0.0.1:64404" [_thread_blocked, id=13568, stack(0x000000c56bc00000,0x000000c56bd00000)]
  0x000002425feda800 JavaThread "Stdin handler" [_thread_blocked, id=11096, stack(0x000000c56bd00000,0x000000c56be00000)]
  0x000002425f76c000 JavaThread "Daemon client event forwarder" [_thread_blocked, id=6000, stack(0x000000c56be00000,0x000000c56bf00000)]
  0x0000024260feb000 JavaThread "C2 CompilerThread1" daemon [_thread_blocked, id=12920, stack(0x000000c56bf00000,0x000000c56c000000)]
  0x000002425f76c800 JavaThread "Cache worker for journal cache (C:\Users\Arun Singh Rawat\.gradle\caches\journal-1)" [_thread_blocked, id=10228, stack(0x000000c56c100000,0x000000c56c200000)]
  0x000002425f767800 JavaThread "File lock request listener" [_thread_in_native, id=13604, stack(0x000000c56c200000,0x000000c56c300000)]
  0x000002425f767000 JavaThread "Cache worker for file hash cache (C:\Users\Arun Singh Rawat\.gradle\caches\7.2\fileHashes)" [_thread_blocked, id=2052, stack(0x000000c56c300000,0x000000c56c400000)]
  0x000002425f769800 JavaThread "Cache worker for file hash cache (F:\MyATM\.gradle\7.2\fileHashes)" [_thread_blocked, id=11944, stack(0x000000c56c400000,0x000000c56c500000)]
  0x000002425f76d800 JavaThread "File watcher server" daemon [_thread_blocked, id=10512, stack(0x000000c56c500000,0x000000c56c600000)]
  0x000002425f768800 JavaThread "File watcher consumer" daemon [_thread_blocked, id=6348, stack(0x000000c56c600000,0x000000c56c700000)]
  0x000002425f76a000 JavaThread "Cache worker for checksums cache (F:\MyATM\.gradle\checksums)" [_thread_blocked, id=11472, stack(0x000000c56c700000,0x000000c56c800000)]
  0x000002425f76b000 JavaThread "Cache worker for cache directory md-supplier (C:\Users\Arun Singh Rawat\.gradle\caches\7.2\md-supplier)" [_thread_blocked, id=2340, stack(0x000000c56c800000,0x000000c56c900000)]
  0x00000242634c1800 JavaThread "Cache worker for cache directory md-rule (C:\Users\Arun Singh Rawat\.gradle\caches\7.2\md-rule)" [_thread_blocked, id=5136, stack(0x000000c56c900000,0x000000c56ca00000)]
  0x00000242634bf000 JavaThread "Cache worker for execution history cache (C:\Users\Arun Singh Rawat\.gradle\caches\7.2\executionHistory)" [_thread_blocked, id=9864, stack(0x000000c56ca00000,0x000000c56cb00000)]
  0x00000242634c4000 JavaThread "jar transforms" [_thread_blocked, id=7972, stack(0x000000c56cb00000,0x000000c56cc00000)]
  0x00000242634c3000 JavaThread "Cache worker for file content cache (C:\Users\Arun Singh Rawat\.gradle\caches\7.2\fileContent)" [_thread_blocked, id=9592, stack(0x000000c56cc00000,0x000000c56cd00000)]
  0x00000242634c5000 JavaThread "jar transforms Thread 2" [_thread_blocked, id=13464, stack(0x000000c56cd00000,0x000000c56ce00000)]
  0x00000242634c0000 JavaThread "Cache worker for dependencies-accessors (F:\MyATM\.gradle\7.2\dependencies-accessors)" [_thread_blocked, id=2136, stack(0x000000c56ce00000,0x000000c56cf00000)]
  0x00000242634c6800 JavaThread "jar transforms Thread 3" [_thread_blocked, id=13680, stack(0x000000c56cf00000,0x000000c56d000000)]
  0x00000242634c7000 JavaThread "Cache worker for Build Output Cleanup Cache (F:\MyATM\.gradle\buildOutputCleanup)" [_thread_blocked, id=12176, stack(0x000000c56d000000,0x000000c56d100000)]
  0x00000242634ca800 JavaThread "Unconstrained build operations" [_thread_blocked, id=11780, stack(0x000000c56d100000,0x000000c56d200000)]
  0x00000242634c5800 JavaThread "Unconstrained build operations Thread 2" [_thread_blocked, id=9296, stack(0x000000c56d200000,0x000000c56d300000)]
  0x00000242634cd000 JavaThread "Unconstrained build operations Thread 3" [_thread_blocked, id=3448, stack(0x000000c56d300000,0x000000c56d400000)]
  0x00000242634c8000 JavaThread "Unconstrained build operations Thread 4" [_thread_blocked, id=3512, stack(0x000000c56d400000,0x000000c56d500000)]
  0x00000242634cc000 JavaThread "Unconstrained build operations Thread 5" [_thread_blocked, id=14300, stack(0x000000c56d500000,0x000000c56d600000)]
  0x00000242634c9000 JavaThread "Unconstrained build operations Thread 6" [_thread_blocked, id=9788, stack(0x000000c56d600000,0x000000c56d700000)]
  0x00000242634c9800 JavaThread "Unconstrained build operations Thread 7" [_thread_blocked, id=12876, stack(0x000000c56d700000,0x000000c56d800000)]
  0x00000242634cb800 JavaThread "Unconstrained build operations Thread 8" [_thread_blocked, id=568, stack(0x000000c56d800000,0x000000c56d900000)]
  0x0000024263697000 JavaThread "Unconstrained build operations Thread 9" [_thread_blocked, id=8448, stack(0x000000c56d900000,0x000000c56da00000)]
  0x0000024263694800 JavaThread "Unconstrained build operations Thread 10" [_thread_blocked, id=13108, stack(0x000000c56da00000,0x000000c56db00000)]
  0x0000024263696000 JavaThread "Unconstrained build operations Thread 11" [_thread_blocked, id=10548, stack(0x000000c56db00000,0x000000c56dc00000)]
  0x0000024263695800 JavaThread "Unconstrained build operations Thread 12" [_thread_blocked, id=4384, stack(0x000000c56dc00000,0x000000c56dd00000)]
  0x0000024263698000 JavaThread "Unconstrained build operations Thread 13" [_thread_blocked, id=1272, stack(0x000000c56dd00000,0x000000c56de00000)]
  0x0000024263692000 JavaThread "Unconstrained build operations Thread 14" [_thread_blocked, id=14304, stack(0x000000c56de00000,0x000000c56df00000)]
  0x0000024263698800 JavaThread "Unconstrained build operations Thread 15" [_thread_blocked, id=1976, stack(0x000000c56df00000,0x000000c56e000000)]
  0x0000024263693000 JavaThread "Unconstrained build operations Thread 16" [_thread_blocked, id=4952, stack(0x000000c56e000000,0x000000c56e100000)]
  0x0000024263699800 JavaThread "Unconstrained build operations Thread 17" [_thread_blocked, id=4296, stack(0x000000c56e100000,0x000000c56e200000)]
  0x0000024263693800 JavaThread "Unconstrained build operations Thread 18" [_thread_blocked, id=8592, stack(0x000000c56e200000,0x000000c56e300000)]
  0x000002426369c800 JavaThread "Unconstrained build operations Thread 19" [_thread_blocked, id=10456, stack(0x000000c56e300000,0x000000c56e400000)]
  0x000002426369a000 JavaThread "Unconstrained build operations Thread 20" [_thread_blocked, id=9756, stack(0x000000c56e400000,0x000000c56e500000)]
  0x000002426369e800 JavaThread "Unconstrained build operations Thread 21" [_thread_blocked, id=2116, stack(0x000000c56e500000,0x000000c56e600000)]
  0x000002426369b000 JavaThread "Unconstrained build operations Thread 22" [_thread_blocked, id=12824, stack(0x000000c56e600000,0x000000c56e700000)]
  0x000002426369f000 JavaThread "Unconstrained build operations Thread 23" [_thread_blocked, id=14064, stack(0x000000c56e700000,0x000000c56e800000)]
  0x000002426369c000 JavaThread "Unconstrained build operations Thread 24" [_thread_blocked, id=4508, stack(0x000000c56e800000,0x000000c56e900000)]
  0x000002426369d800 JavaThread "Unconstrained build operations Thread 25" [_thread_blocked, id=11320, stack(0x000000c56e900000,0x000000c56ea00000)]
  0x00000242636a0000 JavaThread "Unconstrained build operations Thread 26" [_thread_blocked, id=12820, stack(0x000000c56ea00000,0x000000c56eb00000)]
  0x00000242636a1000 JavaThread "Unconstrained build operations Thread 27" [_thread_blocked, id=13792, stack(0x000000c56eb00000,0x000000c56ec00000)]
  0x0000024263a0e000 JavaThread "Unconstrained build operations Thread 28" [_thread_blocked, id=12280, stack(0x000000c56ec00000,0x000000c56ed00000)]
  0x0000024263a12000 JavaThread "Unconstrained build operations Thread 29" [_thread_blocked, id=14148, stack(0x000000c56ed00000,0x000000c56ee00000)]
  0x0000024263a0e800 JavaThread "Unconstrained build operations Thread 30" [_thread_blocked, id=13140, stack(0x000000c56ee00000,0x000000c56ef00000)]
  0x0000024263a0c800 JavaThread "Unconstrained build operations Thread 31" [_thread_blocked, id=10184, stack(0x000000c56ef00000,0x000000c56f000000)]
  0x0000024263a13000 JavaThread "Unconstrained build operations Thread 32" [_thread_blocked, id=10976, stack(0x000000c56f000000,0x000000c56f100000)]
  0x0000024263a0d000 JavaThread "Unconstrained build operations Thread 33" [_thread_blocked, id=12940, stack(0x000000c56f100000,0x000000c56f200000)]
  0x0000024263a13800 JavaThread "Unconstrained build operations Thread 34" [_thread_blocked, id=5988, stack(0x000000c56f200000,0x000000c56f300000)]
  0x0000024263a0f800 JavaThread "Unconstrained build operations Thread 35" [_thread_blocked, id=11208, stack(0x000000c56f300000,0x000000c56f400000)]
  0x0000024263a14800 JavaThread "Unconstrained build operations Thread 36" [_thread_blocked, id=10404, stack(0x000000c56f400000,0x000000c56f500000)]
  0x0000024263a10800 JavaThread "Unconstrained build operations Thread 37" [_thread_blocked, id=6524, stack(0x000000c56f500000,0x000000c56f600000)]
  0x0000024263a15800 JavaThread "Unconstrained build operations Thread 38" [_thread_blocked, id=14088, stack(0x000000c56f600000,0x000000c56f700000)]
  0x0000024263a16000 JavaThread "Unconstrained build operations Thread 39" [_thread_blocked, id=5372, stack(0x000000c56f700000,0x000000c56f800000)]
  0x0000024263a17000 JavaThread "Unconstrained build operations Thread 40" [_thread_blocked, id=11528, stack(0x000000c56f800000,0x000000c56f900000)]
  0x0000024263a11000 JavaThread "jar transforms Thread 4" [_thread_blocked, id=11604, stack(0x000000c56f900000,0x000000c56fa00000)]
  0x0000024263a17800 JavaThread "Memory manager" [_thread_blocked, id=13116, stack(0x000000c56fa00000,0x000000c56fb00000)]
  0x0000024263a1b000 JavaThread "build event listener" [_thread_blocked, id=7948, stack(0x000000c56fb00000,0x000000c56fc00000)]
  0x0000024263a19800 JavaThread "Execution worker for ':'" [_thread_blocked, id=2496, stack(0x000000c56fc00000,0x000000c56fd00000)]
  0x0000024263a1a000 JavaThread "Execution worker for ':' Thread 2" [_thread_blocked, id=12468, stack(0x000000c56fd00000,0x000000c56fe00000)]
  0x00000242674fd000 JavaThread "Execution worker for ':' Thread 3" [_thread_blocked, id=8424, stack(0x000000c56fe00000,0x000000c56ff00000)]
  0x00000242674fa000 JavaThread "Cache worker for execution history cache (F:\MyATM\.gradle\7.2\executionHistory)" [_thread_blocked, id=1420, stack(0x000000c56ff00000,0x000000c570000000)]
  0x00000242674f9000 JavaThread "WorkerExecutor Queue" [_thread_blocked, id=14032, stack(0x000000c570000000,0x000000c570100000)]
  0x00000242674fa800 JavaThread "WorkerExecutor Queue Thread 2" [_thread_blocked, id=9856, stack(0x000000c569f00000,0x000000c56a000000)]
  0x00000242674fb800 JavaThread "WorkerExecutor Queue Thread 3" [_thread_blocked, id=12432, stack(0x000000c570100000,0x000000c570200000)]
  0x00000242674fe000 JavaThread "WorkerExecutor Queue Thread 4" [_thread_blocked, id=13396, stack(0x000000c570200000,0x000000c570300000)]
  0x00000242674f8800 JavaThread "pool-3-thread-1" [_thread_blocked, id=6972, stack(0x000000c570300000,0x000000c570400000)]
  0x00000242674ff800 JavaThread "stderr" [_thread_in_native, id=9224, stack(0x000000c570400000,0x000000c570500000)]
  0x00000242674ff000 JavaThread "stdout" [_thread_in_native, id=8556, stack(0x000000c570500000,0x000000c570600000)]
  0x0000024267500800 JavaThread "ForkJoinPool-1-worker-3" daemon [_thread_blocked, id=10308, stack(0x000000c570600000,0x000000c570700000)]
  0x0000024267501800 JavaThread "ForkJoinPool-1-worker-5" daemon [_thread_blocked, id=10376, stack(0x000000c570700000,0x000000c570800000)]
  0x0000024267502000 JavaThread "ForkJoinPool-1-worker-7" daemon [_thread_blocked, id=8580, stack(0x000000c570800000,0x000000c570900000)]
  0x00000242674fc800 JavaThread "ForkJoinPool-1-worker-1" daemon [_thread_blocked, id=6392, stack(0x000000c570900000,0x000000c570a00000)]

Other Threads:
=>0x000002425dbe8800 VMThread "VM Thread" [stack: 0x000000c56a700000,0x000000c56a800000] [id=1140]
  0x000002425dddf000 WatcherThread [stack: 0x000000c56b100000,0x000000c56b200000] [id=12144]
  0x000002423d8b0800 GCTaskThread "GC Thread#0" [stack: 0x000000c56a200000,0x000000c56a300000] [id=5336]
  0x000002425e4ab000 GCTaskThread "GC Thread#1" [stack: 0x000000c56b200000,0x000000c56b300000] [id=13920]
  0x000002425e4ac000 GCTaskThread "GC Thread#2" [stack: 0x000000c56b300000,0x000000c56b400000] [id=9124]
  0x0000024260ed0800 GCTaskThread "GC Thread#3" [stack: 0x000000c56c000000,0x000000c56c100000] [id=11596]
  0x000002423d917800 ConcurrentGCThread "G1 Main Marker" [stack: 0x000000c56a300000,0x000000c56a400000] [id=10804]
  0x000002423d918800 ConcurrentGCThread "G1 Conc#0" [stack: 0x000000c56a400000,0x000000c56a500000] [id=10748]
  0x000002425d201800 ConcurrentGCThread "G1 Refine#0" [stack: 0x000000c56a500000,0x000000c56a600000] [id=6828]
  0x000002425f37e800 ConcurrentGCThread "G1 Refine#1" [stack: 0x000000c56b400000,0x000000c56b500000] [id=12776]
  0x000002425d204800 ConcurrentGCThread "G1 Young RemSet Sampling" [stack: 0x000000c56a600000,0x000000c56a700000] [id=9584]

Threads with active compile tasks:
C2 CompilerThread0  33940 11996       4       com.android.tools.r8.graph.S$d::hashCode (48 bytes)
C2 CompilerThread1  33940 11887       4       com.android.tools.r8.dex.r::e (654 bytes)

VM state:at safepoint (normal execution)

VM Mutex/Monitor currently owned by a thread:  ([mutex/lock_event])
[0x000002423d898cb0] Threads_lock - owner thread: 0x000002425dbe8800
[0x000002423d897f30] Heap_lock - owner thread: 0x00000242674fc800

Heap address: 0x00000006e0000000, size: 4608 MB, Compressed Oops mode: Zero based, Oop shift amount: 3
Narrow klass base: 0x0000000800000000, Narrow klass shift: 0
Compressed class space size: 1073741824 Address: 0x0000000800000000

Heap:
 garbage-first heap   total 359424K, used 175616K [0x00000006e0000000, 0x0000000800000000)
  region size 1024K, 3 young (3072K), 3 survivors (3072K)
 Metaspace       used 97071K, capacity 99270K, committed 99368K, reserved 1134592K
  class space    used 12668K, capacity 13506K, committed 13568K, reserved 1048576K
Heap Regions: E=young(eden), S=young(survivor), O=old, HS=humongous(starts), HC=humongous(continues), CS=collection set, F=free, A=archive, TAMS=top-at-mark-start (previous, next)
|   0|0x00000006e0000000, 0x00000006e0100000, 0x00000006e0100000|100%|HS|  |TAMS 0x00000006e0100000, 0x00000006e0100000| Complete 
|   1|0x00000006e0100000, 0x00000006e0200000, 0x00000006e0200000|100%|HC|  |TAMS 0x00000006e0200000, 0x00000006e0200000| Complete 
|   2|0x00000006e0200000, 0x00000006e0300000, 0x00000006e0300000|100%|HC|  |TAMS 0x00000006e0300000, 0x00000006e0300000| Complete 
|   3|0x00000006e0300000, 0x00000006e0400000, 0x00000006e0400000|100%| O|  |TAMS 0x00000006e0400000, 0x00000006e0400000| Untracked 
|   4|0x00000006e0400000, 0x00000006e0500000, 0x00000006e0500000|100%| O|  |TAMS 0x00000006e0500000, 0x00000006e0500000| Untracked 
|   5|0x00000006e0500000, 0x00000006e0600000, 0x00000006e0600000|100%| O|  |TAMS 0x00000006e0600000, 0x00000006e0600000| Untracked 
|   6|0x00000006e0600000, 0x00000006e0700000, 0x00000006e0700000|100%| O|  |TAMS 0x00000006e0700000, 0x00000006e0700000| Untracked 
|   7|0x00000006e0700000, 0x00000006e0800000, 0x00000006e0800000|100%| O|  |TAMS 0x00000006e0800000, 0x00000006e0800000| Untracked 
|   8|0x00000006e0800000, 0x00000006e0900000, 0x00000006e0900000|100%| O|  |TAMS 0x00000006e0900000, 0x00000006e0900000| Untracked 
|   9|0x00000006e0900000, 0x00000006e0a00000, 0x00000006e0a00000|100%| O|  |TAMS 0x00000006e0a00000, 0x00000006e0a00000| Untracked 
|  10|0x00000006e0a00000, 0x00000006e0b00000, 0x00000006e0b00000|100%| O|  |TAMS 0x00000006e0b00000, 0x00000006e0b00000| Untracked 
|  11|0x00000006e0b00000, 0x00000006e0c00000, 0x00000006e0c00000|100%| O|  |TAMS 0x00000006e0c00000, 0x00000006e0c00000| Untracked 
|  12|0x00000006e0c00000, 0x00000006e0d00000, 0x00000006e0d00000|100%| O|  |TAMS 0x00000006e0d00000, 0x00000006e0d00000| Untracked 
|  13|0x00000006e0d00000, 0x00000006e0e00000, 0x00000006e0e00000|100%| O|  |TAMS 0x00000006e0e00000, 0x00000006e0e00000| Untracked 
|  14|0x00000006e0e00000, 0x00000006e0f00000, 0x00000006e0f00000|100%| O|  |TAMS 0x00000006e0f00000, 0x00000006e0f00000| Untracked 
|  15|0x00000006e0f00000, 0x00000006e1000000, 0x00000006e1000000|100%| O|  |TAMS 0x00000006e1000000, 0x00000006e1000000| Untracked 
|  16|0x00000006e1000000, 0x00000006e1100000, 0x00000006e1100000|100%|HS|  |TAMS 0x00000006e1100000, 0x00000006e1100000| Complete 
|  17|0x00000006e1100000, 0x00000006e1200000, 0x00000006e1200000|100%| O|  |TAMS 0x00000006e1200000, 0x00000006e1200000| Untracked 
|  18|0x00000006e1200000, 0x00000006e1300000, 0x00000006e1300000|100%| O|  |TAMS 0x00000006e1300000, 0x00000006e1300000| Untracked 
|  19|0x00000006e1300000, 0x00000006e1400000, 0x00000006e1400000|100%| O|  |TAMS 0x00000006e1400000, 0x00000006e1400000| Untracked 
|  20|0x00000006e1400000, 0x00000006e1500000, 0x00000006e1500000|100%| O|  |TAMS 0x00000006e1500000, 0x00000006e1500000| Untracked 
|  21|0x00000006e1500000, 0x00000006e1600000, 0x00000006e1600000|100%| O|  |TAMS 0x00000006e1600000, 0x00000006e1600000| Untracked 
|  22|0x00000006e1600000, 0x00000006e1700000, 0x00000006e1700000|100%| O|  |TAMS 0x00000006e1700000, 0x00000006e1700000| Untracked 
|  23|0x00000006e1700000, 0x00000006e1800000, 0x00000006e1800000|100%| O|  |TAMS 0x00000006e1800000, 0x00000006e1800000| Untracked 
|  24|0x00000006e1800000, 0x00000006e1900000, 0x00000006e1900000|100%| O|  |TAMS 0x00000006e1900000, 0x00000006e1900000| Untracked 
|  25|0x00000006e1900000, 0x00000006e1a00000, 0x00000006e1a00000|100%| O|  |TAMS 0x00000006e1a00000, 0x00000006e1a00000| Untracked 
|  26|0x00000006e1a00000, 0x00000006e1b00000, 0x00000006e1b00000|100%| O|  |TAMS 0x00000006e1b00000, 0x00000006e1b00000| Untracked 
|  27|0x00000006e1b00000, 0x00000006e1c00000, 0x00000006e1c00000|100%| O|  |TAMS 0x00000006e1c00000, 0x00000006e1c00000| Untracked 
|  28|0x00000006e1c00000, 0x00000006e1d00000, 0x00000006e1d00000|100%|HS|  |TAMS 0x00000006e1d00000, 0x00000006e1d00000| Complete 
|  29|0x00000006e1d00000, 0x00000006e1e00000, 0x00000006e1e00000|100%|HS|  |TAMS 0x00000006e1e00000, 0x00000006e1e00000| Complete 
|  30|0x00000006e1e00000, 0x00000006e1f00000, 0x00000006e1f00000|100%|HS|  |TAMS 0x00000006e1f00000, 0x00000006e1f00000| Complete 
|  31|0x00000006e1f00000, 0x00000006e2000000, 0x00000006e2000000|100%|HS|  |TAMS 0x00000006e2000000, 0x00000006e2000000| Complete 
|  32|0x00000006e2000000, 0x00000006e2100000, 0x00000006e2100000|100%|HC|  |TAMS 0x00000006e2100000, 0x00000006e2100000| Complete 
|  33|0x00000006e2100000, 0x00000006e2200000, 0x00000006e2200000|100%|HC|  |TAMS 0x00000006e2200000, 0x00000006e2200000| Complete 
|  34|0x00000006e2200000, 0x00000006e2300000, 0x00000006e2300000|100%|HS|  |TAMS 0x00000006e2300000, 0x00000006e2300000| Complete 
|  35|0x00000006e2300000, 0x00000006e2400000, 0x00000006e2400000|100%|HC|  |TAMS 0x00000006e2400000, 0x00000006e2400000| Complete 
|  36|0x00000006e2400000, 0x00000006e2500000, 0x00000006e2500000|100%| O|  |TAMS 0x00000006e2500000, 0x00000006e2500000| Untracked 
|  37|0x00000006e2500000, 0x00000006e2600000, 0x00000006e2600000|100%| O|  |TAMS 0x00000006e2600000, 0x00000006e2600000| Untracked 
|  38|0x00000006e2600000, 0x00000006e2700000, 0x00000006e2700000|100%| O|  |TAMS 0x00000006e2700000, 0x00000006e2700000| Untracked 
|  39|0x00000006e2700000, 0x00000006e2800000, 0x00000006e2800000|100%| O|  |TAMS 0x00000006e2800000, 0x00000006e2800000| Untracked 
|  40|0x00000006e2800000, 0x00000006e2900000, 0x00000006e2900000|100%| O|  |TAMS 0x00000006e2900000, 0x00000006e2900000| Untracked 
|  41|0x00000006e2900000, 0x00000006e2a00000, 0x00000006e2a00000|100%| O|  |TAMS 0x00000006e2a00000, 0x00000006e2a00000| Untracked 
|  42|0x00000006e2a00000, 0x00000006e2b00000, 0x00000006e2b00000|100%| O|  |TAMS 0x00000006e2b00000, 0x00000006e2b00000| Untracked 
|  43|0x00000006e2b00000, 0x00000006e2c00000, 0x00000006e2c00000|100%| O|  |TAMS 0x00000006e2c00000, 0x00000006e2c00000| Untracked 
|  44|0x00000006e2c00000, 0x00000006e2d00000, 0x00000006e2d00000|100%| O|  |TAMS 0x00000006e2d00000, 0x00000006e2d00000| Untracked 
|  45|0x00000006e2d00000, 0x00000006e2e00000, 0x00000006e2e00000|100%| O|  |TAMS 0x00000006e2e00000, 0x00000006e2e00000| Untracked 
|  46|0x00000006e2e00000, 0x00000006e2f00000, 0x00000006e2f00000|100%| O|  |TAMS 0x00000006e2f00000, 0x00000006e2f00000| Untracked 
|  47|0x00000006e2f00000, 0x00000006e3000000, 0x00000006e3000000|100%| O|  |TAMS 0x00000006e3000000, 0x00000006e3000000| Untracked 
|  48|0x00000006e3000000, 0x00000006e3100000, 0x00000006e3100000|100%| O|  |TAMS 0x00000006e3100000, 0x00000006e3100000| Untracked 
|  49|0x00000006e3100000, 0x00000006e3200000, 0x00000006e3200000|100%| O|  |TAMS 0x00000006e3200000, 0x00000006e3200000| Untracked 
|  50|0x00000006e3200000, 0x00000006e3300000, 0x00000006e3300000|100%| O|  |TAMS 0x00000006e3300000, 0x00000006e3300000| Untracked 
|  51|0x00000006e3300000, 0x00000006e3400000, 0x00000006e3400000|100%| O|  |TAMS 0x00000006e3400000, 0x00000006e3400000| Untracked 
|  52|0x00000006e3400000, 0x00000006e3500000, 0x00000006e3500000|100%| O|  |TAMS 0x00000006e3500000, 0x00000006e3500000| Untracked 
|  53|0x00000006e3500000, 0x00000006e3600000, 0x00000006e3600000|100%| O|  |TAMS 0x00000006e3600000, 0x00000006e3600000| Untracked 
|  54|0x00000006e3600000, 0x00000006e3700000, 0x00000006e3700000|100%| O|  |TAMS 0x00000006e3700000, 0x00000006e3700000| Untracked 
|  55|0x00000006e3700000, 0x00000006e3800000, 0x00000006e3800000|100%| O|  |TAMS 0x00000006e3800000, 0x00000006e3800000| Untracked 
|  56|0x00000006e3800000, 0x00000006e3900000, 0x00000006e3900000|100%| O|  |TAMS 0x00000006e3900000, 0x00000006e3900000| Untracked 
|  57|0x00000006e3900000, 0x00000006e3a00000, 0x00000006e3a00000|100%| O|  |TAMS 0x00000006e3a00000, 0x00000006e3a00000| Untracked 
|  58|0x00000006e3a00000, 0x00000006e3b00000, 0x00000006e3b00000|100%| O|  |TAMS 0x00000006e3b00000, 0x00000006e3b00000| Untracked 
|  59|0x00000006e3b00000, 0x00000006e3c00000, 0x00000006e3c00000|100%| O|  |TAMS 0x00000006e3c00000, 0x00000006e3c00000| Untracked 
|  60|0x00000006e3c00000, 0x00000006e3d00000, 0x00000006e3d00000|100%| O|  |TAMS 0x00000006e3d00000, 0x00000006e3d00000| Untracked 
|  61|0x00000006e3d00000, 0x00000006e3e00000, 0x00000006e3e00000|100%| O|  |TAMS 0x00000006e3e00000, 0x00000006e3e00000| Untracked 
|  62|0x00000006e3e00000, 0x00000006e3f00000, 0x00000006e3f00000|100%| O|  |TAMS 0x00000006e3f00000, 0x00000006e3f00000| Untracked 
|  63|0x00000006e3f00000, 0x00000006e4000000, 0x00000006e4000000|100%| O|  |TAMS 0x00000006e4000000, 0x00000006e4000000| Untracked 
|  64|0x00000006e4000000, 0x00000006e4100000, 0x00000006e4100000|100%| O|  |TAMS 0x00000006e4100000, 0x00000006e4100000| Untracked 
|  65|0x00000006e4100000, 0x00000006e4200000, 0x00000006e4200000|100%| O|  |TAMS 0x00000006e4200000, 0x00000006e4200000| Untracked 
|  66|0x00000006e4200000, 0x00000006e4300000, 0x00000006e4300000|100%| O|  |TAMS 0x00000006e4300000, 0x00000006e4300000| Untracked 
|  67|0x00000006e4300000, 0x00000006e4400000, 0x00000006e4400000|100%| O|  |TAMS 0x00000006e4400000, 0x00000006e4400000| Untracked 
|  68|0x00000006e4400000, 0x00000006e4500000, 0x00000006e4500000|100%| O|  |TAMS 0x00000006e4500000, 0x00000006e4500000| Untracked 
|  69|0x00000006e4500000, 0x00000006e4600000, 0x00000006e4600000|100%| O|  |TAMS 0x00000006e4600000, 0x00000006e4600000| Untracked 
|  70|0x00000006e4600000, 0x00000006e4700000, 0x00000006e4700000|100%| O|  |TAMS 0x00000006e4700000, 0x00000006e4700000| Untracked 
|  71|0x00000006e4700000, 0x00000006e4800000, 0x00000006e4800000|100%| O|  |TAMS 0x00000006e4800000, 0x00000006e4800000| Untracked 
|  72|0x00000006e4800000, 0x00000006e4900000, 0x00000006e4900000|100%| O|  |TAMS 0x00000006e4900000, 0x00000006e4900000| Untracked 
|  73|0x00000006e4900000, 0x00000006e4a00000, 0x00000006e4a00000|100%| O|  |TAMS 0x00000006e4a00000, 0x00000006e4a00000| Untracked 
|  74|0x00000006e4a00000, 0x00000006e4b00000, 0x00000006e4b00000|100%| O|  |TAMS 0x00000006e4b00000, 0x00000006e4b00000| Untracked 
|  75|0x00000006e4b00000, 0x00000006e4c00000, 0x00000006e4c00000|100%| O|  |TAMS 0x00000006e4c00000, 0x00000006e4c00000| Untracked 
|  76|0x00000006e4c00000, 0x00000006e4d00000, 0x00000006e4d00000|100%| O|  |TAMS 0x00000006e4d00000, 0x00000006e4d00000| Untracked 
|  77|0x00000006e4d00000, 0x00000006e4e00000, 0x00000006e4e00000|100%| O|  |TAMS 0x00000006e4e00000, 0x00000006e4e00000| Untracked 
|  78|0x00000006e4e00000, 0x00000006e4f00000, 0x00000006e4f00000|100%| O|  |TAMS 0x00000006e4f00000, 0x00000006e4f00000| Untracked 
|  79|0x00000006e4f00000, 0x00000006e5000000, 0x00000006e5000000|100%| O|  |TAMS 0x00000006e5000000, 0x00000006e5000000| Untracked 
|  80|0x00000006e5000000, 0x00000006e5100000, 0x00000006e5100000|100%| O|  |TAMS 0x00000006e5100000, 0x00000006e5100000| Untracked 
|  81|0x00000006e5100000, 0x00000006e5200000, 0x00000006e5200000|100%|HS|  |TAMS 0x00000006e5200000, 0x00000006e5200000| Complete 
|  82|0x00000006e5200000, 0x00000006e5300000, 0x00000006e5300000|100%|HC|  |TAMS 0x00000006e5300000, 0x00000006e5300000| Complete 
|  83|0x00000006e5300000, 0x00000006e5400000, 0x00000006e5400000|100%| O|  |TAMS 0x00000006e5400000, 0x00000006e5400000| Untracked 
|  84|0x00000006e5400000, 0x00000006e5500000, 0x00000006e5500000|100%| O|  |TAMS 0x00000006e5500000, 0x00000006e5500000| Untracked 
|  85|0x00000006e5500000, 0x00000006e5600000, 0x00000006e5600000|100%| O|  |TAMS 0x00000006e5600000, 0x00000006e5600000| Untracked 
|  86|0x00000006e5600000, 0x00000006e5700000, 0x00000006e5700000|100%|HS|  |TAMS 0x00000006e5700000, 0x00000006e5700000| Complete 
|  87|0x00000006e5700000, 0x00000006e5800000, 0x00000006e5800000|100%|HC|  |TAMS 0x00000006e5800000, 0x00000006e5800000| Complete 
|  88|0x00000006e5800000, 0x00000006e5900000, 0x00000006e5900000|100%|HS|  |TAMS 0x00000006e5900000, 0x00000006e5900000| Complete 
|  89|0x00000006e5900000, 0x00000006e5a00000, 0x00000006e5a00000|100%|HS|  |TAMS 0x00000006e5a00000, 0x00000006e5a00000| Complete 
|  90|0x00000006e5a00000, 0x00000006e5b00000, 0x00000006e5b00000|100%|HS|  |TAMS 0x00000006e5b00000, 0x00000006e5b00000| Complete 
|  91|0x00000006e5b00000, 0x00000006e5c00000, 0x00000006e5c00000|100%|HS|  |TAMS 0x00000006e5c00000, 0x00000006e5c00000| Complete 
|  92|0x00000006e5c00000, 0x00000006e5d00000, 0x00000006e5d00000|100%|HC|  |TAMS 0x00000006e5d00000, 0x00000006e5d00000| Complete 
|  93|0x00000006e5d00000, 0x00000006e5e00000, 0x00000006e5e00000|100%|HC|  |TAMS 0x00000006e5e00000, 0x00000006e5e00000| Complete 
|  94|0x00000006e5e00000, 0x00000006e5f00000, 0x00000006e5f00000|100%| O|  |TAMS 0x00000006e5f00000, 0x00000006e5f00000| Untracked 
|  95|0x00000006e5f00000, 0x00000006e6000000, 0x00000006e6000000|100%| O|  |TAMS 0x00000006e6000000, 0x00000006e6000000| Untracked 
|  96|0x00000006e6000000, 0x00000006e6100000, 0x00000006e6100000|100%| O|  |TAMS 0x00000006e6100000, 0x00000006e6100000| Untracked 
|  97|0x00000006e6100000, 0x00000006e6200000, 0x00000006e6200000|100%|HS|  |TAMS 0x00000006e6100000, 0x00000006e6200000| Complete 
|  98|0x00000006e6200000, 0x00000006e6300000, 0x00000006e6300000|100%|HS|  |TAMS 0x00000006e6200000, 0x00000006e6300000| Complete 
|  99|0x00000006e6300000, 0x00000006e6400000, 0x00000006e6400000|100%|HS|  |TAMS 0x00000006e6400000, 0x00000006e6400000| Complete 
| 100|0x00000006e6400000, 0x00000006e6500000, 0x00000006e6500000|100%|HC|  |TAMS 0x00000006e6500000, 0x00000006e6500000| Complete 
| 101|0x00000006e6500000, 0x00000006e6600000, 0x00000006e6600000|100%| O|  |TAMS 0x00000006e6500000, 0x00000006e6600000| Untracked 
| 102|0x00000006e6600000, 0x00000006e6700000, 0x00000006e6700000|100%| O|  |TAMS 0x00000006e6600000, 0x00000006e6700000| Untracked 
| 103|0x00000006e6700000, 0x00000006e6800000, 0x00000006e6800000|100%|HS|  |TAMS 0x00000006e6800000, 0x00000006e6800000| Complete 
| 104|0x00000006e6800000, 0x00000006e6900000, 0x00000006e6900000|100%|HC|  |TAMS 0x00000006e6900000, 0x00000006e6900000| Complete 
| 105|0x00000006e6900000, 0x00000006e6a00000, 0x00000006e6a00000|100%| O|  |TAMS 0x00000006e6900000, 0x00000006e6a00000| Untracked 
| 106|0x00000006e6a00000, 0x00000006e6b00000, 0x00000006e6b00000|100%|HS|  |TAMS 0x00000006e6b00000, 0x00000006e6b00000| Complete 
| 107|0x00000006e6b00000, 0x00000006e6c00000, 0x00000006e6c00000|100%| O|  |TAMS 0x00000006e6b00000, 0x00000006e6c00000| Untracked 
| 108|0x00000006e6c00000, 0x00000006e6d00000, 0x00000006e6d00000|100%|HS|  |TAMS 0x00000006e6d00000, 0x00000006e6d00000| Complete 
| 109|0x00000006e6d00000, 0x00000006e6e00000, 0x00000006e6e00000|100%| O|  |TAMS 0x00000006e6d00000, 0x00000006e6e00000| Untracked 
| 110|0x00000006e6e00000, 0x00000006e6f00000, 0x00000006e6f00000|100%|HS|  |TAMS 0x00000006e6f00000, 0x00000006e6f00000| Complete 
| 111|0x00000006e6f00000, 0x00000006e7000000, 0x00000006e7000000|100%| O|  |TAMS 0x00000006e6f00000, 0x00000006e7000000| Untracked 
| 112|0x00000006e7000000, 0x00000006e7100000, 0x00000006e7100000|100%| O|  |TAMS 0x00000006e7000000, 0x00000006e7100000| Untracked 
| 113|0x00000006e7100000, 0x00000006e7200000, 0x00000006e7200000|100%| O|  |TAMS 0x00000006e7100000, 0x00000006e7200000| Untracked 
| 114|0x00000006e7200000, 0x00000006e7300000, 0x00000006e7300000|100%|HS|  |TAMS 0x00000006e7300000, 0x00000006e7300000| Complete 
| 115|0x00000006e7300000, 0x00000006e7400000, 0x00000006e7400000|100%|HC|  |TAMS 0x00000006e7400000, 0x00000006e7400000| Complete 
| 116|0x00000006e7400000, 0x00000006e7500000, 0x00000006e7500000|100%|HC|  |TAMS 0x00000006e7500000, 0x00000006e7500000| Complete 
| 117|0x00000006e7500000, 0x00000006e7600000, 0x00000006e7600000|100%| O|  |TAMS 0x00000006e7600000, 0x00000006e7600000| Untracked 
| 118|0x00000006e7600000, 0x00000006e7700000, 0x00000006e7700000|100%| O|  |TAMS 0x00000006e7700000, 0x00000006e7700000| Untracked 
| 119|0x00000006e7700000, 0x00000006e7800000, 0x00000006e7800000|100%| O|  |TAMS 0x00000006e7800000, 0x00000006e7800000| Untracked 
| 120|0x00000006e7800000, 0x00000006e7900000, 0x00000006e7900000|100%| O|  |TAMS 0x00000006e7900000, 0x00000006e7900000| Untracked 
| 121|0x00000006e7900000, 0x00000006e7a00000, 0x00000006e7a00000|100%| O|  |TAMS 0x00000006e7a00000, 0x00000006e7a00000| Untracked 
| 122|0x00000006e7a00000, 0x00000006e7b00000, 0x00000006e7b00000|100%| O|  |TAMS 0x00000006e7b00000, 0x00000006e7b00000| Untracked 
| 123|0x00000006e7b00000, 0x00000006e7c00000, 0x00000006e7c00000|100%| O|  |TAMS 0x00000006e7c00000, 0x00000006e7c00000| Untracked 
| 124|0x00000006e7c00000, 0x00000006e7d00000, 0x00000006e7d00000|100%| O|  |TAMS 0x00000006e7d00000, 0x00000006e7d00000| Untracked 
| 125|0x00000006e7d00000, 0x00000006e7e00000, 0x00000006e7e00000|100%| O|  |TAMS 0x00000006e7e00000, 0x00000006e7e00000| Untracked 
| 126|0x00000006e7e00000, 0x00000006e7f00000, 0x00000006e7f00000|100%| O|  |TAMS 0x00000006e7f00000, 0x00000006e7f00000| Untracked 
| 127|0x00000006e7f00000, 0x00000006e8000000, 0x00000006e8000000|100%| O|  |TAMS 0x00000006e8000000, 0x00000006e8000000| Untracked 
| 128|0x00000006e8000000, 0x00000006e8100000, 0x00000006e8100000|100%| O|  |TAMS 0x00000006e8100000, 0x00000006e8100000| Untracked 
| 129|0x00000006e8100000, 0x00000006e8200000, 0x00000006e8200000|100%| O|  |TAMS 0x00000006e81ed200, 0x00000006e8200000| Untracked 
| 130|0x00000006e8200000, 0x00000006e8300000, 0x00000006e8300000|100%| O|  |TAMS 0x00000006e8200000, 0x00000006e8300000| Untracked 
| 131|0x00000006e8300000, 0x00000006e8400000, 0x00000006e8400000|100%| O|  |TAMS 0x00000006e8300000, 0x00000006e8400000| Untracked 
| 132|0x00000006e8400000, 0x00000006e8500000, 0x00000006e8500000|100%| O|  |TAMS 0x00000006e8400000, 0x00000006e8500000| Untracked 
| 133|0x00000006e8500000, 0x00000006e8600000, 0x00000006e8600000|100%| O|  |TAMS 0x00000006e8500000, 0x00000006e8600000| Untracked 
| 134|0x00000006e8600000, 0x00000006e8700000, 0x00000006e8700000|100%| O|  |TAMS 0x00000006e8600000, 0x00000006e8700000| Untracked 
| 135|0x00000006e8700000, 0x00000006e8800000, 0x00000006e8800000|100%| O|  |TAMS 0x00000006e8700000, 0x00000006e8800000| Untracked 
| 136|0x00000006e8800000, 0x00000006e8900000, 0x00000006e8900000|100%| O|  |TAMS 0x00000006e8800000, 0x00000006e8900000| Untracked 
| 137|0x00000006e8900000, 0x00000006e8a00000, 0x00000006e8a00000|100%| O|  |TAMS 0x00000006e8900000, 0x00000006e8a00000| Untracked 
| 138|0x00000006e8a00000, 0x00000006e8b00000, 0x00000006e8b00000|100%| O|  |TAMS 0x00000006e8a00000, 0x00000006e8b00000| Untracked 
| 139|0x00000006e8b00000, 0x00000006e8c00000, 0x00000006e8c00000|100%| O|  |TAMS 0x00000006e8b00000, 0x00000006e8c00000| Untracked 
| 140|0x00000006e8c00000, 0x00000006e8d00000, 0x00000006e8d00000|100%| O|  |TAMS 0x00000006e8c00000, 0x00000006e8d00000| Untracked 
| 141|0x00000006e8d00000, 0x00000006e8e00000, 0x00000006e8e00000|100%| O|  |TAMS 0x00000006e8d00000, 0x00000006e8e00000| Untracked 
| 142|0x00000006e8e00000, 0x00000006e8f00000, 0x00000006e8f00000|100%| O|  |TAMS 0x00000006e8e00000, 0x00000006e8f00000| Untracked 
| 143|0x00000006e8f00000, 0x00000006e9000000, 0x00000006e9000000|100%| O|  |TAMS 0x00000006e8f00000, 0x00000006e9000000| Untracked 
| 144|0x00000006e9000000, 0x00000006e9100000, 0x00000006e9100000|100%| O|  |TAMS 0x00000006e9000000, 0x00000006e9100000| Untracked 
| 145|0x00000006e9100000, 0x00000006e9200000, 0x00000006e9200000|100%| O|  |TAMS 0x00000006e9100000, 0x00000006e9200000| Untracked 
| 146|0x00000006e9200000, 0x00000006e9300000, 0x00000006e9300000|100%| O|  |TAMS 0x00000006e9200000, 0x00000006e9300000| Untracked 
| 147|0x00000006e9300000, 0x00000006e9400000, 0x00000006e9400000|100%| O|  |TAMS 0x00000006e9300000, 0x00000006e9400000| Untracked 
| 148|0x00000006e9400000, 0x00000006e9500000, 0x00000006e9500000|100%| O|  |TAMS 0x00000006e9400000, 0x00000006e9500000| Untracked 
| 149|0x00000006e9500000, 0x00000006e9600000, 0x00000006e9600000|100%| O|  |TAMS 0x00000006e9500000, 0x00000006e9600000| Untracked 
| 150|0x00000006e9600000, 0x00000006e9700000, 0x00000006e9700000|100%| O|  |TAMS 0x00000006e9600000, 0x00000006e9700000| Untracked 
| 151|0x00000006e9700000, 0x00000006e9800000, 0x00000006e9800000|100%| O|  |TAMS 0x00000006e9700000, 0x00000006e9800000| Untracked 
| 152|0x00000006e9800000, 0x00000006e9900000, 0x00000006e9900000|100%| O|  |TAMS 0x00000006e9800000, 0x00000006e9900000| Untracked 
| 153|0x00000006e9900000, 0x00000006e9a00000, 0x00000006e9a00000|100%| O|  |TAMS 0x00000006e9900000, 0x00000006e9a00000| Untracked 
| 154|0x00000006e9a00000, 0x00000006e9b00000, 0x00000006e9b00000|100%| O|  |TAMS 0x00000006e9a00000, 0x00000006e9b00000| Untracked 
| 155|0x00000006e9b00000, 0x00000006e9c00000, 0x00000006e9c00000|100%| O|  |TAMS 0x00000006e9b00000, 0x00000006e9c00000| Untracked 
| 156|0x00000006e9c00000, 0x00000006e9d00000, 0x00000006e9d00000|100%| O|  |TAMS 0x00000006e9c00000, 0x00000006e9c80000| Untracked 
| 157|0x00000006e9d00000, 0x00000006e9e00000, 0x00000006e9e00000|100%| O|  |TAMS 0x00000006e9d00000, 0x00000006e9d00000| Untracked 
| 158|0x00000006e9e00000, 0x00000006e9f00000, 0x00000006e9f00000|100%| O|  |TAMS 0x00000006e9e00000, 0x00000006e9e00000| Untracked 
| 159|0x00000006e9f00000, 0x00000006ea000000, 0x00000006ea000000|100%| O|  |TAMS 0x00000006e9f00000, 0x00000006e9f00000| Untracked 
| 160|0x00000006ea000000, 0x00000006ea100000, 0x00000006ea100000|100%| O|  |TAMS 0x00000006ea000000, 0x00000006ea000000| Untracked 
| 161|0x00000006ea100000, 0x00000006ea200000, 0x00000006ea200000|100%| O|  |TAMS 0x00000006ea100000, 0x00000006ea100000| Untracked 
| 162|0x00000006ea200000, 0x00000006ea300000, 0x00000006ea300000|100%| O|  |TAMS 0x00000006ea200000, 0x00000006ea200000| Untracked 
| 163|0x00000006ea300000, 0x00000006ea400000, 0x00000006ea400000|100%| O|  |TAMS 0x00000006ea300000, 0x00000006ea300000| Untracked 
| 164|0x00000006ea400000, 0x00000006ea500000, 0x00000006ea500000|100%| O|  |TAMS 0x00000006ea400000, 0x00000006ea400000| Untracked 
| 165|0x00000006ea500000, 0x00000006ea600000, 0x00000006ea600000|100%| O|  |TAMS 0x00000006ea500000, 0x00000006ea500000| Untracked 
| 166|0x00000006ea600000, 0x00000006ea700000, 0x00000006ea700000|100%| O|  |TAMS 0x00000006ea600000, 0x00000006ea600000| Untracked 
| 167|0x00000006ea700000, 0x00000006ea800000, 0x00000006ea800000|100%| O|  |TAMS 0x00000006ea700000, 0x00000006ea700000| Untracked 
| 168|0x00000006ea800000, 0x00000006ea880000, 0x00000006ea900000| 50%| O|  |TAMS 0x00000006ea800000, 0x00000006ea800000| Untracked 
| 169|0x00000006ea900000, 0x00000006ea900000, 0x00000006eaa00000|  0%| F|  |TAMS 0x00000006ea900000, 0x00000006ea900000| Untracked 
| 170|0x00000006eaa00000, 0x00000006eaa00000, 0x00000006eab00000|  0%| F|  |TAMS 0x00000006eaa00000, 0x00000006eaa00000| Untracked 
| 171|0x00000006eab00000, 0x00000006eab00000, 0x00000006eac00000|  0%| F|  |TAMS 0x00000006eab00000, 0x00000006eab00000| Untracked 
| 172|0x00000006eac00000, 0x00000006eac00000, 0x00000006ead00000|  0%| F|  |TAMS 0x00000006eac00000, 0x00000006eac00000| Untracked 
| 173|0x00000006ead00000, 0x00000006ead00000, 0x00000006eae00000|  0%| F|  |TAMS 0x00000006ead00000, 0x00000006ead00000| Untracked 
| 174|0x00000006eae00000, 0x00000006eae00000, 0x00000006eaf00000|  0%| F|  |TAMS 0x00000006eae00000, 0x00000006eae00000| Untracked 
| 175|0x00000006eaf00000, 0x00000006eaf00000, 0x00000006eb000000|  0%| F|  |TAMS 0x00000006eaf00000, 0x00000006eaf00000| Untracked 
| 176|0x00000006eb000000, 0x00000006eb000000, 0x00000006eb100000|  0%| F|  |TAMS 0x00000006eb000000, 0x00000006eb000000| Untracked 
| 177|0x00000006eb100000, 0x00000006eb100000, 0x00000006eb200000|  0%| F|  |TAMS 0x00000006eb100000, 0x00000006eb100000| Untracked 
| 178|0x00000006eb200000, 0x00000006eb200000, 0x00000006eb300000|  0%| F|  |TAMS 0x00000006eb200000, 0x00000006eb200000| Untracked 
| 179|0x00000006eb300000, 0x00000006eb300000, 0x00000006eb400000|  0%| F|  |TAMS 0x00000006eb300000, 0x00000006eb300000| Untracked 
| 180|0x00000006eb400000, 0x00000006eb400000, 0x00000006eb500000|  0%| F|  |TAMS 0x00000006eb400000, 0x00000006eb400000| Untracked 
| 181|0x00000006eb500000, 0x00000006eb500000, 0x00000006eb600000|  0%| F|  |TAMS 0x00000006eb500000, 0x00000006eb500000| Untracked 
| 182|0x00000006eb600000, 0x00000006eb600000, 0x00000006eb700000|  0%| F|  |TAMS 0x00000006eb600000, 0x00000006eb600000| Untracked 
| 183|0x00000006eb700000, 0x00000006eb700000, 0x00000006eb800000|  0%| F|  |TAMS 0x00000006eb700000, 0x00000006eb700000| Untracked 
| 184|0x00000006eb800000, 0x00000006eb800000, 0x00000006eb900000|  0%| F|  |TAMS 0x00000006eb800000, 0x00000006eb800000| Untracked 
| 185|0x00000006eb900000, 0x00000006eb900000, 0x00000006eba00000|  0%| F|  |TAMS 0x00000006eb900000, 0x00000006eb900000| Untracked 
| 186|0x00000006eba00000, 0x00000006eba00000, 0x00000006ebb00000|  0%| F|  |TAMS 0x00000006eba00000, 0x00000006eba00000| Untracked 
| 187|0x00000006ebb00000, 0x00000006ebb00000, 0x00000006ebc00000|  0%| F|  |TAMS 0x00000006ebb00000, 0x00000006ebb00000| Untracked 
| 188|0x00000006ebc00000, 0x00000006ebc00000, 0x00000006ebd00000|  0%| F|  |TAMS 0x00000006ebc00000, 0x00000006ebc00000| Untracked 
| 189|0x00000006ebd00000, 0x00000006ebd00000, 0x00000006ebe00000|  0%| F|  |TAMS 0x00000006ebd00000, 0x00000006ebd00000| Untracked 
| 190|0x00000006ebe00000, 0x00000006ebe00000, 0x00000006ebf00000|  0%| F|  |TAMS 0x00000006ebe00000, 0x00000006ebe00000| Untracked 
| 191|0x00000006ebf00000, 0x00000006ebf00000, 0x00000006ec000000|  0%| F|  |TAMS 0x00000006ebf00000, 0x00000006ebf00000| Untracked 
| 192|0x00000006ec000000, 0x00000006ec000000, 0x00000006ec100000|  0%| F|  |TAMS 0x00000006ec000000, 0x00000006ec000000| Untracked 
| 193|0x00000006ec100000, 0x00000006ec100000, 0x00000006ec200000|  0%| F|  |TAMS 0x00000006ec100000, 0x00000006ec100000| Untracked 
| 194|0x00000006ec200000, 0x00000006ec200000, 0x00000006ec300000|  0%| F|  |TAMS 0x00000006ec200000, 0x00000006ec200000| Untracked 
| 195|0x00000006ec300000, 0x00000006ec300000, 0x00000006ec400000|  0%| F|  |TAMS 0x00000006ec300000, 0x00000006ec300000| Untracked 
| 196|0x00000006ec400000, 0x00000006ec400000, 0x00000006ec500000|  0%| F|  |TAMS 0x00000006ec400000, 0x00000006ec400000| Untracked 
| 197|0x00000006ec500000, 0x00000006ec500000, 0x00000006ec600000|  0%| F|  |TAMS 0x00000006ec500000, 0x00000006ec500000| Untracked 
| 198|0x00000006ec600000, 0x00000006ec600000, 0x00000006ec700000|  0%| F|  |TAMS 0x00000006ec600000, 0x00000006ec600000| Untracked 
| 199|0x00000006ec700000, 0x00000006ec800000, 0x00000006ec800000|100%| S|CS|TAMS 0x00000006ec700000, 0x00000006ec700000| Complete 
| 200|0x00000006ec800000, 0x00000006ec900000, 0x00000006ec900000|100%| S|CS|TAMS 0x00000006ec800000, 0x00000006ec800000| Complete 
| 201|0x00000006ec900000, 0x00000006eca00000, 0x00000006eca00000|100%| S|CS|TAMS 0x00000006ec900000, 0x00000006ec900000| Complete 
| 202|0x00000006eca00000, 0x00000006eca00000, 0x00000006ecb00000|  0%| F|  |TAMS 0x00000006eca00000, 0x00000006eca00000| Untracked 
| 203|0x00000006ecb00000, 0x00000006ecb00000, 0x00000006ecc00000|  0%| F|  |TAMS 0x00000006ecb00000, 0x00000006ecb00000| Untracked 
| 204|0x00000006ecc00000, 0x00000006ecc00000, 0x00000006ecd00000|  0%| F|  |TAMS 0x00000006ecc00000, 0x00000006ecc00000| Untracked 
| 205|0x00000006ecd00000, 0x00000006ecd00000, 0x00000006ece00000|  0%| F|  |TAMS 0x00000006ecd00000, 0x00000006ecd00000| Untracked 
| 206|0x00000006ece00000, 0x00000006ece00000, 0x00000006ecf00000|  0%| F|  |TAMS 0x00000006ece00000, 0x00000006ece00000| Untracked 
| 207|0x00000006ecf00000, 0x00000006ecf00000, 0x00000006ed000000|  0%| F|  |TAMS 0x00000006ecf00000, 0x00000006ecf00000| Untracked 
| 208|0x00000006ed000000, 0x00000006ed000000, 0x00000006ed100000|  0%| F|  |TAMS 0x00000006ed000000, 0x00000006ed000000| Untracked 
| 209|0x00000006ed100000, 0x00000006ed100000, 0x00000006ed200000|  0%| F|  |TAMS 0x00000006ed100000, 0x00000006ed100000| Untracked 
| 210|0x00000006ed200000, 0x00000006ed200000, 0x00000006ed300000|  0%| F|  |TAMS 0x00000006ed200000, 0x00000006ed200000| Untracked 
| 211|0x00000006ed300000, 0x00000006ed300000, 0x00000006ed400000|  0%| F|  |TAMS 0x00000006ed300000, 0x00000006ed300000| Untracked 
| 212|0x00000006ed400000, 0x00000006ed400000, 0x00000006ed500000|  0%| F|  |TAMS 0x00000006ed400000, 0x00000006ed400000| Untracked 
| 213|0x00000006ed500000, 0x00000006ed500000, 0x00000006ed600000|  0%| F|  |TAMS 0x00000006ed500000, 0x00000006ed500000| Untracked 
| 214|0x00000006ed600000, 0x00000006ed600000, 0x00000006ed700000|  0%| F|  |TAMS 0x00000006ed600000, 0x00000006ed600000| Untracked 
| 215|0x00000006ed700000, 0x00000006ed700000, 0x00000006ed800000|  0%| F|  |TAMS 0x00000006ed700000, 0x00000006ed700000| Untracked 
| 216|0x00000006ed800000, 0x00000006ed800000, 0x00000006ed900000|  0%| F|  |TAMS 0x00000006ed800000, 0x00000006ed800000| Untracked 
| 217|0x00000006ed900000, 0x00000006ed900000, 0x00000006eda00000|  0%| F|  |TAMS 0x00000006ed900000, 0x00000006ed900000| Untracked 
| 218|0x00000006eda00000, 0x00000006eda00000, 0x00000006edb00000|  0%| F|  |TAMS 0x00000006eda00000, 0x00000006eda00000| Untracked 
| 219|0x00000006edb00000, 0x00000006edb00000, 0x00000006edc00000|  0%| F|  |TAMS 0x00000006edb00000, 0x00000006edb00000| Untracked 

Card table byte_map: [0x0000024250c90000,0x0000024251590000] _byte_map_base: 0x000002424d590000

Marking Bits (Prev, Next): (CMBitMap*) 0x000002423d9049a0, (CMBitMap*) 0x000002423d904968
 Prev Bits: [0x0000024256690000, 0x000002425ae90000)
 Next Bits: [0x0000024251e90000, 0x0000024256690000)

Polling page: 0x000002423b670000

Metaspace:

Usage:
  Non-class:     83.75 MB capacity,    82.43 MB ( 98%) used,     1.07 MB (  1%) free+waste,   268.50 KB ( <1%) overhead. 
      Class:     13.19 MB capacity,    12.37 MB ( 94%) used,   718.31 KB (  5%) free+waste,   119.63 KB ( <1%) overhead. 
       Both:     96.94 MB capacity,    94.80 MB ( 98%) used,     1.77 MB (  2%) free+waste,   388.13 KB ( <1%) overhead. 

Virtual space:
  Non-class space:       84.00 MB reserved,      83.79 MB (>99%) committed 
      Class space:        1.00 GB reserved,      13.25 MB (  1%) committed 
             Both:        1.08 GB reserved,      97.04 MB (  9%) committed 

Chunk freelists:
   Non-Class:  36.00 KB
       Class:  0 bytes
        Both:  36.00 KB

MaxMetaspaceSize: 17179869184.00 GB
CompressedClassSpaceSize: 1.00 GB

CodeHeap 'non-profiled nmethods': size=120064Kb used=7027Kb max_used=7027Kb free=113037Kb
 bounds [0x0000024248e50000, 0x0000024249530000, 0x0000024250390000]
CodeHeap 'profiled nmethods': size=120000Kb used=26685Kb max_used=26685Kb free=93314Kb
 bounds [0x0000024241920000, 0x0000024243330000, 0x0000024248e50000]
CodeHeap 'non-nmethods': size=5696Kb used=2323Kb max_used=2405Kb free=3372Kb
 bounds [0x0000024241390000, 0x0000024241600000, 0x0000024241920000]
 total_blobs=12796 nmethods=11881 adapters=826
 compilation: enabled
              stopped_count=0, restarted_count=0
 full_count=0

Compilation events (20 events):
Event: 33.814 Thread 0x000002425dc54800 nmethod 11990 0x0000024249529810 code [0x00000242495299e0, 0x0000024249529eb8]
Event: 33.814 Thread 0x000002425dc54800 11920       4       com.android.tools.r8.graph.c0::<init> (33 bytes)
Event: 33.816 Thread 0x000002425dc54800 nmethod 11920 0x000002424952a310 code [0x000002424952a4a0, 0x000002424952a5d8]
Event: 33.816 Thread 0x000002425dc54800 11968       4       com.android.tools.r8.code.F::<init> (6 bytes)
Event: 33.817 Thread 0x000002425dc54800 nmethod 11968 0x000002424952a690 code [0x000002424952a820, 0x000002424952a8b8]
Event: 33.817 Thread 0x000002425dc54800 11874       4       com.android.tools.r8.code.V0::hashCode (63 bytes)
Event: 33.819 Thread 0x000002425dc54800 nmethod 11874 0x000002424952a990 code [0x000002424952ab40, 0x000002424952acc8]
Event: 33.819 Thread 0x000002425dc54800 11815       4       com.android.tools.r8.code.V0::<init> (84 bytes)
Event: 33.825 Thread 0x000002425dc59000 11995       2       com.android.tools.r8.code.E3::<init> (85 bytes)
Event: 33.826 Thread 0x000002425dc59000 nmethod 11995 0x000002424332e890 code [0x000002424332eac0, 0x000002424332f268]
Event: 33.828 Thread 0x000002425dc54800 nmethod 11815 0x000002424952ae10 code [0x000002424952afc0, 0x000002424952b4f8]
Event: 33.829 Thread 0x000002425dc54800 11906       4       com.android.tools.r8.code.E0::hashCode (13 bytes)
Event: 33.830 Thread 0x000002425dc54800 nmethod 11906 0x000002424952ba90 code [0x000002424952bc20, 0x000002424952bce8]
Event: 33.830 Thread 0x000002425dc54800 11910       4       com.android.tools.r8.code.L0::<init> (36 bytes)
Event: 33.834 Thread 0x000002425dc54800 nmethod 11910 0x000002424952bd90 code [0x000002424952bf40, 0x000002424952c1f8]
Event: 33.834 Thread 0x000002425dc54800 11778       4       com.android.tools.r8.graph.T::hashCode (10 bytes)
Event: 33.834 Thread 0x000002425dc54800 nmethod 11778 0x000002424952c510 code [0x000002424952c6a0, 0x000002424952c718]
Event: 33.834 Thread 0x000002425dc54800 11908       4       com.android.tools.r8.code.L0::hashCode (31 bytes)
Event: 33.837 Thread 0x000002425dc54800 nmethod 11908 0x000002424952c790 code [0x000002424952c940, 0x000002424952ca88]
Event: 33.837 Thread 0x000002425dc54800 11996       4       com.android.tools.r8.graph.S$d::hashCode (48 bytes)

GC Heap History (20 events):
Event: 26.409 GC heap after
{Heap after GC invocations=23 (full 0):
 garbage-first heap   total 155648K, used 75370K [0x00000006e0000000, 0x0000000800000000)
  region size 1024K, 7 young (7168K), 7 survivors (7168K)
 Metaspace       used 85112K, capacity 86989K, committed 87208K, reserved 1124352K
  class space    used 11079K, capacity 11800K, committed 11904K, reserved 1048576K
}
Event: 27.412 GC heap before
{Heap before GC invocations=23 (full 0):
 garbage-first heap   total 155648K, used 122474K [0x00000006e0000000, 0x0000000800000000)
  region size 1024K, 54 young (55296K), 7 survivors (7168K)
 Metaspace       used 85939K, capacity 87951K, committed 88104K, reserved 1126400K
  class space    used 11164K, capacity 11941K, committed 12032K, reserved 1048576K
}
Event: 27.429 GC heap after
{Heap after GC invocations=24 (full 0):
 garbage-first heap   total 155648K, used 78943K [0x00000006e0000000, 0x0000000800000000)
  region size 1024K, 4 young (4096K), 4 survivors (4096K)
 Metaspace       used 85939K, capacity 87951K, committed 88104K, reserved 1126400K
  class space    used 11164K, capacity 11941K, committed 12032K, reserved 1048576K
}
Event: 28.504 GC heap before
{Heap before GC invocations=24 (full 0):
 garbage-first heap   total 155648K, used 125023K [0x00000006e0000000, 0x0000000800000000)
  region size 1024K, 50 young (51200K), 4 survivors (4096K)
 Metaspace       used 86492K, capacity 88575K, committed 88616K, reserved 1126400K
  class space    used 11202K, capacity 12019K, committed 12032K, reserved 1048576K
}
Event: 28.519 GC heap after
{Heap after GC invocations=25 (full 0):
 garbage-first heap   total 187392K, used 82179K [0x00000006e0000000, 0x0000000800000000)
  region size 1024K, 7 young (7168K), 7 survivors (7168K)
 Metaspace       used 86492K, capacity 88575K, committed 88616K, reserved 1126400K
  class space    used 11202K, capacity 12019K, committed 12032K, reserved 1048576K
}
Event: 29.609 GC heap before
{Heap before GC invocations=26 (full 0):
 garbage-first heap   total 187392K, used 140547K [0x00000006e0000000, 0x0000000800000000)
  region size 1024K, 65 young (66560K), 7 survivors (7168K)
 Metaspace       used 88926K, capacity 91043K, committed 91176K, reserved 1128448K
  class space    used 11458K, capacity 12262K, committed 12288K, reserved 1048576K
}
Event: 29.630 GC heap after
{Heap after GC invocations=27 (full 0):
 garbage-first heap   total 187392K, used 85697K [0x00000006e0000000, 0x0000000800000000)
  region size 1024K, 7 young (7168K), 7 survivors (7168K)
 Metaspace       used 88926K, capacity 91043K, committed 91176K, reserved 1128448K
  class space    used 11458K, capacity 12262K, committed 12288K, reserved 1048576K
}
Event: 30.301 GC heap before
{Heap before GC invocations=27 (full 0):
 garbage-first heap   total 187392K, used 144065K [0x00000006e0000000, 0x0000000800000000)
  region size 1024K, 65 young (66560K), 7 survivors (7168K)
 Metaspace       used 90758K, capacity 92814K, committed 92968K, reserved 1130496K
  class space    used 11691K, capacity 12487K, committed 12544K, reserved 1048576K
}
Event: 30.318 GC heap after
{Heap after GC invocations=28 (full 0):
 garbage-first heap   total 187392K, used 88278K [0x00000006e0000000, 0x0000000800000000)
  region size 1024K, 6 young (6144K), 6 survivors (6144K)
 Metaspace       used 90758K, capacity 92814K, committed 92968K, reserved 1130496K
  class space    used 11691K, capacity 12487K, committed 12544K, reserved 1048576K
}
Event: 30.706 GC heap before
{Heap before GC invocations=28 (full 0):
 garbage-first heap   total 187392K, used 109782K [0x00000006e0000000, 0x0000000800000000)
  region size 1024K, 26 young (26624K), 6 survivors (6144K)
 Metaspace       used 91434K, capacity 93529K, committed 93736K, reserved 1130496K
  class space    used 11748K, capacity 12529K, committed 12544K, reserved 1048576K
}
Event: 30.726 GC heap after
{Heap after GC invocations=29 (full 0):
 garbage-first heap   total 187392K, used 92965K [0x00000006e0000000, 0x0000000800000000)
  region size 1024K, 5 young (5120K), 5 survivors (5120K)
 Metaspace       used 91434K, capacity 93529K, committed 93736K, reserved 1130496K
  class space    used 11748K, capacity 12529K, committed 12544K, reserved 1048576K
}
Event: 31.465 GC heap before
{Heap before GC invocations=30 (full 0):
 garbage-first heap   total 187392K, used 121637K [0x00000006e0000000, 0x0000000800000000)
  region size 1024K, 27 young (27648K), 5 survivors (5120K)
 Metaspace       used 94424K, capacity 96559K, committed 96808K, reserved 1132544K
  class space    used 12162K, capacity 12989K, committed 13056K, reserved 1048576K
}
Event: 31.481 GC heap after
{Heap after GC invocations=31 (full 0):
 garbage-first heap   total 225280K, used 106335K [0x00000006e0000000, 0x0000000800000000)
  region size 1024K, 8 young (8192K), 8 survivors (8192K)
 Metaspace       used 94424K, capacity 96559K, committed 96808K, reserved 1132544K
  class space    used 12162K, capacity 12989K, committed 13056K, reserved 1048576K
}
Event: 32.012 GC heap before
{Heap before GC invocations=32 (full 0):
 garbage-first heap   total 225280K, used 163679K [0x00000006e0000000, 0x0000000800000000)
  region size 1024K, 46 young (47104K), 8 survivors (8192K)
 Metaspace       used 94698K, capacity 96858K, committed 97064K, reserved 1134592K
  class space    used 12190K, capacity 13024K, committed 13056K, reserved 1048576K
}
Event: 32.079 GC heap after
{Heap after GC invocations=33 (full 0):
 garbage-first heap   total 225280K, used 132020K [0x00000006e0000000, 0x0000000800000000)
  region size 1024K, 9 young (9216K), 9 survivors (9216K)
 Metaspace       used 94698K, capacity 96858K, committed 97064K, reserved 1134592K
  class space    used 12190K, capacity 13024K, committed 13056K, reserved 1048576K
}
Event: 33.036 GC heap before
{Heap before GC invocations=34 (full 0):
 garbage-first heap   total 225280K, used 178100K [0x00000006e0000000, 0x0000000800000000)
  region size 1024K, 53 young (54272K), 9 survivors (9216K)
 Metaspace       used 97013K, capacity 99203K, committed 99368K, reserved 1134592K
  class space    used 12668K, capacity 13506K, committed 13568K, reserved 1048576K
}
Event: 33.103 GC heap after
{Heap after GC invocations=35 (full 0):
 garbage-first heap   total 225280K, used 150864K [0x00000006e0000000, 0x0000000800000000)
  region size 1024K, 7 young (7168K), 7 survivors (7168K)
 Metaspace       used 97013K, capacity 99203K, committed 99368K, reserved 1134592K
  class space    used 12668K, capacity 13506K, committed 13568K, reserved 1048576K
}
Event: 33.385 GC heap before
{Heap before GC invocations=35 (full 0):
 garbage-first heap   total 225280K, used 179536K [0x00000006e0000000, 0x0000000800000000)
  region size 1024K, 35 young (35840K), 7 survivors (7168K)
 Metaspace       used 97032K, capacity 99206K, committed 99368K, reserved 1134592K
  class space    used 12668K, capacity 13506K, committed 13568K, reserved 1048576K
}
Event: 33.431 GC heap after
{Heap after GC invocations=36 (full 0):
 garbage-first heap   total 225280K, used 165376K [0x00000006e0000000, 0x0000000800000000)
  region size 1024K, 5 young (5120K), 5 survivors (5120K)
 Metaspace       used 97032K, capacity 99206K, committed 99368K, reserved 1134592K
  class space    used 12668K, capacity 13506K, committed 13568K, reserved 1048576K
}
Event: 33.845 GC heap before
{Heap before GC invocations=36 (full 0):
 garbage-first heap   total 225280K, used 182784K [0x00000006e0000000, 0x0000000800000000)
  region size 1024K, 23 young (23552K), 5 survivors (5120K)
 Metaspace       used 97071K, capacity 99270K, committed 99368K, reserved 1134592K
  class space    used 12668K, capacity 13506K, committed 13568K, reserved 1048576K
}

Deoptimization events (20 events):
Event: 32.635 Thread 0x0000024267501800 Uncommon trap: trap_request=0xffffff4d fr.pc=0x00000242494a79b0 relative=0x0000000000000090
Event: 32.635 Thread 0x0000024267501800 Uncommon trap: reason=unstable_if action=reinterpret pc=0x00000242494a79b0 method=com.android.tools.r8.internal.mS0.d(I)Z @ 45 c2
Event: 32.635 Thread 0x0000024267501800 DEOPT PACKING pc=0x00000242494a79b0 sp=0x000000c5707fe690
Event: 32.635 Thread 0x0000024267501800 DEOPT UNPACKING pc=0x00000242413b682f sp=0x000000c5707fe5c8 mode 2
Event: 32.638 Thread 0x0000024267501800 Uncommon trap: trap_request=0xffffff4d fr.pc=0x00000242494e6474 relative=0x00000000000002b4
Event: 32.638 Thread 0x0000024267501800 Uncommon trap: reason=unstable_if action=reinterpret pc=0x00000242494e6474 method=com.android.tools.r8.graph.T0.g(Ljava/lang/Object;)Z @ 37 c2
Event: 32.638 Thread 0x0000024267501800 DEOPT PACKING pc=0x00000242494e6474 sp=0x000000c5707fe9b0
Event: 32.638 Thread 0x0000024267501800 DEOPT UNPACKING pc=0x00000242413b682f sp=0x000000c5707fe950 mode 2
Event: 32.874 Thread 0x0000024267500800 Uncommon trap: trap_request=0xffffff4d fr.pc=0x00000242494f4ba0 relative=0x0000000000000ee0
Event: 32.874 Thread 0x0000024267500800 Uncommon trap: reason=unstable_if action=reinterpret pc=0x00000242494f4ba0 method=com.android.tools.r8.internal.TV0.d(I)V @ 38 c2
Event: 32.874 Thread 0x0000024267500800 DEOPT PACKING pc=0x00000242494f4ba0 sp=0x000000c5706fe540
Event: 32.874 Thread 0x0000024267500800 DEOPT UNPACKING pc=0x00000242413b682f sp=0x000000c5706fe488 mode 2
Event: 32.877 Thread 0x0000024267501800 Uncommon trap: trap_request=0xffffff4d fr.pc=0x00000242494ffcb8 relative=0x0000000000001bd8
Event: 32.877 Thread 0x0000024267501800 Uncommon trap: reason=unstable_if action=reinterpret pc=0x00000242494ffcb8 method=com.android.tools.r8.dex.r.i()Lcom/android/tools/r8/graph/c1; @ 54 c2
Event: 32.877 Thread 0x0000024267501800 DEOPT PACKING pc=0x00000242494ffcb8 sp=0x000000c5707fe900
Event: 32.877 Thread 0x0000024267501800 DEOPT UNPACKING pc=0x00000242413b682f sp=0x000000c5707fe900 mode 2
Event: 33.511 Thread 0x0000024267501800 Uncommon trap: trap_request=0xffffff4d fr.pc=0x0000024249518258 relative=0x00000000000080b8
Event: 33.511 Thread 0x0000024267501800 Uncommon trap: reason=unstable_if action=reinterpret pc=0x0000024249518258 method=com.android.tools.r8.code.x1.a(Ljava/nio/ShortBuffer;IILcom/android/tools/r8/internal/nd1;)[Lcom/android/tools/r8/code/v1; @ 541 c2
Event: 33.511 Thread 0x0000024267501800 DEOPT PACKING pc=0x0000024249518258 sp=0x000000c5707fea20
Event: 33.511 Thread 0x0000024267501800 DEOPT UNPACKING pc=0x00000242413b682f sp=0x000000c5707fea08 mode 2

Classes redefined (0 events):
No events

Internal exceptions (20 events):
Event: 29.056 Thread 0x00000242674fd000 Exception <a 'sun/nio/fs/WindowsException'{0x00000006e9e4b9c0}> (0x00000006e9e4b9c0) thrown at [./src/hotspot/share/prims/jni.cpp, line 615]
Event: 29.060 Thread 0x00000242674fd000 Exception <a 'sun/nio/fs/WindowsException'{0x00000006e9e4c6d0}> (0x00000006e9e4c6d0) thrown at [./src/hotspot/share/prims/jni.cpp, line 615]
Event: 29.060 Thread 0x00000242674fd000 Exception <a 'sun/nio/fs/WindowsException'{0x00000006e9e4d538}> (0x00000006e9e4d538) thrown at [./src/hotspot/share/prims/jni.cpp, line 615]
Event: 29.090 Thread 0x00000242674fd000 Exception <a 'java/lang/NoSuchMethodError'{0x00000006e9c09720}: <clinit>> (0x00000006e9c09720) thrown at [./src/hotspot/share/prims/jni.cpp, line 1362]
Event: 29.095 Thread 0x00000242674fd000 Exception <a 'java/lang/NoSuchMethodError'{0x00000006e9c40bf8}: <clinit>> (0x00000006e9c40bf8) thrown at [./src/hotspot/share/prims/jni.cpp, line 1362]
Event: 29.100 Thread 0x00000242674fd000 Exception <a 'java/lang/NoSuchMethodError'{0x00000006e9c71fc8}: <clinit>> (0x00000006e9c71fc8) thrown at [./src/hotspot/share/prims/jni.cpp, line 1362]
Event: 29.102 Thread 0x00000242674fd000 Exception <a 'java/lang/NoSuchMethodError'{0x00000006e9c850a0}: <clinit>> (0x00000006e9c850a0) thrown at [./src/hotspot/share/prims/jni.cpp, line 1362]
Event: 31.244 Thread 0x00000242674fb800 Exception <a 'sun/nio/fs/WindowsException'{0x00000006ea9178a8}> (0x00000006ea9178a8) thrown at [./src/hotspot/share/prims/jni.cpp, line 615]
Event: 31.326 Thread 0x00000242674f9000 Exception <a 'java/lang/NoSuchMethodError'{0x00000006eaa95b68}: 'void java.lang.invoke.DirectMethodHandle$Holder.invokeStatic(java.lang.Object, long)'> (0x00000006eaa95b68) thrown at [./src/hotspot/share/interpreter/linkResolver.cpp, line 773]
Event: 31.327 Thread 0x00000242674f9000 Exception <a 'java/lang/NoSuchMethodError'{0x00000006eaa9ad80}: 'java.lang.Object java.lang.invoke.DirectMethodHandle$Holder.invokeStatic(java.lang.Object, long)'> (0x00000006eaa9ad80) thrown at [./src/hotspot/share/interpreter/linkResolver.cpp, line 773]
Event: 31.330 Thread 0x00000242674f9000 Exception <a 'java/lang/NoSuchMethodError'{0x00000006ea61e650}: 'java.lang.Object java.lang.invoke.DirectMethodHandle$Holder.invokeStaticInit(java.lang.Object, java.lang.Object, long, java.lang.Object)'> (0x00000006ea61e650) thrown at [./src/hotspot/share/interpreter/linkResolver.cpp, line 773]
Event: 31.331 Thread 0x00000242674f9000 Exception <a 'java/lang/NoSuchMethodError'{0x00000006ea6247e8}: 'java.lang.Object java.lang.invoke.DirectMethodHandle$Holder.invokeStatic(java.lang.Object, java.lang.Object, long)'> (0x00000006ea6247e8) thrown at [./src/hotspot/share/interpreter/linkResolver.cpp, line 773]
Event: 31.331 Thread 0x00000242674f9000 Exception <a 'java/lang/NoSuchMethodError'{0x00000006ea62ad60}: 'java.lang.Object java.lang.invoke.Invokers$Holder.linkToTargetMethod(java.lang.Object, long, java.lang.Object)'> (0x00000006ea62ad60) thrown at [./src/hotspot/share/interpreter/linkResolver.cpp, line 773]
Event: 31.459 Thread 0x00000242674fb800 Exception <a 'java/lang/NoSuchMethodError'{0x00000006e9d835a8}: 'java.lang.Object java.lang.invoke.DirectMethodHandle$Holder.invokeStaticInit(java.lang.Object, java.lang.Object, java.lang.Object, java.lang.Object, java.lang.Object, java.lang.Object, java.lang.Object, java.lang.Object, java.lang.Object, java.lang.Object, java.lang.Object, java.lang.Object, java.lang.Object, java.lang.Object, java.lang.Object, java.lang.Object, java.lang.Object, java.lang.Object, int, java.lang.Object, java.lang.Object)'> (0
Event: 32.128 Thread 0x00000242674f9000 Exception <a 'java/lang/NoSuchMethodError'{0x00000006ed8e2468}: 'int java.lang.invoke.DirectMethodHandle$Holder.invokeSpecialIFC(java.lang.Object, java.lang.Object, java.lang.Object)'> (0x00000006ed8e2468) thrown at [./src/hotspot/share/interpreter/linkResolver.cpp, line 773]
Event: 32.380 Thread 0x0000024267502000 Exception <a 'java/lang/NoSuchMethodError'{0x00000006ecb1a728}: 'java.lang.Object java.lang.invoke.DirectMethodHandle$Holder.newInvokeSpecial(java.lang.Object, int)'> (0x00000006ecb1a728) thrown at [./src/hotspot/share/interpreter/linkResolver.cpp, line 773]
Event: 32.555 Thread 0x0000024267502000 Exception <a 'java/lang/IncompatibleClassChangeError'{0x00000006ec831c68}: Found class java.lang.Object, but interface was expected> (0x00000006ec831c68) thrown at [./src/hotspot/share/interpreter/linkResolver.cpp, line 839]
Event: 32.556 Thread 0x0000024267501800 Exception <a 'java/lang/IncompatibleClassChangeError'{0x00000006ecce32f8}: Found class java.lang.Object, but interface was expected> (0x00000006ecce32f8) thrown at [./src/hotspot/share/interpreter/linkResolver.cpp, line 839]
Event: 32.562 Thread 0x0000024267501800 Exception <a 'java/lang/IncompatibleClassChangeError'{0x00000006ec899340}: Found class java.lang.Object, but interface was expected> (0x00000006ec899340) thrown at [./src/hotspot/share/interpreter/linkResolver.cpp, line 839]
Event: 32.563 Thread 0x0000024267501800 Exception <a 'java/lang/IncompatibleClassChangeError'{0x00000006ec8a0cc0}: Found class java.lang.Object, but interface was expected> (0x00000006ec8a0cc0) thrown at [./src/hotspot/share/interpreter/linkResolver.cpp, line 839]

Events (20 events):
Event: 32.723 loading class com/android/tools/r8/graph/P0 done
Event: 32.751 loading class com/android/tools/r8/internal/MM0
Event: 32.751 loading class com/android/tools/r8/internal/MM0 done
Event: 32.761 loading class com/android/tools/r8/internal/KI0
Event: 32.761 loading class com/android/tools/r8/internal/KI0 done
Event: 32.766 loading class com/android/tools/r8/graph/D2
Event: 32.766 loading class com/android/tools/r8/graph/D2 done
Event: 32.766 loading class com/android/tools/r8/internal/Zb1
Event: 32.766 loading class com/android/tools/r8/internal/Zb1 done
Event: 32.821 loading class com/android/tools/r8/internal/ec1
Event: 32.821 loading class com/android/tools/r8/internal/ec1 done
Event: 32.823 loading class com/android/tools/r8/internal/HP0
Event: 32.823 loading class com/android/tools/r8/internal/HP0 done
Event: 32.883 loading class com/android/tools/r8/graph/Z0
Event: 32.883 loading class com/android/tools/r8/graph/Z0 done
Event: 33.034 Executing VM operation: G1CollectForAllocation
Event: 33.103 Executing VM operation: G1CollectForAllocation done
Event: 33.380 Executing VM operation: G1CollectForAllocation
Event: 33.431 Executing VM operation: G1CollectForAllocation done
Event: 33.843 Executing VM operation: G1CollectForAllocation


Dynamic libraries:
0x00007ff6ac1e0000 - 0x00007ff6ac1ea000 	C:\Program Files\Android\Android Studio\jre\bin\java.exe
0x00007ffa2e970000 - 0x00007ffa2eb65000 	C:\Windows\SYSTEM32\ntdll.dll
0x00007ffa2d650000 - 0x00007ffa2d70e000 	C:\Windows\System32\KERNEL32.DLL
0x00007ffa2c1e0000 - 0x00007ffa2c4a8000 	C:\Windows\System32\KERNELBASE.dll
0x00007ffa2c890000 - 0x00007ffa2c990000 	C:\Windows\System32\ucrtbase.dll
0x00007ffa25050000 - 0x00007ffa25067000 	C:\Program Files\Android\Android Studio\jre\bin\VCRUNTIME140.dll
0x00007ffa19610000 - 0x00007ffa19629000 	C:\Program Files\Android\Android Studio\jre\bin\jli.dll
0x00007ffa2e050000 - 0x00007ffa2e1f0000 	C:\Windows\System32\USER32.dll
0x00007ffa24830000 - 0x00007ffa24aca000 	C:\Windows\WinSxS\amd64_microsoft.windows.common-controls_6595b64144ccf1df_6.0.19041.1110_none_60b5254171f9507e\COMCTL32.dll
0x00007ffa2c990000 - 0x00007ffa2c9b2000 	C:\Windows\System32\win32u.dll
0x00007ffa2d770000 - 0x00007ffa2d80e000 	C:\Windows\System32\msvcrt.dll
0x00007ffa2d4e0000 - 0x00007ffa2d50b000 	C:\Windows\System32\GDI32.dll
0x00007ffa2c5b0000 - 0x00007ffa2c6bd000 	C:\Windows\System32\gdi32full.dll
0x00007ffa2c080000 - 0x00007ffa2c11d000 	C:\Windows\System32\msvcp_win.dll
0x00007ffa2df60000 - 0x00007ffa2df90000 	C:\Windows\System32\IMM32.DLL
0x00007ffa2a8e0000 - 0x00007ffa2a946000 	C:\Windows\system32\nvinitx.dll
0x00007ffa2d5a0000 - 0x00007ffa2d64e000 	C:\Windows\System32\ADVAPI32.dll
0x00007ffa2e890000 - 0x00007ffa2e92c000 	C:\Windows\System32\sechost.dll
0x00007ffa2d890000 - 0x00007ffa2d9b5000 	C:\Windows\System32\RPCRT4.dll
0x00007ff9feb40000 - 0x00007ff9febdd000 	C:\Program Files\Android\Android Studio\jre\bin\msvcp140.dll
0x00007ff9f0760000 - 0x00007ff9f1235000 	C:\Program Files\Android\Android Studio\jre\bin\server\jvm.dll
0x00007ffa2ccb0000 - 0x00007ffa2ccb8000 	C:\Windows\System32\PSAPI.DLL
0x00007ffa24ad0000 - 0x00007ffa24ada000 	C:\Windows\SYSTEM32\VERSION.dll
0x00007ffa0e0c0000 - 0x00007ffa0e0c9000 	C:\Windows\SYSTEM32\WSOCK32.dll
0x00007ffa2e820000 - 0x00007ffa2e88b000 	C:\Windows\System32\WS2_32.dll
0x00007ffa24ae0000 - 0x00007ffa24b07000 	C:\Windows\SYSTEM32\WINMM.dll
0x00007ffa29ee0000 - 0x00007ffa29ef2000 	C:\Windows\SYSTEM32\kernel.appcore.dll
0x00007ffa15130000 - 0x00007ffa15141000 	C:\Program Files\Android\Android Studio\jre\bin\verify.dll
0x00007ffa18fb0000 - 0x00007ffa19194000 	C:\Windows\SYSTEM32\DBGHELP.DLL
0x00007ffa1a330000 - 0x00007ffa1a35c000 	C:\Windows\SYSTEM32\dbgcore.DLL
0x00007ffa2c120000 - 0x00007ffa2c1a2000 	C:\Windows\System32\bcryptPrimitives.dll
0x00007ffa0be20000 - 0x00007ffa0be49000 	C:\Program Files\Android\Android Studio\jre\bin\java.dll
0x00007ffa25040000 - 0x00007ffa2504b000 	C:\Program Files\Android\Android Studio\jre\bin\jimage.dll
0x00007ffa172e0000 - 0x00007ffa172f8000 	C:\Program Files\Android\Android Studio\jre\bin\zip.dll
0x00007ffa2ccc0000 - 0x00007ffa2d404000 	C:\Windows\System32\SHELL32.dll
0x00007ffa2a0e0000 - 0x00007ffa2a874000 	C:\Windows\SYSTEM32\windows.storage.dll
0x00007ffa2e1f0000 - 0x00007ffa2e545000 	C:\Windows\System32\combase.dll
0x00007ffa2bad0000 - 0x00007ffa2bafe000 	C:\Windows\SYSTEM32\Wldp.dll
0x00007ffa2df90000 - 0x00007ffa2e03d000 	C:\Windows\System32\SHCORE.dll
0x00007ffa2d830000 - 0x00007ffa2d885000 	C:\Windows\System32\shlwapi.dll
0x00007ffa2bfc0000 - 0x00007ffa2bfdf000 	C:\Windows\SYSTEM32\profapi.dll
0x00007ffa172c0000 - 0x00007ffa172da000 	C:\Program Files\Android\Android Studio\jre\bin\net.dll
0x00007ffa24f10000 - 0x00007ffa2501c000 	C:\Windows\SYSTEM32\WINHTTP.dll
0x00007ffa2b830000 - 0x00007ffa2b89a000 	C:\Windows\system32\mswsock.dll
0x00007ffa07780000 - 0x00007ffa07794000 	C:\Program Files\Android\Android Studio\jre\bin\nio.dll
0x00007ffa07b40000 - 0x00007ffa07b67000 	C:\Users\Arun Singh Rawat\.gradle\native\e1d6ef7f7dcc3fd88c89a11ec53ec762bb8ba0a96d01ffa2cd45eb1d1d8dd5c5\windows-amd64\native-platform.dll
0x00007ff9eeeb0000 - 0x00007ff9eeff4000 	C:\Users\Arun Singh Rawat\.gradle\native\5664cfc778a61ccfe75a443a1ab52a65af34e5dc3c78e0209fed803814484fcb\windows-amd64\native-platform-file-events.dll
0x00007ffa26120000 - 0x00007ffa2612a000 	C:\Program Files\Android\Android Studio\jre\bin\management.dll
0x00007ffa1eac0000 - 0x00007ffa1eacd000 	C:\Program Files\Android\Android Studio\jre\bin\management_ext.dll
0x00007ffa2ba20000 - 0x00007ffa2ba38000 	C:\Windows\SYSTEM32\CRYPTSP.dll
0x00007ffa2b140000 - 0x00007ffa2b174000 	C:\Windows\system32\rsaenh.dll
0x00007ffa2c1b0000 - 0x00007ffa2c1d7000 	C:\Windows\System32\bcrypt.dll
0x00007ffa2bf40000 - 0x00007ffa2bf6e000 	C:\Windows\SYSTEM32\USERENV.dll
0x00007ffa2ba40000 - 0x00007ffa2ba4c000 	C:\Windows\SYSTEM32\CRYPTBASE.dll
0x00007ffa2b4d0000 - 0x00007ffa2b50b000 	C:\Windows\SYSTEM32\IPHLPAPI.DLL
0x00007ffa2e040000 - 0x00007ffa2e048000 	C:\Windows\System32\NSI.dll
0x00007ffa20a10000 - 0x00007ffa20a27000 	C:\Windows\SYSTEM32\dhcpcsvc6.DLL
0x00007ffa20ae0000 - 0x00007ffa20afd000 	C:\Windows\SYSTEM32\dhcpcsvc.DLL
0x00007ffa2b520000 - 0x00007ffa2b5eb000 	C:\Windows\SYSTEM32\DNSAPI.dll

dbghelp: loaded successfully - version: 4.0.5 - missing functions: none
symbol engine: initialized successfully - sym options: 0x614 - pdb path: .;C:\Program Files\Android\Android Studio\jre\bin;C:\Windows\SYSTEM32;C:\Windows\WinSxS\amd64_microsoft.windows.common-controls_6595b64144ccf1df_6.0.19041.1110_none_60b5254171f9507e;C:\Program Files\Android\Android Studio\jre\bin\server;C:\Users\Arun Singh Rawat\.gradle\native\e1d6ef7f7dcc3fd88c89a11ec53ec762bb8ba0a96d01ffa2cd45eb1d1d8dd5c5\windows-amd64;C:\Users\Arun Singh Rawat\.gradle\native\5664cfc778a61ccfe75a443a1ab52a65af34e5dc3c78e0209fed803814484fcb\windows-amd64

VM Arguments:
jvm_args: --add-opens=java.base/java.util=ALL-UNNAMED --add-opens=java.base/java.lang=ALL-UNNAMED --add-opens=java.base/java.lang.invoke=ALL-UNNAMED --add-opens=java.base/java.util=ALL-UNNAMED --add-opens=java.prefs/java.util.prefs=ALL-UNNAMED --add-opens=java.prefs/java.util.prefs=ALL-UNNAMED --add-opens=java.base/java.nio.charset=ALL-UNNAMED --add-opens=java.base/java.net=ALL-UNNAMED --add-opens=java.base/java.util.concurrent.atomic=ALL-UNNAMED -Xmx4608m -Dfile.encoding=windows-1252 -Duser.country=IN -Duser.language=en -Duser.variant 
java_command: org.gradle.launcher.daemon.bootstrap.GradleDaemon 7.2
java_class_path (initial): C:\Users\Arun Singh Rawat\.gradle\wrapper\dists\gradle-7.2-bin\2dnblmf4td7x66yl1d74lt32g\gradle-7.2\lib\gradle-launcher-7.2.jar
Launcher Type: SUN_STANDARD

[Global flags]
     intx CICompilerCount                          = 3                                         {product} {ergonomic}
     uint ConcGCThreads                            = 1                                         {product} {ergonomic}
     uint G1ConcRefinementThreads                  = 4                                         {product} {ergonomic}
   size_t G1HeapRegionSize                         = 1048576                                   {product} {ergonomic}
    uintx GCDrainStackTargetSize                   = 64                                        {product} {ergonomic}
   size_t InitialHeapSize                          = 132120576                                 {product} {ergonomic}
   size_t MarkStackSize                            = 4194304                                   {product} {ergonomic}
   size_t MaxHeapSize                              = 4831838208                                {product} {command line}
   size_t MaxNewSize                               = 2898264064                                {product} {ergonomic}
   size_t MinHeapDeltaBytes                        = 1048576                                   {product} {ergonomic}
    uintx NonNMethodCodeHeapSize                   = 5830732                                {pd product} {ergonomic}
    uintx NonProfiledCodeHeapSize                  = 122913754                              {pd product} {ergonomic}
    uintx ProfiledCodeHeapSize                     = 122913754                              {pd product} {ergonomic}
    uintx ReservedCodeCacheSize                    = 251658240                              {pd product} {ergonomic}
     bool SegmentedCodeCache                       = true                                      {product} {ergonomic}
     bool UseCompressedClassPointers               = true                                 {lp64_product} {ergonomic}
     bool UseCompressedOops                        = true                                 {lp64_product} {ergonomic}
     bool UseG1GC                                  = true                                      {product} {ergonomic}
     bool UseLargePagesIndividualAllocation        = false                                  {pd product} {ergonomic}

Logging:
Log output configuration:
 #0: stdout all=warning uptime,level,tags
 #1: stderr all=off uptime,level,tags

Environment Variables:
PATH=C:\Program Files (x86)\NVIDIA Corporation\PhysX\Common;C:\Program Files (x86)\Intel\iCLS Client\;C:\Program Files\Intel\iCLS Client\;C:\Windows\system32;C:\Windows;C:\Windows\System32\Wbem;C:\Windows\System32\WindowsPowerShell\v1.0\;C:\Windows\System32\OpenSSH\;C:\Program Files\Intel\Intel(R) Management Engine Components\DAL;C:\Program Files\Intel\Intel(R) Management Engine Components\IPT;C:\Program Files (x86)\Intel\Intel(R) Management Engine Components\DAL;C:\Program Files (x86)\Intel\Intel(R) Management Engine Components\IPT;C:\Program Files (x86)\Intel\OpenCL SDK\2.0\bin\x86;C:\Program Files (x86)\Intel\OpenCL SDK\2.0\bin\x64;E:\Git\cmd;C:\Users\Arun Singh Rawat\AppData\Local\Microsoft\WindowsApps;;.;
USERNAME=Arun Singh Rawat
OS=Windows_NT
PROCESSOR_IDENTIFIER=Intel64 Family 6 Model 58 Stepping 9, GenuineIntel



---------------  S Y S T E M  ---------------

OS: Windows 10 , 64 bit Build 19041 (10.0.19041.1503)
OS uptime: 1 days 5:52 hours

CPU:total 4 (initial active 4) (2 cores per cpu, 2 threads per core) family 6 model 58 stepping 9 microcode 0x21, cmov, cx8, fxsr, mmx, sse, sse2, sse3, ssse3, sse4.1, sse4.2, popcnt, avx, clmul, erms, ht, tsc, tscinvbit, tscinv

Memory: 4k page, system-wide physical 8052M (844M free)
TotalPageFile size 11855M (AvailPageFile size 98M)
current process WorkingSet (physical memory assigned to process): 503M, peak: 507M
current process commit charge ("private bytes"): 532M, peak: 663M

vm_info: OpenJDK 64-Bit Server VM (11.0.11+9-b60-7590822) for windows-amd64 JRE (11.0.11+9-b60-7590822), built on Jul 29 2021 21:43:44 by "builder" with MS VC++ 14.0 (VS2015)

END.
