#
# There is insufficient memory for the Java Runtime Environment to continue.
# Native memory allocation (malloc) failed to allocate 1583056 bytes for Chunk::new
# Possible reasons:
#   The system is out of physical RAM or swap space
#   The process is running with CompressedOops enabled, and the Java Heap may be blocking the growth of the native heap
# Possible solutions:
#   Reduce memory load on the system
#   Increase physical memory or swap space
#   Check if swap backing store is full
#   Decrease Java heap size (-Xmx/-Xms)
#   Decrease number of Java threads
#   Decrease Java thread stack sizes (-Xss)
#   Set larger code cache with -XX:ReservedCodeCacheSize=
#   JVM is running with Zero Based Compressed Oops mode in which the Java heap is
#     placed in the first 32GB address space. The Java Heap base address is the
#     maximum limit for the native heap growth. Please use -XX:HeapBaseMinAddress
#     to set the Java Heap base and to place the Java Heap above 32GB virtual address.
# This output file may be truncated or incomplete.
#
#  Out of Memory Error (./src/hotspot/share/memory/arena.cpp:197), pid=11828, tid=14320
#
# JRE version: OpenJDK Runtime Environment (11.0.11+9) (build 11.0.11+9-b60-7590822)
# Java VM: OpenJDK 64-Bit Server VM (11.0.11+9-b60-7590822, mixed mode, tiered, compressed oops, g1 gc, windows-amd64)
# No core dump will be written. Minidumps are not enabled by default on client versions of Windows
#

---------------  S U M M A R Y ------------

Command Line: --add-opens=java.base/java.util=ALL-UNNAMED --add-opens=java.base/java.lang=ALL-UNNAMED --add-opens=java.base/java.lang.invoke=ALL-UNNAMED --add-opens=java.base/java.util=ALL-UNNAMED --add-opens=java.prefs/java.util.prefs=ALL-UNNAMED --add-opens=java.prefs/java.util.prefs=ALL-UNNAMED --add-opens=java.base/java.nio.charset=ALL-UNNAMED --add-opens=java.base/java.net=ALL-UNNAMED --add-opens=java.base/java.util.concurrent.atomic=ALL-UNNAMED -Xmx4608m -Dfile.encoding=windows-1252 -Duser.country=IN -Duser.language=en -Duser.variant org.gradle.launcher.daemon.bootstrap.GradleDaemon 7.2

Host: Intel(R) Core(TM) i5-3230M CPU @ 2.60GHz, 4 cores, 7G,  Windows 10 , 64 bit Build 19041 (10.0.19041.1503)
Time: Thu Jun  2 21:10:05 2022 India Standard Time elapsed time: 427.331220 seconds (0d 0h 7m 7s)

---------------  T H R E A D  ---------------

Current thread (0x0000016151b8d800):  JavaThread "C2 CompilerThread0" daemon [_thread_in_native, id=14320, stack(0x00000044ff500000,0x00000044ff600000)]


Current CompileTask:
C2: 427331 22674       4       com.android.tools.r8.dex.r::e (654 bytes)

Stack: [0x00000044ff500000,0x00000044ff600000]
Native frames: (J=compiled Java code, j=interpreted, Vv=VM code, C=native code)
V  [jvm.dll+0x5f214a]
V  [jvm.dll+0x726fb5]
V  [jvm.dll+0x7285cd]
V  [jvm.dll+0x728c83]
V  [jvm.dll+0x243278]
V  [jvm.dll+0xbc53c]
V  [jvm.dll+0xbca3c]
V  [jvm.dll+0x353e7d]
V  [jvm.dll+0x321893]
V  [jvm.dll+0x320d8a]
V  [jvm.dll+0x1fc1e2]
V  [jvm.dll+0x1fb3d4]
V  [jvm.dll+0x183d6c]
V  [jvm.dll+0x209a57]
V  [jvm.dll+0x2082a1]
V  [jvm.dll+0x6ef58f]
V  [jvm.dll+0x6e80b5]
V  [jvm.dll+0x5f1036]
C  [ucrtbase.dll+0x21bb2]
C  [KERNEL32.DLL+0x17034]
C  [ntdll.dll+0x52651]


---------------  P R O C E S S  ---------------

Threads class SMR info:
_java_thread_list=0x000001615a4245c0, length=96, elements={
0x000001612f6dc000, 0x00000161512ef000, 0x00000161512f8800, 0x0000016151b83800,
0x0000016151b85800, 0x0000016151b88800, 0x0000016151b8d800, 0x0000016151b8f000,
0x0000016151b92800, 0x0000016151d06800, 0x0000016152fac000, 0x00000161542bb800,
0x0000016153d6b000, 0x0000016153d69000, 0x0000016153d63000, 0x0000016153d69800,
0x0000016153d64000, 0x0000016153d67000, 0x0000016153d65000, 0x0000016154270000,
0x0000016154270800, 0x000001615426e000, 0x0000016154272000, 0x000001615426d800,
0x0000016157db1800, 0x000001615a298000, 0x000001615a299000, 0x000001615a29d000,
0x000001615dab8800, 0x000001615dab4800, 0x000001615dab2800, 0x000001615dab9000,
0x000001615dab3800, 0x000001615dab6000, 0x000001615daba000, 0x000001615dabb000,
0x000001615dab5000, 0x000001615dabb800, 0x000001615dabc800, 0x000001615dab6800,
0x000001615dabd800, 0x000001615dac1800, 0x000001615dac0800, 0x000001615dabe000,
0x000001615dabf000, 0x000001615dabf800, 0x0000016157da4800, 0x0000016157da9800,
0x0000016157da8800, 0x0000016157da5800, 0x0000016157da7000, 0x0000016157da6000,
0x0000016157da3800, 0x0000016157daa800, 0x0000016157dab000, 0x0000016157dac000,
0x0000016157dac800, 0x0000016157da8000, 0x0000016157dad800, 0x0000016157daf000,
0x0000016157db0000, 0x0000016157db1000, 0x000001615a294000, 0x000001615a292800,
0x000001615a299800, 0x000001615a29a800, 0x000001615a296800, 0x000001615a294800,
0x000001615a29b800, 0x000001615a295800, 0x000001615a29f800, 0x000001615a2a1000,
0x000001615a2a0000, 0x000001615a29c000, 0x000001615a29d800, 0x000001615a29e800,
0x000001615426b800, 0x000001615426f000, 0x000001615426b000, 0x0000016154279000,
0x0000016154276800, 0x0000016154279800, 0x0000016154277000, 0x0000016154274800,
0x0000016154278000, 0x0000016153d65800, 0x0000016153d68000, 0x000001615426c800,
0x0000016153d66800, 0x000001615e274000, 0x000001615e278800, 0x000001615e276000,
0x000001615e276800, 0x000001615e279000, 0x000001615e277800, 0x000001615e273800
}

Java Threads: ( => current thread )
  0x000001612f6dc000 JavaThread "main" [_thread_blocked, id=13588, stack(0x00000044fe900000,0x00000044fea00000)]
  0x00000161512ef000 JavaThread "Reference Handler" daemon [_thread_blocked, id=9840, stack(0x00000044ff000000,0x00000044ff100000)]
  0x00000161512f8800 JavaThread "Finalizer" daemon [_thread_blocked, id=9676, stack(0x00000044ff100000,0x00000044ff200000)]
  0x0000016151b83800 JavaThread "Signal Dispatcher" daemon [_thread_blocked, id=8940, stack(0x00000044ff200000,0x00000044ff300000)]
  0x0000016151b85800 JavaThread "Attach Listener" daemon [_thread_blocked, id=14252, stack(0x00000044ff300000,0x00000044ff400000)]
  0x0000016151b88800 JavaThread "Service Thread" daemon [_thread_blocked, id=14184, stack(0x00000044ff400000,0x00000044ff500000)]
=>0x0000016151b8d800 JavaThread "C2 CompilerThread0" daemon [_thread_in_native, id=14320, stack(0x00000044ff500000,0x00000044ff600000)]
  0x0000016151b8f000 JavaThread "C1 CompilerThread0" daemon [_thread_blocked, id=8796, stack(0x00000044ff600000,0x00000044ff700000)]
  0x0000016151b92800 JavaThread "Sweeper thread" daemon [_thread_blocked, id=10156, stack(0x00000044ff700000,0x00000044ff800000)]
  0x0000016151d06800 JavaThread "Common-Cleaner" daemon [_thread_blocked, id=2420, stack(0x00000044ff800000,0x00000044ff900000)]
  0x0000016152fac000 JavaThread "Daemon health stats" [_thread_blocked, id=8876, stack(0x00000044ffd00000,0x00000044ffe00000)]
  0x00000161542bb800 JavaThread "Incoming local TCP Connector on port 64315" [_thread_in_native, id=6436, stack(0x00000044ffa00000,0x00000044ffb00000)]
  0x0000016153d6b000 JavaThread "Daemon periodic checks" [_thread_blocked, id=6836, stack(0x00000044fff00000,0x0000004500000000)]
  0x0000016153d69000 JavaThread "Cache worker for journal cache (C:\Users\Arun Singh Rawat\.gradle\caches\journal-1)" [_thread_blocked, id=14264, stack(0x0000004480700000,0x0000004480800000)]
  0x0000016153d63000 JavaThread "File lock request listener" [_thread_in_native, id=372, stack(0x0000004480800000,0x0000004480900000)]
  0x0000016153d69800 JavaThread "Cache worker for file hash cache (C:\Users\Arun Singh Rawat\.gradle\caches\7.2\fileHashes)" [_thread_blocked, id=9132, stack(0x0000004480900000,0x0000004480a00000)]
  0x0000016153d64000 JavaThread "File watcher server" daemon [_thread_in_native, id=13968, stack(0x0000004480b00000,0x0000004480c00000)]
  0x0000016153d67000 JavaThread "File watcher consumer" daemon [_thread_blocked, id=8852, stack(0x0000004480c00000,0x0000004480d00000)]
  0x0000016153d65000 JavaThread "jar transforms" [_thread_blocked, id=10288, stack(0x0000004480d00000,0x0000004480e00000)]
  0x0000016154270000 JavaThread "jar transforms Thread 2" [_thread_blocked, id=14328, stack(0x0000004480e00000,0x0000004480f00000)]
  0x0000016154270800 JavaThread "jar transforms Thread 3" [_thread_blocked, id=12224, stack(0x0000004480f00000,0x0000004481000000)]
  0x000001615426e000 JavaThread "jar transforms Thread 4" [_thread_blocked, id=13944, stack(0x0000004481000000,0x0000004481100000)]
  0x0000016154272000 JavaThread "Cache worker for execution history cache (C:\Users\Arun Singh Rawat\.gradle\caches\7.2\executionHistory)" [_thread_blocked, id=13172, stack(0x0000004481400000,0x0000004481500000)]
  0x000001615426d800 JavaThread "Cache worker for file content cache (C:\Users\Arun Singh Rawat\.gradle\caches\7.2\fileContent)" [_thread_blocked, id=11384, stack(0x0000004481600000,0x0000004481700000)]
  0x0000016157db1800 JavaThread "Memory manager" [_thread_blocked, id=4248, stack(0x0000004484100000,0x0000004484200000)]
  0x000001615a298000 JavaThread "Daemon Thread 3" [_thread_blocked, id=13500, stack(0x0000004480200000,0x0000004480300000)]
  0x000001615a299000 JavaThread "Daemon worker Thread 3" [_thread_blocked, id=11540, stack(0x0000004480500000,0x0000004480600000)]
  0x000001615a29d000 JavaThread "RMI Scheduler(0)" daemon [_thread_blocked, id=10372, stack(0x0000004485000000,0x0000004485100000)]
  0x000001615dab8800 JavaThread "Handler for socket connection from /127.0.0.1:64315 to /127.0.0.1:64363" [_thread_in_native, id=13748, stack(0x0000004480300000,0x0000004480400000)]
  0x000001615dab4800 JavaThread "Cancel handler" [_thread_blocked, id=13008, stack(0x0000004480400000,0x0000004480500000)]
  0x000001615dab2800 JavaThread "Asynchronous log dispatcher for DefaultDaemonConnection: socket connection from /127.0.0.1:64315 to /127.0.0.1:64363" [_thread_blocked, id=10848, stack(0x0000004480600000,0x0000004480700000)]
  0x000001615dab9000 JavaThread "Stdin handler" [_thread_blocked, id=2100, stack(0x0000004480a00000,0x0000004480b00000)]
  0x000001615dab3800 JavaThread "Daemon client event forwarder" [_thread_blocked, id=10412, stack(0x0000004481100000,0x0000004481200000)]
  0x000001615dab6000 JavaThread "Cache worker for file hash cache (F:\MyATM\.gradle\7.2\fileHashes)" [_thread_blocked, id=240, stack(0x0000004481200000,0x0000004481300000)]
  0x000001615daba000 JavaThread "Cache worker for checksums cache (F:\MyATM\.gradle\checksums)" [_thread_blocked, id=3316, stack(0x0000004481300000,0x0000004481400000)]
  0x000001615dabb000 JavaThread "Cache worker for cache directory md-supplier (C:\Users\Arun Singh Rawat\.gradle\caches\7.2\md-supplier)" [_thread_blocked, id=13788, stack(0x0000004481500000,0x0000004481600000)]
  0x000001615dab5000 JavaThread "Cache worker for cache directory md-rule (C:\Users\Arun Singh Rawat\.gradle\caches\7.2\md-rule)" [_thread_blocked, id=13640, stack(0x0000004481700000,0x0000004481800000)]
  0x000001615dabb800 JavaThread "Cache worker for dependencies-accessors (F:\MyATM\.gradle\7.2\dependencies-accessors)" [_thread_blocked, id=11552, stack(0x0000004481800000,0x0000004481900000)]
  0x000001615dabc800 JavaThread "Cache worker for Build Output Cleanup Cache (F:\MyATM\.gradle\buildOutputCleanup)" [_thread_blocked, id=8156, stack(0x0000004481900000,0x0000004481a00000)]
  0x000001615dab6800 JavaThread "Unconstrained build operations" [_thread_blocked, id=10932, stack(0x0000004481a00000,0x0000004481b00000)]
  0x000001615dabd800 JavaThread "Unconstrained build operations Thread 2" [_thread_blocked, id=13000, stack(0x0000004481b00000,0x0000004481c00000)]
  0x000001615dac1800 JavaThread "Unconstrained build operations Thread 3" [_thread_blocked, id=12044, stack(0x0000004481c00000,0x0000004481d00000)]
  0x000001615dac0800 JavaThread "Unconstrained build operations Thread 4" [_thread_blocked, id=8428, stack(0x0000004481d00000,0x0000004481e00000)]
  0x000001615dabe000 JavaThread "Unconstrained build operations Thread 5" [_thread_blocked, id=7528, stack(0x0000004481e00000,0x0000004481f00000)]
  0x000001615dabf000 JavaThread "Unconstrained build operations Thread 6" [_thread_blocked, id=11512, stack(0x0000004481f00000,0x0000004482000000)]
  0x000001615dabf800 JavaThread "Unconstrained build operations Thread 7" [_thread_blocked, id=8160, stack(0x0000004482000000,0x0000004482100000)]
  0x0000016157da4800 JavaThread "Unconstrained build operations Thread 8" [_thread_blocked, id=12096, stack(0x0000004482100000,0x0000004482200000)]
  0x0000016157da9800 JavaThread "Unconstrained build operations Thread 9" [_thread_blocked, id=1724, stack(0x0000004482200000,0x0000004482300000)]
  0x0000016157da8800 JavaThread "Unconstrained build operations Thread 10" [_thread_blocked, id=14104, stack(0x0000004482300000,0x0000004482400000)]
  0x0000016157da5800 JavaThread "Unconstrained build operations Thread 11" [_thread_blocked, id=11524, stack(0x0000004482400000,0x0000004482500000)]
  0x0000016157da7000 JavaThread "Unconstrained build operations Thread 12" [_thread_blocked, id=9936, stack(0x0000004482500000,0x0000004482600000)]
  0x0000016157da6000 JavaThread "Unconstrained build operations Thread 13" [_thread_blocked, id=3452, stack(0x0000004482600000,0x0000004482700000)]
  0x0000016157da3800 JavaThread "Unconstrained build operations Thread 14" [_thread_blocked, id=10040, stack(0x0000004482700000,0x0000004482800000)]
  0x0000016157daa800 JavaThread "Unconstrained build operations Thread 15" [_thread_blocked, id=9268, stack(0x0000004482800000,0x0000004482900000)]
  0x0000016157dab000 JavaThread "Unconstrained build operations Thread 16" [_thread_blocked, id=13348, stack(0x0000004482900000,0x0000004482a00000)]
  0x0000016157dac000 JavaThread "Unconstrained build operations Thread 17" [_thread_blocked, id=11804, stack(0x0000004482a00000,0x0000004482b00000)]
  0x0000016157dac800 JavaThread "Unconstrained build operations Thread 18" [_thread_blocked, id=11584, stack(0x0000004482b00000,0x0000004482c00000)]
  0x0000016157da8000 JavaThread "Unconstrained build operations Thread 19" [_thread_blocked, id=12812, stack(0x0000004482c00000,0x0000004482d00000)]
  0x0000016157dad800 JavaThread "Unconstrained build operations Thread 20" [_thread_blocked, id=11872, stack(0x0000004482d00000,0x0000004482e00000)]
  0x0000016157daf000 JavaThread "Unconstrained build operations Thread 21" [_thread_blocked, id=1356, stack(0x0000004482e00000,0x0000004482f00000)]
  0x0000016157db0000 JavaThread "Unconstrained build operations Thread 22" [_thread_blocked, id=13064, stack(0x0000004482f00000,0x0000004483000000)]
  0x0000016157db1000 JavaThread "Unconstrained build operations Thread 23" [_thread_blocked, id=10144, stack(0x0000004483000000,0x0000004483100000)]
  0x000001615a294000 JavaThread "Unconstrained build operations Thread 24" [_thread_blocked, id=9292, stack(0x0000004483100000,0x0000004483200000)]
  0x000001615a292800 JavaThread "Unconstrained build operations Thread 25" [_thread_blocked, id=13392, stack(0x0000004483200000,0x0000004483300000)]
  0x000001615a299800 JavaThread "Unconstrained build operations Thread 26" [_thread_blocked, id=3560, stack(0x0000004483300000,0x0000004483400000)]
  0x000001615a29a800 JavaThread "Unconstrained build operations Thread 27" [_thread_blocked, id=11120, stack(0x0000004483400000,0x0000004483500000)]
  0x000001615a296800 JavaThread "Unconstrained build operations Thread 28" [_thread_blocked, id=13508, stack(0x0000004483500000,0x0000004483600000)]
  0x000001615a294800 JavaThread "Unconstrained build operations Thread 29" [_thread_blocked, id=10248, stack(0x0000004483600000,0x0000004483700000)]
  0x000001615a29b800 JavaThread "Unconstrained build operations Thread 30" [_thread_blocked, id=9924, stack(0x0000004483700000,0x0000004483800000)]
  0x000001615a295800 JavaThread "Unconstrained build operations Thread 31" [_thread_blocked, id=8168, stack(0x0000004483800000,0x0000004483900000)]
  0x000001615a29f800 JavaThread "Unconstrained build operations Thread 32" [_thread_blocked, id=9572, stack(0x0000004483900000,0x0000004483a00000)]
  0x000001615a2a1000 JavaThread "Unconstrained build operations Thread 33" [_thread_blocked, id=7684, stack(0x0000004483a00000,0x0000004483b00000)]
  0x000001615a2a0000 JavaThread "Unconstrained build operations Thread 34" [_thread_blocked, id=4164, stack(0x0000004483b00000,0x0000004483c00000)]
  0x000001615a29c000 JavaThread "Unconstrained build operations Thread 35" [_thread_blocked, id=5844, stack(0x0000004483c00000,0x0000004483d00000)]
  0x000001615a29d800 JavaThread "Unconstrained build operations Thread 36" [_thread_blocked, id=13524, stack(0x0000004483d00000,0x0000004483e00000)]
  0x000001615a29e800 JavaThread "Unconstrained build operations Thread 37" [_thread_blocked, id=13360, stack(0x0000004483e00000,0x0000004483f00000)]
  0x000001615426b800 JavaThread "Unconstrained build operations Thread 38" [_thread_blocked, id=3060, stack(0x0000004483f00000,0x0000004484000000)]
  0x000001615426f000 JavaThread "Unconstrained build operations Thread 39" [_thread_blocked, id=14308, stack(0x0000004484000000,0x0000004484100000)]
  0x000001615426b000 JavaThread "Unconstrained build operations Thread 40" [_thread_blocked, id=13084, stack(0x0000004484200000,0x0000004484300000)]
  0x0000016154279000 JavaThread "build event listener" [_thread_blocked, id=6048, stack(0x0000004484400000,0x0000004484500000)]
  0x0000016154276800 JavaThread "Execution worker for ':'" [_thread_blocked, id=9128, stack(0x0000004484500000,0x0000004484600000)]
  0x0000016154279800 JavaThread "Execution worker for ':' Thread 2" [_thread_blocked, id=13220, stack(0x0000004484600000,0x0000004484700000)]
  0x0000016154277000 JavaThread "Execution worker for ':' Thread 3" [_thread_blocked, id=9712, stack(0x0000004484700000,0x0000004484800000)]
  0x0000016154274800 JavaThread "Cache worker for execution history cache (F:\MyATM\.gradle\7.2\executionHistory)" [_thread_blocked, id=2044, stack(0x0000004484800000,0x0000004484900000)]
  0x0000016154278000 JavaThread "WorkerExecutor Queue Thread 2" [_thread_blocked, id=13144, stack(0x0000004484a00000,0x0000004484b00000)]
  0x0000016153d65800 JavaThread "WorkerExecutor Queue Thread 3" [_thread_blocked, id=12680, stack(0x0000004480100000,0x0000004480200000)]
  0x0000016153d68000 JavaThread "WorkerExecutor Queue Thread 4" [_thread_blocked, id=6852, stack(0x0000004484300000,0x0000004484400000)]
  0x000001615426c800 JavaThread "WorkerExecutor Queue Thread 5" [_thread_blocked, id=12860, stack(0x0000004484900000,0x0000004484a00000)]
  0x0000016153d66800 JavaThread "pool-10-thread-1" [_thread_blocked, id=10084, stack(0x0000004484b00000,0x0000004484c00000)]
  0x000001615e274000 JavaThread "stderr" [_thread_in_native, id=4132, stack(0x0000004484c00000,0x0000004484d00000)]
  0x000001615e278800 JavaThread "stdout" [_thread_in_native, id=5660, stack(0x0000004484d00000,0x0000004484e00000)]
  0x000001615e276000 JavaThread "ForkJoinPool-2-worker-3" daemon [_thread_in_Java, id=13404, stack(0x0000004484e00000,0x0000004484f00000)]
  0x000001615e276800 JavaThread "ForkJoinPool-2-worker-5" daemon [_thread_in_Java, id=6200, stack(0x0000004484f00000,0x0000004485000000)]
  0x000001615e279000 JavaThread "ForkJoinPool-2-worker-7" daemon [_thread_blocked, id=7232, stack(0x0000004485100000,0x0000004485200000)]
  0x000001615e277800 JavaThread "ForkJoinPool-2-worker-1" daemon [_thread_in_Java, id=3320, stack(0x0000004485200000,0x0000004485300000)]
  0x000001615e273800 JavaThread "C2 CompilerThread1" daemon [_thread_in_native, id=11076, stack(0x0000004480000000,0x0000004480100000)]

Other Threads:
  0x0000016151b36800 VMThread "VM Thread" [stack: 0x00000044fef00000,0x00000044ff000000] [id=9692]
  0x0000016151d3b000 WatcherThread [stack: 0x00000044ff900000,0x00000044ffa00000] [id=12504]
  0x0000016131800800 GCTaskThread "GC Thread#0" [stack: 0x00000044fea00000,0x00000044feb00000] [id=4668]
  0x0000016151e4d000 GCTaskThread "GC Thread#1" [stack: 0x00000044ffb00000,0x00000044ffc00000] [id=13804]
  0x0000016152a2f800 GCTaskThread "GC Thread#2" [stack: 0x00000044ffc00000,0x00000044ffd00000] [id=2428]
  0x0000016153200800 GCTaskThread "GC Thread#3" [stack: 0x00000044ffe00000,0x00000044fff00000] [id=12428]
  0x0000016131867800 ConcurrentGCThread "G1 Main Marker" [stack: 0x00000044feb00000,0x00000044fec00000] [id=6956]
  0x0000016131869800 ConcurrentGCThread "G1 Conc#0" [stack: 0x00000044fec00000,0x00000044fed00000] [id=13056]
  0x00000161318bd000 ConcurrentGCThread "G1 Refine#0" [stack: 0x00000044fed00000,0x00000044fee00000] [id=14080]
  0x00000161318be800 ConcurrentGCThread "G1 Young RemSet Sampling" [stack: 0x00000044fee00000,0x00000044fef00000] [id=13492]

Threads with active compile tasks:
C2 CompilerThread0 427410 22674       4       com.android.tools.r8.dex.r::e (654 bytes)
C2 CompilerThread1 427410 22658 %     4       com.android.tools.r8.dex.r::a @ 315 (1038 bytes)

VM state:not at safepoint (normal execution)

VM Mutex/Monitor currently owned by a thread: None

Heap address: 0x00000006e0000000, size: 4608 MB, Compressed Oops mode: Zero based, Oop shift amount: 3
Narrow klass base: 0x0000000800000000, Narrow klass shift: 0
Compressed class space size: 1073741824 Address: 0x0000000800000000

Heap:
 garbage-first heap   total 334848K, used 245760K [0x00000006e0000000, 0x0000000800000000)
  region size 1024K, 15 young (15360K), 2 survivors (2048K)
 Metaspace       used 133961K, capacity 138068K, committed 138240K, reserved 1169408K
  class space    used 16757K, capacity 18151K, committed 18176K, reserved 1048576K
Heap Regions: E=young(eden), S=young(survivor), O=old, HS=humongous(starts), HC=humongous(continues), CS=collection set, F=free, A=archive, TAMS=top-at-mark-start (previous, next)
|   0|0x00000006e0000000, 0x00000006e0100000, 0x00000006e0100000|100%|HS|  |TAMS 0x00000006e0100000, 0x00000006e0100000| Complete 
|   1|0x00000006e0100000, 0x00000006e0200000, 0x00000006e0200000|100%|HC|  |TAMS 0x00000006e0200000, 0x00000006e0200000| Complete 
|   2|0x00000006e0200000, 0x00000006e0300000, 0x00000006e0300000|100%|HC|  |TAMS 0x00000006e0300000, 0x00000006e0300000| Complete 
|   3|0x00000006e0300000, 0x00000006e0400000, 0x00000006e0400000|100%| O|  |TAMS 0x00000006e0400000, 0x00000006e0400000| Untracked 
|   4|0x00000006e0400000, 0x00000006e0500000, 0x00000006e0500000|100%| O|  |TAMS 0x00000006e0500000, 0x00000006e0500000| Untracked 
|   5|0x00000006e0500000, 0x00000006e0600000, 0x00000006e0600000|100%| O|  |TAMS 0x00000006e0600000, 0x00000006e0600000| Untracked 
|   6|0x00000006e0600000, 0x00000006e0700000, 0x00000006e0700000|100%| O|  |TAMS 0x00000006e0700000, 0x00000006e0700000| Untracked 
|   7|0x00000006e0700000, 0x00000006e0800000, 0x00000006e0800000|100%| O|  |TAMS 0x00000006e0800000, 0x00000006e0800000| Untracked 
|   8|0x00000006e0800000, 0x00000006e0900000, 0x00000006e0900000|100%| O|  |TAMS 0x00000006e0900000, 0x00000006e0900000| Untracked 
|   9|0x00000006e0900000, 0x00000006e0a00000, 0x00000006e0a00000|100%| O|  |TAMS 0x00000006e0a00000, 0x00000006e0a00000| Untracked 
|  10|0x00000006e0a00000, 0x00000006e0b00000, 0x00000006e0b00000|100%| O|  |TAMS 0x00000006e0b00000, 0x00000006e0b00000| Untracked 
|  11|0x00000006e0b00000, 0x00000006e0c00000, 0x00000006e0c00000|100%| O|  |TAMS 0x00000006e0c00000, 0x00000006e0c00000| Untracked 
|  12|0x00000006e0c00000, 0x00000006e0d00000, 0x00000006e0d00000|100%| O|  |TAMS 0x00000006e0d00000, 0x00000006e0d00000| Untracked 
|  13|0x00000006e0d00000, 0x00000006e0e00000, 0x00000006e0e00000|100%| O|  |TAMS 0x00000006e0e00000, 0x00000006e0e00000| Untracked 
|  14|0x00000006e0e00000, 0x00000006e0f00000, 0x00000006e0f00000|100%| O|  |TAMS 0x00000006e0f00000, 0x00000006e0f00000| Untracked 
|  15|0x00000006e0f00000, 0x00000006e1000000, 0x00000006e1000000|100%| O|  |TAMS 0x00000006e1000000, 0x00000006e1000000| Untracked 
|  16|0x00000006e1000000, 0x00000006e1100000, 0x00000006e1100000|100%|HS|  |TAMS 0x00000006e1100000, 0x00000006e1100000| Complete 
|  17|0x00000006e1100000, 0x00000006e1200000, 0x00000006e1200000|100%|HC|  |TAMS 0x00000006e1200000, 0x00000006e1200000| Complete 
|  18|0x00000006e1200000, 0x00000006e1300000, 0x00000006e1300000|100%|HS|  |TAMS 0x00000006e1300000, 0x00000006e1300000| Complete 
|  19|0x00000006e1300000, 0x00000006e1400000, 0x00000006e1400000|100%|HC|  |TAMS 0x00000006e1400000, 0x00000006e1400000| Complete 
|  20|0x00000006e1400000, 0x00000006e1500000, 0x00000006e1500000|100%|HC|  |TAMS 0x00000006e1500000, 0x00000006e1500000| Complete 
|  21|0x00000006e1500000, 0x00000006e1600000, 0x00000006e1600000|100%|HS|  |TAMS 0x00000006e1600000, 0x00000006e1600000| Complete 
|  22|0x00000006e1600000, 0x00000006e1700000, 0x00000006e1700000|100%|HC|  |TAMS 0x00000006e1700000, 0x00000006e1700000| Complete 
|  23|0x00000006e1700000, 0x00000006e1800000, 0x00000006e1800000|100%|HC|  |TAMS 0x00000006e1800000, 0x00000006e1800000| Complete 
|  24|0x00000006e1800000, 0x00000006e1900000, 0x00000006e1900000|100%|HC|  |TAMS 0x00000006e1900000, 0x00000006e1900000| Complete 
|  25|0x00000006e1900000, 0x00000006e1a00000, 0x00000006e1a00000|100%| O|  |TAMS 0x00000006e1a00000, 0x00000006e1a00000| Untracked 
|  26|0x00000006e1a00000, 0x00000006e1b00000, 0x00000006e1b00000|100%| O|  |TAMS 0x00000006e1b00000, 0x00000006e1b00000| Untracked 
|  27|0x00000006e1b00000, 0x00000006e1c00000, 0x00000006e1c00000|100%| O|  |TAMS 0x00000006e1c00000, 0x00000006e1c00000| Untracked 
|  28|0x00000006e1c00000, 0x00000006e1d00000, 0x00000006e1d00000|100%| O|  |TAMS 0x00000006e1d00000, 0x00000006e1d00000| Untracked 
|  29|0x00000006e1d00000, 0x00000006e1e00000, 0x00000006e1e00000|100%| O|  |TAMS 0x00000006e1e00000, 0x00000006e1e00000| Untracked 
|  30|0x00000006e1e00000, 0x00000006e1f00000, 0x00000006e1f00000|100%| O|  |TAMS 0x00000006e1f00000, 0x00000006e1f00000| Untracked 
|  31|0x00000006e1f00000, 0x00000006e2000000, 0x00000006e2000000|100%| O|  |TAMS 0x00000006e2000000, 0x00000006e2000000| Untracked 
|  32|0x00000006e2000000, 0x00000006e2100000, 0x00000006e2100000|100%| O|  |TAMS 0x00000006e2100000, 0x00000006e2100000| Untracked 
|  33|0x00000006e2100000, 0x00000006e2200000, 0x00000006e2200000|100%| O|  |TAMS 0x00000006e2200000, 0x00000006e2200000| Untracked 
|  34|0x00000006e2200000, 0x00000006e2300000, 0x00000006e2300000|100%|HS|  |TAMS 0x00000006e2300000, 0x00000006e2300000| Complete 
|  35|0x00000006e2300000, 0x00000006e2400000, 0x00000006e2400000|100%|HC|  |TAMS 0x00000006e2400000, 0x00000006e2400000| Complete 
|  36|0x00000006e2400000, 0x00000006e2500000, 0x00000006e2500000|100%|HC|  |TAMS 0x00000006e2500000, 0x00000006e2500000| Complete 
|  37|0x00000006e2500000, 0x00000006e2600000, 0x00000006e2600000|100%| O|  |TAMS 0x00000006e2600000, 0x00000006e2600000| Untracked 
|  38|0x00000006e2600000, 0x00000006e2700000, 0x00000006e2700000|100%| O|  |TAMS 0x00000006e2700000, 0x00000006e2700000| Untracked 
|  39|0x00000006e2700000, 0x00000006e2800000, 0x00000006e2800000|100%| O|  |TAMS 0x00000006e2800000, 0x00000006e2800000| Untracked 
|  40|0x00000006e2800000, 0x00000006e2900000, 0x00000006e2900000|100%| O|  |TAMS 0x00000006e2900000, 0x00000006e2900000| Untracked 
|  41|0x00000006e2900000, 0x00000006e2a00000, 0x00000006e2a00000|100%| O|  |TAMS 0x00000006e2a00000, 0x00000006e2a00000| Untracked 
|  42|0x00000006e2a00000, 0x00000006e2b00000, 0x00000006e2b00000|100%| O|  |TAMS 0x00000006e2b00000, 0x00000006e2b00000| Untracked 
|  43|0x00000006e2b00000, 0x00000006e2c00000, 0x00000006e2c00000|100%| O|  |TAMS 0x00000006e2c00000, 0x00000006e2c00000| Untracked 
|  44|0x00000006e2c00000, 0x00000006e2d00000, 0x00000006e2d00000|100%|HS|  |TAMS 0x00000006e2d00000, 0x00000006e2d00000| Complete 
|  45|0x00000006e2d00000, 0x00000006e2e00000, 0x00000006e2e00000|100%|HC|  |TAMS 0x00000006e2e00000, 0x00000006e2e00000| Complete 
|  46|0x00000006e2e00000, 0x00000006e2f00000, 0x00000006e2f00000|100%|HC|  |TAMS 0x00000006e2f00000, 0x00000006e2f00000| Complete 
|  47|0x00000006e2f00000, 0x00000006e3000000, 0x00000006e3000000|100%|HC|  |TAMS 0x00000006e3000000, 0x00000006e3000000| Complete 
|  48|0x00000006e3000000, 0x00000006e3100000, 0x00000006e3100000|100%| O|  |TAMS 0x00000006e3100000, 0x00000006e3100000| Untracked 
|  49|0x00000006e3100000, 0x00000006e3200000, 0x00000006e3200000|100%| O|  |TAMS 0x00000006e3200000, 0x00000006e3200000| Untracked 
|  50|0x00000006e3200000, 0x00000006e3300000, 0x00000006e3300000|100%| O|  |TAMS 0x00000006e3300000, 0x00000006e3300000| Untracked 
|  51|0x00000006e3300000, 0x00000006e3400000, 0x00000006e3400000|100%| O|  |TAMS 0x00000006e3400000, 0x00000006e3400000| Untracked 
|  52|0x00000006e3400000, 0x00000006e3500000, 0x00000006e3500000|100%| O|  |TAMS 0x00000006e3500000, 0x00000006e3500000| Untracked 
|  53|0x00000006e3500000, 0x00000006e3600000, 0x00000006e3600000|100%| O|  |TAMS 0x00000006e3600000, 0x00000006e3600000| Untracked 
|  54|0x00000006e3600000, 0x00000006e3700000, 0x00000006e3700000|100%| O|  |TAMS 0x00000006e3700000, 0x00000006e3700000| Untracked 
|  55|0x00000006e3700000, 0x00000006e3800000, 0x00000006e3800000|100%| O|  |TAMS 0x00000006e3800000, 0x00000006e3800000| Untracked 
|  56|0x00000006e3800000, 0x00000006e3900000, 0x00000006e3900000|100%|HS|  |TAMS 0x00000006e3900000, 0x00000006e3900000| Complete 
|  57|0x00000006e3900000, 0x00000006e3a00000, 0x00000006e3a00000|100%|HS|  |TAMS 0x00000006e3a00000, 0x00000006e3a00000| Complete 
|  58|0x00000006e3a00000, 0x00000006e3b00000, 0x00000006e3b00000|100%|HS|  |TAMS 0x00000006e3b00000, 0x00000006e3b00000| Complete 
|  59|0x00000006e3b00000, 0x00000006e3c00000, 0x00000006e3c00000|100%|HS|  |TAMS 0x00000006e3c00000, 0x00000006e3c00000| Complete 
|  60|0x00000006e3c00000, 0x00000006e3d00000, 0x00000006e3d00000|100%|HS|  |TAMS 0x00000006e3d00000, 0x00000006e3d00000| Complete 
|  61|0x00000006e3d00000, 0x00000006e3e00000, 0x00000006e3e00000|100%|HC|  |TAMS 0x00000006e3e00000, 0x00000006e3e00000| Complete 
|  62|0x00000006e3e00000, 0x00000006e3f00000, 0x00000006e3f00000|100%|HC|  |TAMS 0x00000006e3f00000, 0x00000006e3f00000| Complete 
|  63|0x00000006e3f00000, 0x00000006e4000000, 0x00000006e4000000|100%|HS|  |TAMS 0x00000006e4000000, 0x00000006e4000000| Complete 
|  64|0x00000006e4000000, 0x00000006e4100000, 0x00000006e4100000|100%|HC|  |TAMS 0x00000006e4100000, 0x00000006e4100000| Complete 
|  65|0x00000006e4100000, 0x00000006e4200000, 0x00000006e4200000|100%| O|  |TAMS 0x00000006e4200000, 0x00000006e4200000| Untracked 
|  66|0x00000006e4200000, 0x00000006e4300000, 0x00000006e4300000|100%| O|  |TAMS 0x00000006e4300000, 0x00000006e4300000| Untracked 
|  67|0x00000006e4300000, 0x00000006e4400000, 0x00000006e4400000|100%| O|  |TAMS 0x00000006e4400000, 0x00000006e4400000| Untracked 
|  68|0x00000006e4400000, 0x00000006e4500000, 0x00000006e4500000|100%| O|  |TAMS 0x00000006e4500000, 0x00000006e4500000| Untracked 
|  69|0x00000006e4500000, 0x00000006e4600000, 0x00000006e4600000|100%| O|  |TAMS 0x00000006e4600000, 0x00000006e4600000| Untracked 
|  70|0x00000006e4600000, 0x00000006e4700000, 0x00000006e4700000|100%| O|  |TAMS 0x00000006e4700000, 0x00000006e4700000| Untracked 
|  71|0x00000006e4700000, 0x00000006e4800000, 0x00000006e4800000|100%| O|  |TAMS 0x00000006e4800000, 0x00000006e4800000| Untracked 
|  72|0x00000006e4800000, 0x00000006e4900000, 0x00000006e4900000|100%| O|  |TAMS 0x00000006e4900000, 0x00000006e4900000| Untracked 
|  73|0x00000006e4900000, 0x00000006e4a00000, 0x00000006e4a00000|100%| O|  |TAMS 0x00000006e4a00000, 0x00000006e4a00000| Untracked 
|  74|0x00000006e4a00000, 0x00000006e4b00000, 0x00000006e4b00000|100%| O|  |TAMS 0x00000006e4b00000, 0x00000006e4b00000| Untracked 
|  75|0x00000006e4b00000, 0x00000006e4c00000, 0x00000006e4c00000|100%| O|  |TAMS 0x00000006e4c00000, 0x00000006e4c00000| Untracked 
|  76|0x00000006e4c00000, 0x00000006e4d00000, 0x00000006e4d00000|100%| O|  |TAMS 0x00000006e4d00000, 0x00000006e4d00000| Untracked 
|  77|0x00000006e4d00000, 0x00000006e4e00000, 0x00000006e4e00000|100%| O|  |TAMS 0x00000006e4e00000, 0x00000006e4e00000| Untracked 
|  78|0x00000006e4e00000, 0x00000006e4f00000, 0x00000006e4f00000|100%| O|  |TAMS 0x00000006e4f00000, 0x00000006e4f00000| Untracked 
|  79|0x00000006e4f00000, 0x00000006e5000000, 0x00000006e5000000|100%| O|  |TAMS 0x00000006e5000000, 0x00000006e5000000| Untracked 
|  80|0x00000006e5000000, 0x00000006e5100000, 0x00000006e5100000|100%| O|  |TAMS 0x00000006e5100000, 0x00000006e5100000| Untracked 
|  81|0x00000006e5100000, 0x00000006e5200000, 0x00000006e5200000|100%| O|  |TAMS 0x00000006e5200000, 0x00000006e5200000| Untracked 
|  82|0x00000006e5200000, 0x00000006e5300000, 0x00000006e5300000|100%| O|  |TAMS 0x00000006e5300000, 0x00000006e5300000| Untracked 
|  83|0x00000006e5300000, 0x00000006e5400000, 0x00000006e5400000|100%| O|  |TAMS 0x00000006e5400000, 0x00000006e5400000| Untracked 
|  84|0x00000006e5400000, 0x00000006e5500000, 0x00000006e5500000|100%| O|  |TAMS 0x00000006e5500000, 0x00000006e5500000| Untracked 
|  85|0x00000006e5500000, 0x00000006e5600000, 0x00000006e5600000|100%| O|  |TAMS 0x00000006e5600000, 0x00000006e5600000| Untracked 
|  86|0x00000006e5600000, 0x00000006e5700000, 0x00000006e5700000|100%| O|  |TAMS 0x00000006e5700000, 0x00000006e5700000| Untracked 
|  87|0x00000006e5700000, 0x00000006e5800000, 0x00000006e5800000|100%| O|  |TAMS 0x00000006e5800000, 0x00000006e5800000| Untracked 
|  88|0x00000006e5800000, 0x00000006e5900000, 0x00000006e5900000|100%| O|  |TAMS 0x00000006e5900000, 0x00000006e5900000| Untracked 
|  89|0x00000006e5900000, 0x00000006e5a00000, 0x00000006e5a00000|100%| O|  |TAMS 0x00000006e5a00000, 0x00000006e5a00000| Untracked 
|  90|0x00000006e5a00000, 0x00000006e5b00000, 0x00000006e5b00000|100%| O|  |TAMS 0x00000006e5b00000, 0x00000006e5b00000| Untracked 
|  91|0x00000006e5b00000, 0x00000006e5c00000, 0x00000006e5c00000|100%|HS|  |TAMS 0x00000006e5c00000, 0x00000006e5c00000| Complete 
|  92|0x00000006e5c00000, 0x00000006e5d00000, 0x00000006e5d00000|100%|HC|  |TAMS 0x00000006e5d00000, 0x00000006e5d00000| Complete 
|  93|0x00000006e5d00000, 0x00000006e5e00000, 0x00000006e5e00000|100%|HS|  |TAMS 0x00000006e5e00000, 0x00000006e5e00000| Complete 
|  94|0x00000006e5e00000, 0x00000006e5f00000, 0x00000006e5f00000|100%|HC|  |TAMS 0x00000006e5f00000, 0x00000006e5f00000| Complete 
|  95|0x00000006e5f00000, 0x00000006e6000000, 0x00000006e6000000|100%|HC|  |TAMS 0x00000006e6000000, 0x00000006e6000000| Complete 
|  96|0x00000006e6000000, 0x00000006e6100000, 0x00000006e6100000|100%|HS|  |TAMS 0x00000006e6100000, 0x00000006e6100000| Complete 
|  97|0x00000006e6100000, 0x00000006e6200000, 0x00000006e6200000|100%|HC|  |TAMS 0x00000006e6200000, 0x00000006e6200000| Complete 
|  98|0x00000006e6200000, 0x00000006e6300000, 0x00000006e6300000|100%|HC|  |TAMS 0x00000006e6300000, 0x00000006e6300000| Complete 
|  99|0x00000006e6300000, 0x00000006e6400000, 0x00000006e6400000|100%|HC|  |TAMS 0x00000006e6400000, 0x00000006e6400000| Complete 
| 100|0x00000006e6400000, 0x00000006e6500000, 0x00000006e6500000|100%| O|  |TAMS 0x00000006e6500000, 0x00000006e6500000| Untracked 
| 101|0x00000006e6500000, 0x00000006e6600000, 0x00000006e6600000|100%| O|  |TAMS 0x00000006e6600000, 0x00000006e6600000| Untracked 
| 102|0x00000006e6600000, 0x00000006e6700000, 0x00000006e6700000|100%| O|  |TAMS 0x00000006e6600000, 0x00000006e6700000| Untracked 
| 103|0x00000006e6700000, 0x00000006e6800000, 0x00000006e6800000|100%| O|  |TAMS 0x00000006e6800000, 0x00000006e6800000| Untracked 
| 104|0x00000006e6800000, 0x00000006e6900000, 0x00000006e6900000|100%| O|  |TAMS 0x00000006e6900000, 0x00000006e6900000| Untracked 
| 105|0x00000006e6900000, 0x00000006e6a00000, 0x00000006e6a00000|100%| O|  |TAMS 0x00000006e6a00000, 0x00000006e6a00000| Untracked 
| 106|0x00000006e6a00000, 0x00000006e6b00000, 0x00000006e6b00000|100%|HS|  |TAMS 0x00000006e6a00000, 0x00000006e6b00000| Complete 
| 107|0x00000006e6b00000, 0x00000006e6c00000, 0x00000006e6c00000|100%| O|  |TAMS 0x00000006e6c00000, 0x00000006e6c00000| Untracked 
| 108|0x00000006e6c00000, 0x00000006e6d00000, 0x00000006e6d00000|100%| O|  |TAMS 0x00000006e6c00000, 0x00000006e6d00000| Untracked 
| 109|0x00000006e6d00000, 0x00000006e6e00000, 0x00000006e6e00000|100%| O|  |TAMS 0x00000006e6e00000, 0x00000006e6e00000| Untracked 
| 110|0x00000006e6e00000, 0x00000006e6f00000, 0x00000006e6f00000|100%| O|  |TAMS 0x00000006e6f00000, 0x00000006e6f00000| Untracked 
| 111|0x00000006e6f00000, 0x00000006e7000000, 0x00000006e7000000|100%| O|  |TAMS 0x00000006e7000000, 0x00000006e7000000| Untracked 
| 112|0x00000006e7000000, 0x00000006e7100000, 0x00000006e7100000|100%| O|  |TAMS 0x00000006e7100000, 0x00000006e7100000| Untracked 
| 113|0x00000006e7100000, 0x00000006e7200000, 0x00000006e7200000|100%|HS|  |TAMS 0x00000006e7100000, 0x00000006e7200000| Complete 
| 114|0x00000006e7200000, 0x00000006e7300000, 0x00000006e7300000|100%| O|  |TAMS 0x00000006e7300000, 0x00000006e7300000| Untracked 
| 115|0x00000006e7300000, 0x00000006e7400000, 0x00000006e7400000|100%| O|  |TAMS 0x00000006e7400000, 0x00000006e7400000| Untracked 
| 116|0x00000006e7400000, 0x00000006e7500000, 0x00000006e7500000|100%| O|  |TAMS 0x00000006e7500000, 0x00000006e7500000| Untracked 
| 117|0x00000006e7500000, 0x00000006e7600000, 0x00000006e7600000|100%| O|  |TAMS 0x00000006e7600000, 0x00000006e7600000| Untracked 
| 118|0x00000006e7600000, 0x00000006e7700000, 0x00000006e7700000|100%|HS|  |TAMS 0x00000006e7600000, 0x00000006e7700000| Complete 
| 119|0x00000006e7700000, 0x00000006e7800000, 0x00000006e7800000|100%| O|  |TAMS 0x00000006e7800000, 0x00000006e7800000| Untracked 
| 120|0x00000006e7800000, 0x00000006e7900000, 0x00000006e7900000|100%| O|  |TAMS 0x00000006e7900000, 0x00000006e7900000| Untracked 
| 121|0x00000006e7900000, 0x00000006e7a00000, 0x00000006e7a00000|100%| O|  |TAMS 0x00000006e7a00000, 0x00000006e7a00000| Untracked 
| 122|0x00000006e7a00000, 0x00000006e7b00000, 0x00000006e7b00000|100%| O|  |TAMS 0x00000006e7b00000, 0x00000006e7b00000| Untracked 
| 123|0x00000006e7b00000, 0x00000006e7c00000, 0x00000006e7c00000|100%| O|  |TAMS 0x00000006e7c00000, 0x00000006e7c00000| Untracked 
| 124|0x00000006e7c00000, 0x00000006e7d00000, 0x00000006e7d00000|100%| O|  |TAMS 0x00000006e7d00000, 0x00000006e7d00000| Untracked 
| 125|0x00000006e7d00000, 0x00000006e7e00000, 0x00000006e7e00000|100%| O|  |TAMS 0x00000006e7e00000, 0x00000006e7e00000| Untracked 
| 126|0x00000006e7e00000, 0x00000006e7f00000, 0x00000006e7f00000|100%| O|  |TAMS 0x00000006e7f00000, 0x00000006e7f00000| Untracked 
| 127|0x00000006e7f00000, 0x00000006e8000000, 0x00000006e8000000|100%| O|  |TAMS 0x00000006e8000000, 0x00000006e8000000| Untracked 
| 128|0x00000006e8000000, 0x00000006e8100000, 0x00000006e8100000|100%| O|  |TAMS 0x00000006e8100000, 0x00000006e8100000| Untracked 
| 129|0x00000006e8100000, 0x00000006e8200000, 0x00000006e8200000|100%| O|  |TAMS 0x00000006e8100000, 0x00000006e8200000| Untracked 
| 130|0x00000006e8200000, 0x00000006e8300000, 0x00000006e8300000|100%| O|  |TAMS 0x00000006e8200000, 0x00000006e8300000| Untracked 
| 131|0x00000006e8300000, 0x00000006e8400000, 0x00000006e8400000|100%| O|  |TAMS 0x00000006e8300000, 0x00000006e8400000| Untracked 
| 132|0x00000006e8400000, 0x00000006e8500000, 0x00000006e8500000|100%| O|  |TAMS 0x00000006e8500000, 0x00000006e8500000| Untracked 
| 133|0x00000006e8500000, 0x00000006e8600000, 0x00000006e8600000|100%| O|  |TAMS 0x00000006e8600000, 0x00000006e8600000| Untracked 
| 134|0x00000006e8600000, 0x00000006e8700000, 0x00000006e8700000|100%|HS|  |TAMS 0x00000006e8600000, 0x00000006e8700000| Complete 
| 135|0x00000006e8700000, 0x00000006e8800000, 0x00000006e8800000|100%| O|  |TAMS 0x00000006e8800000, 0x00000006e8800000| Untracked 
| 136|0x00000006e8800000, 0x00000006e8900000, 0x00000006e8900000|100%| O|  |TAMS 0x00000006e887ea00, 0x00000006e8900000| Untracked 
| 137|0x00000006e8900000, 0x00000006e8a00000, 0x00000006e8a00000|100%| O|  |TAMS 0x00000006e8a00000, 0x00000006e8a00000| Untracked 
| 138|0x00000006e8a00000, 0x00000006e8b00000, 0x00000006e8b00000|100%| O|  |TAMS 0x00000006e8b00000, 0x00000006e8b00000| Untracked 
| 139|0x00000006e8b00000, 0x00000006e8c00000, 0x00000006e8c00000|100%| O|  |TAMS 0x00000006e8c00000, 0x00000006e8c00000| Untracked 
| 140|0x00000006e8c00000, 0x00000006e8d00000, 0x00000006e8d00000|100%|HS|  |TAMS 0x00000006e8c00000, 0x00000006e8d00000| Complete 
| 141|0x00000006e8d00000, 0x00000006e8e00000, 0x00000006e8e00000|100%|HC|  |TAMS 0x00000006e8d00000, 0x00000006e8e00000| Complete 
| 142|0x00000006e8e00000, 0x00000006e8f00000, 0x00000006e8f00000|100%|HS|  |TAMS 0x00000006e8e00000, 0x00000006e8f00000| Complete 
| 143|0x00000006e8f00000, 0x00000006e9000000, 0x00000006e9000000|100%| O|  |TAMS 0x00000006e9000000, 0x00000006e9000000| Untracked 
| 144|0x00000006e9000000, 0x00000006e9100000, 0x00000006e9100000|100%|HS|  |TAMS 0x00000006e9000000, 0x00000006e9100000| Complete 
| 145|0x00000006e9100000, 0x00000006e9200000, 0x00000006e9200000|100%|HC|  |TAMS 0x00000006e9100000, 0x00000006e9200000| Complete 
| 146|0x00000006e9200000, 0x00000006e9300000, 0x00000006e9300000|100%|HS|  |TAMS 0x00000006e9200000, 0x00000006e9300000| Complete 
| 147|0x00000006e9300000, 0x00000006e9400000, 0x00000006e9400000|100%| O|  |TAMS 0x00000006e9300000, 0x00000006e9400000| Untracked 
| 148|0x00000006e9400000, 0x00000006e9500000, 0x00000006e9500000|100%| O|  |TAMS 0x00000006e9400000, 0x00000006e9500000| Untracked 
| 149|0x00000006e9500000, 0x00000006e9600000, 0x00000006e9600000|100%| O|  |TAMS 0x00000006e9500000, 0x00000006e9600000| Untracked 
| 150|0x00000006e9600000, 0x00000006e9700000, 0x00000006e9700000|100%| O|  |TAMS 0x00000006e9700000, 0x00000006e9700000| Untracked 
| 151|0x00000006e9700000, 0x00000006e9800000, 0x00000006e9800000|100%| O|  |TAMS 0x00000006e9800000, 0x00000006e9800000| Untracked 
| 152|0x00000006e9800000, 0x00000006e9900000, 0x00000006e9900000|100%| O|  |TAMS 0x00000006e9800000, 0x00000006e9900000| Untracked 
| 153|0x00000006e9900000, 0x00000006e9a00000, 0x00000006e9a00000|100%| O|  |TAMS 0x00000006e9a00000, 0x00000006e9a00000| Untracked 
| 154|0x00000006e9a00000, 0x00000006e9b00000, 0x00000006e9b00000|100%| O|  |TAMS 0x00000006e9b00000, 0x00000006e9b00000| Untracked 
| 155|0x00000006e9b00000, 0x00000006e9c00000, 0x00000006e9c00000|100%| O|  |TAMS 0x00000006e9b00000, 0x00000006e9c00000| Untracked 
| 156|0x00000006e9c00000, 0x00000006e9d00000, 0x00000006e9d00000|100%| O|  |TAMS 0x00000006e9c00000, 0x00000006e9d00000| Untracked 
| 157|0x00000006e9d00000, 0x00000006e9e00000, 0x00000006e9e00000|100%|HS|  |TAMS 0x00000006e9d00000, 0x00000006e9e00000| Complete 
| 158|0x00000006e9e00000, 0x00000006e9f00000, 0x00000006e9f00000|100%| O|  |TAMS 0x00000006e9e00000, 0x00000006e9f00000| Untracked 
| 159|0x00000006e9f00000, 0x00000006ea000000, 0x00000006ea000000|100%|HS|  |TAMS 0x00000006e9f00000, 0x00000006ea000000| Complete 
| 160|0x00000006ea000000, 0x00000006ea100000, 0x00000006ea100000|100%|HC|  |TAMS 0x00000006ea000000, 0x00000006ea100000| Complete 
| 161|0x00000006ea100000, 0x00000006ea200000, 0x00000006ea200000|100%|HS|  |TAMS 0x00000006ea100000, 0x00000006ea200000| Complete 
| 162|0x00000006ea200000, 0x00000006ea300000, 0x00000006ea300000|100%| O|  |TAMS 0x00000006ea300000, 0x00000006ea300000| Untracked 
| 163|0x00000006ea300000, 0x00000006ea400000, 0x00000006ea400000|100%| O|  |TAMS 0x00000006ea300000, 0x00000006ea400000| Untracked 
| 164|0x00000006ea400000, 0x00000006ea500000, 0x00000006ea500000|100%| O|  |TAMS 0x00000006ea500000, 0x00000006ea500000| Untracked 
| 165|0x00000006ea500000, 0x00000006ea600000, 0x00000006ea600000|100%| O|  |TAMS 0x00000006ea500000, 0x00000006ea600000| Untracked 
| 166|0x00000006ea600000, 0x00000006ea700000, 0x00000006ea700000|100%|HS|  |TAMS 0x00000006ea600000, 0x00000006ea700000| Complete 
| 167|0x00000006ea700000, 0x00000006ea800000, 0x00000006ea800000|100%|HC|  |TAMS 0x00000006ea700000, 0x00000006ea800000| Complete 
| 168|0x00000006ea800000, 0x00000006ea900000, 0x00000006ea900000|100%|HC|  |TAMS 0x00000006ea800000, 0x00000006ea900000| Complete 
| 169|0x00000006ea900000, 0x00000006eaa00000, 0x00000006eaa00000|100%| O|  |TAMS 0x00000006ea900000, 0x00000006eaa00000| Untracked 
| 170|0x00000006eaa00000, 0x00000006eab00000, 0x00000006eab00000|100%| O|  |TAMS 0x00000006eaa00000, 0x00000006eab00000| Untracked 
| 171|0x00000006eab00000, 0x00000006eac00000, 0x00000006eac00000|100%| O|  |TAMS 0x00000006eab00000, 0x00000006eac00000| Untracked 
| 172|0x00000006eac00000, 0x00000006ead00000, 0x00000006ead00000|100%| O|  |TAMS 0x00000006eac00000, 0x00000006ead00000| Untracked 
| 173|0x00000006ead00000, 0x00000006eae00000, 0x00000006eae00000|100%| O|  |TAMS 0x00000006ead00000, 0x00000006eae00000| Untracked 
| 174|0x00000006eae00000, 0x00000006eaf00000, 0x00000006eaf00000|100%| O|  |TAMS 0x00000006eae00000, 0x00000006eaf00000| Untracked 
| 175|0x00000006eaf00000, 0x00000006eb000000, 0x00000006eb000000|100%| O|  |TAMS 0x00000006eaf00000, 0x00000006eb000000| Untracked 
| 176|0x00000006eb000000, 0x00000006eb100000, 0x00000006eb100000|100%| O|  |TAMS 0x00000006eb000000, 0x00000006eb100000| Untracked 
| 177|0x00000006eb100000, 0x00000006eb200000, 0x00000006eb200000|100%|HS|  |TAMS 0x00000006eb100000, 0x00000006eb200000| Complete 
| 178|0x00000006eb200000, 0x00000006eb300000, 0x00000006eb300000|100%|HC|  |TAMS 0x00000006eb200000, 0x00000006eb300000| Complete 
| 179|0x00000006eb300000, 0x00000006eb400000, 0x00000006eb400000|100%| O|  |TAMS 0x00000006eb300000, 0x00000006eb400000| Untracked 
| 180|0x00000006eb400000, 0x00000006eb500000, 0x00000006eb500000|100%| O|  |TAMS 0x00000006eb400000, 0x00000006eb500000| Untracked 
| 181|0x00000006eb500000, 0x00000006eb600000, 0x00000006eb600000|100%| O|  |TAMS 0x00000006eb500000, 0x00000006eb600000| Untracked 
| 182|0x00000006eb600000, 0x00000006eb700000, 0x00000006eb700000|100%| O|  |TAMS 0x00000006eb600000, 0x00000006eb700000| Untracked 
| 183|0x00000006eb700000, 0x00000006eb800000, 0x00000006eb800000|100%| O|  |TAMS 0x00000006eb700000, 0x00000006eb800000| Untracked 
| 184|0x00000006eb800000, 0x00000006eb900000, 0x00000006eb900000|100%| O|  |TAMS 0x00000006eb900000, 0x00000006eb900000| Untracked 
| 185|0x00000006eb900000, 0x00000006eba00000, 0x00000006eba00000|100%| O|  |TAMS 0x00000006eba00000, 0x00000006eba00000| Untracked 
| 186|0x00000006eba00000, 0x00000006ebb00000, 0x00000006ebb00000|100%| O|  |TAMS 0x00000006ebb00000, 0x00000006ebb00000| Untracked 
| 187|0x00000006ebb00000, 0x00000006ebc00000, 0x00000006ebc00000|100%| O|  |TAMS 0x00000006ebc00000, 0x00000006ebc00000| Untracked 
| 188|0x00000006ebc00000, 0x00000006ebd00000, 0x00000006ebd00000|100%| O|  |TAMS 0x00000006ebc00000, 0x00000006ebd00000| Untracked 
| 189|0x00000006ebd00000, 0x00000006ebe00000, 0x00000006ebe00000|100%| O|  |TAMS 0x00000006ebd00000, 0x00000006ebe00000| Untracked 
| 190|0x00000006ebe00000, 0x00000006ebf00000, 0x00000006ebf00000|100%| O|  |TAMS 0x00000006ebf00000, 0x00000006ebf00000| Untracked 
| 191|0x00000006ebf00000, 0x00000006ec000000, 0x00000006ec000000|100%| O|  |TAMS 0x00000006ec000000, 0x00000006ec000000| Untracked 
| 192|0x00000006ec000000, 0x00000006ec100000, 0x00000006ec100000|100%|HS|  |TAMS 0x00000006ec000000, 0x00000006ec100000| Complete 
| 193|0x00000006ec100000, 0x00000006ec200000, 0x00000006ec200000|100%|HC|  |TAMS 0x00000006ec100000, 0x00000006ec200000| Complete 
| 194|0x00000006ec200000, 0x00000006ec300000, 0x00000006ec300000|100%|HC|  |TAMS 0x00000006ec200000, 0x00000006ec300000| Complete 
| 195|0x00000006ec300000, 0x00000006ec400000, 0x00000006ec400000|100%| O|  |TAMS 0x00000006ec300000, 0x00000006ec400000| Untracked 
| 196|0x00000006ec400000, 0x00000006ec500000, 0x00000006ec500000|100%| O|  |TAMS 0x00000006ec400000, 0x00000006ec500000| Untracked 
| 197|0x00000006ec500000, 0x00000006ec600000, 0x00000006ec600000|100%| O|  |TAMS 0x00000006ec500000, 0x00000006ec600000| Untracked 
| 198|0x00000006ec600000, 0x00000006ec700000, 0x00000006ec700000|100%| O|  |TAMS 0x00000006ec600000, 0x00000006ec700000| Untracked 
| 199|0x00000006ec700000, 0x00000006ec800000, 0x00000006ec800000|100%| O|  |TAMS 0x00000006ec700000, 0x00000006ec800000| Untracked 
| 200|0x00000006ec800000, 0x00000006ec900000, 0x00000006ec900000|100%| O|  |TAMS 0x00000006ec800000, 0x00000006ec900000| Untracked 
| 201|0x00000006ec900000, 0x00000006eca00000, 0x00000006eca00000|100%| O|  |TAMS 0x00000006ec900000, 0x00000006eca00000| Untracked 
| 202|0x00000006eca00000, 0x00000006ecb00000, 0x00000006ecb00000|100%| O|  |TAMS 0x00000006eca00000, 0x00000006ecb00000| Untracked 
| 203|0x00000006ecb00000, 0x00000006ecc00000, 0x00000006ecc00000|100%| O|  |TAMS 0x00000006ecb00000, 0x00000006ecc00000| Untracked 
| 204|0x00000006ecc00000, 0x00000006ecd00000, 0x00000006ecd00000|100%| O|  |TAMS 0x00000006ecc00000, 0x00000006ecd00000| Untracked 
| 205|0x00000006ecd00000, 0x00000006ece00000, 0x00000006ece00000|100%| O|  |TAMS 0x00000006ecd00000, 0x00000006ece00000| Untracked 
| 206|0x00000006ece00000, 0x00000006ecf00000, 0x00000006ecf00000|100%| O|  |TAMS 0x00000006ece00000, 0x00000006ecf00000| Untracked 
| 207|0x00000006ecf00000, 0x00000006ed000000, 0x00000006ed000000|100%| O|  |TAMS 0x00000006ecf00000, 0x00000006ed000000| Untracked 
| 208|0x00000006ed000000, 0x00000006ed100000, 0x00000006ed100000|100%| O|  |TAMS 0x00000006ed000000, 0x00000006ed100000| Untracked 
| 209|0x00000006ed100000, 0x00000006ed200000, 0x00000006ed200000|100%| O|  |TAMS 0x00000006ed100000, 0x00000006ed200000| Untracked 
| 210|0x00000006ed200000, 0x00000006ed300000, 0x00000006ed300000|100%| O|  |TAMS 0x00000006ed200000, 0x00000006ed300000| Untracked 
| 211|0x00000006ed300000, 0x00000006ed400000, 0x00000006ed400000|100%| O|  |TAMS 0x00000006ed300000, 0x00000006ed400000| Untracked 
| 212|0x00000006ed400000, 0x00000006ed500000, 0x00000006ed500000|100%| O|  |TAMS 0x00000006ed400000, 0x00000006ed500000| Untracked 
| 213|0x00000006ed500000, 0x00000006ed600000, 0x00000006ed600000|100%| O|  |TAMS 0x00000006ed500000, 0x00000006ed600000| Untracked 
| 214|0x00000006ed600000, 0x00000006ed700000, 0x00000006ed700000|100%| O|  |TAMS 0x00000006ed600000, 0x00000006ed700000| Untracked 
| 215|0x00000006ed700000, 0x00000006ed800000, 0x00000006ed800000|100%| O|  |TAMS 0x00000006ed700000, 0x00000006ed800000| Untracked 
| 216|0x00000006ed800000, 0x00000006ed900000, 0x00000006ed900000|100%| O|  |TAMS 0x00000006ed800000, 0x00000006ed900000| Untracked 
| 217|0x00000006ed900000, 0x00000006eda00000, 0x00000006eda00000|100%| O|  |TAMS 0x00000006ed900000, 0x00000006ed980000| Untracked 
| 218|0x00000006eda00000, 0x00000006edb00000, 0x00000006edb00000|100%| O|  |TAMS 0x00000006eda00000, 0x00000006eda00000| Untracked 
| 219|0x00000006edb00000, 0x00000006edc00000, 0x00000006edc00000|100%| O|  |TAMS 0x00000006edb00000, 0x00000006edb00000| Untracked 
| 220|0x00000006edc00000, 0x00000006edd00000, 0x00000006edd00000|100%| O|  |TAMS 0x00000006edc00000, 0x00000006edc00000| Untracked 
| 221|0x00000006edd00000, 0x00000006ede00000, 0x00000006ede00000|100%| O|  |TAMS 0x00000006edd00000, 0x00000006edd00000| Untracked 
| 222|0x00000006ede00000, 0x00000006edf00000, 0x00000006edf00000|100%| O|  |TAMS 0x00000006ede00000, 0x00000006ede00000| Untracked 
| 223|0x00000006edf00000, 0x00000006ee000000, 0x00000006ee000000|100%| O|  |TAMS 0x00000006edf00000, 0x00000006edf00000| Untracked 
| 224|0x00000006ee000000, 0x00000006ee100000, 0x00000006ee100000|100%| O|  |TAMS 0x00000006ee000000, 0x00000006ee000000| Untracked 
| 225|0x00000006ee100000, 0x00000006ee200000, 0x00000006ee200000|100%| O|  |TAMS 0x00000006ee100000, 0x00000006ee100000| Untracked 
| 226|0x00000006ee200000, 0x00000006ee200000, 0x00000006ee300000|  0%| F|  |TAMS 0x00000006ee200000, 0x00000006ee200000| Untracked 
| 227|0x00000006ee300000, 0x00000006ee300000, 0x00000006ee400000|  0%| F|  |TAMS 0x00000006ee300000, 0x00000006ee300000| Untracked 
| 228|0x00000006ee400000, 0x00000006ee400000, 0x00000006ee500000|  0%| F|  |TAMS 0x00000006ee400000, 0x00000006ee400000| Untracked 
| 229|0x00000006ee500000, 0x00000006ee500000, 0x00000006ee600000|  0%| F|  |TAMS 0x00000006ee500000, 0x00000006ee500000| Untracked 
| 230|0x00000006ee600000, 0x00000006ee600000, 0x00000006ee700000|  0%| F|  |TAMS 0x00000006ee600000, 0x00000006ee600000| Untracked 
| 231|0x00000006ee700000, 0x00000006ee700000, 0x00000006ee800000|  0%| F|  |TAMS 0x00000006ee700000, 0x00000006ee700000| Untracked 
| 232|0x00000006ee800000, 0x00000006ee800000, 0x00000006ee900000|  0%| F|  |TAMS 0x00000006ee800000, 0x00000006ee800000| Untracked 
| 233|0x00000006ee900000, 0x00000006ee900000, 0x00000006eea00000|  0%| F|  |TAMS 0x00000006ee900000, 0x00000006ee900000| Untracked 
| 234|0x00000006eea00000, 0x00000006eea00000, 0x00000006eeb00000|  0%| F|  |TAMS 0x00000006eea00000, 0x00000006eea00000| Untracked 
| 235|0x00000006eeb00000, 0x00000006eeb00000, 0x00000006eec00000|  0%| F|  |TAMS 0x00000006eeb00000, 0x00000006eeb00000| Untracked 
| 236|0x00000006eec00000, 0x00000006eec00000, 0x00000006eed00000|  0%| F|  |TAMS 0x00000006eec00000, 0x00000006eec00000| Untracked 
| 237|0x00000006eed00000, 0x00000006eed00000, 0x00000006eee00000|  0%| F|  |TAMS 0x00000006eed00000, 0x00000006eed00000| Untracked 
| 238|0x00000006eee00000, 0x00000006eee00000, 0x00000006eef00000|  0%| F|  |TAMS 0x00000006eee00000, 0x00000006eee00000| Untracked 
| 239|0x00000006eef00000, 0x00000006eef00000, 0x00000006ef000000|  0%| F|  |TAMS 0x00000006eef00000, 0x00000006eef00000| Untracked 
| 240|0x00000006ef000000, 0x00000006ef000000, 0x00000006ef100000|  0%| F|  |TAMS 0x00000006ef000000, 0x00000006ef000000| Untracked 
| 241|0x00000006ef100000, 0x00000006ef100000, 0x00000006ef200000|  0%| F|  |TAMS 0x00000006ef100000, 0x00000006ef100000| Untracked 
| 242|0x00000006ef200000, 0x00000006ef200000, 0x00000006ef300000|  0%| F|  |TAMS 0x00000006ef200000, 0x00000006ef200000| Untracked 
| 243|0x00000006ef300000, 0x00000006ef300000, 0x00000006ef400000|  0%| F|  |TAMS 0x00000006ef300000, 0x00000006ef300000| Untracked 
| 244|0x00000006ef400000, 0x00000006ef400000, 0x00000006ef500000|  0%| F|  |TAMS 0x00000006ef400000, 0x00000006ef400000| Untracked 
| 245|0x00000006ef500000, 0x00000006ef500000, 0x00000006ef600000|  0%| F|  |TAMS 0x00000006ef500000, 0x00000006ef500000| Untracked 
| 246|0x00000006ef600000, 0x00000006ef600000, 0x00000006ef700000|  0%| F|  |TAMS 0x00000006ef600000, 0x00000006ef600000| Untracked 
| 247|0x00000006ef700000, 0x00000006ef700000, 0x00000006ef800000|  0%| F|  |TAMS 0x00000006ef700000, 0x00000006ef700000| Untracked 
| 248|0x00000006ef800000, 0x00000006ef800000, 0x00000006ef900000|  0%| F|  |TAMS 0x00000006ef800000, 0x00000006ef800000| Untracked 
| 249|0x00000006ef900000, 0x00000006ef900000, 0x00000006efa00000|  0%| F|  |TAMS 0x00000006ef900000, 0x00000006ef900000| Untracked 
| 250|0x00000006efa00000, 0x00000006efa00000, 0x00000006efb00000|  0%| F|  |TAMS 0x00000006efa00000, 0x00000006efa00000| Untracked 
| 251|0x00000006efb00000, 0x00000006efb00000, 0x00000006efc00000|  0%| F|  |TAMS 0x00000006efb00000, 0x00000006efb00000| Untracked 
| 252|0x00000006efc00000, 0x00000006efc00000, 0x00000006efd00000|  0%| F|  |TAMS 0x00000006efc00000, 0x00000006efc00000| Untracked 
| 253|0x00000006efd00000, 0x00000006efd00000, 0x00000006efe00000|  0%| F|  |TAMS 0x00000006efd00000, 0x00000006efd00000| Untracked 
| 254|0x00000006efe00000, 0x00000006efe00000, 0x00000006eff00000|  0%| F|  |TAMS 0x00000006efe00000, 0x00000006efe00000| Untracked 
| 255|0x00000006eff00000, 0x00000006eff00000, 0x00000006f0000000|  0%| F|  |TAMS 0x00000006eff00000, 0x00000006eff00000| Untracked 
| 256|0x00000006f0000000, 0x00000006f0000000, 0x00000006f0100000|  0%| F|  |TAMS 0x00000006f0000000, 0x00000006f0000000| Untracked 
| 257|0x00000006f0100000, 0x00000006f0100000, 0x00000006f0200000|  0%| F|  |TAMS 0x00000006f0100000, 0x00000006f0100000| Untracked 
| 258|0x00000006f0200000, 0x00000006f0300000, 0x00000006f0300000|100%| S|CS|TAMS 0x00000006f0200000, 0x00000006f0200000| Complete 
| 259|0x00000006f0300000, 0x00000006f0400000, 0x00000006f0400000|100%| S|CS|TAMS 0x00000006f0300000, 0x00000006f0300000| Complete 
| 260|0x00000006f0400000, 0x00000006f0400000, 0x00000006f0500000|  0%| F|  |TAMS 0x00000006f0400000, 0x00000006f0400000| Untracked 
| 261|0x00000006f0500000, 0x00000006f0500000, 0x00000006f0600000|  0%| F|  |TAMS 0x00000006f0500000, 0x00000006f0500000| Untracked 
| 262|0x00000006f0600000, 0x00000006f0600000, 0x00000006f0700000|  0%| F|  |TAMS 0x00000006f0600000, 0x00000006f0600000| Untracked 
| 263|0x00000006f0700000, 0x00000006f0700000, 0x00000006f0800000|  0%| F|  |TAMS 0x00000006f0700000, 0x00000006f0700000| Untracked 
| 264|0x00000006f0800000, 0x00000006f0800000, 0x00000006f0900000|  0%| F|  |TAMS 0x00000006f0800000, 0x00000006f0800000| Untracked 
| 265|0x00000006f0900000, 0x00000006f0900000, 0x00000006f0a00000|  0%| F|  |TAMS 0x00000006f0900000, 0x00000006f0900000| Untracked 
| 266|0x00000006f0a00000, 0x00000006f0a00000, 0x00000006f0b00000|  0%| F|  |TAMS 0x00000006f0a00000, 0x00000006f0a00000| Untracked 
| 267|0x00000006f0b00000, 0x00000006f0b00000, 0x00000006f0c00000|  0%| F|  |TAMS 0x00000006f0b00000, 0x00000006f0b00000| Untracked 
| 268|0x00000006f0c00000, 0x00000006f0c00000, 0x00000006f0d00000|  0%| F|  |TAMS 0x00000006f0c00000, 0x00000006f0c00000| Untracked 
| 269|0x00000006f0d00000, 0x00000006f0d00000, 0x00000006f0e00000|  0%| F|  |TAMS 0x00000006f0d00000, 0x00000006f0d00000| Untracked 
| 270|0x00000006f0e00000, 0x00000006f0e00000, 0x00000006f0f00000|  0%| F|  |TAMS 0x00000006f0e00000, 0x00000006f0e00000| Untracked 
| 271|0x00000006f0f00000, 0x00000006f0f00000, 0x00000006f1000000|  0%| F|  |TAMS 0x00000006f0f00000, 0x00000006f0f00000| Untracked 
| 272|0x00000006f1000000, 0x00000006f1000000, 0x00000006f1100000|  0%| F|  |TAMS 0x00000006f1000000, 0x00000006f1000000| Untracked 
| 273|0x00000006f1100000, 0x00000006f1100000, 0x00000006f1200000|  0%| F|  |TAMS 0x00000006f1100000, 0x00000006f1100000| Untracked 
| 274|0x00000006f1200000, 0x00000006f1200000, 0x00000006f1300000|  0%| F|  |TAMS 0x00000006f1200000, 0x00000006f1200000| Untracked 
| 275|0x00000006f1300000, 0x00000006f1300000, 0x00000006f1400000|  0%| F|  |TAMS 0x00000006f1300000, 0x00000006f1300000| Untracked 
| 276|0x00000006f1400000, 0x00000006f1400000, 0x00000006f1500000|  0%| F|  |TAMS 0x00000006f1400000, 0x00000006f1400000| Untracked 
| 277|0x00000006f1500000, 0x00000006f1500000, 0x00000006f1600000|  0%| F|  |TAMS 0x00000006f1500000, 0x00000006f1500000| Untracked 
| 278|0x00000006f1600000, 0x00000006f1600000, 0x00000006f1700000|  0%| F|  |TAMS 0x00000006f1600000, 0x00000006f1600000| Untracked 
| 279|0x00000006f1700000, 0x00000006f1700000, 0x00000006f1800000|  0%| F|  |TAMS 0x00000006f1700000, 0x00000006f1700000| Untracked 
| 280|0x00000006f1800000, 0x00000006f1800000, 0x00000006f1900000|  0%| F|  |TAMS 0x00000006f1800000, 0x00000006f1800000| Untracked 
| 281|0x00000006f1900000, 0x00000006f1900000, 0x00000006f1a00000|  0%| F|  |TAMS 0x00000006f1900000, 0x00000006f1900000| Untracked 
| 282|0x00000006f1a00000, 0x00000006f1a00000, 0x00000006f1b00000|  0%| F|  |TAMS 0x00000006f1a00000, 0x00000006f1a00000| Untracked 
| 283|0x00000006f1b00000, 0x00000006f1b00000, 0x00000006f1c00000|  0%| F|  |TAMS 0x00000006f1b00000, 0x00000006f1b00000| Untracked 
| 284|0x00000006f1c00000, 0x00000006f1c00000, 0x00000006f1d00000|  0%| F|  |TAMS 0x00000006f1c00000, 0x00000006f1c00000| Untracked 
| 285|0x00000006f1d00000, 0x00000006f1d00000, 0x00000006f1e00000|  0%| F|  |TAMS 0x00000006f1d00000, 0x00000006f1d00000| Untracked 
| 286|0x00000006f1e00000, 0x00000006f1e00000, 0x00000006f1f00000|  0%| F|  |TAMS 0x00000006f1e00000, 0x00000006f1e00000| Untracked 
| 287|0x00000006f1f00000, 0x00000006f1f00000, 0x00000006f2000000|  0%| F|  |TAMS 0x00000006f1f00000, 0x00000006f1f00000| Untracked 
| 288|0x00000006f2000000, 0x00000006f2000000, 0x00000006f2100000|  0%| F|  |TAMS 0x00000006f2000000, 0x00000006f2000000| Untracked 
| 289|0x00000006f2100000, 0x00000006f2100000, 0x00000006f2200000|  0%| F|  |TAMS 0x00000006f2100000, 0x00000006f2100000| Untracked 
| 290|0x00000006f2200000, 0x00000006f2200000, 0x00000006f2300000|  0%| F|  |TAMS 0x00000006f2200000, 0x00000006f2200000| Untracked 
| 291|0x00000006f2300000, 0x00000006f2300000, 0x00000006f2400000|  0%| F|  |TAMS 0x00000006f2300000, 0x00000006f2300000| Untracked 
| 292|0x00000006f2400000, 0x00000006f2400000, 0x00000006f2500000|  0%| F|  |TAMS 0x00000006f2400000, 0x00000006f2400000| Untracked 
| 293|0x00000006f2500000, 0x00000006f2500000, 0x00000006f2600000|  0%| F|  |TAMS 0x00000006f2500000, 0x00000006f2500000| Untracked 
| 294|0x00000006f2600000, 0x00000006f2600000, 0x00000006f2700000|  0%| F|  |TAMS 0x00000006f2600000, 0x00000006f2600000| Untracked 
| 295|0x00000006f2700000, 0x00000006f2700000, 0x00000006f2800000|  0%| F|  |TAMS 0x00000006f2700000, 0x00000006f2700000| Untracked 
| 296|0x00000006f2800000, 0x00000006f2800000, 0x00000006f2900000|  0%| F|  |TAMS 0x00000006f2800000, 0x00000006f2800000| Untracked 
| 297|0x00000006f2900000, 0x00000006f2900000, 0x00000006f2a00000|  0%| F|  |TAMS 0x00000006f2900000, 0x00000006f2900000| Untracked 
| 298|0x00000006f2a00000, 0x00000006f2a00000, 0x00000006f2b00000|  0%| F|  |TAMS 0x00000006f2a00000, 0x00000006f2a00000| Untracked 
| 299|0x00000006f2b00000, 0x00000006f2b00000, 0x00000006f2c00000|  0%| F|  |TAMS 0x00000006f2b00000, 0x00000006f2b00000| Untracked 
| 300|0x00000006f2c00000, 0x00000006f2c00000, 0x00000006f2d00000|  0%| F|  |TAMS 0x00000006f2c00000, 0x00000006f2c00000| Untracked 
| 301|0x00000006f2d00000, 0x00000006f2d00000, 0x00000006f2e00000|  0%| F|  |TAMS 0x00000006f2d00000, 0x00000006f2d00000| Untracked 
| 302|0x00000006f2e00000, 0x00000006f2e00000, 0x00000006f2f00000|  0%| F|  |TAMS 0x00000006f2e00000, 0x00000006f2e00000| Untracked 
| 303|0x00000006f2f00000, 0x00000006f2f00000, 0x00000006f3000000|  0%| F|  |TAMS 0x00000006f2f00000, 0x00000006f2f00000| Untracked 
| 304|0x00000006f3000000, 0x00000006f3000000, 0x00000006f3100000|  0%| F|  |TAMS 0x00000006f3000000, 0x00000006f3000000| Untracked 
| 305|0x00000006f3100000, 0x00000006f3100000, 0x00000006f3200000|  0%| F|  |TAMS 0x00000006f3100000, 0x00000006f3100000| Untracked 
| 306|0x00000006f3200000, 0x00000006f3200000, 0x00000006f3300000|  0%| F|  |TAMS 0x00000006f3200000, 0x00000006f3200000| Untracked 
| 307|0x00000006f3300000, 0x00000006f3300000, 0x00000006f3400000|  0%| F|  |TAMS 0x00000006f3300000, 0x00000006f3300000| Untracked 
| 308|0x00000006f3400000, 0x00000006f3400000, 0x00000006f3500000|  0%| F|  |TAMS 0x00000006f3400000, 0x00000006f3400000| Untracked 
| 309|0x00000006f3500000, 0x00000006f3500000, 0x00000006f3600000|  0%| F|  |TAMS 0x00000006f3500000, 0x00000006f3500000| Untracked 
| 310|0x00000006f3600000, 0x00000006f3600000, 0x00000006f3700000|  0%| F|  |TAMS 0x00000006f3600000, 0x00000006f3600000| Untracked 
| 311|0x00000006f3700000, 0x00000006f3700000, 0x00000006f3800000|  0%| F|  |TAMS 0x00000006f3700000, 0x00000006f3700000| Untracked 
| 312|0x00000006f3800000, 0x00000006f3800000, 0x00000006f3900000|  0%| F|  |TAMS 0x00000006f3800000, 0x00000006f3800000| Untracked 
| 313|0x00000006f3900000, 0x00000006f398f138, 0x00000006f3a00000| 55%| E|  |TAMS 0x00000006f3900000, 0x00000006f3900000| Complete 
| 314|0x00000006f3a00000, 0x00000006f3b00000, 0x00000006f3b00000|100%| E|CS|TAMS 0x00000006f3a00000, 0x00000006f3a00000| Complete 
| 315|0x00000006f3b00000, 0x00000006f3c00000, 0x00000006f3c00000|100%| E|CS|TAMS 0x00000006f3b00000, 0x00000006f3b00000| Complete 
| 316|0x00000006f3c00000, 0x00000006f3d00000, 0x00000006f3d00000|100%| E|CS|TAMS 0x00000006f3c00000, 0x00000006f3c00000| Complete 
| 317|0x00000006f3d00000, 0x00000006f3e00000, 0x00000006f3e00000|100%| E|CS|TAMS 0x00000006f3d00000, 0x00000006f3d00000| Complete 
| 318|0x00000006f3e00000, 0x00000006f3f00000, 0x00000006f3f00000|100%| E|CS|TAMS 0x00000006f3e00000, 0x00000006f3e00000| Complete 
| 319|0x00000006f3f00000, 0x00000006f4000000, 0x00000006f4000000|100%| E|CS|TAMS 0x00000006f3f00000, 0x00000006f3f00000| Complete 
| 320|0x00000006f4000000, 0x00000006f4100000, 0x00000006f4100000|100%| E|CS|TAMS 0x00000006f4000000, 0x00000006f4000000| Complete 
| 321|0x00000006f4100000, 0x00000006f4200000, 0x00000006f4200000|100%| E|CS|TAMS 0x00000006f4100000, 0x00000006f4100000| Complete 
| 322|0x00000006f4200000, 0x00000006f4300000, 0x00000006f4300000|100%| E|CS|TAMS 0x00000006f4200000, 0x00000006f4200000| Complete 
| 323|0x00000006f4300000, 0x00000006f4400000, 0x00000006f4400000|100%| E|CS|TAMS 0x00000006f4300000, 0x00000006f4300000| Complete 
| 324|0x00000006f4400000, 0x00000006f4500000, 0x00000006f4500000|100%| E|CS|TAMS 0x00000006f4400000, 0x00000006f4400000| Complete 
| 325|0x00000006f4500000, 0x00000006f4600000, 0x00000006f4600000|100%| E|CS|TAMS 0x00000006f4500000, 0x00000006f4500000| Complete 
| 326|0x00000006f4600000, 0x00000006f4700000, 0x00000006f4700000|100%| E|CS|TAMS 0x00000006f4600000, 0x00000006f4600000| Complete 

Card table byte_map: [0x0000016144be0000,0x00000161454e0000] _byte_map_base: 0x00000161414e0000

Marking Bits (Prev, Next): (CMBitMap*) 0x00000161318547a0, (CMBitMap*) 0x0000016131854768
 Prev Bits: [0x000001614a5e0000, 0x000001614ede0000)
 Next Bits: [0x0000016145de0000, 0x000001614a5e0000)

Polling page: 0x000001612f730000

Metaspace:

Usage:
  Non-class:    117.11 MB capacity,   114.46 MB ( 98%) used,     2.22 MB (  2%) free+waste,   437.94 KB ( <1%) overhead. 
      Class:     17.73 MB capacity,    16.36 MB ( 92%) used,     1.17 MB (  7%) free+waste,   198.00 KB (  1%) overhead. 
       Both:    134.83 MB capacity,   130.82 MB ( 97%) used,     3.39 MB (  3%) free+waste,   635.94 KB ( <1%) overhead. 

Virtual space:
  Non-class space:      118.00 MB reserved,     117.25 MB (>99%) committed 
      Class space:        1.00 GB reserved,      17.75 MB (  2%) committed 
             Both:        1.12 GB reserved,     135.00 MB ( 12%) committed 

Chunk freelists:
   Non-Class:  19.00 KB
       Class:  25.00 KB
        Both:  44.00 KB

MaxMetaspaceSize: 17179869184.00 GB
CompressedClassSpaceSize: 1.00 GB

CodeHeap 'non-profiled nmethods': size=120064Kb used=16686Kb max_used=16686Kb free=103377Kb
 bounds [0x000001613cda0000, 0x000001613ddf0000, 0x00000161442e0000]
CodeHeap 'profiled nmethods': size=120000Kb used=46788Kb max_used=46788Kb free=73211Kb
 bounds [0x0000016135870000, 0x0000016138640000, 0x000001613cda0000]
CodeHeap 'non-nmethods': size=5696Kb used=2419Kb max_used=2483Kb free=3276Kb
 bounds [0x00000161352e0000, 0x0000016135560000, 0x0000016135870000]
 total_blobs=21175 nmethods=20140 adapters=945
 compilation: enabled
              stopped_count=0, restarted_count=0
 full_count=0

Compilation events (20 events):
Event: 426.984 Thread 0x0000016151b8f000 22755       3       com.android.tools.r8.code.x1::a (4130 bytes)
Event: 427.036 Thread 0x0000016151b8f000 nmethod 22755 0x000001613860d390 code [0x000001613860ffc0, 0x000001613862e498]
Event: 427.046 Thread 0x0000016151b8f000 22756       2       com.android.tools.r8.code.h::<init> (7 bytes)
Event: 427.047 Thread 0x0000016151b8f000 nmethod 22756 0x0000016138639490 code [0x0000016138639660, 0x00000161386398b8]
Event: 427.047 Thread 0x0000016151b8f000 22757       2       com.android.tools.r8.code.M2::<init> (7 bytes)
Event: 427.047 Thread 0x0000016151b8f000 nmethod 22757 0x0000016138639a90 code [0x0000016138639c40, 0x0000016138639db8]
Event: 427.060 Thread 0x0000016151b8f000 22758       2       com.android.tools.r8.code.Q3::<init> (7 bytes)
Event: 427.060 Thread 0x0000016151b8f000 nmethod 22758 0x0000016138639f10 code [0x000001613863a0c0, 0x000001613863a238]
Event: 427.072 Thread 0x0000016151b8f000 22759       2       com.android.tools.r8.graph.x::d (73 bytes)
Event: 427.073 Thread 0x0000016151b8f000 nmethod 22759 0x000001613863a390 code [0x000001613863a5c0, 0x000001613863ab38]
Event: 427.092 Thread 0x0000016151b8f000 22760       2       com.android.tools.r8.code.R3::<init> (7 bytes)
Event: 427.093 Thread 0x0000016151b8f000 nmethod 22760 0x000001613863af10 code [0x000001613863b0e0, 0x000001613863b338]
Event: 427.094 Thread 0x0000016151b8f000 22761       2       com.android.tools.r8.code.f::<init> (7 bytes)
Event: 427.095 Thread 0x0000016151b8f000 nmethod 22761 0x000001613863b510 code [0x000001613863b6e0, 0x000001613863b938]
Event: 427.264 Thread 0x0000016151b8f000 22767       2       com.android.tools.r8.code.r::<init> (7 bytes)
Event: 427.265 Thread 0x0000016151b8f000 nmethod 22767 0x000001613863bb10 code [0x000001613863bcc0, 0x000001613863be38]
Event: 427.304 Thread 0x0000016151b8f000 22768       2       com.android.tools.r8.graph.D2::f (64 bytes)
Event: 427.305 Thread 0x0000016151b8f000 nmethod 22768 0x000001613863bf90 code [0x000001613863c1a0, 0x000001613863c538]
Event: 427.325 Thread 0x0000016151b8f000 22769       2       com.android.tools.r8.code.w2::<init> (7 bytes)
Event: 427.325 Thread 0x0000016151b8f000 nmethod 22769 0x000001613863c710 code [0x000001613863c8e0, 0x000001613863cb38]

GC Heap History (20 events):
Event: 408.430 GC heap before
{Heap before GC invocations=115 (full 0):
 garbage-first heap   total 278528K, used 229458K [0x00000006e0000000, 0x0000000800000000)
  region size 1024K, 49 young (50176K), 7 survivors (7168K)
 Metaspace       used 128590K, capacity 132304K, committed 132480K, reserved 1165312K
  class space    used 15895K, capacity 17176K, committed 17280K, reserved 1048576K
}
Event: 408.437 GC heap after
{Heap after GC invocations=116 (full 0):
 garbage-first heap   total 278528K, used 184849K [0x00000006e0000000, 0x0000000800000000)
  region size 1024K, 2 young (2048K), 2 survivors (2048K)
 Metaspace       used 128590K, capacity 132304K, committed 132480K, reserved 1165312K
  class space    used 15895K, capacity 17176K, committed 17280K, reserved 1048576K
}
Event: 408.699 GC heap before
{Heap before GC invocations=116 (full 0):
 garbage-first heap   total 278528K, used 195089K [0x00000006e0000000, 0x0000000800000000)
  region size 1024K, 13 young (13312K), 2 survivors (2048K)
 Metaspace       used 128646K, capacity 132389K, committed 132736K, reserved 1165312K
  class space    used 15899K, capacity 17183K, committed 17280K, reserved 1048576K
}
Event: 408.710 GC heap after
{Heap after GC invocations=117 (full 0):
 garbage-first heap   total 278528K, used 181085K [0x00000006e0000000, 0x0000000800000000)
  region size 1024K, 1 young (1024K), 1 survivors (1024K)
 Metaspace       used 128646K, capacity 132389K, committed 132736K, reserved 1165312K
  class space    used 15899K, capacity 17183K, committed 17280K, reserved 1048576K
}
Event: 410.298 GC heap before
{Heap before GC invocations=117 (full 0):
 garbage-first heap   total 278528K, used 229213K [0x00000006e0000000, 0x0000000800000000)
  region size 1024K, 48 young (49152K), 1 survivors (1024K)
 Metaspace       used 129591K, capacity 133300K, committed 133632K, reserved 1165312K
  class space    used 15999K, capacity 17293K, committed 17408K, reserved 1048576K
}
Event: 410.311 GC heap after
{Heap after GC invocations=118 (full 0):
 garbage-first heap   total 278528K, used 184131K [0x00000006e0000000, 0x0000000800000000)
  region size 1024K, 4 young (4096K), 4 survivors (4096K)
 Metaspace       used 129591K, capacity 133300K, committed 133632K, reserved 1165312K
  class space    used 15999K, capacity 17293K, committed 17408K, reserved 1048576K
}
Event: 412.291 GC heap before
{Heap before GC invocations=118 (full 0):
 garbage-first heap   total 278528K, used 213827K [0x00000006e0000000, 0x0000000800000000)
  region size 1024K, 35 young (35840K), 4 survivors (4096K)
 Metaspace       used 130144K, capacity 133877K, committed 134144K, reserved 1165312K
  class space    used 16062K, capacity 17347K, committed 17408K, reserved 1048576K
}
Event: 412.311 GC heap after
{Heap after GC invocations=119 (full 0):
 garbage-first heap   total 278528K, used 186235K [0x00000006e0000000, 0x0000000800000000)
  region size 1024K, 6 young (6144K), 6 survivors (6144K)
 Metaspace       used 130144K, capacity 133877K, committed 134144K, reserved 1165312K
  class space    used 16062K, capacity 17347K, committed 17408K, reserved 1048576K
}
Event: 415.237 GC heap before
{Heap before GC invocations=120 (full 0):
 garbage-first heap   total 278528K, used 225147K [0x00000006e0000000, 0x0000000800000000)
  region size 1024K, 51 young (52224K), 6 survivors (6144K)
 Metaspace       used 130637K, capacity 134497K, committed 134784K, reserved 1167360K
  class space    used 16132K, capacity 17475K, committed 17536K, reserved 1048576K
}
Event: 415.250 GC heap after
{Heap after GC invocations=121 (full 0):
 garbage-first heap   total 278528K, used 183030K [0x00000006e0000000, 0x0000000800000000)
  region size 1024K, 5 young (5120K), 5 survivors (5120K)
 Metaspace       used 130637K, capacity 134497K, committed 134784K, reserved 1167360K
  class space    used 16132K, capacity 17475K, committed 17536K, reserved 1048576K
}
Event: 423.730 GC heap before
{Heap before GC invocations=121 (full 0):
 garbage-first heap   total 278528K, used 193270K [0x00000006e0000000, 0x0000000800000000)
  region size 1024K, 13 young (13312K), 5 survivors (5120K)
 Metaspace       used 130978K, capacity 134976K, committed 135040K, reserved 1167360K
  class space    used 16180K, capacity 17526K, committed 17536K, reserved 1048576K
}
Event: 423.745 GC heap after
{Heap after GC invocations=122 (full 0):
 garbage-first heap   total 278528K, used 171008K [0x00000006e0000000, 0x0000000800000000)
  region size 1024K, 2 young (2048K), 2 survivors (2048K)
 Metaspace       used 130978K, capacity 134976K, committed 135040K, reserved 1167360K
  class space    used 16180K, capacity 17526K, committed 17536K, reserved 1048576K
}
Event: 425.732 GC heap before
{Heap before GC invocations=122 (full 0):
 garbage-first heap   total 278528K, used 248832K [0x00000006e0000000, 0x0000000800000000)
  region size 1024K, 57 young (58368K), 2 survivors (2048K)
 Metaspace       used 132169K, capacity 136210K, committed 136320K, reserved 1167360K
  class space    used 16372K, capacity 17747K, committed 17792K, reserved 1048576K
}
Event: 425.771 GC heap after
{Heap after GC invocations=123 (full 0):
 garbage-first heap   total 278528K, used 202784K [0x00000006e0000000, 0x0000000800000000)
  region size 1024K, 8 young (8192K), 8 survivors (8192K)
 Metaspace       used 132169K, capacity 136210K, committed 136320K, reserved 1167360K
  class space    used 16372K, capacity 17747K, committed 17792K, reserved 1048576K
}
Event: 426.516 GC heap before
{Heap before GC invocations=123 (full 0):
 garbage-first heap   total 278528K, used 231456K [0x00000006e0000000, 0x0000000800000000)
  region size 1024K, 37 young (37888K), 8 survivors (8192K)
 Metaspace       used 133899K, capacity 138001K, committed 138240K, reserved 1169408K
  class space    used 16757K, capacity 18151K, committed 18176K, reserved 1048576K
}
Event: 426.566 GC heap after
{Heap after GC invocations=124 (full 0):
 garbage-first heap   total 278528K, used 214992K [0x00000006e0000000, 0x0000000800000000)
  region size 1024K, 5 young (5120K), 5 survivors (5120K)
 Metaspace       used 133899K, capacity 138001K, committed 138240K, reserved 1169408K
  class space    used 16757K, capacity 18151K, committed 18176K, reserved 1048576K
}
Event: 426.784 GC heap before
{Heap before GC invocations=124 (full 0):
 garbage-first heap   total 278528K, used 234448K [0x00000006e0000000, 0x0000000800000000)
  region size 1024K, 24 young (24576K), 5 survivors (5120K)
 Metaspace       used 133912K, capacity 138004K, committed 138240K, reserved 1169408K
  class space    used 16757K, capacity 18151K, committed 18176K, reserved 1048576K
}
Event: 426.811 GC heap after
{Heap after GC invocations=125 (full 0):
 garbage-first heap   total 278528K, used 225792K [0x00000006e0000000, 0x0000000800000000)
  region size 1024K, 3 young (3072K), 3 survivors (3072K)
 Metaspace       used 133912K, capacity 138004K, committed 138240K, reserved 1169408K
  class space    used 16757K, capacity 18151K, committed 18176K, reserved 1048576K
}
Event: 427.227 GC heap before
{Heap before GC invocations=125 (full 0):
 garbage-first heap   total 278528K, used 238080K [0x00000006e0000000, 0x0000000800000000)
  region size 1024K, 15 young (15360K), 3 survivors (3072K)
 Metaspace       used 133957K, capacity 138068K, committed 138240K, reserved 1169408K
  class space    used 16757K, capacity 18151K, committed 18176K, reserved 1048576K
}
Event: 427.250 GC heap after
{Heap after GC invocations=126 (full 0):
 garbage-first heap   total 334848K, used 233472K [0x00000006e0000000, 0x0000000800000000)
  region size 1024K, 2 young (2048K), 2 survivors (2048K)
 Metaspace       used 133957K, capacity 138068K, committed 138240K, reserved 1169408K
  class space    used 16757K, capacity 18151K, committed 18176K, reserved 1048576K
}

Deoptimization events (20 events):
Event: 425.993 Thread 0x000001615e276000 Uncommon trap: trap_request=0xffffff4d fr.pc=0x000001613dd98b20 relative=0x0000000000000160
Event: 425.993 Thread 0x000001615e276000 Uncommon trap: reason=unstable_if action=reinterpret pc=0x000001613dd98b20 method=com.android.tools.r8.internal.TV0.get(I)Ljava/lang/Object; @ 1 c2
Event: 425.993 Thread 0x000001615e276000 DEOPT PACKING pc=0x000001613dd98b20 sp=0x0000004484efe8a0
Event: 425.993 Thread 0x000001615e276000 DEOPT UNPACKING pc=0x000001613530682f sp=0x0000004484efe838 mode 2
Event: 426.132 Thread 0x000001615e276800 Uncommon trap: trap_request=0xffffff4d fr.pc=0x000001613dd89d30 relative=0x0000000000000090
Event: 426.132 Thread 0x000001615e276800 Uncommon trap: reason=unstable_if action=reinterpret pc=0x000001613dd89d30 method=com.android.tools.r8.internal.mS0.d(I)Z @ 45 c2
Event: 426.132 Thread 0x000001615e276800 DEOPT PACKING pc=0x000001613dd89d30 sp=0x0000004484ffec70
Event: 426.132 Thread 0x000001615e276800 DEOPT UNPACKING pc=0x000001613530682f sp=0x0000004484ffeba8 mode 2
Event: 426.232 Thread 0x000001615e279000 Uncommon trap: trap_request=0xffffff4d fr.pc=0x000001613ddbfea4 relative=0x0000000000000ee4
Event: 426.232 Thread 0x000001615e279000 Uncommon trap: reason=unstable_if action=reinterpret pc=0x000001613ddbfea4 method=com.android.tools.r8.internal.TV0.d(I)V @ 38 c2
Event: 426.232 Thread 0x000001615e279000 DEOPT PACKING pc=0x000001613ddbfea4 sp=0x00000044851fe810
Event: 426.232 Thread 0x000001615e279000 DEOPT UNPACKING pc=0x000001613530682f sp=0x00000044851fe758 mode 2
Event: 426.318 Thread 0x000001615e279000 Uncommon trap: trap_request=0xffffff4d fr.pc=0x000001613ddc95b4 relative=0x0000000000001954
Event: 426.318 Thread 0x000001615e279000 Uncommon trap: reason=unstable_if action=reinterpret pc=0x000001613ddc95b4 method=com.android.tools.r8.dex.r.i()Lcom/android/tools/r8/graph/c1; @ 54 c2
Event: 426.318 Thread 0x000001615e279000 DEOPT PACKING pc=0x000001613ddc95b4 sp=0x00000044851fed00
Event: 426.318 Thread 0x000001615e279000 DEOPT UNPACKING pc=0x000001613530682f sp=0x00000044851fecf0 mode 2
Event: 426.920 Thread 0x000001615e276000 Uncommon trap: trap_request=0xffffff4d fr.pc=0x000001613dde37d4 relative=0x0000000000009174
Event: 426.920 Thread 0x000001615e276000 Uncommon trap: reason=unstable_if action=reinterpret pc=0x000001613dde37d4 method=com.android.tools.r8.code.x1.a(Ljava/nio/ShortBuffer;IILcom/android/tools/r8/internal/nd1;)[Lcom/android/tools/r8/code/v1; @ 541 c2
Event: 426.920 Thread 0x000001615e276000 DEOPT PACKING pc=0x000001613dde37d4 sp=0x0000004484efe6f0
Event: 426.920 Thread 0x000001615e276000 DEOPT UNPACKING pc=0x000001613530682f sp=0x0000004484efe6c8 mode 2

Classes redefined (0 events):
No events

Internal exceptions (20 events):
Event: 411.008 Thread 0x000001615a299000 Exception <a 'sun/nio/fs/WindowsException'{0x00000006efc2d910}> (0x00000006efc2d910) thrown at [./src/hotspot/share/prims/jni.cpp, line 615]
Event: 411.008 Thread 0x000001615a299000 Exception <a 'sun/nio/fs/WindowsException'{0x00000006efc2db58}> (0x00000006efc2db58) thrown at [./src/hotspot/share/prims/jni.cpp, line 615]
Event: 411.058 Thread 0x000001615a299000 Exception <a 'sun/nio/fs/WindowsException'{0x00000006efcf0888}> (0x00000006efcf0888) thrown at [./src/hotspot/share/prims/jni.cpp, line 615]
Event: 411.059 Thread 0x000001615a299000 Exception <a 'sun/nio/fs/WindowsException'{0x00000006efcf2198}> (0x00000006efcf2198) thrown at [./src/hotspot/share/prims/jni.cpp, line 615]
Event: 413.993 Thread 0x0000016153d68000 Exception <a 'sun/nio/fs/WindowsException'{0x00000006eff0b010}> (0x00000006eff0b010) thrown at [./src/hotspot/share/prims/jni.cpp, line 615]
Event: 413.993 Thread 0x0000016153d68000 Exception <a 'sun/nio/fs/WindowsException'{0x00000006eff0b0b0}> (0x00000006eff0b0b0) thrown at [./src/hotspot/share/prims/jni.cpp, line 615]
Event: 413.994 Thread 0x0000016153d68000 Exception <a 'sun/nio/fs/WindowsException'{0x00000006eff0b198}> (0x00000006eff0b198) thrown at [./src/hotspot/share/prims/jni.cpp, line 615]
Event: 415.283 Thread 0x000001615a299000 Exception <a 'java/lang/NoSuchMethodError'{0x00000006f0e4a948}: <clinit>> (0x00000006f0e4a948) thrown at [./src/hotspot/share/prims/jni.cpp, line 1362]
Event: 415.724 Thread 0x000001615e275000 Exception <a 'java/lang/InterruptedException'{0x00000006f0e9af00}> (0x00000006f0e9af00) thrown at [./src/hotspot/share/runtime/objectMonitor.cpp, line 1635]
Event: 417.524 Thread 0x000001615e277800 Exception <a 'java/lang/InterruptedException'{0x00000006f0d1b548}> (0x00000006f0d1b548) thrown at [./src/hotspot/share/runtime/objectMonitor.cpp, line 1635]
Event: 418.148 Thread 0x000001615e276800 Exception <a 'java/lang/InterruptedException'{0x00000006f0d65fe0}> (0x00000006f0d65fe0) thrown at [./src/hotspot/share/runtime/objectMonitor.cpp, line 1635]
Event: 418.157 Thread 0x000001615e27a000 Exception <a 'java/lang/InterruptedException'{0x00000006f0d7df18}> (0x00000006f0d7df18) thrown at [./src/hotspot/share/runtime/objectMonitor.cpp, line 1635]
Event: 423.423 Thread 0x000001615426c800 Exception <a 'sun/nio/fs/WindowsException'{0x00000006f0978168}> (0x00000006f0978168) thrown at [./src/hotspot/share/prims/jni.cpp, line 615]
Event: 423.681 Thread 0x0000016153d65800 Exception <a 'sun/nio/fs/WindowsException'{0x00000006f08ba6b8}> (0x00000006f08ba6b8) thrown at [./src/hotspot/share/prims/jni.cpp, line 615]
Event: 425.665 Thread 0x000001615e279000 Exception <a 'java/lang/NoSuchMethodError'{0x00000006ed7bc3d0}: 'java.lang.Object java.lang.invoke.DirectMethodHandle$Holder.newInvokeSpecial(java.lang.Object, int)'> (0x00000006ed7bc3d0) thrown at [./src/hotspot/share/interpreter/linkResolver.cpp, line 773]
Event: 425.944 Thread 0x000001615e276800 Exception <a 'java/lang/IncompatibleClassChangeError'{0x00000006f0db88f0}: Found class java.lang.Object, but interface was expected> (0x00000006f0db88f0) thrown at [./src/hotspot/share/interpreter/linkResolver.cpp, line 839]
Event: 425.990 Thread 0x000001615e279000 Exception <a 'java/lang/IncompatibleClassChangeError'{0x00000006f0c0d4e8}: Found class java.lang.Object, but interface was expected> (0x00000006f0c0d4e8) thrown at [./src/hotspot/share/interpreter/linkResolver.cpp, line 839]
Event: 425.990 Thread 0x000001615e276800 Exception <a 'java/lang/IncompatibleClassChangeError'{0x00000006f0c0a160}: Found class java.lang.Object, but interface was expected> (0x00000006f0c0a160) thrown at [./src/hotspot/share/interpreter/linkResolver.cpp, line 839]
Event: 425.991 Thread 0x000001615e279000 Exception <a 'java/lang/IncompatibleClassChangeError'{0x00000006f0c21ce0}: Found class java.lang.Object, but interface was expected> (0x00000006f0c21ce0) thrown at [./src/hotspot/share/interpreter/linkResolver.cpp, line 839]
Event: 425.991 Thread 0x000001615e276800 Exception <a 'java/lang/IncompatibleClassChangeError'{0x00000006f0c1c210}: Found class java.lang.Object, but interface was expected> (0x00000006f0c1c210) thrown at [./src/hotspot/share/interpreter/linkResolver.cpp, line 839]

Events (20 events):
Event: 426.208 loading class com/android/tools/r8/internal/bc1
Event: 426.208 loading class com/android/tools/r8/internal/bc1 done
Event: 426.209 loading class com/android/tools/r8/graph/P0
Event: 426.209 loading class com/android/tools/r8/graph/P0 done
Event: 426.211 loading class com/android/tools/r8/graph/D2
Event: 426.211 loading class com/android/tools/r8/graph/D2 done
Event: 426.211 loading class com/android/tools/r8/internal/Zb1
Event: 426.211 loading class com/android/tools/r8/internal/Zb1 done
Event: 426.211 loading class com/android/tools/r8/internal/ec1
Event: 426.211 loading class com/android/tools/r8/internal/ec1 done
Event: 426.214 loading class com/android/tools/r8/internal/HP0
Event: 426.214 loading class com/android/tools/r8/internal/HP0 done
Event: 426.302 loading class com/android/tools/r8/graph/Z0
Event: 426.302 loading class com/android/tools/r8/graph/Z0 done
Event: 426.494 Executing VM operation: G1CollectForAllocation
Event: 426.566 Executing VM operation: G1CollectForAllocation done
Event: 426.783 Executing VM operation: G1CollectForAllocation
Event: 426.811 Executing VM operation: G1CollectForAllocation done
Event: 427.225 Executing VM operation: G1CollectForAllocation
Event: 427.250 Executing VM operation: G1CollectForAllocation done


Dynamic libraries:
0x00007ff6ac1e0000 - 0x00007ff6ac1ea000 	C:\Program Files\Android\Android Studio\jre\bin\java.exe
0x00007ffa2e970000 - 0x00007ffa2eb65000 	C:\Windows\SYSTEM32\ntdll.dll
0x00007ffa2d650000 - 0x00007ffa2d70e000 	C:\Windows\System32\KERNEL32.DLL
0x00007ffa2c1e0000 - 0x00007ffa2c4a8000 	C:\Windows\System32\KERNELBASE.dll
0x00007ffa2c890000 - 0x00007ffa2c990000 	C:\Windows\System32\ucrtbase.dll
0x00007ffa19610000 - 0x00007ffa19629000 	C:\Program Files\Android\Android Studio\jre\bin\jli.dll
0x00007ffa2e050000 - 0x00007ffa2e1f0000 	C:\Windows\System32\USER32.dll
0x00007ffa2c990000 - 0x00007ffa2c9b2000 	C:\Windows\System32\win32u.dll
0x00007ffa2d4e0000 - 0x00007ffa2d50b000 	C:\Windows\System32\GDI32.dll
0x00007ffa2c5b0000 - 0x00007ffa2c6bd000 	C:\Windows\System32\gdi32full.dll
0x00007ffa2c080000 - 0x00007ffa2c11d000 	C:\Windows\System32\msvcp_win.dll
0x00007ffa24830000 - 0x00007ffa24aca000 	C:\Windows\WinSxS\amd64_microsoft.windows.common-controls_6595b64144ccf1df_6.0.19041.1110_none_60b5254171f9507e\COMCTL32.dll
0x00007ffa2d770000 - 0x00007ffa2d80e000 	C:\Windows\System32\msvcrt.dll
0x00007ffa25050000 - 0x00007ffa25067000 	C:\Program Files\Android\Android Studio\jre\bin\VCRUNTIME140.dll
0x00007ffa2df60000 - 0x00007ffa2df90000 	C:\Windows\System32\IMM32.DLL
0x00007ffa2a8e0000 - 0x00007ffa2a946000 	C:\Windows\system32\nvinitx.dll
0x00007ffa2d5a0000 - 0x00007ffa2d64e000 	C:\Windows\System32\ADVAPI32.dll
0x00007ffa2e890000 - 0x00007ffa2e92c000 	C:\Windows\System32\sechost.dll
0x00007ffa2d890000 - 0x00007ffa2d9b5000 	C:\Windows\System32\RPCRT4.dll
0x00007ff9feb40000 - 0x00007ff9febdd000 	C:\Program Files\Android\Android Studio\jre\bin\msvcp140.dll
0x00007ff9f0760000 - 0x00007ff9f1235000 	C:\Program Files\Android\Android Studio\jre\bin\server\jvm.dll
0x00007ffa2ccb0000 - 0x00007ffa2ccb8000 	C:\Windows\System32\PSAPI.DLL
0x00007ffa0e0c0000 - 0x00007ffa0e0c9000 	C:\Windows\SYSTEM32\WSOCK32.dll
0x00007ffa2e820000 - 0x00007ffa2e88b000 	C:\Windows\System32\WS2_32.dll
0x00007ffa24ae0000 - 0x00007ffa24b07000 	C:\Windows\SYSTEM32\WINMM.dll
0x00007ffa24ad0000 - 0x00007ffa24ada000 	C:\Windows\SYSTEM32\VERSION.dll
0x00007ffa29ee0000 - 0x00007ffa29ef2000 	C:\Windows\SYSTEM32\kernel.appcore.dll
0x00007ffa15130000 - 0x00007ffa15141000 	C:\Program Files\Android\Android Studio\jre\bin\verify.dll
0x00007ffa18fb0000 - 0x00007ffa19194000 	C:\Windows\SYSTEM32\DBGHELP.DLL
0x00007ffa1a330000 - 0x00007ffa1a35c000 	C:\Windows\SYSTEM32\dbgcore.DLL
0x00007ffa2c120000 - 0x00007ffa2c1a2000 	C:\Windows\System32\bcryptPrimitives.dll
0x00007ffa0be20000 - 0x00007ffa0be49000 	C:\Program Files\Android\Android Studio\jre\bin\java.dll
0x00007ffa25040000 - 0x00007ffa2504b000 	C:\Program Files\Android\Android Studio\jre\bin\jimage.dll
0x00007ffa172e0000 - 0x00007ffa172f8000 	C:\Program Files\Android\Android Studio\jre\bin\zip.dll
0x00007ffa2ccc0000 - 0x00007ffa2d404000 	C:\Windows\System32\SHELL32.dll
0x00007ffa2a0e0000 - 0x00007ffa2a874000 	C:\Windows\SYSTEM32\windows.storage.dll
0x00007ffa2e1f0000 - 0x00007ffa2e545000 	C:\Windows\System32\combase.dll
0x00007ffa2bad0000 - 0x00007ffa2bafe000 	C:\Windows\SYSTEM32\Wldp.dll
0x00007ffa2df90000 - 0x00007ffa2e03d000 	C:\Windows\System32\SHCORE.dll
0x00007ffa2d830000 - 0x00007ffa2d885000 	C:\Windows\System32\shlwapi.dll
0x00007ffa2bfc0000 - 0x00007ffa2bfdf000 	C:\Windows\SYSTEM32\profapi.dll
0x00007ffa172c0000 - 0x00007ffa172da000 	C:\Program Files\Android\Android Studio\jre\bin\net.dll
0x00007ffa24f10000 - 0x00007ffa2501c000 	C:\Windows\SYSTEM32\WINHTTP.dll
0x00007ffa2b830000 - 0x00007ffa2b89a000 	C:\Windows\system32\mswsock.dll
0x00007ffa07780000 - 0x00007ffa07794000 	C:\Program Files\Android\Android Studio\jre\bin\nio.dll
0x00007ffa07b40000 - 0x00007ffa07b67000 	C:\Users\Arun Singh Rawat\.gradle\native\e1d6ef7f7dcc3fd88c89a11ec53ec762bb8ba0a96d01ffa2cd45eb1d1d8dd5c5\windows-amd64\native-platform.dll
0x00007ff9eeeb0000 - 0x00007ff9eeff4000 	C:\Users\Arun Singh Rawat\.gradle\native\5664cfc778a61ccfe75a443a1ab52a65af34e5dc3c78e0209fed803814484fcb\windows-amd64\native-platform-file-events.dll
0x00007ffa26120000 - 0x00007ffa2612a000 	C:\Program Files\Android\Android Studio\jre\bin\management.dll
0x00007ffa1eac0000 - 0x00007ffa1eacd000 	C:\Program Files\Android\Android Studio\jre\bin\management_ext.dll
0x00007ffa2ba20000 - 0x00007ffa2ba38000 	C:\Windows\SYSTEM32\CRYPTSP.dll
0x00007ffa2b140000 - 0x00007ffa2b174000 	C:\Windows\system32\rsaenh.dll
0x00007ffa2c1b0000 - 0x00007ffa2c1d7000 	C:\Windows\System32\bcrypt.dll
0x00007ffa2bf40000 - 0x00007ffa2bf6e000 	C:\Windows\SYSTEM32\USERENV.dll
0x00007ffa2ba40000 - 0x00007ffa2ba4c000 	C:\Windows\SYSTEM32\CRYPTBASE.dll
0x00007ffa2b4d0000 - 0x00007ffa2b50b000 	C:\Windows\SYSTEM32\IPHLPAPI.DLL
0x00007ffa2e040000 - 0x00007ffa2e048000 	C:\Windows\System32\NSI.dll
0x00007ffa20a10000 - 0x00007ffa20a27000 	C:\Windows\SYSTEM32\dhcpcsvc6.DLL
0x00007ffa20ae0000 - 0x00007ffa20afd000 	C:\Windows\SYSTEM32\dhcpcsvc.DLL
0x00007ffa2b520000 - 0x00007ffa2b5eb000 	C:\Windows\SYSTEM32\DNSAPI.dll
0x00007ffa2ad50000 - 0x00007ffa2ad83000 	C:\Windows\SYSTEM32\ntmarta.dll
0x00007ffa26bb0000 - 0x00007ffa26bb8000 	C:\Program Files\Android\Android Studio\jre\bin\rmi.dll
0x00007ffa26c20000 - 0x00007ffa26c3e000 	C:\Users\Arun Singh Rawat\AppData\Local\Temp\native-platform16955140764654196432dir\native-platform.dll

dbghelp: loaded successfully - version: 4.0.5 - missing functions: none
symbol engine: initialized successfully - sym options: 0x614 - pdb path: .;C:\Program Files\Android\Android Studio\jre\bin;C:\Windows\SYSTEM32;C:\Windows\WinSxS\amd64_microsoft.windows.common-controls_6595b64144ccf1df_6.0.19041.1110_none_60b5254171f9507e;C:\Program Files\Android\Android Studio\jre\bin\server;C:\Users\Arun Singh Rawat\.gradle\native\e1d6ef7f7dcc3fd88c89a11ec53ec762bb8ba0a96d01ffa2cd45eb1d1d8dd5c5\windows-amd64;C:\Users\Arun Singh Rawat\.gradle\native\5664cfc778a61ccfe75a443a1ab52a65af34e5dc3c78e0209fed803814484fcb\windows-amd64;C:\Users\Arun Singh Rawat\AppData\Local\Temp\native-platform16955140764654196432dir

VM Arguments:
jvm_args: --add-opens=java.base/java.util=ALL-UNNAMED --add-opens=java.base/java.lang=ALL-UNNAMED --add-opens=java.base/java.lang.invoke=ALL-UNNAMED --add-opens=java.base/java.util=ALL-UNNAMED --add-opens=java.prefs/java.util.prefs=ALL-UNNAMED --add-opens=java.prefs/java.util.prefs=ALL-UNNAMED --add-opens=java.base/java.nio.charset=ALL-UNNAMED --add-opens=java.base/java.net=ALL-UNNAMED --add-opens=java.base/java.util.concurrent.atomic=ALL-UNNAMED -Xmx4608m -Dfile.encoding=windows-1252 -Duser.country=IN -Duser.language=en -Duser.variant 
java_command: org.gradle.launcher.daemon.bootstrap.GradleDaemon 7.2
java_class_path (initial): C:\Users\Arun Singh Rawat\.gradle\wrapper\dists\gradle-7.2-bin\2dnblmf4td7x66yl1d74lt32g\gradle-7.2\lib\gradle-launcher-7.2.jar
Launcher Type: SUN_STANDARD

[Global flags]
     intx CICompilerCount                          = 3                                         {product} {ergonomic}
     uint ConcGCThreads                            = 1                                         {product} {ergonomic}
     uint G1ConcRefinementThreads                  = 4                                         {product} {ergonomic}
   size_t G1HeapRegionSize                         = 1048576                                   {product} {ergonomic}
    uintx GCDrainStackTargetSize                   = 64                                        {product} {ergonomic}
   size_t InitialHeapSize                          = 132120576                                 {product} {ergonomic}
   size_t MarkStackSize                            = 4194304                                   {product} {ergonomic}
   size_t MaxHeapSize                              = 4831838208                                {product} {command line}
   size_t MaxNewSize                               = 2898264064                                {product} {ergonomic}
   size_t MinHeapDeltaBytes                        = 1048576                                   {product} {ergonomic}
    uintx NonNMethodCodeHeapSize                   = 5830732                                {pd product} {ergonomic}
    uintx NonProfiledCodeHeapSize                  = 122913754                              {pd product} {ergonomic}
    uintx ProfiledCodeHeapSize                     = 122913754                              {pd product} {ergonomic}
    uintx ReservedCodeCacheSize                    = 251658240                              {pd product} {ergonomic}
     bool SegmentedCodeCache                       = true                                      {product} {ergonomic}
     bool UseCompressedClassPointers               = true                                 {lp64_product} {ergonomic}
     bool UseCompressedOops                        = true                                 {lp64_product} {ergonomic}
     bool UseG1GC                                  = true                                      {product} {ergonomic}
     bool UseLargePagesIndividualAllocation        = false                                  {pd product} {ergonomic}

Logging:
Log output configuration:
 #0: stdout all=warning uptime,level,tags
 #1: stderr all=off uptime,level,tags

Environment Variables:
PATH=C:\Program Files (x86)\NVIDIA Corporation\PhysX\Common;C:\Program Files (x86)\Intel\iCLS Client\;C:\Program Files\Intel\iCLS Client\;C:\Windows\system32;C:\Windows;C:\Windows\System32\Wbem;C:\Windows\System32\WindowsPowerShell\v1.0\;C:\Windows\System32\OpenSSH\;C:\Program Files\Intel\Intel(R) Management Engine Components\DAL;C:\Program Files\Intel\Intel(R) Management Engine Components\IPT;C:\Program Files (x86)\Intel\Intel(R) Management Engine Components\DAL;C:\Program Files (x86)\Intel\Intel(R) Management Engine Components\IPT;C:\Program Files (x86)\Intel\OpenCL SDK\2.0\bin\x86;C:\Program Files (x86)\Intel\OpenCL SDK\2.0\bin\x64;E:\Git\cmd;C:\Users\Arun Singh Rawat\AppData\Local\Microsoft\WindowsApps;;.;
USERNAME=Arun Singh Rawat
OS=Windows_NT
PROCESSOR_IDENTIFIER=Intel64 Family 6 Model 58 Stepping 9, GenuineIntel



---------------  S Y S T E M  ---------------

OS: Windows 10 , 64 bit Build 19041 (10.0.19041.1503)
OS uptime: 1 days 5:46 hours

CPU:total 4 (initial active 4) (2 cores per cpu, 2 threads per core) family 6 model 58 stepping 9 microcode 0x21, cmov, cx8, fxsr, mmx, sse, sse2, sse3, ssse3, sse4.1, sse4.2, popcnt, avx, clmul, erms, ht, tsc, tscinvbit, tscinv

Memory: 4k page, system-wide physical 8052M (569M free)
TotalPageFile size 11855M (AvailPageFile size 5M)
current process WorkingSet (physical memory assigned to process): 663M, peak: 663M
current process commit charge ("private bytes"): 737M, peak: 738M

vm_info: OpenJDK 64-Bit Server VM (11.0.11+9-b60-7590822) for windows-amd64 JRE (11.0.11+9-b60-7590822), built on Jul 29 2021 21:43:44 by "builder" with MS VC++ 14.0 (VS2015)

END.
