#
# There is insufficient memory for the Java Runtime Environment to continue.
# Native memory allocation (mmap) failed to map 180355072 bytes for Failed to commit area from 0x00000006f1f00000 to 0x00000006fcb00000 of length 180355072.
# Possible reasons:
#   The system is out of physical RAM or swap space
#   The process is running with CompressedOops enabled, and the Java Heap may be blocking the growth of the native heap
# Possible solutions:
#   Reduce memory load on the system
#   Increase physical memory or swap space
#   Check if swap backing store is full
#   Decrease Java heap size (-Xmx/-Xms)
#   Decrease number of Java threads
#   Decrease Java thread stack sizes (-Xss)
#   Set larger code cache with -XX:ReservedCodeCacheSize=
#   JVM is running with Zero Based Compressed Oops mode in which the Java heap is
#     placed in the first 32GB address space. The Java Heap base address is the
#     maximum limit for the native heap growth. Please use -XX:HeapBaseMinAddress
#     to set the Java Heap base and to place the Java Heap above 32GB virtual address.
# This output file may be truncated or incomplete.
#
#  Out of Memory Error (./src/hotspot/os/windows/os_windows.cpp:3301), pid=8480, tid=892
#
# JRE version: OpenJDK Runtime Environment (11.0.11+9) (build 11.0.11+9-b60-7590822)
# Java VM: OpenJDK 64-Bit Server VM (11.0.11+9-b60-7590822, mixed mode, tiered, compressed oops, g1 gc, windows-amd64)
# No core dump will be written. Minidumps are not enabled by default on client versions of Windows
#

---------------  S U M M A R Y ------------

Command Line: --add-opens=java.base/java.util=ALL-UNNAMED --add-opens=java.base/java.lang=ALL-UNNAMED --add-opens=java.base/java.lang.invoke=ALL-UNNAMED --add-opens=java.base/java.util=ALL-UNNAMED --add-opens=java.prefs/java.util.prefs=ALL-UNNAMED --add-opens=java.prefs/java.util.prefs=ALL-UNNAMED --add-opens=java.base/java.nio.charset=ALL-UNNAMED --add-opens=java.base/java.net=ALL-UNNAMED --add-opens=java.base/java.util.concurrent.atomic=ALL-UNNAMED -Xmx4608m -Dfile.encoding=windows-1252 -Duser.country=IN -Duser.language=en -Duser.variant org.gradle.launcher.daemon.bootstrap.GradleDaemon 7.2

Host: Intel(R) Core(TM) i5-3230M CPU @ 2.60GHz, 4 cores, 7G,  Windows 10 , 64 bit Build 19041 (10.0.19041.1503)
Time: Thu Jun  2 21:14:47 2022 India Standard Time elapsed time: 46.008695 seconds (0d 0h 0m 46s)

---------------  T H R E A D  ---------------

Current thread (0x00000243d426d800):  VMThread "VM Thread" [stack: 0x000000d2daa00000,0x000000d2dab00000] [id=892]

Stack: [0x000000d2daa00000,0x000000d2dab00000]
[error occurred during error reporting (printing stack bounds), id 0xc0000005, EXCEPTION_ACCESS_VIOLATION (0xc0000005) at pc=0x00000243b8280f2d]

Native frames: (J=compiled Java code, j=interpreted, Vv=VM code, C=native code)
V  [jvm.dll+0x5f214a]
V  [jvm.dll+0x726fb5]
V  [jvm.dll+0x7285cd]
V  [jvm.dll+0x728be5]
V  [jvm.dll+0x728b9b]
V  [jvm.dll+0x5f14e8]
V  [jvm.dll+0x5f1c78]
C  [ntdll.dll+0xa20cf]
C  [ntdll.dll+0x51454]
C  [ntdll.dll+0xa0bfe]
C  0x00000243b8280f2d

VM_Operation (0x000000d2e04fd470): G1CollectForAllocation, mode: safepoint, requested by thread 0x00000243dad24800


---------------  P R O C E S S  ---------------

Threads class SMR info:
_java_thread_list=0x00000243d73b1bd0, length=95, elements={
0x00000243b4789000, 0x00000243d42a4800, 0x00000243d42a5800, 0x00000243d4b1b000,
0x00000243d4b1c000, 0x00000243d4b1f000, 0x00000243d4b22000, 0x00000243d4b2c800,
0x00000243d4b50000, 0x00000243d4c85800, 0x00000243d6ce6000, 0x00000243d5426800,
0x00000243d66ca800, 0x00000243d7f9f800, 0x00000243d810b000, 0x00000243d6c7c000,
0x00000243d6daa000, 0x00000243d76b0800, 0x00000243d760b800, 0x00000243d7562000,
0x00000243d7565000, 0x00000243d7567800, 0x00000243d7564800, 0x00000243d7566000,
0x00000243d7562800, 0x00000243d7566800, 0x00000243d7568800, 0x00000243d7563800,
0x00000243d8e1a000, 0x00000243d8e1b000, 0x00000243d8e15800, 0x00000243d8e16000,
0x00000243d8e17000, 0x00000243d8e1c000, 0x00000243d8e17800, 0x00000243d8e20000,
0x00000243d8e1f000, 0x00000243d8e23000, 0x00000243d8e20800, 0x00000243d8e21800,
0x00000243d8e24000, 0x00000243d8e22800, 0x00000243d8e1e000, 0x00000243d8e53800,
0x00000243d8e54800, 0x00000243d8e4f800, 0x00000243d8e55000, 0x00000243d8e52800,
0x00000243d8e56000, 0x00000243d8e51000, 0x00000243d8e52000, 0x00000243d8e50000,
0x00000243d8e58800, 0x00000243d8e57800, 0x00000243d8e56800, 0x00000243d8e5b000,
0x00000243d8e59000, 0x00000243d8e5a000, 0x00000243d8e5b800, 0x00000243d8e5c800,
0x00000243d8e5d000, 0x00000243d8e5e000, 0x00000243da2d5000, 0x00000243da2da800,
0x00000243da2db800, 0x00000243da2d6000, 0x00000243da2dc800, 0x00000243da2d6800,
0x00000243da2dd000, 0x00000243da2d7800, 0x00000243da2d9000, 0x00000243da2da000,
0x00000243da2de000, 0x00000243da2d8800, 0x00000243da2df000, 0x00000243da2e3800,
0x00000243da2e2000, 0x00000243da2e1800, 0x00000243da2e0800, 0x00000243dad21800,
0x00000243dad22000, 0x00000243dad23000, 0x00000243dad20800, 0x00000243d8157000,
0x00000243dad1d000, 0x00000243dad1e000, 0x00000243dad24800, 0x00000243dad23800,
0x00000243dad1f000, 0x00000243dad25800, 0x00000243dad1f800, 0x00000243dad2b000,
0x00000243dad26000, 0x00000243dad27000, 0x00000243dad2c000
}

Java Threads: ( => current thread )
  0x00000243b4789000 JavaThread "main" [_thread_blocked, id=12816, stack(0x000000d2da400000,0x000000d2da500000)]
  0x00000243d42a4800 JavaThread "Reference Handler" daemon [_thread_blocked, id=10708, stack(0x000000d2dab00000,0x000000d2dac00000)]
  0x00000243d42a5800 JavaThread "Finalizer" daemon [_thread_blocked, id=8868, stack(0x000000d2dac00000,0x000000d2dad00000)]
  0x00000243d4b1b000 JavaThread "Signal Dispatcher" daemon [_thread_blocked, id=2876, stack(0x000000d2dad00000,0x000000d2dae00000)]
  0x00000243d4b1c000 JavaThread "Attach Listener" daemon [_thread_blocked, id=13760, stack(0x000000d2dae00000,0x000000d2daf00000)]
  0x00000243d4b1f000 JavaThread "Service Thread" daemon [_thread_blocked, id=9532, stack(0x000000d2daf00000,0x000000d2db000000)]
  0x00000243d4b22000 JavaThread "C2 CompilerThread0" daemon [_thread_in_native, id=9228, stack(0x000000d2db000000,0x000000d2db100000)]
  0x00000243d4b2c800 JavaThread "C1 CompilerThread0" daemon [_thread_blocked, id=1108, stack(0x000000d2db100000,0x000000d2db200000)]
  0x00000243d4b50000 JavaThread "Sweeper thread" daemon [_thread_blocked, id=13840, stack(0x000000d2db200000,0x000000d2db300000)]
  0x00000243d4c85800 JavaThread "Common-Cleaner" daemon [_thread_blocked, id=10564, stack(0x000000d2db300000,0x000000d2db400000)]
  0x00000243d6ce6000 JavaThread "Daemon health stats" [_thread_blocked, id=11268, stack(0x000000d2db800000,0x000000d2db900000)]
  0x00000243d5426800 JavaThread "Incoming local TCP Connector on port 64397" [_thread_in_native, id=6272, stack(0x000000d2db500000,0x000000d2db600000)]
  0x00000243d66ca800 JavaThread "Daemon periodic checks" [_thread_blocked, id=13776, stack(0x000000d2db900000,0x000000d2dba00000)]
  0x00000243d7f9f800 JavaThread "Daemon" [_thread_blocked, id=12692, stack(0x000000d2dba00000,0x000000d2dbb00000)]
  0x00000243d810b000 JavaThread "Handler for socket connection from /127.0.0.1:64397 to /127.0.0.1:64398" [_thread_in_native, id=5144, stack(0x000000d2dbb00000,0x000000d2dbc00000)]
  0x00000243d6c7c000 JavaThread "Cancel handler" [_thread_blocked, id=6856, stack(0x000000d2dbc00000,0x000000d2dbd00000)]
  0x00000243d6daa000 JavaThread "Daemon worker" [_thread_blocked, id=8980, stack(0x000000d2dbd00000,0x000000d2dbe00000)]
  0x00000243d76b0800 JavaThread "Asynchronous log dispatcher for DefaultDaemonConnection: socket connection from /127.0.0.1:64397 to /127.0.0.1:64398" [_thread_blocked, id=13672, stack(0x000000d2dbe00000,0x000000d2dbf00000)]
  0x00000243d760b800 JavaThread "Stdin handler" [_thread_blocked, id=1012, stack(0x000000d2dbf00000,0x000000d2dc000000)]
  0x00000243d7562000 JavaThread "Daemon client event forwarder" [_thread_blocked, id=11904, stack(0x000000d2dc000000,0x000000d2dc100000)]
  0x00000243d7565000 JavaThread "Cache worker for journal cache (C:\Users\Arun Singh Rawat\.gradle\caches\journal-1)" [_thread_blocked, id=13256, stack(0x000000d2dc200000,0x000000d2dc300000)]
  0x00000243d7567800 JavaThread "File lock request listener" [_thread_in_native, id=13152, stack(0x000000d2dc300000,0x000000d2dc400000)]
  0x00000243d7564800 JavaThread "Cache worker for file hash cache (C:\Users\Arun Singh Rawat\.gradle\caches\7.2\fileHashes)" [_thread_blocked, id=9456, stack(0x000000d2dc400000,0x000000d2dc500000)]
  0x00000243d7566000 JavaThread "Cache worker for file hash cache (F:\MyATM\.gradle\7.2\fileHashes)" [_thread_blocked, id=13660, stack(0x000000d2dc600000,0x000000d2dc700000)]
  0x00000243d7562800 JavaThread "File watcher server" daemon [_thread_blocked, id=1220, stack(0x000000d2dc700000,0x000000d2dc800000)]
  0x00000243d7566800 JavaThread "File watcher consumer" daemon [_thread_blocked, id=1756, stack(0x000000d2dc800000,0x000000d2dc900000)]
  0x00000243d7568800 JavaThread "Cache worker for checksums cache (F:\MyATM\.gradle\checksums)" [_thread_blocked, id=5940, stack(0x000000d2dc500000,0x000000d2dc600000)]
  0x00000243d7563800 JavaThread "Cache worker for cache directory md-supplier (C:\Users\Arun Singh Rawat\.gradle\caches\7.2\md-supplier)" [_thread_blocked, id=13736, stack(0x000000d2dc900000,0x000000d2dca00000)]
  0x00000243d8e1a000 JavaThread "Cache worker for cache directory md-rule (C:\Users\Arun Singh Rawat\.gradle\caches\7.2\md-rule)" [_thread_blocked, id=11752, stack(0x000000d2dcb00000,0x000000d2dcc00000)]
  0x00000243d8e1b000 JavaThread "Cache worker for execution history cache (C:\Users\Arun Singh Rawat\.gradle\caches\7.2\executionHistory)" [_thread_blocked, id=8884, stack(0x000000d2dcc00000,0x000000d2dcd00000)]
  0x00000243d8e15800 JavaThread "jar transforms" [_thread_blocked, id=4188, stack(0x000000d2dcd00000,0x000000d2dce00000)]
  0x00000243d8e16000 JavaThread "Cache worker for file content cache (C:\Users\Arun Singh Rawat\.gradle\caches\7.2\fileContent)" [_thread_blocked, id=1464, stack(0x000000d2dce00000,0x000000d2dcf00000)]
  0x00000243d8e17000 JavaThread "jar transforms Thread 2" [_thread_blocked, id=2376, stack(0x000000d2dcf00000,0x000000d2dd000000)]
  0x00000243d8e1c000 JavaThread "Cache worker for dependencies-accessors (F:\MyATM\.gradle\7.2\dependencies-accessors)" [_thread_blocked, id=3724, stack(0x000000d2dd000000,0x000000d2dd100000)]
  0x00000243d8e17800 JavaThread "jar transforms Thread 3" [_thread_blocked, id=6004, stack(0x000000d2dd100000,0x000000d2dd200000)]
  0x00000243d8e20000 JavaThread "Cache worker for Build Output Cleanup Cache (F:\MyATM\.gradle\buildOutputCleanup)" [_thread_blocked, id=5564, stack(0x000000d2dca00000,0x000000d2dcb00000)]
  0x00000243d8e1f000 JavaThread "Unconstrained build operations" [_thread_blocked, id=5600, stack(0x000000d2dd300000,0x000000d2dd400000)]
  0x00000243d8e23000 JavaThread "Unconstrained build operations Thread 2" [_thread_blocked, id=12588, stack(0x000000d2dd400000,0x000000d2dd500000)]
  0x00000243d8e20800 JavaThread "Unconstrained build operations Thread 3" [_thread_blocked, id=6008, stack(0x000000d2dd500000,0x000000d2dd600000)]
  0x00000243d8e21800 JavaThread "Unconstrained build operations Thread 4" [_thread_blocked, id=13296, stack(0x000000d2dd600000,0x000000d2dd700000)]
  0x00000243d8e24000 JavaThread "Unconstrained build operations Thread 5" [_thread_blocked, id=13528, stack(0x000000d2dd700000,0x000000d2dd800000)]
  0x00000243d8e22800 JavaThread "Unconstrained build operations Thread 6" [_thread_blocked, id=10256, stack(0x000000d2dd800000,0x000000d2dd900000)]
  0x00000243d8e1e000 JavaThread "Unconstrained build operations Thread 7" [_thread_blocked, id=11992, stack(0x000000d2dd900000,0x000000d2dda00000)]
  0x00000243d8e53800 JavaThread "Unconstrained build operations Thread 8" [_thread_blocked, id=13752, stack(0x000000d2dda00000,0x000000d2ddb00000)]
  0x00000243d8e54800 JavaThread "Unconstrained build operations Thread 9" [_thread_blocked, id=220, stack(0x000000d2ddb00000,0x000000d2ddc00000)]
  0x00000243d8e4f800 JavaThread "Unconstrained build operations Thread 10" [_thread_blocked, id=4328, stack(0x000000d2ddc00000,0x000000d2ddd00000)]
  0x00000243d8e55000 JavaThread "Unconstrained build operations Thread 11" [_thread_blocked, id=13928, stack(0x000000d2ddd00000,0x000000d2dde00000)]
  0x00000243d8e52800 JavaThread "Unconstrained build operations Thread 12" [_thread_blocked, id=13768, stack(0x000000d2dde00000,0x000000d2ddf00000)]
  0x00000243d8e56000 JavaThread "Unconstrained build operations Thread 13" [_thread_blocked, id=5972, stack(0x000000d2ddf00000,0x000000d2de000000)]
  0x00000243d8e51000 JavaThread "Unconstrained build operations Thread 14" [_thread_blocked, id=10636, stack(0x000000d2de000000,0x000000d2de100000)]
  0x00000243d8e52000 JavaThread "Unconstrained build operations Thread 15" [_thread_blocked, id=9136, stack(0x000000d2de100000,0x000000d2de200000)]
  0x00000243d8e50000 JavaThread "Unconstrained build operations Thread 16" [_thread_blocked, id=10332, stack(0x000000d2de200000,0x000000d2de300000)]
  0x00000243d8e58800 JavaThread "Unconstrained build operations Thread 17" [_thread_blocked, id=10272, stack(0x000000d2de300000,0x000000d2de400000)]
  0x00000243d8e57800 JavaThread "Unconstrained build operations Thread 18" [_thread_blocked, id=12880, stack(0x000000d2de400000,0x000000d2de500000)]
  0x00000243d8e56800 JavaThread "Unconstrained build operations Thread 19" [_thread_blocked, id=5164, stack(0x000000d2de500000,0x000000d2de600000)]
  0x00000243d8e5b000 JavaThread "Unconstrained build operations Thread 20" [_thread_blocked, id=8148, stack(0x000000d2de600000,0x000000d2de700000)]
  0x00000243d8e59000 JavaThread "Unconstrained build operations Thread 21" [_thread_blocked, id=7152, stack(0x000000d2de700000,0x000000d2de800000)]
  0x00000243d8e5a000 JavaThread "Unconstrained build operations Thread 22" [_thread_blocked, id=8544, stack(0x000000d2de800000,0x000000d2de900000)]
  0x00000243d8e5b800 JavaThread "Unconstrained build operations Thread 23" [_thread_blocked, id=3416, stack(0x000000d2de900000,0x000000d2dea00000)]
  0x00000243d8e5c800 JavaThread "Unconstrained build operations Thread 24" [_thread_blocked, id=13076, stack(0x000000d2dea00000,0x000000d2deb00000)]
  0x00000243d8e5d000 JavaThread "Unconstrained build operations Thread 25" [_thread_blocked, id=8240, stack(0x000000d2deb00000,0x000000d2dec00000)]
  0x00000243d8e5e000 JavaThread "Unconstrained build operations Thread 26" [_thread_blocked, id=7452, stack(0x000000d2dec00000,0x000000d2ded00000)]
  0x00000243da2d5000 JavaThread "Unconstrained build operations Thread 27" [_thread_blocked, id=13892, stack(0x000000d2ded00000,0x000000d2dee00000)]
  0x00000243da2da800 JavaThread "Unconstrained build operations Thread 28" [_thread_blocked, id=7484, stack(0x000000d2dee00000,0x000000d2def00000)]
  0x00000243da2db800 JavaThread "Unconstrained build operations Thread 29" [_thread_blocked, id=3140, stack(0x000000d2def00000,0x000000d2df000000)]
  0x00000243da2d6000 JavaThread "Unconstrained build operations Thread 30" [_thread_blocked, id=12888, stack(0x000000d2df000000,0x000000d2df100000)]
  0x00000243da2dc800 JavaThread "Unconstrained build operations Thread 31" [_thread_blocked, id=5340, stack(0x000000d2df100000,0x000000d2df200000)]
  0x00000243da2d6800 JavaThread "Unconstrained build operations Thread 32" [_thread_blocked, id=11984, stack(0x000000d2df200000,0x000000d2df300000)]
  0x00000243da2dd000 JavaThread "Unconstrained build operations Thread 33" [_thread_blocked, id=9160, stack(0x000000d2df300000,0x000000d2df400000)]
  0x00000243da2d7800 JavaThread "Unconstrained build operations Thread 34" [_thread_blocked, id=8468, stack(0x000000d2df400000,0x000000d2df500000)]
  0x00000243da2d9000 JavaThread "Unconstrained build operations Thread 35" [_thread_blocked, id=12040, stack(0x000000d2df500000,0x000000d2df600000)]
  0x00000243da2da000 JavaThread "Unconstrained build operations Thread 36" [_thread_blocked, id=7176, stack(0x000000d2df600000,0x000000d2df700000)]
  0x00000243da2de000 JavaThread "Unconstrained build operations Thread 37" [_thread_blocked, id=12292, stack(0x000000d2df700000,0x000000d2df800000)]
  0x00000243da2d8800 JavaThread "Unconstrained build operations Thread 38" [_thread_blocked, id=11812, stack(0x000000d2df800000,0x000000d2df900000)]
  0x00000243da2df000 JavaThread "Unconstrained build operations Thread 39" [_thread_blocked, id=11876, stack(0x000000d2df900000,0x000000d2dfa00000)]
  0x00000243da2e3800 JavaThread "Unconstrained build operations Thread 40" [_thread_blocked, id=9996, stack(0x000000d2dfa00000,0x000000d2dfb00000)]
  0x00000243da2e2000 JavaThread "jar transforms Thread 4" [_thread_blocked, id=2220, stack(0x000000d2dfb00000,0x000000d2dfc00000)]
  0x00000243da2e1800 JavaThread "Memory manager" [_thread_blocked, id=14040, stack(0x000000d2dfc00000,0x000000d2dfd00000)]
  0x00000243da2e0800 JavaThread "build event listener" [_thread_blocked, id=13932, stack(0x000000d2dfd00000,0x000000d2dfe00000)]
  0x00000243dad21800 JavaThread "Execution worker for ':'" [_thread_blocked, id=8688, stack(0x000000d2dfe00000,0x000000d2dff00000)]
  0x00000243dad22000 JavaThread "Execution worker for ':' Thread 2" [_thread_blocked, id=632, stack(0x000000d2dff00000,0x000000d2e0000000)]
  0x00000243dad23000 JavaThread "Execution worker for ':' Thread 3" [_thread_blocked, id=12832, stack(0x000000d2e0000000,0x000000d2e0100000)]
  0x00000243dad20800 JavaThread "Cache worker for execution history cache (F:\MyATM\.gradle\7.2\executionHistory)" [_thread_blocked, id=1868, stack(0x000000d2e0100000,0x000000d2e0200000)]
  0x00000243d8157000 JavaThread "C2 CompilerThread1" daemon [_thread_blocked, id=12080, stack(0x000000d2dd200000,0x000000d2dd300000)]
  0x00000243dad1d000 JavaThread "WorkerExecutor Queue" [_thread_blocked, id=12200, stack(0x000000d2e0200000,0x000000d2e0300000)]
  0x00000243dad1e000 JavaThread "WorkerExecutor Queue Thread 2" [_thread_blocked, id=14140, stack(0x000000d2e0300000,0x000000d2e0400000)]
  0x00000243dad24800 JavaThread "WorkerExecutor Queue Thread 3" [_thread_blocked, id=13684, stack(0x000000d2e0400000,0x000000d2e0500000)]
  0x00000243dad23800 JavaThread "WorkerExecutor Queue Thread 4" [_thread_blocked, id=11560, stack(0x000000d2e0500000,0x000000d2e0600000)]
  0x00000243dad1f000 JavaThread "pool-3-thread-1" [_thread_blocked, id=11756, stack(0x000000d2e0600000,0x000000d2e0700000)]
  0x00000243dad25800 JavaThread "stderr" [_thread_in_native, id=13352, stack(0x000000d2e0700000,0x000000d2e0800000)]
  0x00000243dad1f800 JavaThread "stdout" [_thread_in_native, id=13452, stack(0x000000d2e0800000,0x000000d2e0900000)]
  0x00000243dad2b000 JavaThread "ForkJoinPool-1-worker-3" daemon [_thread_blocked, id=14156, stack(0x000000d2e0b00000,0x000000d2e0c00000)]
  0x00000243dad26000 JavaThread "ForkJoinPool-1-worker-5" daemon [_thread_blocked, id=13180, stack(0x000000d2e0c00000,0x000000d2e0d00000)]
  0x00000243dad27000 JavaThread "ForkJoinPool-1-worker-7" daemon [_thread_blocked, id=3480, stack(0x000000d2e0d00000,0x000000d2e0e00000)]
  0x00000243dad2c000 JavaThread "ForkJoinPool-1-worker-1" daemon [_thread_blocked, id=4668, stack(0x000000d2e0e00000,0x000000d2e0f00000)]

Other Threads:
=>0x00000243d426d800 VMThread "VM Thread" [stack: 0x000000d2daa00000,0x000000d2dab00000] [id=892]
  0x00000243d4ca3000 WatcherThread [stack: 0x000000d2db400000,0x000000d2db500000] [id=12380]
  0x00000243b47a2000 GCTaskThread "GC Thread#0" [stack: 0x000000d2da500000,0x000000d2da600000] [id=10648]
  0x00000243d500a800 GCTaskThread "GC Thread#1" [stack: 0x000000d2db600000,0x000000d2db700000] [id=13996]
  0x00000243d5755000 GCTaskThread "GC Thread#2" [stack: 0x000000d2db700000,0x000000d2db800000] [id=12188]
  0x00000243d6331800 GCTaskThread "GC Thread#3" [stack: 0x000000d2dc100000,0x000000d2dc200000] [id=6860]
  0x00000243b4809800 ConcurrentGCThread "G1 Main Marker" [stack: 0x000000d2da600000,0x000000d2da700000] [id=9720]
  0x00000243b480b800 ConcurrentGCThread "G1 Conc#0" [stack: 0x000000d2da700000,0x000000d2da800000] [id=9560]
  0x00000243d40f4800 ConcurrentGCThread "G1 Refine#0" [stack: 0x000000d2da800000,0x000000d2da900000] [id=13704]
  0x00000243d40f7000 ConcurrentGCThread "G1 Young RemSet Sampling" [stack: 0x000000d2da900000,0x000000d2daa00000] [id=8740]

Threads with active compile tasks:
C2 CompilerThread0  46029 12802       4       com.android.tools.r8.dex.K::a (94 bytes)
C2 CompilerThread1  46029 12801       4       com.android.tools.r8.dex.K$$Lambda$1328/0x0000000800db5040::compare (16 bytes)

VM state:at safepoint (normal execution)

VM Mutex/Monitor currently owned by a thread:  ([mutex/lock_event])
[0x00000243b477dde0] Threads_lock - owner thread: 0x00000243d426d800
[0x00000243b47859c0] Heap_lock - owner thread: 0x00000243dad24800

Heap address: 0x00000006e0000000, size: 4608 MB, Compressed Oops mode: Zero based, Oop shift amount: 3
Narrow klass base: 0x0000000800000000, Narrow klass shift: 0
Compressed class space size: 1073741824 Address: 0x0000000800000000

Heap:
 garbage-first heap   total 470016K, used 185686K [0x00000006e0000000, 0x0000000800000000)
  region size 1024K, 1 young (1024K), 1 survivors (1024K)
 Metaspace       used 100195K, capacity 102640K, committed 102788K, reserved 1138688K
  class space    used 13110K, capacity 14061K, committed 14080K, reserved 1048576K
Heap Regions: E=young(eden), S=young(survivor), O=old, HS=humongous(starts), HC=humongous(continues), CS=collection set, F=free, A=archive, TAMS=top-at-mark-start (previous, next)
|   0|0x00000006e0000000, 0x00000006e0100000, 0x00000006e0100000|100%|HS|  |TAMS 0x00000006e0100000, 0x00000006e0000000| Complete 
|   1|0x00000006e0100000, 0x00000006e0200000, 0x00000006e0200000|100%|HC|  |TAMS 0x00000006e0200000, 0x00000006e0100000| Complete 
|   2|0x00000006e0200000, 0x00000006e0300000, 0x00000006e0300000|100%|HC|  |TAMS 0x00000006e0300000, 0x00000006e0200000| Complete 
|   3|0x00000006e0300000, 0x00000006e0400000, 0x00000006e0400000|100%| O|  |TAMS 0x00000006e0400000, 0x00000006e0300000| Untracked 
|   4|0x00000006e0400000, 0x00000006e0500000, 0x00000006e0500000|100%| O|  |TAMS 0x00000006e0500000, 0x00000006e0400000| Untracked 
|   5|0x00000006e0500000, 0x00000006e0600000, 0x00000006e0600000|100%| O|  |TAMS 0x00000006e0600000, 0x00000006e0500000| Untracked 
|   6|0x00000006e0600000, 0x00000006e0700000, 0x00000006e0700000|100%| O|  |TAMS 0x00000006e0700000, 0x00000006e0600000| Untracked 
|   7|0x00000006e0700000, 0x00000006e0800000, 0x00000006e0800000|100%| O|  |TAMS 0x00000006e0800000, 0x00000006e0700000| Untracked 
|   8|0x00000006e0800000, 0x00000006e0900000, 0x00000006e0900000|100%| O|  |TAMS 0x00000006e0900000, 0x00000006e0800000| Complete 
|   9|0x00000006e0900000, 0x00000006e0a00000, 0x00000006e0a00000|100%| O|  |TAMS 0x00000006e0a00000, 0x00000006e0900000| Untracked 
|  10|0x00000006e0a00000, 0x00000006e0b00000, 0x00000006e0b00000|100%| O|  |TAMS 0x00000006e0b00000, 0x00000006e0a00000| Complete 
|  11|0x00000006e0b00000, 0x00000006e0c00000, 0x00000006e0c00000|100%| O|  |TAMS 0x00000006e0c00000, 0x00000006e0b00000| Untracked 
|  12|0x00000006e0c00000, 0x00000006e0d00000, 0x00000006e0d00000|100%| O|  |TAMS 0x00000006e0d00000, 0x00000006e0c00000| Untracked 
|  13|0x00000006e0d00000, 0x00000006e0e00000, 0x00000006e0e00000|100%| O|  |TAMS 0x00000006e0e00000, 0x00000006e0d00000| Untracked 
|  14|0x00000006e0e00000, 0x00000006e0f00000, 0x00000006e0f00000|100%| O|  |TAMS 0x00000006e0f00000, 0x00000006e0e00000| Untracked 
|  15|0x00000006e0f00000, 0x00000006e1000000, 0x00000006e1000000|100%| O|  |TAMS 0x00000006e1000000, 0x00000006e0f00000| Untracked 
|  16|0x00000006e1000000, 0x00000006e1100000, 0x00000006e1100000|100%| O|  |TAMS 0x00000006e1100000, 0x00000006e1000000| Untracked 
|  17|0x00000006e1100000, 0x00000006e1200000, 0x00000006e1200000|100%| O|  |TAMS 0x00000006e1200000, 0x00000006e1100000| Untracked 
|  18|0x00000006e1200000, 0x00000006e1300000, 0x00000006e1300000|100%| O|  |TAMS 0x00000006e1300000, 0x00000006e1200000| Complete 
|  19|0x00000006e1300000, 0x00000006e1400000, 0x00000006e1400000|100%|HS|  |TAMS 0x00000006e1400000, 0x00000006e1300000| Complete 
|  20|0x00000006e1400000, 0x00000006e1500000, 0x00000006e1500000|100%| O|  |TAMS 0x00000006e1500000, 0x00000006e1400000| Untracked 
|  21|0x00000006e1500000, 0x00000006e1600000, 0x00000006e1600000|100%| O|  |TAMS 0x00000006e1600000, 0x00000006e1500000| Untracked 
|  22|0x00000006e1600000, 0x00000006e1700000, 0x00000006e1700000|100%| O|  |TAMS 0x00000006e1700000, 0x00000006e1600000| Complete 
|  23|0x00000006e1700000, 0x00000006e1800000, 0x00000006e1800000|100%| O|  |TAMS 0x00000006e1800000, 0x00000006e1700000| Untracked 
|  24|0x00000006e1800000, 0x00000006e1900000, 0x00000006e1900000|100%|HS|  |TAMS 0x00000006e1900000, 0x00000006e1800000| Complete 
|  25|0x00000006e1900000, 0x00000006e1a00000, 0x00000006e1a00000|100%|HS|  |TAMS 0x00000006e1a00000, 0x00000006e1900000| Complete 
|  26|0x00000006e1a00000, 0x00000006e1b00000, 0x00000006e1b00000|100%|HS|  |TAMS 0x00000006e1b00000, 0x00000006e1a00000| Complete 
|  27|0x00000006e1b00000, 0x00000006e1c00000, 0x00000006e1c00000|100%|HS|  |TAMS 0x00000006e1c00000, 0x00000006e1b00000| Complete 
|  28|0x00000006e1c00000, 0x00000006e1d00000, 0x00000006e1d00000|100%|HC|  |TAMS 0x00000006e1d00000, 0x00000006e1c00000| Complete 
|  29|0x00000006e1d00000, 0x00000006e1e00000, 0x00000006e1e00000|100%|HC|  |TAMS 0x00000006e1e00000, 0x00000006e1d00000| Complete 
|  30|0x00000006e1e00000, 0x00000006e1f00000, 0x00000006e1f00000|100%| O|  |TAMS 0x00000006e1f00000, 0x00000006e1e00000| Untracked 
|  31|0x00000006e1f00000, 0x00000006e2000000, 0x00000006e2000000|100%| O|  |TAMS 0x00000006e2000000, 0x00000006e1f00000| Untracked 
|  32|0x00000006e2000000, 0x00000006e2100000, 0x00000006e2100000|100%| O|  |TAMS 0x00000006e2100000, 0x00000006e2000000| Untracked 
|  33|0x00000006e2100000, 0x00000006e2200000, 0x00000006e2200000|100%| O|  |TAMS 0x00000006e2200000, 0x00000006e2100000| Untracked 
|  34|0x00000006e2200000, 0x00000006e2300000, 0x00000006e2300000|100%| O|  |TAMS 0x00000006e2300000, 0x00000006e2200000| Complete 
|  35|0x00000006e2300000, 0x00000006e2400000, 0x00000006e2400000|100%| O|  |TAMS 0x00000006e2400000, 0x00000006e2300000| Untracked 
|  36|0x00000006e2400000, 0x00000006e2500000, 0x00000006e2500000|100%|HS|  |TAMS 0x00000006e2500000, 0x00000006e2400000| Complete 
|  37|0x00000006e2500000, 0x00000006e2600000, 0x00000006e2600000|100%|HC|  |TAMS 0x00000006e2600000, 0x00000006e2500000| Complete 
|  38|0x00000006e2600000, 0x00000006e2700000, 0x00000006e2700000|100%| O|  |TAMS 0x00000006e2700000, 0x00000006e2600000| Untracked 
|  39|0x00000006e2700000, 0x00000006e2800000, 0x00000006e2800000|100%| O|  |TAMS 0x00000006e2800000, 0x00000006e2700000| Untracked 
|  40|0x00000006e2800000, 0x00000006e2900000, 0x00000006e2900000|100%| O|  |TAMS 0x00000006e2900000, 0x00000006e2800000| Untracked 
|  41|0x00000006e2900000, 0x00000006e2a00000, 0x00000006e2a00000|100%| O|  |TAMS 0x00000006e2a00000, 0x00000006e2900000| Untracked 
|  42|0x00000006e2a00000, 0x00000006e2b00000, 0x00000006e2b00000|100%| O|  |TAMS 0x00000006e2b00000, 0x00000006e2a00000| Untracked 
|  43|0x00000006e2b00000, 0x00000006e2c00000, 0x00000006e2c00000|100%| O|  |TAMS 0x00000006e2c00000, 0x00000006e2b00000| Untracked 
|  44|0x00000006e2c00000, 0x00000006e2d00000, 0x00000006e2d00000|100%| O|  |TAMS 0x00000006e2d00000, 0x00000006e2c00000| Untracked 
|  45|0x00000006e2d00000, 0x00000006e2e00000, 0x00000006e2e00000|100%| O|  |TAMS 0x00000006e2e00000, 0x00000006e2d00000| Untracked 
|  46|0x00000006e2e00000, 0x00000006e2f00000, 0x00000006e2f00000|100%| O|  |TAMS 0x00000006e2f00000, 0x00000006e2e00000| Complete 
|  47|0x00000006e2f00000, 0x00000006e3000000, 0x00000006e3000000|100%| O|  |TAMS 0x00000006e3000000, 0x00000006e2f00000| Untracked 
|  48|0x00000006e3000000, 0x00000006e3100000, 0x00000006e3100000|100%| O|  |TAMS 0x00000006e3100000, 0x00000006e3000000| Untracked 
|  49|0x00000006e3100000, 0x00000006e3200000, 0x00000006e3200000|100%| O|  |TAMS 0x00000006e3200000, 0x00000006e3100000| Untracked 
|  50|0x00000006e3200000, 0x00000006e3300000, 0x00000006e3300000|100%| O|  |TAMS 0x00000006e3300000, 0x00000006e3200000| Untracked 
|  51|0x00000006e3300000, 0x00000006e3300000, 0x00000006e3400000|  0%| F|  |TAMS 0x00000006e3300000, 0x00000006e3300000| Untracked 
|  52|0x00000006e3400000, 0x00000006e3500000, 0x00000006e3500000|100%| O|  |TAMS 0x00000006e3500000, 0x00000006e3400000| Untracked 
|  53|0x00000006e3500000, 0x00000006e3600000, 0x00000006e3600000|100%| O|  |TAMS 0x00000006e3600000, 0x00000006e3500000| Untracked 
|  54|0x00000006e3600000, 0x00000006e3700000, 0x00000006e3700000|100%| O|  |TAMS 0x00000006e3700000, 0x00000006e3600000| Untracked 
|  55|0x00000006e3700000, 0x00000006e3800000, 0x00000006e3800000|100%| O|  |TAMS 0x00000006e3800000, 0x00000006e3700000| Complete 
|  56|0x00000006e3800000, 0x00000006e3900000, 0x00000006e3900000|100%| O|  |TAMS 0x00000006e3900000, 0x00000006e3800000| Untracked 
|  57|0x00000006e3900000, 0x00000006e3a00000, 0x00000006e3a00000|100%| O|  |TAMS 0x00000006e3a00000, 0x00000006e3900000| Untracked 
|  58|0x00000006e3a00000, 0x00000006e3b00000, 0x00000006e3b00000|100%| O|  |TAMS 0x00000006e3b00000, 0x00000006e3a00000| Untracked 
|  59|0x00000006e3b00000, 0x00000006e3c00000, 0x00000006e3c00000|100%| O|  |TAMS 0x00000006e3c00000, 0x00000006e3b00000| Untracked 
|  60|0x00000006e3c00000, 0x00000006e3d00000, 0x00000006e3d00000|100%| O|  |TAMS 0x00000006e3d00000, 0x00000006e3c00000| Untracked 
|  61|0x00000006e3d00000, 0x00000006e3e00000, 0x00000006e3e00000|100%| O|  |TAMS 0x00000006e3e00000, 0x00000006e3d00000| Untracked 
|  62|0x00000006e3e00000, 0x00000006e3f00000, 0x00000006e3f00000|100%| O|  |TAMS 0x00000006e3f00000, 0x00000006e3e00000| Untracked 
|  63|0x00000006e3f00000, 0x00000006e4000000, 0x00000006e4000000|100%| O|  |TAMS 0x00000006e4000000, 0x00000006e3f00000| Untracked 
|  64|0x00000006e4000000, 0x00000006e4100000, 0x00000006e4100000|100%| O|  |TAMS 0x00000006e4100000, 0x00000006e4000000| Untracked 
|  65|0x00000006e4100000, 0x00000006e4200000, 0x00000006e4200000|100%| O|  |TAMS 0x00000006e4200000, 0x00000006e4100000| Complete 
|  66|0x00000006e4200000, 0x00000006e4300000, 0x00000006e4300000|100%| O|  |TAMS 0x00000006e4300000, 0x00000006e4200000| Untracked 
|  67|0x00000006e4300000, 0x00000006e4400000, 0x00000006e4400000|100%| O|  |TAMS 0x00000006e4400000, 0x00000006e4300000| Untracked 
|  68|0x00000006e4400000, 0x00000006e4500000, 0x00000006e4500000|100%| O|  |TAMS 0x00000006e4500000, 0x00000006e4400000| Untracked 
|  69|0x00000006e4500000, 0x00000006e4600000, 0x00000006e4600000|100%| O|  |TAMS 0x00000006e4600000, 0x00000006e4500000| Complete 
|  70|0x00000006e4600000, 0x00000006e4700000, 0x00000006e4700000|100%| O|  |TAMS 0x00000006e4700000, 0x00000006e4600000| Untracked 
|  71|0x00000006e4700000, 0x00000006e4800000, 0x00000006e4800000|100%| O|  |TAMS 0x00000006e4800000, 0x00000006e4700000| Untracked 
|  72|0x00000006e4800000, 0x00000006e4900000, 0x00000006e4900000|100%| O|  |TAMS 0x00000006e4900000, 0x00000006e4800000| Untracked 
|  73|0x00000006e4900000, 0x00000006e4a00000, 0x00000006e4a00000|100%| O|  |TAMS 0x00000006e4a00000, 0x00000006e4900000| Untracked 
|  74|0x00000006e4a00000, 0x00000006e4b00000, 0x00000006e4b00000|100%| O|  |TAMS 0x00000006e4b00000, 0x00000006e4a00000| Complete 
|  75|0x00000006e4b00000, 0x00000006e4c00000, 0x00000006e4c00000|100%| O|  |TAMS 0x00000006e4c00000, 0x00000006e4b00000| Untracked 
|  76|0x00000006e4c00000, 0x00000006e4d00000, 0x00000006e4d00000|100%| O|  |TAMS 0x00000006e4d00000, 0x00000006e4c00000| Untracked 
|  77|0x00000006e4d00000, 0x00000006e4e00000, 0x00000006e4e00000|100%| O|  |TAMS 0x00000006e4e00000, 0x00000006e4d00000| Untracked 
|  78|0x00000006e4e00000, 0x00000006e4f00000, 0x00000006e4f00000|100%| O|  |TAMS 0x00000006e4f00000, 0x00000006e4e00000| Untracked 
|  79|0x00000006e4f00000, 0x00000006e5000000, 0x00000006e5000000|100%| O|  |TAMS 0x00000006e5000000, 0x00000006e4f00000| Complete 
|  80|0x00000006e5000000, 0x00000006e5100000, 0x00000006e5100000|100%| O|  |TAMS 0x00000006e5100000, 0x00000006e5000000| Untracked 
|  81|0x00000006e5100000, 0x00000006e5200000, 0x00000006e5200000|100%| O|  |TAMS 0x00000006e5200000, 0x00000006e5100000| Untracked 
|  82|0x00000006e5200000, 0x00000006e5300000, 0x00000006e5300000|100%| O|  |TAMS 0x00000006e5300000, 0x00000006e5200000| Untracked 
|  83|0x00000006e5300000, 0x00000006e5400000, 0x00000006e5400000|100%| O|  |TAMS 0x00000006e5400000, 0x00000006e5300000| Untracked 
|  84|0x00000006e5400000, 0x00000006e5500000, 0x00000006e5500000|100%| O|  |TAMS 0x00000006e5500000, 0x00000006e5400000| Untracked 
|  85|0x00000006e5500000, 0x00000006e5600000, 0x00000006e5600000|100%| O|  |TAMS 0x00000006e5600000, 0x00000006e5500000| Complete 
|  86|0x00000006e5600000, 0x00000006e5700000, 0x00000006e5700000|100%|HS|  |TAMS 0x00000006e5700000, 0x00000006e5600000| Complete 
|  87|0x00000006e5700000, 0x00000006e5800000, 0x00000006e5800000|100%|HC|  |TAMS 0x00000006e5800000, 0x00000006e5700000| Complete 
|  88|0x00000006e5800000, 0x00000006e5900000, 0x00000006e5900000|100%|HS|  |TAMS 0x00000006e5900000, 0x00000006e5800000| Complete 
|  89|0x00000006e5900000, 0x00000006e5a00000, 0x00000006e5a00000|100%|HC|  |TAMS 0x00000006e5a00000, 0x00000006e5900000| Complete 
|  90|0x00000006e5a00000, 0x00000006e5b00000, 0x00000006e5b00000|100%|HS|  |TAMS 0x00000006e5b00000, 0x00000006e5a00000| Complete 
|  91|0x00000006e5b00000, 0x00000006e5c00000, 0x00000006e5c00000|100%|HS|  |TAMS 0x00000006e5c00000, 0x00000006e5b00000| Complete 
|  92|0x00000006e5c00000, 0x00000006e5d00000, 0x00000006e5d00000|100%|HS|  |TAMS 0x00000006e5d00000, 0x00000006e5c00000| Complete 
|  93|0x00000006e5d00000, 0x00000006e5e00000, 0x00000006e5e00000|100%|HS|  |TAMS 0x00000006e5e00000, 0x00000006e5d00000| Complete 
|  94|0x00000006e5e00000, 0x00000006e5f00000, 0x00000006e5f00000|100%|HC|  |TAMS 0x00000006e5f00000, 0x00000006e5e00000| Complete 
|  95|0x00000006e5f00000, 0x00000006e6000000, 0x00000006e6000000|100%|HC|  |TAMS 0x00000006e6000000, 0x00000006e5f00000| Complete 
|  96|0x00000006e6000000, 0x00000006e6100000, 0x00000006e6100000|100%| O|  |TAMS 0x00000006e6100000, 0x00000006e6000000| Untracked 
|  97|0x00000006e6100000, 0x00000006e6200000, 0x00000006e6200000|100%| O|  |TAMS 0x00000006e6200000, 0x00000006e6100000| Untracked 
|  98|0x00000006e6200000, 0x00000006e6300000, 0x00000006e6300000|100%| O|  |TAMS 0x00000006e6300000, 0x00000006e6200000| Complete 
|  99|0x00000006e6300000, 0x00000006e6400000, 0x00000006e6400000|100%| O|  |TAMS 0x00000006e6400000, 0x00000006e6300000| Untracked 
| 100|0x00000006e6400000, 0x00000006e6500000, 0x00000006e6500000|100%| O|  |TAMS 0x00000006e6400000, 0x00000006e6400000| Untracked 
| 101|0x00000006e6500000, 0x00000006e6600000, 0x00000006e6600000|100%| O|  |TAMS 0x00000006e6500000, 0x00000006e6500000| Untracked 
| 102|0x00000006e6600000, 0x00000006e6700000, 0x00000006e6700000|100%| O|  |TAMS 0x00000006e6600000, 0x00000006e6600000| Untracked 
| 103|0x00000006e6700000, 0x00000006e6700000, 0x00000006e6800000|  0%| F|  |TAMS 0x00000006e6700000, 0x00000006e6700000| Untracked 
| 104|0x00000006e6800000, 0x00000006e6900000, 0x00000006e6900000|100%| O|  |TAMS 0x00000006e6800000, 0x00000006e6800000| Untracked 
| 105|0x00000006e6900000, 0x00000006e6a00000, 0x00000006e6a00000|100%| O|  |TAMS 0x00000006e6900000, 0x00000006e6900000| Untracked 
| 106|0x00000006e6a00000, 0x00000006e6b00000, 0x00000006e6b00000|100%| O|  |TAMS 0x00000006e6b00000, 0x00000006e6a00000| Complete 
| 107|0x00000006e6b00000, 0x00000006e6c00000, 0x00000006e6c00000|100%| O|  |TAMS 0x00000006e6b00000, 0x00000006e6b00000| Untracked 
| 108|0x00000006e6c00000, 0x00000006e6d00000, 0x00000006e6d00000|100%| O|  |TAMS 0x00000006e6d00000, 0x00000006e6c00000| Complete 
| 109|0x00000006e6d00000, 0x00000006e6e00000, 0x00000006e6e00000|100%| O|  |TAMS 0x00000006e6d00000, 0x00000006e6d00000| Untracked 
| 110|0x00000006e6e00000, 0x00000006e6f00000, 0x00000006e6f00000|100%|HS|  |TAMS 0x00000006e6f00000, 0x00000006e6e00000| Complete 
| 111|0x00000006e6f00000, 0x00000006e7000000, 0x00000006e7000000|100%| O|  |TAMS 0x00000006e6f00000, 0x00000006e6f00000| Untracked 
| 112|0x00000006e7000000, 0x00000006e7100000, 0x00000006e7100000|100%|HS|  |TAMS 0x00000006e7100000, 0x00000006e7000000| Complete 
| 113|0x00000006e7100000, 0x00000006e7200000, 0x00000006e7200000|100%| O|  |TAMS 0x00000006e7200000, 0x00000006e7100000| Untracked 
| 114|0x00000006e7200000, 0x00000006e7300000, 0x00000006e7300000|100%| O|  |TAMS 0x00000006e7300000, 0x00000006e7200000| Untracked 
| 115|0x00000006e7300000, 0x00000006e7400000, 0x00000006e7400000|100%| O|  |TAMS 0x00000006e7300000, 0x00000006e7300000| Untracked 
| 116|0x00000006e7400000, 0x00000006e7467c00, 0x00000006e7500000| 40%| O|  |TAMS 0x00000006e7400000, 0x00000006e7400000| Untracked 
| 117|0x00000006e7500000, 0x00000006e7500000, 0x00000006e7600000|  0%| F|  |TAMS 0x00000006e7500000, 0x00000006e7500000| Untracked 
| 118|0x00000006e7600000, 0x00000006e7700000, 0x00000006e7700000|100%| O|  |TAMS 0x00000006e7700000, 0x00000006e7600000| Untracked 
| 119|0x00000006e7700000, 0x00000006e7800000, 0x00000006e7800000|100%| O|  |TAMS 0x00000006e7800000, 0x00000006e7700000| Untracked 
| 120|0x00000006e7800000, 0x00000006e7900000, 0x00000006e7900000|100%| O|  |TAMS 0x00000006e7900000, 0x00000006e7800000| Untracked 
| 121|0x00000006e7900000, 0x00000006e7a00000, 0x00000006e7a00000|100%| O|  |TAMS 0x00000006e7a00000, 0x00000006e7900000| Untracked 
| 122|0x00000006e7a00000, 0x00000006e7b00000, 0x00000006e7b00000|100%| O|  |TAMS 0x00000006e7b00000, 0x00000006e7a00000| Untracked 
| 123|0x00000006e7b00000, 0x00000006e7c00000, 0x00000006e7c00000|100%| O|  |TAMS 0x00000006e7c00000, 0x00000006e7b00000| Untracked 
| 124|0x00000006e7c00000, 0x00000006e7d00000, 0x00000006e7d00000|100%| O|  |TAMS 0x00000006e7d00000, 0x00000006e7c00000| Complete 
| 125|0x00000006e7d00000, 0x00000006e7e00000, 0x00000006e7e00000|100%| O|  |TAMS 0x00000006e7e00000, 0x00000006e7d00000| Complete 
| 126|0x00000006e7e00000, 0x00000006e7f00000, 0x00000006e7f00000|100%| O|  |TAMS 0x00000006e7f00000, 0x00000006e7e00000| Complete 
| 127|0x00000006e7f00000, 0x00000006e8000000, 0x00000006e8000000|100%| O|  |TAMS 0x00000006e8000000, 0x00000006e7f00000| Complete 
| 128|0x00000006e8000000, 0x00000006e8100000, 0x00000006e8100000|100%| O|  |TAMS 0x00000006e8100000, 0x00000006e8000000| Complete 
| 129|0x00000006e8100000, 0x00000006e8200000, 0x00000006e8200000|100%| O|  |TAMS 0x00000006e8200000, 0x00000006e8100000| Complete 
| 130|0x00000006e8200000, 0x00000006e8300000, 0x00000006e8300000|100%| O|  |TAMS 0x00000006e8300000, 0x00000006e8200000| Complete 
| 131|0x00000006e8300000, 0x00000006e8400000, 0x00000006e8400000|100%| O|  |TAMS 0x00000006e8400000, 0x00000006e8300000| Complete 
| 132|0x00000006e8400000, 0x00000006e8500000, 0x00000006e8500000|100%| O|  |TAMS 0x00000006e8500000, 0x00000006e8400000| Complete 
| 133|0x00000006e8500000, 0x00000006e8600000, 0x00000006e8600000|100%| O|  |TAMS 0x00000006e8600000, 0x00000006e8500000| Complete 
| 134|0x00000006e8600000, 0x00000006e8700000, 0x00000006e8700000|100%| O|  |TAMS 0x00000006e8700000, 0x00000006e8600000| Untracked 
| 135|0x00000006e8700000, 0x00000006e8800000, 0x00000006e8800000|100%| O|  |TAMS 0x00000006e8800000, 0x00000006e8700000| Untracked 
| 136|0x00000006e8800000, 0x00000006e8900000, 0x00000006e8900000|100%| O|  |TAMS 0x00000006e8900000, 0x00000006e8800000| Complete 
| 137|0x00000006e8900000, 0x00000006e8a00000, 0x00000006e8a00000|100%| O|  |TAMS 0x00000006e8a00000, 0x00000006e8900000| Complete 
| 138|0x00000006e8a00000, 0x00000006e8b00000, 0x00000006e8b00000|100%| O|  |TAMS 0x00000006e8b00000, 0x00000006e8a00000| Untracked 
| 139|0x00000006e8b00000, 0x00000006e8c00000, 0x00000006e8c00000|100%| O|  |TAMS 0x00000006e8c00000, 0x00000006e8b00000| Untracked 
| 140|0x00000006e8c00000, 0x00000006e8d00000, 0x00000006e8d00000|100%| O|  |TAMS 0x00000006e8d00000, 0x00000006e8c00000| Complete 
| 141|0x00000006e8d00000, 0x00000006e8e00000, 0x00000006e8e00000|100%| O|  |TAMS 0x00000006e8e00000, 0x00000006e8d00000| Untracked 
| 142|0x00000006e8e00000, 0x00000006e8f00000, 0x00000006e8f00000|100%| O|  |TAMS 0x00000006e8f00000, 0x00000006e8e00000| Untracked 
| 143|0x00000006e8f00000, 0x00000006e9000000, 0x00000006e9000000|100%| O|  |TAMS 0x00000006e9000000, 0x00000006e8f00000| Untracked 
| 144|0x00000006e9000000, 0x00000006e9100000, 0x00000006e9100000|100%| O|  |TAMS 0x00000006e9100000, 0x00000006e9000000| Untracked 
| 145|0x00000006e9100000, 0x00000006e9200000, 0x00000006e9200000|100%| O|  |TAMS 0x00000006e9200000, 0x00000006e9100000| Untracked 
| 146|0x00000006e9200000, 0x00000006e9300000, 0x00000006e9300000|100%| O|  |TAMS 0x00000006e9300000, 0x00000006e9200000| Complete 
| 147|0x00000006e9300000, 0x00000006e9400000, 0x00000006e9400000|100%| O|  |TAMS 0x00000006e9400000, 0x00000006e9300000| Complete 
| 148|0x00000006e9400000, 0x00000006e9500000, 0x00000006e9500000|100%| O|  |TAMS 0x00000006e9500000, 0x00000006e9400000| Complete 
| 149|0x00000006e9500000, 0x00000006e9600000, 0x00000006e9600000|100%| O|  |TAMS 0x00000006e9600000, 0x00000006e9500000| Complete 
| 150|0x00000006e9600000, 0x00000006e9700000, 0x00000006e9700000|100%| O|  |TAMS 0x00000006e9700000, 0x00000006e9600000| Untracked 
| 151|0x00000006e9700000, 0x00000006e9800000, 0x00000006e9800000|100%| O|  |TAMS 0x00000006e9800000, 0x00000006e9700000| Untracked 
| 152|0x00000006e9800000, 0x00000006e9900000, 0x00000006e9900000|100%| O|  |TAMS 0x00000006e9900000, 0x00000006e9800000| Untracked 
| 153|0x00000006e9900000, 0x00000006e9a00000, 0x00000006e9a00000|100%| O|  |TAMS 0x00000006e9a00000, 0x00000006e9900000| Untracked 
| 154|0x00000006e9a00000, 0x00000006e9b00000, 0x00000006e9b00000|100%| O|  |TAMS 0x00000006e9b00000, 0x00000006e9a00000| Untracked 
| 155|0x00000006e9b00000, 0x00000006e9c00000, 0x00000006e9c00000|100%| O|  |TAMS 0x00000006e9c00000, 0x00000006e9b00000| Untracked 
| 156|0x00000006e9c00000, 0x00000006e9d00000, 0x00000006e9d00000|100%| O|  |TAMS 0x00000006e9d00000, 0x00000006e9c00000| Untracked 
| 157|0x00000006e9d00000, 0x00000006e9e00000, 0x00000006e9e00000|100%| O|  |TAMS 0x00000006e9e00000, 0x00000006e9d00000| Complete 
| 158|0x00000006e9e00000, 0x00000006e9f00000, 0x00000006e9f00000|100%| O|  |TAMS 0x00000006e9f00000, 0x00000006e9e00000| Complete 
| 159|0x00000006e9f00000, 0x00000006ea000000, 0x00000006ea000000|100%| O|  |TAMS 0x00000006ea000000, 0x00000006e9f00000| Untracked 
| 160|0x00000006ea000000, 0x00000006ea100000, 0x00000006ea100000|100%| O|  |TAMS 0x00000006ea100000, 0x00000006ea000000| Complete 
| 161|0x00000006ea100000, 0x00000006ea100000, 0x00000006ea200000|  0%| F|  |TAMS 0x00000006ea100000, 0x00000006ea100000| Untracked 
| 162|0x00000006ea200000, 0x00000006ea300000, 0x00000006ea300000|100%| O|  |TAMS 0x00000006ea300000, 0x00000006ea200000| Untracked 
| 163|0x00000006ea300000, 0x00000006ea400000, 0x00000006ea400000|100%| O|  |TAMS 0x00000006ea400000, 0x00000006ea300000| Untracked 
| 164|0x00000006ea400000, 0x00000006ea500000, 0x00000006ea500000|100%| O|  |TAMS 0x00000006ea500000, 0x00000006ea400000| Untracked 
| 165|0x00000006ea500000, 0x00000006ea600000, 0x00000006ea600000|100%| O|  |TAMS 0x00000006ea600000, 0x00000006ea500000| Untracked 
| 166|0x00000006ea600000, 0x00000006ea700000, 0x00000006ea700000|100%| O|  |TAMS 0x00000006ea700000, 0x00000006ea600000| Untracked 
| 167|0x00000006ea700000, 0x00000006ea800000, 0x00000006ea800000|100%| O|  |TAMS 0x00000006ea800000, 0x00000006ea700000| Untracked 
| 168|0x00000006ea800000, 0x00000006ea900000, 0x00000006ea900000|100%| O|  |TAMS 0x00000006ea900000, 0x00000006ea800000| Untracked 
| 169|0x00000006ea900000, 0x00000006eaa00000, 0x00000006eaa00000|100%| O|  |TAMS 0x00000006eaa00000, 0x00000006ea900000| Complete 
| 170|0x00000006eaa00000, 0x00000006eab00000, 0x00000006eab00000|100%| O|  |TAMS 0x00000006eab00000, 0x00000006eaa00000| Complete 
| 171|0x00000006eab00000, 0x00000006eac00000, 0x00000006eac00000|100%| O|  |TAMS 0x00000006eac00000, 0x00000006eab00000| Untracked 
| 172|0x00000006eac00000, 0x00000006ead00000, 0x00000006ead00000|100%| O|  |TAMS 0x00000006ead00000, 0x00000006eac00000| Untracked 
| 173|0x00000006ead00000, 0x00000006eae00000, 0x00000006eae00000|100%| O|  |TAMS 0x00000006eae00000, 0x00000006ead00000| Untracked 
| 174|0x00000006eae00000, 0x00000006eaf00000, 0x00000006eaf00000|100%| O|  |TAMS 0x00000006eaf00000, 0x00000006eae00000| Complete 
| 175|0x00000006eaf00000, 0x00000006eb000000, 0x00000006eb000000|100%| O|  |TAMS 0x00000006eb000000, 0x00000006eaf00000| Untracked 
| 176|0x00000006eb000000, 0x00000006eb100000, 0x00000006eb100000|100%| O|  |TAMS 0x00000006eb100000, 0x00000006eb000000| Untracked 
| 177|0x00000006eb100000, 0x00000006eb200000, 0x00000006eb200000|100%| O|  |TAMS 0x00000006eb200000, 0x00000006eb100000| Complete 
| 178|0x00000006eb200000, 0x00000006eb300000, 0x00000006eb300000|100%| O|  |TAMS 0x00000006eb300000, 0x00000006eb200000| Complete 
| 179|0x00000006eb300000, 0x00000006eb400000, 0x00000006eb400000|100%| O|  |TAMS 0x00000006eb400000, 0x00000006eb300000| Untracked 
| 180|0x00000006eb400000, 0x00000006eb500000, 0x00000006eb500000|100%| O|  |TAMS 0x00000006eb500000, 0x00000006eb400000| Untracked 
| 181|0x00000006eb500000, 0x00000006eb600000, 0x00000006eb600000|100%| O|  |TAMS 0x00000006eb600000, 0x00000006eb500000| Complete 
| 182|0x00000006eb600000, 0x00000006eb700000, 0x00000006eb700000|100%| O|  |TAMS 0x00000006eb700000, 0x00000006eb600000| Untracked 
| 183|0x00000006eb700000, 0x00000006eb800000, 0x00000006eb800000|100%| O|  |TAMS 0x00000006eb800000, 0x00000006eb700000| Complete 
| 184|0x00000006eb800000, 0x00000006eb800000, 0x00000006eb900000|  0%| F|  |TAMS 0x00000006eb800000, 0x00000006eb800000| Untracked 
| 185|0x00000006eb900000, 0x00000006eb900000, 0x00000006eba00000|  0%| F|  |TAMS 0x00000006eb900000, 0x00000006eb900000| Untracked 
| 186|0x00000006eba00000, 0x00000006ebb00000, 0x00000006ebb00000|100%| O|  |TAMS 0x00000006eba80000, 0x00000006eba00000| Untracked 
| 187|0x00000006ebb00000, 0x00000006ebb00000, 0x00000006ebc00000|  0%| F|  |TAMS 0x00000006ebb00000, 0x00000006ebb00000| Untracked 
| 188|0x00000006ebc00000, 0x00000006ebc00000, 0x00000006ebd00000|  0%| F|  |TAMS 0x00000006ebc00000, 0x00000006ebc00000| Untracked 
| 189|0x00000006ebd00000, 0x00000006ebd00000, 0x00000006ebe00000|  0%| F|  |TAMS 0x00000006ebd00000, 0x00000006ebd00000| Untracked 
| 190|0x00000006ebe00000, 0x00000006ebe00000, 0x00000006ebf00000|  0%| F|  |TAMS 0x00000006ebe00000, 0x00000006ebe00000| Untracked 
| 191|0x00000006ebf00000, 0x00000006ebf00000, 0x00000006ec000000|  0%| F|  |TAMS 0x00000006ebf00000, 0x00000006ebf00000| Untracked 
| 192|0x00000006ec000000, 0x00000006ec000000, 0x00000006ec100000|  0%| F|  |TAMS 0x00000006ec000000, 0x00000006ec000000| Untracked 
| 193|0x00000006ec100000, 0x00000006ec100000, 0x00000006ec200000|  0%| F|  |TAMS 0x00000006ec100000, 0x00000006ec100000| Untracked 
| 194|0x00000006ec200000, 0x00000006ec200000, 0x00000006ec300000|  0%| F|  |TAMS 0x00000006ec200000, 0x00000006ec200000| Untracked 
| 195|0x00000006ec300000, 0x00000006ec300000, 0x00000006ec400000|  0%| F|  |TAMS 0x00000006ec300000, 0x00000006ec300000| Untracked 
| 196|0x00000006ec400000, 0x00000006ec400000, 0x00000006ec500000|  0%| F|  |TAMS 0x00000006ec400000, 0x00000006ec400000| Untracked 
| 197|0x00000006ec500000, 0x00000006ec500000, 0x00000006ec600000|  0%| F|  |TAMS 0x00000006ec500000, 0x00000006ec500000| Untracked 
| 198|0x00000006ec600000, 0x00000006ec600000, 0x00000006ec700000|  0%| F|  |TAMS 0x00000006ec600000, 0x00000006ec600000| Untracked 
| 199|0x00000006ec700000, 0x00000006ec700000, 0x00000006ec800000|  0%| F|  |TAMS 0x00000006ec700000, 0x00000006ec700000| Untracked 
| 200|0x00000006ec800000, 0x00000006ec800000, 0x00000006ec900000|  0%| F|  |TAMS 0x00000006ec800000, 0x00000006ec800000| Untracked 
| 201|0x00000006ec900000, 0x00000006ec900000, 0x00000006eca00000|  0%| F|  |TAMS 0x00000006ec900000, 0x00000006ec900000| Untracked 
| 202|0x00000006eca00000, 0x00000006eca00000, 0x00000006ecb00000|  0%| F|  |TAMS 0x00000006eca00000, 0x00000006eca00000| Untracked 
| 203|0x00000006ecb00000, 0x00000006ecb00000, 0x00000006ecc00000|  0%| F|  |TAMS 0x00000006ecb00000, 0x00000006ecb00000| Untracked 
| 204|0x00000006ecc00000, 0x00000006ecc00000, 0x00000006ecd00000|  0%| F|  |TAMS 0x00000006ecc00000, 0x00000006ecc00000| Untracked 
| 205|0x00000006ecd00000, 0x00000006ecd00000, 0x00000006ece00000|  0%| F|  |TAMS 0x00000006ecd00000, 0x00000006ecd00000| Untracked 
| 206|0x00000006ece00000, 0x00000006ece00000, 0x00000006ecf00000|  0%| F|  |TAMS 0x00000006ece00000, 0x00000006ece00000| Untracked 
| 207|0x00000006ecf00000, 0x00000006ecf00000, 0x00000006ed000000|  0%| F|  |TAMS 0x00000006ecf00000, 0x00000006ecf00000| Untracked 
| 208|0x00000006ed000000, 0x00000006ed000000, 0x00000006ed100000|  0%| F|  |TAMS 0x00000006ed000000, 0x00000006ed000000| Untracked 
| 209|0x00000006ed100000, 0x00000006ed100000, 0x00000006ed200000|  0%| F|  |TAMS 0x00000006ed100000, 0x00000006ed100000| Untracked 
| 210|0x00000006ed200000, 0x00000006ed200000, 0x00000006ed300000|  0%| F|  |TAMS 0x00000006ed200000, 0x00000006ed200000| Untracked 
| 211|0x00000006ed300000, 0x00000006ed300000, 0x00000006ed400000|  0%| F|  |TAMS 0x00000006ed300000, 0x00000006ed300000| Untracked 
| 212|0x00000006ed400000, 0x00000006ed400000, 0x00000006ed500000|  0%| F|  |TAMS 0x00000006ed400000, 0x00000006ed400000| Untracked 
| 213|0x00000006ed500000, 0x00000006ed500000, 0x00000006ed600000|  0%| F|  |TAMS 0x00000006ed500000, 0x00000006ed500000| Untracked 
| 214|0x00000006ed600000, 0x00000006ed600000, 0x00000006ed700000|  0%| F|  |TAMS 0x00000006ed600000, 0x00000006ed600000| Untracked 
| 215|0x00000006ed700000, 0x00000006ed700000, 0x00000006ed800000|  0%| F|  |TAMS 0x00000006ed700000, 0x00000006ed700000| Untracked 
| 216|0x00000006ed800000, 0x00000006ed800000, 0x00000006ed900000|  0%| F|  |TAMS 0x00000006ed800000, 0x00000006ed800000| Untracked 
| 217|0x00000006ed900000, 0x00000006ed900000, 0x00000006eda00000|  0%| F|  |TAMS 0x00000006ed900000, 0x00000006ed900000| Untracked 
| 218|0x00000006eda00000, 0x00000006eda00000, 0x00000006edb00000|  0%| F|  |TAMS 0x00000006eda00000, 0x00000006eda00000| Untracked 
| 219|0x00000006edb00000, 0x00000006edb00000, 0x00000006edc00000|  0%| F|  |TAMS 0x00000006edb00000, 0x00000006edb00000| Untracked 
| 220|0x00000006edc00000, 0x00000006edc00000, 0x00000006edd00000|  0%| F|  |TAMS 0x00000006edc00000, 0x00000006edc00000| Untracked 
| 221|0x00000006edd00000, 0x00000006edd00000, 0x00000006ede00000|  0%| F|  |TAMS 0x00000006edd00000, 0x00000006edd00000| Untracked 
| 222|0x00000006ede00000, 0x00000006ede00000, 0x00000006edf00000|  0%| F|  |TAMS 0x00000006ede00000, 0x00000006ede00000| Untracked 
| 223|0x00000006edf00000, 0x00000006edf00000, 0x00000006ee000000|  0%| F|  |TAMS 0x00000006edf00000, 0x00000006edf00000| Untracked 
| 224|0x00000006ee000000, 0x00000006ee000000, 0x00000006ee100000|  0%| F|  |TAMS 0x00000006ee000000, 0x00000006ee000000| Untracked 
| 225|0x00000006ee100000, 0x00000006ee100000, 0x00000006ee200000|  0%| F|  |TAMS 0x00000006ee100000, 0x00000006ee100000| Untracked 
| 226|0x00000006ee200000, 0x00000006ee200000, 0x00000006ee300000|  0%| F|  |TAMS 0x00000006ee200000, 0x00000006ee200000| Untracked 
| 227|0x00000006ee300000, 0x00000006ee300000, 0x00000006ee400000|  0%| F|  |TAMS 0x00000006ee300000, 0x00000006ee300000| Untracked 
| 228|0x00000006ee400000, 0x00000006ee400000, 0x00000006ee500000|  0%| F|  |TAMS 0x00000006ee400000, 0x00000006ee400000| Untracked 
| 229|0x00000006ee500000, 0x00000006ee500000, 0x00000006ee600000|  0%| F|  |TAMS 0x00000006ee500000, 0x00000006ee500000| Untracked 
| 230|0x00000006ee600000, 0x00000006ee600000, 0x00000006ee700000|  0%| F|  |TAMS 0x00000006ee600000, 0x00000006ee600000| Untracked 
| 231|0x00000006ee700000, 0x00000006ee700000, 0x00000006ee800000|  0%| F|  |TAMS 0x00000006ee700000, 0x00000006ee700000| Untracked 
| 232|0x00000006ee800000, 0x00000006ee800000, 0x00000006ee900000|  0%| F|  |TAMS 0x00000006ee800000, 0x00000006ee800000| Untracked 
| 233|0x00000006ee900000, 0x00000006ee900000, 0x00000006eea00000|  0%| F|  |TAMS 0x00000006ee900000, 0x00000006ee900000| Untracked 
| 234|0x00000006eea00000, 0x00000006eea00000, 0x00000006eeb00000|  0%| F|  |TAMS 0x00000006eea00000, 0x00000006eea00000| Untracked 
| 235|0x00000006eeb00000, 0x00000006eeb00000, 0x00000006eec00000|  0%| F|  |TAMS 0x00000006eeb00000, 0x00000006eeb00000| Untracked 
| 236|0x00000006eec00000, 0x00000006eec00000, 0x00000006eed00000|  0%| F|  |TAMS 0x00000006eec00000, 0x00000006eec00000| Untracked 
| 237|0x00000006eed00000, 0x00000006eed00000, 0x00000006eee00000|  0%| F|  |TAMS 0x00000006eed00000, 0x00000006eed00000| Untracked 
| 238|0x00000006eee00000, 0x00000006eee00000, 0x00000006eef00000|  0%| F|  |TAMS 0x00000006eee00000, 0x00000006eee00000| Untracked 
| 239|0x00000006eef00000, 0x00000006eef00000, 0x00000006ef000000|  0%| F|  |TAMS 0x00000006eef00000, 0x00000006eef00000| Untracked 
| 240|0x00000006ef000000, 0x00000006ef000000, 0x00000006ef100000|  0%| F|  |TAMS 0x00000006ef000000, 0x00000006ef000000| Untracked 
| 241|0x00000006ef100000, 0x00000006ef100000, 0x00000006ef200000|  0%| F|  |TAMS 0x00000006ef100000, 0x00000006ef100000| Untracked 
| 242|0x00000006ef200000, 0x00000006ef200000, 0x00000006ef300000|  0%| F|  |TAMS 0x00000006ef200000, 0x00000006ef200000| Untracked 
| 243|0x00000006ef300000, 0x00000006ef300000, 0x00000006ef400000|  0%| F|  |TAMS 0x00000006ef300000, 0x00000006ef300000| Untracked 
| 244|0x00000006ef400000, 0x00000006ef400000, 0x00000006ef500000|  0%| F|  |TAMS 0x00000006ef400000, 0x00000006ef400000| Untracked 
| 245|0x00000006ef500000, 0x00000006ef500000, 0x00000006ef600000|  0%| F|  |TAMS 0x00000006ef500000, 0x00000006ef500000| Untracked 
| 246|0x00000006ef600000, 0x00000006ef600000, 0x00000006ef700000|  0%| F|  |TAMS 0x00000006ef600000, 0x00000006ef600000| Untracked 
| 247|0x00000006ef700000, 0x00000006ef700000, 0x00000006ef800000|  0%| F|  |TAMS 0x00000006ef700000, 0x00000006ef700000| Untracked 
| 248|0x00000006ef800000, 0x00000006ef800000, 0x00000006ef900000|  0%| F|  |TAMS 0x00000006ef800000, 0x00000006ef800000| Untracked 
| 249|0x00000006ef900000, 0x00000006ef900000, 0x00000006efa00000|  0%| F|  |TAMS 0x00000006ef900000, 0x00000006ef900000| Untracked 
| 250|0x00000006efa00000, 0x00000006efa00000, 0x00000006efb00000|  0%| F|  |TAMS 0x00000006efa00000, 0x00000006efa00000| Untracked 
| 251|0x00000006efb00000, 0x00000006efb00000, 0x00000006efc00000|  0%| F|  |TAMS 0x00000006efb00000, 0x00000006efb00000| Untracked 
| 252|0x00000006efc00000, 0x00000006efc00000, 0x00000006efd00000|  0%| F|  |TAMS 0x00000006efc00000, 0x00000006efc00000| Untracked 
| 253|0x00000006efd00000, 0x00000006efd00000, 0x00000006efe00000|  0%| F|  |TAMS 0x00000006efd00000, 0x00000006efd00000| Untracked 
| 254|0x00000006efe00000, 0x00000006efe00000, 0x00000006eff00000|  0%| F|  |TAMS 0x00000006efe00000, 0x00000006efe00000| Untracked 
| 255|0x00000006eff00000, 0x00000006eff00000, 0x00000006f0000000|  0%| F|  |TAMS 0x00000006eff00000, 0x00000006eff00000| Untracked 
| 256|0x00000006f0000000, 0x00000006f0000000, 0x00000006f0100000|  0%| F|  |TAMS 0x00000006f0000000, 0x00000006f0000000| Untracked 
| 257|0x00000006f0100000, 0x00000006f0100000, 0x00000006f0200000|  0%| F|  |TAMS 0x00000006f0100000, 0x00000006f0100000| Untracked 
| 258|0x00000006f0200000, 0x00000006f0200000, 0x00000006f0300000|  0%| F|  |TAMS 0x00000006f0200000, 0x00000006f0200000| Untracked 
| 259|0x00000006f0300000, 0x00000006f0300000, 0x00000006f0400000|  0%| F|  |TAMS 0x00000006f0300000, 0x00000006f0300000| Untracked 
| 260|0x00000006f0400000, 0x00000006f0400000, 0x00000006f0500000|  0%| F|  |TAMS 0x00000006f0400000, 0x00000006f0400000| Untracked 
| 261|0x00000006f0500000, 0x00000006f0500000, 0x00000006f0600000|  0%| F|  |TAMS 0x00000006f0500000, 0x00000006f0500000| Untracked 
| 262|0x00000006f0600000, 0x00000006f0600000, 0x00000006f0700000|  0%| F|  |TAMS 0x00000006f0600000, 0x00000006f0600000| Untracked 
| 263|0x00000006f0700000, 0x00000006f0700000, 0x00000006f0800000|  0%| F|  |TAMS 0x00000006f0700000, 0x00000006f0700000| Untracked 
| 264|0x00000006f0800000, 0x00000006f0800000, 0x00000006f0900000|  0%| F|  |TAMS 0x00000006f0800000, 0x00000006f0800000| Untracked 
| 265|0x00000006f0900000, 0x00000006f0900000, 0x00000006f0a00000|  0%| F|  |TAMS 0x00000006f0900000, 0x00000006f0900000| Untracked 
| 266|0x00000006f0a00000, 0x00000006f0a00000, 0x00000006f0b00000|  0%| F|  |TAMS 0x00000006f0a00000, 0x00000006f0a00000| Untracked 
| 267|0x00000006f0b00000, 0x00000006f0b00000, 0x00000006f0c00000|  0%| F|  |TAMS 0x00000006f0b00000, 0x00000006f0b00000| Untracked 
| 268|0x00000006f0c00000, 0x00000006f0c00000, 0x00000006f0d00000|  0%| F|  |TAMS 0x00000006f0c00000, 0x00000006f0c00000| Untracked 
| 269|0x00000006f0d00000, 0x00000006f0d00000, 0x00000006f0e00000|  0%| F|  |TAMS 0x00000006f0d00000, 0x00000006f0d00000| Untracked 
| 270|0x00000006f0e00000, 0x00000006f0e00000, 0x00000006f0f00000|  0%| F|  |TAMS 0x00000006f0e00000, 0x00000006f0e00000| Untracked 
| 271|0x00000006f0f00000, 0x00000006f0f00000, 0x00000006f1000000|  0%| F|  |TAMS 0x00000006f0f00000, 0x00000006f0f00000| Untracked 
| 272|0x00000006f1000000, 0x00000006f1000000, 0x00000006f1100000|  0%| F|  |TAMS 0x00000006f1000000, 0x00000006f1000000| Untracked 
| 273|0x00000006f1100000, 0x00000006f1100000, 0x00000006f1200000|  0%| F|  |TAMS 0x00000006f1100000, 0x00000006f1100000| Untracked 
| 274|0x00000006f1200000, 0x00000006f1200000, 0x00000006f1300000|  0%| F|  |TAMS 0x00000006f1200000, 0x00000006f1200000| Untracked 
| 275|0x00000006f1300000, 0x00000006f1300000, 0x00000006f1400000|  0%| F|  |TAMS 0x00000006f1300000, 0x00000006f1300000| Untracked 
| 276|0x00000006f1400000, 0x00000006f14edda0, 0x00000006f1500000| 92%| S|CS|TAMS 0x00000006f1400000, 0x00000006f1400000| Complete 
| 277|0x00000006f1500000, 0x00000006f1500000, 0x00000006f1600000|  0%| F|  |TAMS 0x00000006f1500000, 0x00000006f1500000| Untracked 
| 278|0x00000006f1600000, 0x00000006f1600000, 0x00000006f1700000|  0%| F|  |TAMS 0x00000006f1600000, 0x00000006f1600000| Untracked 
| 279|0x00000006f1700000, 0x00000006f1700000, 0x00000006f1800000|  0%| F|  |TAMS 0x00000006f1700000, 0x00000006f1700000| Untracked 
| 280|0x00000006f1800000, 0x00000006f1800000, 0x00000006f1900000|  0%| F|  |TAMS 0x00000006f1800000, 0x00000006f1800000| Untracked 
| 281|0x00000006f1900000, 0x00000006f1900000, 0x00000006f1a00000|  0%| F|  |TAMS 0x00000006f1900000, 0x00000006f1900000| Untracked 
| 282|0x00000006f1a00000, 0x00000006f1a00000, 0x00000006f1b00000|  0%| F|  |TAMS 0x00000006f1a00000, 0x00000006f1a00000| Untracked 
| 283|0x00000006f1b00000, 0x00000006f1b00000, 0x00000006f1c00000|  0%| F|  |TAMS 0x00000006f1b00000, 0x00000006f1b00000| Untracked 
| 284|0x00000006f1c00000, 0x00000006f1c00000, 0x00000006f1d00000|  0%| F|  |TAMS 0x00000006f1c00000, 0x00000006f1c00000| Untracked 
| 285|0x00000006f1d00000, 0x00000006f1d00000, 0x00000006f1e00000|  0%| F|  |TAMS 0x00000006f1d00000, 0x00000006f1d00000| Untracked 
| 286|0x00000006f1e00000, 0x00000006f1e00000, 0x00000006f1f00000|  0%| F|  |TAMS 0x00000006f1e00000, 0x00000006f1e00000| Untracked 

Card table byte_map: [0x00000243c7b80000,0x00000243c8480000] _byte_map_base: 0x00000243c4480000

Marking Bits (Prev, Next): (CMBitMap*) 0x00000243b47f6730, (CMBitMap*) 0x00000243b47f66f8
 Prev Bits: [0x00000243cd580000, 0x00000243d1d80000)
 Next Bits: [0x00000243c8d80000, 0x00000243cd580000)

Polling page: 0x00000243b3f60000

Metaspace:

Usage:
  Non-class:     86.50 MB capacity,    85.04 MB ( 98%) used,     1.16 MB (  1%) free+waste,   302.50 KB ( <1%) overhead. 
      Class:     13.73 MB capacity,    12.80 MB ( 93%) used,   815.70 KB (  6%) free+waste,   134.94 KB ( <1%) overhead. 
       Both:    100.23 MB capacity,    97.85 MB ( 98%) used,     1.96 MB (  2%) free+waste,   437.44 KB ( <1%) overhead. 

Virtual space:
  Non-class space:       88.00 MB reserved,      86.63 MB ( 98%) committed 
      Class space:        1.00 GB reserved,      13.75 MB (  1%) committed 
             Both:        1.09 GB reserved,     100.38 MB (  9%) committed 

Chunk freelists:
   Non-Class:  1.00 KB
       Class:  19.00 KB
        Both:  20.00 KB

MaxMetaspaceSize: 17179869184.00 GB
CompressedClassSpaceSize: 1.00 GB

CodeHeap 'non-profiled nmethods': size=120064Kb used=8379Kb max_used=8379Kb free=111684Kb
 bounds [0x00000243bfd40000, 0x00000243c0570000, 0x00000243c7280000]
CodeHeap 'profiled nmethods': size=120000Kb used=28380Kb max_used=28380Kb free=91619Kb
 bounds [0x00000243b8810000, 0x00000243ba3d0000, 0x00000243bfd40000]
CodeHeap 'non-nmethods': size=5696Kb used=2325Kb max_used=2404Kb free=3370Kb
 bounds [0x00000243b8280000, 0x00000243b84f0000, 0x00000243b8810000]
 total_blobs=13631 nmethods=12712 adapters=830
 compilation: enabled
              stopped_count=0, restarted_count=0
 full_count=0

Compilation events (20 events):
Event: 45.927 Thread 0x00000243d4b2c800 12794       3       com.android.tools.r8.internal.KK0::a (276 bytes)
Event: 45.955 Thread 0x00000243d4b2c800 nmethod 12794 0x00000243ba3c2610 code [0x00000243ba3c2a20, 0x00000243ba3c43f8]
Event: 45.955 Thread 0x00000243d4b2c800 12792       3       com.android.tools.r8.graph.M2::a (9 bytes)
Event: 45.956 Thread 0x00000243d4b2c800 nmethod 12792 0x00000243ba3c4c90 code [0x00000243ba3c4e40, 0x00000243ba3c5028]
Event: 45.956 Thread 0x00000243d4b2c800 12793       3       com.android.tools.r8.graph.T1::a (2 bytes)
Event: 45.956 Thread 0x00000243d4b2c800 nmethod 12793 0x00000243ba3c5110 code [0x00000243ba3c52c0, 0x00000243ba3c53b8]
Event: 45.956 Thread 0x00000243d4b22000 12795       4       com.android.tools.r8.graph.T1::a (2 bytes)
Event: 45.956 Thread 0x00000243d4b22000 nmethod 12795 0x00000243c056e190 code [0x00000243c056e320, 0x00000243c056e378]
Event: 45.957 Thread 0x00000243d8157000 12796       4       java.util.IdentityHashMap$IdentityHashMapIterator::hasNext (50 bytes)
Event: 45.957 Thread 0x00000243d4b22000 12797       4       java.util.IdentityHashMap$IdentityHashMapIterator::nextIndex (72 bytes)
Event: 45.958 Thread 0x00000243d4b22000 nmethod 12797 0x00000243c056e410 code [0x00000243c056e5a0, 0x00000243c056e658]
Event: 45.958 Thread 0x00000243d4b22000 12798       4       java.util.IdentityHashMap$KeyIterator::next (13 bytes)
Event: 45.959 Thread 0x00000243d4b2c800 12799       3       com.android.tools.r8.dex.K$$Lambda$1328/0x0000000800db5040::compare (16 bytes)
Event: 45.959 Thread 0x00000243d4b2c800 nmethod 12799 0x00000243ba3c5490 code [0x00000243ba3c5660, 0x00000243ba3c5988]
Event: 45.959 Thread 0x00000243d4b2c800 12800       3       com.android.tools.r8.dex.K::a (94 bytes)
Event: 45.960 Thread 0x00000243d8157000 nmethod 12796 0x00000243c056e710 code [0x00000243c056e8a0, 0x00000243c056e9d8]
Event: 45.960 Thread 0x00000243d4b22000 nmethod 12798 0x00000243c056eb10 code [0x00000243c056ecc0, 0x00000243c056edd8]
Event: 45.961 Thread 0x00000243d4b2c800 nmethod 12800 0x00000243ba3c5a90 code [0x00000243ba3c5d80, 0x00000243ba3c6bc8]
Event: 45.961 Thread 0x00000243d8157000 12801       4       com.android.tools.r8.dex.K$$Lambda$1328/0x0000000800db5040::compare (16 bytes)
Event: 45.962 Thread 0x00000243d4b22000 12802       4       com.android.tools.r8.dex.K::a (94 bytes)

GC Heap History (20 events):
Event: 40.002 GC heap after
{Heap after GC invocations=31 (full 0):
 garbage-first heap   total 187392K, used 91865K [0x00000006e0000000, 0x0000000800000000)
  region size 1024K, 4 young (4096K), 4 survivors (4096K)
 Metaspace       used 91452K, capacity 93583K, committed 93828K, reserved 1130496K
  class space    used 11750K, capacity 12523K, committed 12544K, reserved 1048576K
}
Event: 40.766 GC heap before
{Heap before GC invocations=32 (full 0):
 garbage-first heap   total 187392K, used 125657K [0x00000006e0000000, 0x0000000800000000)
  region size 1024K, 29 young (29696K), 4 survivors (4096K)
 Metaspace       used 94501K, capacity 96691K, committed 96900K, reserved 1132544K
  class space    used 12168K, capacity 12989K, committed 13056K, reserved 1048576K
}
Event: 40.781 GC heap after
{Heap after GC invocations=33 (full 0):
 garbage-first heap   total 187392K, used 107360K [0x00000006e0000000, 0x0000000800000000)
  region size 1024K, 7 young (7168K), 7 survivors (7168K)
 Metaspace       used 94501K, capacity 96691K, committed 96900K, reserved 1132544K
  class space    used 12168K, capacity 12989K, committed 13056K, reserved 1048576K
}
Event: 41.487 GC heap before
{Heap before GC invocations=34 (full 0):
 garbage-first heap   total 187392K, used 160608K [0x00000006e0000000, 0x0000000800000000)
  region size 1024K, 40 young (40960K), 7 survivors (7168K)
 Metaspace       used 94730K, capacity 96926K, committed 97156K, reserved 1134592K
  class space    used 12191K, capacity 13024K, committed 13056K, reserved 1048576K
}
Event: 41.528 GC heap after
{Heap after GC invocations=35 (full 0):
 garbage-first heap   total 225280K, used 130695K [0x00000006e0000000, 0x0000000800000000)
  region size 1024K, 5 young (5120K), 5 survivors (5120K)
 Metaspace       used 94730K, capacity 96926K, committed 97156K, reserved 1134592K
  class space    used 12191K, capacity 13024K, committed 13056K, reserved 1048576K
}
Event: 41.588 GC heap before
{Heap before GC invocations=35 (full 0):
 garbage-first heap   total 225280K, used 133767K [0x00000006e0000000, 0x0000000800000000)
  region size 1024K, 9 young (9216K), 5 survivors (5120K)
 Metaspace       used 94731K, capacity 96926K, committed 97156K, reserved 1134592K
  class space    used 12191K, capacity 13024K, committed 13056K, reserved 1048576K
}
Event: 41.605 GC heap after
{Heap after GC invocations=36 (full 0):
 garbage-first heap   total 225280K, used 133349K [0x00000006e0000000, 0x0000000800000000)
  region size 1024K, 2 young (2048K), 2 survivors (2048K)
 Metaspace       used 94731K, capacity 96926K, committed 97156K, reserved 1134592K
  class space    used 12191K, capacity 13024K, committed 13056K, reserved 1048576K
}
Event: 42.440 GC heap before
{Heap before GC invocations=37 (full 0):
 garbage-first heap   total 225280K, used 163045K [0x00000006e0000000, 0x0000000800000000)
  region size 1024K, 30 young (30720K), 2 survivors (2048K)
 Metaspace       used 97027K, capacity 99208K, committed 99460K, reserved 1134592K
  class space    used 12674K, capacity 13508K, committed 13568K, reserved 1048576K
}
Event: 42.469 GC heap after
{Heap after GC invocations=38 (full 0):
 garbage-first heap   total 225280K, used 144621K [0x00000006e0000000, 0x0000000800000000)
  region size 1024K, 4 young (4096K), 4 survivors (4096K)
 Metaspace       used 97027K, capacity 99208K, committed 99460K, reserved 1134592K
  class space    used 12674K, capacity 13508K, committed 13568K, reserved 1048576K
}
Event: 42.776 GC heap before
{Heap before GC invocations=38 (full 0):
 garbage-first heap   total 225280K, used 170221K [0x00000006e0000000, 0x0000000800000000)
  region size 1024K, 29 young (29696K), 4 survivors (4096K)
 Metaspace       used 97135K, capacity 99343K, committed 99460K, reserved 1134592K
  class space    used 12674K, capacity 13508K, committed 13568K, reserved 1048576K
}
Event: 42.811 GC heap after
{Heap after GC invocations=39 (full 0):
 garbage-first heap   total 225280K, used 157696K [0x00000006e0000000, 0x0000000800000000)
  region size 1024K, 4 young (4096K), 4 survivors (4096K)
 Metaspace       used 97135K, capacity 99343K, committed 99460K, reserved 1134592K
  class space    used 12674K, capacity 13508K, committed 13568K, reserved 1048576K
}
Event: 43.140 GC heap before
{Heap before GC invocations=39 (full 0):
 garbage-first heap   total 225280K, used 178176K [0x00000006e0000000, 0x0000000800000000)
  region size 1024K, 24 young (24576K), 4 survivors (4096K)
 Metaspace       used 97149K, capacity 99346K, committed 99460K, reserved 1134592K
  class space    used 12674K, capacity 13508K, committed 13568K, reserved 1048576K
}
Event: 43.165 GC heap after
{Heap after GC invocations=40 (full 0):
 garbage-first heap   total 293888K, used 168960K [0x00000006e0000000, 0x0000000800000000)
  region size 1024K, 3 young (3072K), 3 survivors (3072K)
 Metaspace       used 97149K, capacity 99346K, committed 99460K, reserved 1134592K
  class space    used 12674K, capacity 13508K, committed 13568K, reserved 1048576K
}
Event: 43.742 GC heap before
{Heap before GC invocations=41 (full 0):
 garbage-first heap   total 293888K, used 206848K [0x00000006e0000000, 0x0000000800000000)
  region size 1024K, 41 young (41984K), 3 survivors (3072K)
 Metaspace       used 97160K, capacity 99346K, committed 99460K, reserved 1134592K
  class space    used 12674K, capacity 13508K, committed 13568K, reserved 1048576K
}
Event: 43.785 GC heap after
{Heap after GC invocations=42 (full 0):
 garbage-first heap   total 293888K, used 188928K [0x00000006e0000000, 0x0000000800000000)
  region size 1024K, 6 young (6144K), 6 survivors (6144K)
 Metaspace       used 97160K, capacity 99346K, committed 99460K, reserved 1134592K
  class space    used 12674K, capacity 13508K, committed 13568K, reserved 1048576K
}
Event: 44.721 GC heap before
{Heap before GC invocations=42 (full 0):
 garbage-first heap   total 293888K, used 219648K [0x00000006e0000000, 0x0000000800000000)
  region size 1024K, 37 young (37888K), 6 survivors (6144K)
 Metaspace       used 99389K, capacity 101669K, committed 101892K, reserved 1136640K
  class space    used 12987K, capacity 13847K, committed 13952K, reserved 1048576K
}
Event: 44.753 GC heap after
{Heap after GC invocations=43 (full 0):
 garbage-first heap   total 293888K, used 196096K [0x00000006e0000000, 0x0000000800000000)
  region size 1024K, 5 young (5120K), 5 survivors (5120K)
 Metaspace       used 99389K, capacity 101669K, committed 101892K, reserved 1136640K
  class space    used 12987K, capacity 13847K, committed 13952K, reserved 1048576K
}
Event: 45.928 GC heap before
{Heap before GC invocations=44 (full 0):
 garbage-first heap   total 293888K, used 215552K [0x00000006e0000000, 0x0000000800000000)
  region size 1024K, 36 young (36864K), 5 survivors (5120K)
 Metaspace       used 100191K, capacity 102636K, committed 102788K, reserved 1138688K
  class space    used 13109K, capacity 14060K, committed 14080K, reserved 1048576K
}
Event: 45.954 GC heap after
{Heap after GC invocations=45 (full 0):
 garbage-first heap   total 293888K, used 189249K [0x00000006e0000000, 0x0000000800000000)
  region size 1024K, 4 young (4096K), 4 survivors (4096K)
 Metaspace       used 100191K, capacity 102636K, committed 102788K, reserved 1138688K
  class space    used 13109K, capacity 14060K, committed 14080K, reserved 1048576K
}
Event: 45.990 GC heap before
{Heap before GC invocations=45 (full 0):
 garbage-first heap   total 293888K, used 199489K [0x00000006e0000000, 0x0000000800000000)
  region size 1024K, 14 young (14336K), 4 survivors (4096K)
 Metaspace       used 100195K, capacity 102640K, committed 102788K, reserved 1138688K
  class space    used 13110K, capacity 14061K, committed 14080K, reserved 1048576K
}

Deoptimization events (20 events):
Event: 45.864 Thread 0x00000243dad27000 DEOPT PACKING pc=0x00000243ba3b5407 sp=0x000000d2e0dfec50
Event: 45.864 Thread 0x00000243dad27000 DEOPT UNPACKING pc=0x00000243b82a6fde sp=0x000000d2e0dfe110 mode 0
Event: 45.865 Thread 0x00000243dad27000 DEOPT PACKING pc=0x00000243ba3b5407 sp=0x000000d2e0dfec50
Event: 45.865 Thread 0x00000243dad27000 DEOPT UNPACKING pc=0x00000243b82a6fde sp=0x000000d2e0dfe110 mode 0
Event: 45.866 Thread 0x00000243dad27000 DEOPT PACKING pc=0x00000243ba3b5407 sp=0x000000d2e0dfec50
Event: 45.866 Thread 0x00000243dad27000 DEOPT UNPACKING pc=0x00000243b82a6fde sp=0x000000d2e0dfe110 mode 0
Event: 45.866 Thread 0x00000243dad27000 DEOPT PACKING pc=0x00000243ba3b5407 sp=0x000000d2e0dfec50
Event: 45.866 Thread 0x00000243dad27000 DEOPT UNPACKING pc=0x00000243b82a6fde sp=0x000000d2e0dfe110 mode 0
Event: 45.867 Thread 0x00000243dad27000 DEOPT PACKING pc=0x00000243ba3b5407 sp=0x000000d2e0dfec50
Event: 45.867 Thread 0x00000243dad27000 DEOPT UNPACKING pc=0x00000243b82a6fde sp=0x000000d2e0dfe110 mode 0
Event: 45.867 Thread 0x00000243dad27000 DEOPT PACKING pc=0x00000243ba3b5407 sp=0x000000d2e0dfec50
Event: 45.867 Thread 0x00000243dad27000 DEOPT UNPACKING pc=0x00000243b82a6fde sp=0x000000d2e0dfe110 mode 0
Event: 45.868 Thread 0x00000243dad27000 DEOPT PACKING pc=0x00000243ba3b5407 sp=0x000000d2e0dfec50
Event: 45.868 Thread 0x00000243dad27000 DEOPT UNPACKING pc=0x00000243b82a6fde sp=0x000000d2e0dfe110 mode 0
Event: 45.869 Thread 0x00000243dad27000 DEOPT PACKING pc=0x00000243ba3b5407 sp=0x000000d2e0dfec50
Event: 45.869 Thread 0x00000243dad27000 DEOPT UNPACKING pc=0x00000243b82a6fde sp=0x000000d2e0dfe110 mode 0
Event: 45.869 Thread 0x00000243dad27000 DEOPT PACKING pc=0x00000243ba3b5407 sp=0x000000d2e0dfec50
Event: 45.869 Thread 0x00000243dad27000 DEOPT UNPACKING pc=0x00000243b82a6fde sp=0x000000d2e0dfe110 mode 0
Event: 45.870 Thread 0x00000243dad27000 DEOPT PACKING pc=0x00000243ba3b5407 sp=0x000000d2e0dfec50
Event: 45.870 Thread 0x00000243dad27000 DEOPT UNPACKING pc=0x00000243b82a6fde sp=0x000000d2e0dfe110 mode 0

Classes redefined (0 events):
No events

Internal exceptions (20 events):
Event: 40.689 Thread 0x00000243dad1d000 Exception <a 'java/lang/NoSuchMethodError'{0x00000006ea01de88}: 'void java.lang.invoke.DirectMethodHandle$Holder.invokeStatic(java.lang.Object, long)'> (0x00000006ea01de88) thrown at [./src/hotspot/share/interpreter/linkResolver.cpp, line 773]
Event: 40.690 Thread 0x00000243dad1d000 Exception <a 'java/lang/NoSuchMethodError'{0x00000006ea0230a0}: 'java.lang.Object java.lang.invoke.DirectMethodHandle$Holder.invokeStatic(java.lang.Object, long)'> (0x00000006ea0230a0) thrown at [./src/hotspot/share/interpreter/linkResolver.cpp, line 773]
Event: 40.693 Thread 0x00000243dad1d000 Exception <a 'java/lang/NoSuchMethodError'{0x00000006ea031408}: 'java.lang.Object java.lang.invoke.DirectMethodHandle$Holder.invokeStaticInit(java.lang.Object, java.lang.Object, long, java.lang.Object)'> (0x00000006ea031408) thrown at [./src/hotspot/share/interpreter/linkResolver.cpp, line 773]
Event: 40.693 Thread 0x00000243dad1d000 Exception <a 'java/lang/NoSuchMethodError'{0x00000006ea0375a0}: 'java.lang.Object java.lang.invoke.DirectMethodHandle$Holder.invokeStatic(java.lang.Object, java.lang.Object, long)'> (0x00000006ea0375a0) thrown at [./src/hotspot/share/interpreter/linkResolver.cpp, line 773]
Event: 40.694 Thread 0x00000243dad1d000 Exception <a 'java/lang/NoSuchMethodError'{0x00000006ea03db18}: 'java.lang.Object java.lang.invoke.Invokers$Holder.linkToTargetMethod(java.lang.Object, long, java.lang.Object)'> (0x00000006ea03db18) thrown at [./src/hotspot/share/interpreter/linkResolver.cpp, line 773]
Event: 40.756 Thread 0x00000243dad24800 Exception <a 'java/lang/NoSuchMethodError'{0x00000006e9b81d80}: 'java.lang.Object java.lang.invoke.DirectMethodHandle$Holder.invokeStaticInit(java.lang.Object, java.lang.Object, java.lang.Object, java.lang.Object, java.lang.Object, java.lang.Object, java.lang.Object, java.lang.Object, java.lang.Object, java.lang.Object, java.lang.Object, java.lang.Object, java.lang.Object, java.lang.Object, java.lang.Object, java.lang.Object, java.lang.Object, java.lang.Object, int, java.lang.Object, java.lang.Object)'> (0
Event: 41.826 Thread 0x00000243dad27000 Exception <a 'java/lang/NoSuchMethodError'{0x00000006eca7f400}: 'java.lang.Object java.lang.invoke.DirectMethodHandle$Holder.newInvokeSpecial(java.lang.Object, int)'> (0x00000006eca7f400) thrown at [./src/hotspot/share/interpreter/linkResolver.cpp, line 773]
Event: 42.116 Thread 0x00000243dad26000 Exception <a 'java/lang/IncompatibleClassChangeError'{0x00000006ec6930d8}: Found class java.lang.Object, but interface was expected> (0x00000006ec6930d8) thrown at [./src/hotspot/share/interpreter/linkResolver.cpp, line 839]
Event: 42.121 Thread 0x00000243dad26000 Exception <a 'java/lang/IncompatibleClassChangeError'{0x00000006ec6b2460}: Found class java.lang.Object, but interface was expected> (0x00000006ec6b2460) thrown at [./src/hotspot/share/interpreter/linkResolver.cpp, line 839]
Event: 42.121 Thread 0x00000243dad26000 Exception <a 'java/lang/IncompatibleClassChangeError'{0x00000006ec6b9e60}: Found class java.lang.Object, but interface was expected> (0x00000006ec6b9e60) thrown at [./src/hotspot/share/interpreter/linkResolver.cpp, line 839]
Event: 42.171 Thread 0x00000243dad1d000 Exception <a 'java/lang/NoSuchMethodError'{0x00000006ec5bf400}: 'int java.lang.invoke.DirectMethodHandle$Holder.invokeSpecialIFC(java.lang.Object, java.lang.Object, java.lang.Object)'> (0x00000006ec5bf400) thrown at [./src/hotspot/share/interpreter/linkResolver.cpp, line 773]
Event: 43.861 Thread 0x00000243dad24800 Exception <a 'java/lang/NoSuchMethodError'{0x00000006f1a38bd8}: 'int java.lang.invoke.DirectMethodHandle$Holder.invokeVirtual(java.lang.Object, java.lang.Object, java.lang.Object, java.lang.Object)'> (0x00000006f1a38bd8) thrown at [./src/hotspot/share/interpreter/linkResolver.cpp, line 773]
Event: 43.978 Thread 0x00000243dad24800 Exception <a 'java/lang/IncompatibleClassChangeError'{0x00000006f183b3a8}: Found class java.lang.Object, but interface was expected> (0x00000006f183b3a8) thrown at [./src/hotspot/share/interpreter/linkResolver.cpp, line 839]
Event: 43.985 Thread 0x00000243dad2b000 Exception <a 'java/lang/NoSuchMethodError'{0x00000006f1c5cae0}: 'int java.lang.invoke.DirectMethodHandle$Holder.invokeVirtual(java.lang.Object, java.lang.Object, java.lang.Object)'> (0x00000006f1c5cae0) thrown at [./src/hotspot/share/interpreter/linkResolver.cpp, line 773]
Event: 44.673 Thread 0x00000243dad24800 Exception <a 'java/lang/NoSuchMethodError'{0x00000006f0162838}: 'int java.lang.invoke.DirectMethodHandle$Holder.invokeSpecial(java.lang.Object, java.lang.Object, java.lang.Object, java.lang.Object, java.lang.Object)'> (0x00000006f0162838) thrown at [./src/hotspot/share/interpreter/linkResolver.cpp, line 773]
Event: 44.964 Thread 0x00000243dad24800 Exception <a 'java/lang/IncompatibleClassChangeError'{0x00000006f1b9d560}: Found class java.lang.Object, but interface was expected> (0x00000006f1b9d560) thrown at [./src/hotspot/share/interpreter/linkResolver.cpp, line 839]
Event: 44.979 Thread 0x00000243dad24800 Exception <a 'java/lang/NoSuchMethodError'{0x00000006f1bfd658}: 'java.lang.Object java.lang.invoke.Invokers$Holder.linkToTargetMethod(java.lang.Object, int, java.lang.Object, java.lang.Object, java.lang.Object, java.lang.Object)'> (0x00000006f1bfd658) thrown at [./src/hotspot/share/interpreter/linkResolver.cpp, line 773]
Event: 44.991 Thread 0x00000243dad24800 Exception <a 'java/lang/NoSuchMethodError'{0x00000006f1a4da00}: 'java.lang.Object java.lang.invoke.Invokers$Holder.linkToTargetMethod(java.lang.Object, java.lang.Object, java.lang.Object, int, java.lang.Object, java.lang.Object, java.lang.Object)'> (0x00000006f1a4da00) thrown at [./src/hotspot/share/interpreter/linkResolver.cpp, line 773]
Event: 45.150 Thread 0x00000243dad24800 Exception <a 'java/lang/NoSuchMethodError'{0x00000006f19a4ed0}: 'void java.lang.invoke.DirectMethodHandle$Holder.invokeStatic(java.lang.Object, java.lang.Object, java.lang.Object, java.lang.Object, java.lang.Object, java.lang.Object, java.lang.Object, java.lang.Object)'> (0x00000006f19a4ed0) thrown at [./src/hotspot/share/interpreter/linkResolver.cpp, line 773]
Event: 45.219 Thread 0x00000243dad24800 Implicit null exception at 0x00000243c0535cef to 0x00000243c0535e04

Events (20 events):
Event: 45.901 loading class com/android/tools/r8/dex/S done
Event: 45.902 loading class com/android/tools/r8/graph/N0
Event: 45.902 loading class com/android/tools/r8/graph/N0 done
Event: 45.902 loading class com/android/tools/r8/graph/N0
Event: 45.902 loading class com/android/tools/r8/graph/N0 done
Event: 45.902 loading class com/android/tools/r8/dex/S
Event: 45.902 loading class com/android/tools/r8/dex/S done
Event: 45.910 loading class com/android/tools/r8/graph/b2
Event: 45.910 loading class com/android/tools/r8/graph/b2 done
Event: 45.910 loading class com/android/tools/r8/naming/c
Event: 45.910 loading class com/android/tools/r8/naming/c done
Event: 45.924 loading class com/android/tools/r8/graph/S0
Event: 45.924 loading class com/android/tools/r8/graph/S0 done
Event: 45.924 loading class com/android/tools/r8/graph/b2
Event: 45.924 loading class com/android/tools/r8/graph/b2 done
Event: 45.928 Executing VM operation: G1CollectForAllocation
Event: 45.954 Executing VM operation: G1CollectForAllocation done
Event: 45.958 loading class com/android/tools/r8/graph/S0
Event: 45.958 loading class com/android/tools/r8/graph/S0 done
Event: 45.990 Executing VM operation: G1CollectForAllocation


Dynamic libraries:
0x00007ff6ac1e0000 - 0x00007ff6ac1ea000 	C:\Program Files\Android\Android Studio\jre\bin\java.exe
0x00007ffa2e970000 - 0x00007ffa2eb65000 	C:\Windows\SYSTEM32\ntdll.dll
0x00007ffa2d650000 - 0x00007ffa2d70e000 	C:\Windows\System32\KERNEL32.DLL
0x00007ffa2c1e0000 - 0x00007ffa2c4a8000 	C:\Windows\System32\KERNELBASE.dll
0x00007ffa2c890000 - 0x00007ffa2c990000 	C:\Windows\System32\ucrtbase.dll
0x00007ffa19610000 - 0x00007ffa19629000 	C:\Program Files\Android\Android Studio\jre\bin\jli.dll
0x00007ffa2e050000 - 0x00007ffa2e1f0000 	C:\Windows\System32\USER32.dll
0x00007ffa2c990000 - 0x00007ffa2c9b2000 	C:\Windows\System32\win32u.dll
0x00007ffa2d4e0000 - 0x00007ffa2d50b000 	C:\Windows\System32\GDI32.dll
0x00007ffa2c5b0000 - 0x00007ffa2c6bd000 	C:\Windows\System32\gdi32full.dll
0x00007ffa2c080000 - 0x00007ffa2c11d000 	C:\Windows\System32\msvcp_win.dll
0x00007ffa25050000 - 0x00007ffa25067000 	C:\Program Files\Android\Android Studio\jre\bin\VCRUNTIME140.dll
0x00007ffa24830000 - 0x00007ffa24aca000 	C:\Windows\WinSxS\amd64_microsoft.windows.common-controls_6595b64144ccf1df_6.0.19041.1110_none_60b5254171f9507e\COMCTL32.dll
0x00007ffa2d770000 - 0x00007ffa2d80e000 	C:\Windows\System32\msvcrt.dll
0x00007ffa2df60000 - 0x00007ffa2df90000 	C:\Windows\System32\IMM32.DLL
0x00007ffa2a8e0000 - 0x00007ffa2a946000 	C:\Windows\system32\nvinitx.dll
0x00007ffa2d5a0000 - 0x00007ffa2d64e000 	C:\Windows\System32\ADVAPI32.dll
0x00007ffa2e890000 - 0x00007ffa2e92c000 	C:\Windows\System32\sechost.dll
0x00007ffa2d890000 - 0x00007ffa2d9b5000 	C:\Windows\System32\RPCRT4.dll
0x00007ff9feb40000 - 0x00007ff9febdd000 	C:\Program Files\Android\Android Studio\jre\bin\msvcp140.dll
0x00007ff9f0760000 - 0x00007ff9f1235000 	C:\Program Files\Android\Android Studio\jre\bin\server\jvm.dll
0x00007ffa2ccb0000 - 0x00007ffa2ccb8000 	C:\Windows\System32\PSAPI.DLL
0x00007ffa0e0c0000 - 0x00007ffa0e0c9000 	C:\Windows\SYSTEM32\WSOCK32.dll
0x00007ffa24ae0000 - 0x00007ffa24b07000 	C:\Windows\SYSTEM32\WINMM.dll
0x00007ffa2e820000 - 0x00007ffa2e88b000 	C:\Windows\System32\WS2_32.dll
0x00007ffa24ad0000 - 0x00007ffa24ada000 	C:\Windows\SYSTEM32\VERSION.dll
0x00007ffa29ee0000 - 0x00007ffa29ef2000 	C:\Windows\SYSTEM32\kernel.appcore.dll
0x00007ffa15130000 - 0x00007ffa15141000 	C:\Program Files\Android\Android Studio\jre\bin\verify.dll
0x00007ffa18fb0000 - 0x00007ffa19194000 	C:\Windows\SYSTEM32\DBGHELP.DLL
0x00007ffa1a330000 - 0x00007ffa1a35c000 	C:\Windows\SYSTEM32\dbgcore.DLL
0x00007ffa2c120000 - 0x00007ffa2c1a2000 	C:\Windows\System32\bcryptPrimitives.dll
0x00007ffa0be20000 - 0x00007ffa0be49000 	C:\Program Files\Android\Android Studio\jre\bin\java.dll
0x00007ffa25040000 - 0x00007ffa2504b000 	C:\Program Files\Android\Android Studio\jre\bin\jimage.dll
0x00007ffa172e0000 - 0x00007ffa172f8000 	C:\Program Files\Android\Android Studio\jre\bin\zip.dll
0x00007ffa2ccc0000 - 0x00007ffa2d404000 	C:\Windows\System32\SHELL32.dll
0x00007ffa2a0e0000 - 0x00007ffa2a874000 	C:\Windows\SYSTEM32\windows.storage.dll
0x00007ffa2e1f0000 - 0x00007ffa2e545000 	C:\Windows\System32\combase.dll
0x00007ffa2bad0000 - 0x00007ffa2bafe000 	C:\Windows\SYSTEM32\Wldp.dll
0x00007ffa2df90000 - 0x00007ffa2e03d000 	C:\Windows\System32\SHCORE.dll
0x00007ffa2d830000 - 0x00007ffa2d885000 	C:\Windows\System32\shlwapi.dll
0x00007ffa2bfc0000 - 0x00007ffa2bfdf000 	C:\Windows\SYSTEM32\profapi.dll
0x00007ffa172c0000 - 0x00007ffa172da000 	C:\Program Files\Android\Android Studio\jre\bin\net.dll
0x00007ffa24f10000 - 0x00007ffa2501c000 	C:\Windows\SYSTEM32\WINHTTP.dll
0x00007ffa2b830000 - 0x00007ffa2b89a000 	C:\Windows\system32\mswsock.dll
0x00007ffa07780000 - 0x00007ffa07794000 	C:\Program Files\Android\Android Studio\jre\bin\nio.dll
0x00007ffa07b40000 - 0x00007ffa07b67000 	C:\Users\Arun Singh Rawat\.gradle\native\e1d6ef7f7dcc3fd88c89a11ec53ec762bb8ba0a96d01ffa2cd45eb1d1d8dd5c5\windows-amd64\native-platform.dll
0x00007ff9eeeb0000 - 0x00007ff9eeff4000 	C:\Users\Arun Singh Rawat\.gradle\native\5664cfc778a61ccfe75a443a1ab52a65af34e5dc3c78e0209fed803814484fcb\windows-amd64\native-platform-file-events.dll
0x00007ffa26120000 - 0x00007ffa2612a000 	C:\Program Files\Android\Android Studio\jre\bin\management.dll
0x00007ffa1eac0000 - 0x00007ffa1eacd000 	C:\Program Files\Android\Android Studio\jre\bin\management_ext.dll
0x00007ffa2ba20000 - 0x00007ffa2ba38000 	C:\Windows\SYSTEM32\CRYPTSP.dll
0x00007ffa2b140000 - 0x00007ffa2b174000 	C:\Windows\system32\rsaenh.dll
0x00007ffa2c1b0000 - 0x00007ffa2c1d7000 	C:\Windows\System32\bcrypt.dll
0x00007ffa2bf40000 - 0x00007ffa2bf6e000 	C:\Windows\SYSTEM32\USERENV.dll
0x00007ffa2ba40000 - 0x00007ffa2ba4c000 	C:\Windows\SYSTEM32\CRYPTBASE.dll
0x00007ffa2b4d0000 - 0x00007ffa2b50b000 	C:\Windows\SYSTEM32\IPHLPAPI.DLL
0x00007ffa2e040000 - 0x00007ffa2e048000 	C:\Windows\System32\NSI.dll
0x00007ffa20a10000 - 0x00007ffa20a27000 	C:\Windows\SYSTEM32\dhcpcsvc6.DLL
0x00007ffa20ae0000 - 0x00007ffa20afd000 	C:\Windows\SYSTEM32\dhcpcsvc.DLL
0x00007ffa2b520000 - 0x00007ffa2b5eb000 	C:\Windows\SYSTEM32\DNSAPI.dll

dbghelp: loaded successfully - version: 4.0.5 - missing functions: none
symbol engine: initialized successfully - sym options: 0x614 - pdb path: .;C:\Program Files\Android\Android Studio\jre\bin;C:\Windows\SYSTEM32;C:\Windows\WinSxS\amd64_microsoft.windows.common-controls_6595b64144ccf1df_6.0.19041.1110_none_60b5254171f9507e;C:\Program Files\Android\Android Studio\jre\bin\server;C:\Users\Arun Singh Rawat\.gradle\native\e1d6ef7f7dcc3fd88c89a11ec53ec762bb8ba0a96d01ffa2cd45eb1d1d8dd5c5\windows-amd64;C:\Users\Arun Singh Rawat\.gradle\native\5664cfc778a61ccfe75a443a1ab52a65af34e5dc3c78e0209fed803814484fcb\windows-amd64

VM Arguments:
jvm_args: --add-opens=java.base/java.util=ALL-UNNAMED --add-opens=java.base/java.lang=ALL-UNNAMED --add-opens=java.base/java.lang.invoke=ALL-UNNAMED --add-opens=java.base/java.util=ALL-UNNAMED --add-opens=java.prefs/java.util.prefs=ALL-UNNAMED --add-opens=java.prefs/java.util.prefs=ALL-UNNAMED --add-opens=java.base/java.nio.charset=ALL-UNNAMED --add-opens=java.base/java.net=ALL-UNNAMED --add-opens=java.base/java.util.concurrent.atomic=ALL-UNNAMED -Xmx4608m -Dfile.encoding=windows-1252 -Duser.country=IN -Duser.language=en -Duser.variant 
java_command: org.gradle.launcher.daemon.bootstrap.GradleDaemon 7.2
java_class_path (initial): C:\Users\Arun Singh Rawat\.gradle\wrapper\dists\gradle-7.2-bin\2dnblmf4td7x66yl1d74lt32g\gradle-7.2\lib\gradle-launcher-7.2.jar
Launcher Type: SUN_STANDARD

[Global flags]
     intx CICompilerCount                          = 3                                         {product} {ergonomic}
     uint ConcGCThreads                            = 1                                         {product} {ergonomic}
     uint G1ConcRefinementThreads                  = 4                                         {product} {ergonomic}
   size_t G1HeapRegionSize                         = 1048576                                   {product} {ergonomic}
    uintx GCDrainStackTargetSize                   = 64                                        {product} {ergonomic}
   size_t InitialHeapSize                          = 132120576                                 {product} {ergonomic}
   size_t MarkStackSize                            = 4194304                                   {product} {ergonomic}
   size_t MaxHeapSize                              = 4831838208                                {product} {command line}
   size_t MaxNewSize                               = 2898264064                                {product} {ergonomic}
   size_t MinHeapDeltaBytes                        = 1048576                                   {product} {ergonomic}
    uintx NonNMethodCodeHeapSize                   = 5830732                                {pd product} {ergonomic}
    uintx NonProfiledCodeHeapSize                  = 122913754                              {pd product} {ergonomic}
    uintx ProfiledCodeHeapSize                     = 122913754                              {pd product} {ergonomic}
    uintx ReservedCodeCacheSize                    = 251658240                              {pd product} {ergonomic}
     bool SegmentedCodeCache                       = true                                      {product} {ergonomic}
     bool UseCompressedClassPointers               = true                                 {lp64_product} {ergonomic}
     bool UseCompressedOops                        = true                                 {lp64_product} {ergonomic}
     bool UseG1GC                                  = true                                      {product} {ergonomic}
     bool UseLargePagesIndividualAllocation        = false                                  {pd product} {ergonomic}

Logging:
Log output configuration:
 #0: stdout all=warning uptime,level,tags
 #1: stderr all=off uptime,level,tags

Environment Variables:
PATH=C:\Program Files (x86)\NVIDIA Corporation\PhysX\Common;C:\Program Files (x86)\Intel\iCLS Client\;C:\Program Files\Intel\iCLS Client\;C:\Windows\system32;C:\Windows;C:\Windows\System32\Wbem;C:\Windows\System32\WindowsPowerShell\v1.0\;C:\Windows\System32\OpenSSH\;C:\Program Files\Intel\Intel(R) Management Engine Components\DAL;C:\Program Files\Intel\Intel(R) Management Engine Components\IPT;C:\Program Files (x86)\Intel\Intel(R) Management Engine Components\DAL;C:\Program Files (x86)\Intel\Intel(R) Management Engine Components\IPT;C:\Program Files (x86)\Intel\OpenCL SDK\2.0\bin\x86;C:\Program Files (x86)\Intel\OpenCL SDK\2.0\bin\x64;E:\Git\cmd;C:\Users\Arun Singh Rawat\AppData\Local\Microsoft\WindowsApps;;.;
USERNAME=Arun Singh Rawat
OS=Windows_NT
PROCESSOR_IDENTIFIER=Intel64 Family 6 Model 58 Stepping 9, GenuineIntel



---------------  S Y S T E M  ---------------

OS: Windows 10 , 64 bit Build 19041 (10.0.19041.1503)
OS uptime: 1 days 5:51 hours

CPU:total 4 (initial active 4) (2 cores per cpu, 2 threads per core) family 6 model 58 stepping 9 microcode 0x21, cmov, cx8, fxsr, mmx, sse, sse2, sse3, ssse3, sse4.1, sse4.2, popcnt, avx, clmul, erms, ht, tsc, tscinvbit, tscinv

Memory: 4k page, system-wide physical 8052M (582M free)
TotalPageFile size 11855M (AvailPageFile size 22M)
current process WorkingSet (physical memory assigned to process): 567M, peak: 568M
current process commit charge ("private bytes"): 621M, peak: 793M

vm_info: OpenJDK 64-Bit Server VM (11.0.11+9-b60-7590822) for windows-amd64 JRE (11.0.11+9-b60-7590822), built on Jul 29 2021 21:43:44 by "builder" with MS VC++ 14.0 (VS2015)

END.
