#
# There is insufficient memory for the Java Runtime Environment to continue.
# Native memory allocation (mmap) failed to map 209715200 bytes for Failed to commit area from 0x00000006f0800000 to 0x00000006fd000000 of length 209715200.
# Possible reasons:
#   The system is out of physical RAM or swap space
#   The process is running with CompressedOops enabled, and the Java Heap may be blocking the growth of the native heap
# Possible solutions:
#   Reduce memory load on the system
#   Increase physical memory or swap space
#   Check if swap backing store is full
#   Decrease Java heap size (-Xmx/-Xms)
#   Decrease number of Java threads
#   Decrease Java thread stack sizes (-Xss)
#   Set larger code cache with -XX:ReservedCodeCacheSize=
#   JVM is running with Zero Based Compressed Oops mode in which the Java heap is
#     placed in the first 32GB address space. The Java Heap base address is the
#     maximum limit for the native heap growth. Please use -XX:HeapBaseMinAddress
#     to set the Java Heap base and to place the Java Heap above 32GB virtual address.
# This output file may be truncated or incomplete.
#
#  Out of Memory Error (./src/hotspot/os/windows/os_windows.cpp:3301), pid=10576, tid=13852
#
# JRE version: OpenJDK Runtime Environment (11.0.11+9) (build 11.0.11+9-b60-7590822)
# Java VM: OpenJDK 64-Bit Server VM (11.0.11+9-b60-7590822, mixed mode, tiered, compressed oops, g1 gc, windows-amd64)
# No core dump will be written. Minidumps are not enabled by default on client versions of Windows
#

---------------  S U M M A R Y ------------

Command Line: --add-opens=java.base/java.util=ALL-UNNAMED --add-opens=java.base/java.lang=ALL-UNNAMED --add-opens=java.base/java.lang.invoke=ALL-UNNAMED --add-opens=java.base/java.util=ALL-UNNAMED --add-opens=java.prefs/java.util.prefs=ALL-UNNAMED --add-opens=java.prefs/java.util.prefs=ALL-UNNAMED --add-opens=java.base/java.nio.charset=ALL-UNNAMED --add-opens=java.base/java.net=ALL-UNNAMED --add-opens=java.base/java.util.concurrent.atomic=ALL-UNNAMED -Xmx4608m -Dfile.encoding=windows-1252 -Duser.country=IN -Duser.language=en -Duser.variant org.gradle.launcher.daemon.bootstrap.GradleDaemon 7.2

Host: Intel(R) Core(TM) i5-3230M CPU @ 2.60GHz, 4 cores, 7G,  Windows 10 , 64 bit Build 19041 (10.0.19041.1503)
Time: Thu Jun  2 21:12:08 2022 India Standard Time elapsed time: 68.451885 seconds (0d 0h 1m 8s)

---------------  T H R E A D  ---------------

Current thread (0x00000267a0a77800):  VMThread "VM Thread" [stack: 0x000000ea48900000,0x000000ea48a00000] [id=13852]

Stack: [0x000000ea48900000,0x000000ea48a00000]
[error occurred during error reporting (printing stack bounds), id 0xc0000005, EXCEPTION_ACCESS_VIOLATION (0xc0000005) at pc=0x0000026783a40f2d]

Native frames: (J=compiled Java code, j=interpreted, Vv=VM code, C=native code)
V  [jvm.dll+0x5f214a]
V  [jvm.dll+0x726fb5]
V  [jvm.dll+0x7285cd]
V  [jvm.dll+0x728be5]
V  [jvm.dll+0x728b9b]
V  [jvm.dll+0x5f14e8]
V  [jvm.dll+0x5f1c78]
C  [ntdll.dll+0xa20cf]
C  [ntdll.dll+0x51454]
C  [ntdll.dll+0xa0bfe]
C  0x0000026783a40f2d

VM_Operation (0x000000ea4e7fd560): G1CollectForAllocation, mode: safepoint, requested by thread 0x00000267a8267000


---------------  P R O C E S S  ---------------

Threads class SMR info:
_java_thread_list=0x00000267ace66a60, length=94, elements={
0x00000267fd139000, 0x00000267a022f000, 0x00000267a023d000, 0x00000267a0249000,
0x00000267a0ac6800, 0x00000267a0aca800, 0x00000267a0ad0800, 0x00000267a0ad3000,
0x00000267a0ad5000, 0x00000267a0c3b800, 0x00000267a1288800, 0x00000267a34a1800,
0x00000267a0d22800, 0x00000267a3076000, 0x00000267a37e4800, 0x00000267a20c1000,
0x00000267a20c0000, 0x00000267a20bf000, 0x00000267a20bc000, 0x00000267a20c2800,
0x00000267a2d10000, 0x00000267a2d11000, 0x00000267a2d0b800, 0x00000267a2d0c000,
0x00000267a2d0d000, 0x00000267a5cb3000, 0x00000267a5cb4000, 0x00000267a5caa000,
0x00000267a5cab000, 0x00000267a5cb1800, 0x00000267a5caf000, 0x00000267a5cb0000,
0x00000267a5cac800, 0x00000267a5cb0800, 0x00000267a5cac000, 0x00000267a5cb2800,
0x00000267a5cad800, 0x00000267a5cae000, 0x00000267a5cb5000, 0x00000267a5cb7000,
0x00000267a5cb8000, 0x00000267a5cb9000, 0x00000267a2d13800, 0x00000267a2d12800,
0x00000267a2d0e000, 0x00000267a2d14800, 0x00000267a2d0e800, 0x00000267a2d19000,
0x00000267a2d18800, 0x00000267a2d16000, 0x00000267a2d1a000, 0x00000267a2d15000,
0x00000267a2d17000, 0x00000267a2d17800, 0x00000267a20c1800, 0x00000267a20bc800,
0x00000267a20bd800, 0x00000267a20be800, 0x00000267a120f000, 0x00000267a120e800,
0x00000267a120b000, 0x00000267a120a800, 0x00000267a1211800, 0x00000267a120c000,
0x00000267a120c800, 0x00000267a1212800, 0x00000267a1213800, 0x00000267a1210000,
0x00000267a1211000, 0x00000267a120d800, 0x00000267a1216800, 0x00000267a1219000,
0x00000267a1215800, 0x00000267a1215000, 0x00000267a1214000, 0x00000267a1217800,
0x00000267a1218000, 0x00000267a825d000, 0x00000267a8261000, 0x00000267a8260800,
0x00000267a8263800, 0x00000267a825e000, 0x00000267a8264800, 0x00000267a8266000,
0x00000267a8267000, 0x00000267a8265800, 0x00000267a8267800, 0x00000267a8262000,
0x00000267a826b000, 0x00000267a8268800, 0x00000267a8269800, 0x00000267a826a000,
0x00000267a826c000, 0x00000267a865a000
}

Java Threads: ( => current thread )
  0x00000267fd139000 JavaThread "main" [_thread_blocked, id=7924, stack(0x000000ea48300000,0x000000ea48400000)]
  0x00000267a022f000 JavaThread "Reference Handler" daemon [_thread_blocked, id=13248, stack(0x000000ea48a00000,0x000000ea48b00000)]
  0x00000267a023d000 JavaThread "Finalizer" daemon [_thread_blocked, id=5784, stack(0x000000ea48b00000,0x000000ea48c00000)]
  0x00000267a0249000 JavaThread "Signal Dispatcher" daemon [_thread_blocked, id=9664, stack(0x000000ea48c00000,0x000000ea48d00000)]
  0x00000267a0ac6800 JavaThread "Attach Listener" daemon [_thread_blocked, id=6072, stack(0x000000ea48d00000,0x000000ea48e00000)]
  0x00000267a0aca800 JavaThread "Service Thread" daemon [_thread_blocked, id=6552, stack(0x000000ea48e00000,0x000000ea48f00000)]
  0x00000267a0ad0800 JavaThread "C2 CompilerThread0" daemon [_thread_blocked, id=11728, stack(0x000000ea48f00000,0x000000ea49000000)]
  0x00000267a0ad3000 JavaThread "C1 CompilerThread0" daemon [_thread_blocked, id=2884, stack(0x000000ea49000000,0x000000ea49100000)]
  0x00000267a0ad5000 JavaThread "Sweeper thread" daemon [_thread_blocked, id=6468, stack(0x000000ea49100000,0x000000ea49200000)]
  0x00000267a0c3b800 JavaThread "Common-Cleaner" daemon [_thread_blocked, id=11708, stack(0x000000ea49200000,0x000000ea49300000)]
  0x00000267a1288800 JavaThread "Daemon health stats" [_thread_blocked, id=11008, stack(0x000000ea49700000,0x000000ea49800000)]
  0x00000267a34a1800 JavaThread "Incoming local TCP Connector on port 64381" [_thread_in_native, id=3404, stack(0x000000ea49400000,0x000000ea49500000)]
  0x00000267a0d22800 JavaThread "Daemon periodic checks" [_thread_blocked, id=14060, stack(0x000000ea49800000,0x000000ea49900000)]
  0x00000267a3076000 JavaThread "Daemon" [_thread_blocked, id=10568, stack(0x000000ea49900000,0x000000ea49a00000)]
  0x00000267a37e4800 JavaThread "Daemon worker" [_thread_blocked, id=11388, stack(0x000000ea49c00000,0x000000ea49d00000)]
  0x00000267a20c1000 JavaThread "Cache worker for journal cache (C:\Users\Arun Singh Rawat\.gradle\caches\journal-1)" [_thread_blocked, id=14176, stack(0x000000ea4a100000,0x000000ea4a200000)]
  0x00000267a20c0000 JavaThread "File lock request listener" [_thread_in_native, id=12076, stack(0x000000ea4a200000,0x000000ea4a300000)]
  0x00000267a20bf000 JavaThread "Cache worker for file hash cache (C:\Users\Arun Singh Rawat\.gradle\caches\7.2\fileHashes)" [_thread_blocked, id=13832, stack(0x000000ea4a300000,0x000000ea4a400000)]
  0x00000267a20bc000 JavaThread "File watcher server" daemon [_thread_blocked, id=5620, stack(0x000000ea4a600000,0x000000ea4a700000)]
  0x00000267a20c2800 JavaThread "File watcher consumer" daemon [_thread_blocked, id=10544, stack(0x000000ea4a700000,0x000000ea4a800000)]
  0x00000267a2d10000 JavaThread "Cache worker for execution history cache (C:\Users\Arun Singh Rawat\.gradle\caches\7.2\executionHistory)" [_thread_blocked, id=8364, stack(0x000000ea4ab00000,0x000000ea4ac00000)]
  0x00000267a2d11000 JavaThread "jar transforms" [_thread_blocked, id=3028, stack(0x000000ea4a000000,0x000000ea4a100000)]
  0x00000267a2d0b800 JavaThread "Cache worker for file content cache (C:\Users\Arun Singh Rawat\.gradle\caches\7.2\fileContent)" [_thread_blocked, id=12008, stack(0x000000ea4ad00000,0x000000ea4ae00000)]
  0x00000267a2d0c000 JavaThread "jar transforms Thread 2" [_thread_blocked, id=1840, stack(0x000000ea4ae00000,0x000000ea4af00000)]
  0x00000267a2d0d000 JavaThread "jar transforms Thread 3" [_thread_blocked, id=13436, stack(0x000000ea4b000000,0x000000ea4b100000)]
  0x00000267a5cb3000 JavaThread "jar transforms Thread 4" [_thread_blocked, id=14152, stack(0x000000ea4da00000,0x000000ea4db00000)]
  0x00000267a5cb4000 JavaThread "Memory manager" [_thread_blocked, id=9716, stack(0x000000ea4db00000,0x000000ea4dc00000)]
  0x00000267a5caa000 JavaThread "Handler for socket connection from /127.0.0.1:64381 to /127.0.0.1:64387" [_thread_in_native, id=5532, stack(0x000000ea49d00000,0x000000ea49e00000)]
  0x00000267a5cab000 JavaThread "Cancel handler" [_thread_blocked, id=13744, stack(0x000000ea49e00000,0x000000ea49f00000)]
  0x00000267a5cb1800 JavaThread "Asynchronous log dispatcher for DefaultDaemonConnection: socket connection from /127.0.0.1:64381 to /127.0.0.1:64387" [_thread_blocked, id=9516, stack(0x000000ea49f00000,0x000000ea4a000000)]
  0x00000267a5caf000 JavaThread "Stdin handler" [_thread_blocked, id=6216, stack(0x000000ea4a500000,0x000000ea4a600000)]
  0x00000267a5cb0000 JavaThread "Daemon client event forwarder" [_thread_blocked, id=10700, stack(0x000000ea4a800000,0x000000ea4a900000)]
  0x00000267a5cac800 JavaThread "Cache worker for file hash cache (F:\MyATM\.gradle\7.2\fileHashes)" [_thread_blocked, id=13272, stack(0x000000ea4a900000,0x000000ea4aa00000)]
  0x00000267a5cb0800 JavaThread "Cache worker for checksums cache (F:\MyATM\.gradle\checksums)" [_thread_blocked, id=3376, stack(0x000000ea4aa00000,0x000000ea4ab00000)]
  0x00000267a5cac000 JavaThread "Cache worker for cache directory md-supplier (C:\Users\Arun Singh Rawat\.gradle\caches\7.2\md-supplier)" [_thread_blocked, id=13416, stack(0x000000ea4ac00000,0x000000ea4ad00000)]
  0x00000267a5cb2800 JavaThread "Cache worker for cache directory md-rule (C:\Users\Arun Singh Rawat\.gradle\caches\7.2\md-rule)" [_thread_blocked, id=1884, stack(0x000000ea4af00000,0x000000ea4b000000)]
  0x00000267a5cad800 JavaThread "Cache worker for dependencies-accessors (F:\MyATM\.gradle\7.2\dependencies-accessors)" [_thread_blocked, id=6432, stack(0x000000ea4b100000,0x000000ea4b200000)]
  0x00000267a5cae000 JavaThread "Cache worker for Build Output Cleanup Cache (F:\MyATM\.gradle\buildOutputCleanup)" [_thread_blocked, id=12732, stack(0x000000ea4b200000,0x000000ea4b300000)]
  0x00000267a5cb5000 JavaThread "Unconstrained build operations" [_thread_blocked, id=10828, stack(0x000000ea4b400000,0x000000ea4b500000)]
  0x00000267a5cb7000 JavaThread "Unconstrained build operations Thread 2" [_thread_blocked, id=5776, stack(0x000000ea4b500000,0x000000ea4b600000)]
  0x00000267a5cb8000 JavaThread "Unconstrained build operations Thread 3" [_thread_blocked, id=10584, stack(0x000000ea4b600000,0x000000ea4b700000)]
  0x00000267a5cb9000 JavaThread "Unconstrained build operations Thread 4" [_thread_blocked, id=1800, stack(0x000000ea4b700000,0x000000ea4b800000)]
  0x00000267a2d13800 JavaThread "Unconstrained build operations Thread 5" [_thread_blocked, id=11792, stack(0x000000ea4b800000,0x000000ea4b900000)]
  0x00000267a2d12800 JavaThread "Unconstrained build operations Thread 6" [_thread_blocked, id=7144, stack(0x000000ea4b900000,0x000000ea4ba00000)]
  0x00000267a2d0e000 JavaThread "Unconstrained build operations Thread 7" [_thread_blocked, id=3356, stack(0x000000ea4ba00000,0x000000ea4bb00000)]
  0x00000267a2d14800 JavaThread "Unconstrained build operations Thread 8" [_thread_blocked, id=3848, stack(0x000000ea4bb00000,0x000000ea4bc00000)]
  0x00000267a2d0e800 JavaThread "Unconstrained build operations Thread 9" [_thread_blocked, id=11476, stack(0x000000ea4bc00000,0x000000ea4bd00000)]
  0x00000267a2d19000 JavaThread "Unconstrained build operations Thread 10" [_thread_blocked, id=5956, stack(0x000000ea4bd00000,0x000000ea4be00000)]
  0x00000267a2d18800 JavaThread "Unconstrained build operations Thread 11" [_thread_blocked, id=5352, stack(0x000000ea4be00000,0x000000ea4bf00000)]
  0x00000267a2d16000 JavaThread "Unconstrained build operations Thread 12" [_thread_blocked, id=8264, stack(0x000000ea4bf00000,0x000000ea4c000000)]
  0x00000267a2d1a000 JavaThread "Unconstrained build operations Thread 13" [_thread_blocked, id=12264, stack(0x000000ea4c000000,0x000000ea4c100000)]
  0x00000267a2d15000 JavaThread "Unconstrained build operations Thread 14" [_thread_blocked, id=8684, stack(0x000000ea4c100000,0x000000ea4c200000)]
  0x00000267a2d17000 JavaThread "Unconstrained build operations Thread 15" [_thread_blocked, id=11776, stack(0x000000ea4c200000,0x000000ea4c300000)]
  0x00000267a2d17800 JavaThread "Unconstrained build operations Thread 16" [_thread_blocked, id=11928, stack(0x000000ea4c300000,0x000000ea4c400000)]
  0x00000267a20c1800 JavaThread "Unconstrained build operations Thread 17" [_thread_blocked, id=9260, stack(0x000000ea4c400000,0x000000ea4c500000)]
  0x00000267a20bc800 JavaThread "Unconstrained build operations Thread 18" [_thread_blocked, id=11204, stack(0x000000ea4c500000,0x000000ea4c600000)]
  0x00000267a20bd800 JavaThread "Unconstrained build operations Thread 19" [_thread_blocked, id=5056, stack(0x000000ea4c600000,0x000000ea4c700000)]
  0x00000267a20be800 JavaThread "Unconstrained build operations Thread 20" [_thread_blocked, id=4560, stack(0x000000ea4c700000,0x000000ea4c800000)]
  0x00000267a120f000 JavaThread "Unconstrained build operations Thread 21" [_thread_blocked, id=9372, stack(0x000000ea4c800000,0x000000ea4c900000)]
  0x00000267a120e800 JavaThread "Unconstrained build operations Thread 22" [_thread_blocked, id=12908, stack(0x000000ea4c900000,0x000000ea4ca00000)]
  0x00000267a120b000 JavaThread "Unconstrained build operations Thread 23" [_thread_blocked, id=7928, stack(0x000000ea4ca00000,0x000000ea4cb00000)]
  0x00000267a120a800 JavaThread "Unconstrained build operations Thread 24" [_thread_blocked, id=8248, stack(0x000000ea4cb00000,0x000000ea4cc00000)]
  0x00000267a1211800 JavaThread "Unconstrained build operations Thread 25" [_thread_blocked, id=14020, stack(0x000000ea4cc00000,0x000000ea4cd00000)]
  0x00000267a120c000 JavaThread "Unconstrained build operations Thread 26" [_thread_blocked, id=2708, stack(0x000000ea4cd00000,0x000000ea4ce00000)]
  0x00000267a120c800 JavaThread "Unconstrained build operations Thread 27" [_thread_blocked, id=6640, stack(0x000000ea4ce00000,0x000000ea4cf00000)]
  0x00000267a1212800 JavaThread "Unconstrained build operations Thread 28" [_thread_blocked, id=14316, stack(0x000000ea4cf00000,0x000000ea4d000000)]
  0x00000267a1213800 JavaThread "Unconstrained build operations Thread 29" [_thread_blocked, id=9732, stack(0x000000ea4d000000,0x000000ea4d100000)]
  0x00000267a1210000 JavaThread "Unconstrained build operations Thread 30" [_thread_blocked, id=13844, stack(0x000000ea4d100000,0x000000ea4d200000)]
  0x00000267a1211000 JavaThread "Unconstrained build operations Thread 31" [_thread_blocked, id=1968, stack(0x000000ea4d200000,0x000000ea4d300000)]
  0x00000267a120d800 JavaThread "Unconstrained build operations Thread 32" [_thread_blocked, id=8632, stack(0x000000ea4d300000,0x000000ea4d400000)]
  0x00000267a1216800 JavaThread "Unconstrained build operations Thread 33" [_thread_blocked, id=14056, stack(0x000000ea4d400000,0x000000ea4d500000)]
  0x00000267a1219000 JavaThread "Unconstrained build operations Thread 34" [_thread_blocked, id=13716, stack(0x000000ea4d500000,0x000000ea4d600000)]
  0x00000267a1215800 JavaThread "Unconstrained build operations Thread 35" [_thread_blocked, id=12484, stack(0x000000ea4d600000,0x000000ea4d700000)]
  0x00000267a1215000 JavaThread "Unconstrained build operations Thread 36" [_thread_blocked, id=10820, stack(0x000000ea4d700000,0x000000ea4d800000)]
  0x00000267a1214000 JavaThread "Unconstrained build operations Thread 37" [_thread_blocked, id=12260, stack(0x000000ea4d800000,0x000000ea4d900000)]
  0x00000267a1217800 JavaThread "Unconstrained build operations Thread 38" [_thread_blocked, id=10320, stack(0x000000ea4d900000,0x000000ea4da00000)]
  0x00000267a1218000 JavaThread "Unconstrained build operations Thread 39" [_thread_blocked, id=13148, stack(0x000000ea4dc00000,0x000000ea4dd00000)]
  0x00000267a825d000 JavaThread "Unconstrained build operations Thread 40" [_thread_blocked, id=14120, stack(0x000000ea4dd00000,0x000000ea4de00000)]
  0x00000267a8261000 JavaThread "build event listener" [_thread_blocked, id=9276, stack(0x000000ea4de00000,0x000000ea4df00000)]
  0x00000267a8260800 JavaThread "Execution worker for ':'" [_thread_blocked, id=5724, stack(0x000000ea4df00000,0x000000ea4e000000)]
  0x00000267a8263800 JavaThread "Execution worker for ':' Thread 2" [_thread_blocked, id=12948, stack(0x000000ea4e000000,0x000000ea4e100000)]
  0x00000267a825e000 JavaThread "Cache worker for execution history cache (F:\MyATM\.gradle\7.2\executionHistory)" [_thread_blocked, id=14076, stack(0x000000ea4e100000,0x000000ea4e200000)]
  0x00000267a8264800 JavaThread "Execution worker for ':' Thread 3" [_thread_blocked, id=2188, stack(0x000000ea4e200000,0x000000ea4e300000)]
  0x00000267a8266000 JavaThread "WorkerExecutor Queue Thread 3" [_thread_blocked, id=7072, stack(0x000000ea4e600000,0x000000ea4e700000)]
  0x00000267a8267000 JavaThread "WorkerExecutor Queue Thread 4" [_thread_blocked, id=4852, stack(0x000000ea4e700000,0x000000ea4e800000)]
  0x00000267a8265800 JavaThread "WorkerExecutor Queue Thread 5" [_thread_blocked, id=1056, stack(0x000000ea48000000,0x000000ea48100000)]
  0x00000267a8267800 JavaThread "WorkerExecutor Queue Thread 6" [_thread_blocked, id=7892, stack(0x000000ea48200000,0x000000ea48300000)]
  0x00000267a8262000 JavaThread "pool-4-thread-1" [_thread_blocked, id=3052, stack(0x000000ea4e400000,0x000000ea4e500000)]
  0x00000267a826b000 JavaThread "stderr" [_thread_in_native, id=11576, stack(0x000000ea4e800000,0x000000ea4e900000)]
  0x00000267a8268800 JavaThread "stdout" [_thread_in_native, id=13980, stack(0x000000ea4e900000,0x000000ea4ea00000)]
  0x00000267a8269800 JavaThread "ForkJoinPool-1-worker-3" daemon [_thread_blocked, id=14164, stack(0x000000ea4ea00000,0x000000ea4eb00000)]
  0x00000267a826a000 JavaThread "ForkJoinPool-1-worker-5" daemon [_thread_blocked, id=9148, stack(0x000000ea4eb00000,0x000000ea4ec00000)]
  0x00000267a826c000 JavaThread "ForkJoinPool-1-worker-7" daemon [_thread_blocked, id=7532, stack(0x000000ea4ec00000,0x000000ea4ed00000)]
  0x00000267a865a000 JavaThread "ForkJoinPool-1-worker-1" daemon [_thread_blocked, id=368, stack(0x000000ea4ed00000,0x000000ea4ee00000)]

Other Threads:
=>0x00000267a0a77800 VMThread "VM Thread" [stack: 0x000000ea48900000,0x000000ea48a00000] [id=13852]
  0x00000267a0c9c000 WatcherThread [stack: 0x000000ea49300000,0x000000ea49400000] [id=11520]
  0x00000267fd151800 GCTaskThread "GC Thread#0" [stack: 0x000000ea48400000,0x000000ea48500000] [id=7092]
  0x00000267a14ef800 GCTaskThread "GC Thread#1" [stack: 0x000000ea49500000,0x000000ea49600000] [id=13816]
  0x00000267a1736000 GCTaskThread "GC Thread#2" [stack: 0x000000ea49600000,0x000000ea49700000] [id=6880]
  0x00000267a2402800 GCTaskThread "GC Thread#3" [stack: 0x000000ea4a400000,0x000000ea4a500000] [id=8916]
  0x00000267fd1b9000 ConcurrentGCThread "G1 Main Marker" [stack: 0x000000ea48500000,0x000000ea48600000] [id=10780]
  0x00000267fd1ba000 ConcurrentGCThread "G1 Conc#0" [stack: 0x000000ea48600000,0x000000ea48700000] [id=8488]
  0x00000267a0094800 ConcurrentGCThread "G1 Refine#0" [stack: 0x000000ea48700000,0x000000ea48800000] [id=14292]
  0x00000267a492c800 ConcurrentGCThread "G1 Refine#1" [stack: 0x000000ea4e500000,0x000000ea4e600000] [id=2728]
  0x00000267a0097000 ConcurrentGCThread "G1 Young RemSet Sampling" [stack: 0x000000ea48800000,0x000000ea48900000] [id=2596]

Threads with active compile tasks:
C1 CompilerThread0  68565 16521   !   3       java.util.concurrent.ForkJoinPool::externalPush (228 bytes)

VM state:at safepoint (normal execution)

VM Mutex/Monitor currently owned by a thread:  ([mutex/lock_event])
[0x00000267fd134e70] Threads_lock - owner thread: 0x00000267a0a77800
[0x00000267fd135020] Heap_lock - owner thread: 0x00000267a8267000

Heap address: 0x00000006e0000000, size: 4608 MB, Compressed Oops mode: Zero based, Oop shift amount: 3
Narrow klass base: 0x0000000800000000, Narrow klass shift: 0
Compressed class space size: 1073741824 Address: 0x0000000800000000

Heap:
 garbage-first heap   total 475136K, used 202240K [0x00000006e0000000, 0x0000000800000000)
  region size 1024K, 4 young (4096K), 4 survivors (4096K)
 Metaspace       used 113616K, capacity 116101K, committed 116308K, reserved 1150976K
  class space    used 14362K, capacity 15291K, committed 15360K, reserved 1048576K
Heap Regions: E=young(eden), S=young(survivor), O=old, HS=humongous(starts), HC=humongous(continues), CS=collection set, F=free, A=archive, TAMS=top-at-mark-start (previous, next)
|   0|0x00000006e0000000, 0x00000006e0100000, 0x00000006e0100000|100%|HS|  |TAMS 0x00000006e0100000, 0x00000006e0000000| Complete 
|   1|0x00000006e0100000, 0x00000006e0200000, 0x00000006e0200000|100%|HC|  |TAMS 0x00000006e0200000, 0x00000006e0100000| Complete 
|   2|0x00000006e0200000, 0x00000006e0300000, 0x00000006e0300000|100%|HC|  |TAMS 0x00000006e0300000, 0x00000006e0200000| Complete 
|   3|0x00000006e0300000, 0x00000006e0400000, 0x00000006e0400000|100%| O|  |TAMS 0x00000006e0400000, 0x00000006e0300000| Untracked 
|   4|0x00000006e0400000, 0x00000006e0500000, 0x00000006e0500000|100%| O|  |TAMS 0x00000006e0500000, 0x00000006e0400000| Untracked 
|   5|0x00000006e0500000, 0x00000006e0600000, 0x00000006e0600000|100%| O|  |TAMS 0x00000006e0600000, 0x00000006e0500000| Untracked 
|   6|0x00000006e0600000, 0x00000006e0700000, 0x00000006e0700000|100%| O|  |TAMS 0x00000006e0700000, 0x00000006e0600000| Untracked 
|   7|0x00000006e0700000, 0x00000006e0800000, 0x00000006e0800000|100%| O|  |TAMS 0x00000006e0800000, 0x00000006e0700000| Complete 
|   8|0x00000006e0800000, 0x00000006e0900000, 0x00000006e0900000|100%| O|  |TAMS 0x00000006e0900000, 0x00000006e0800000| Untracked 
|   9|0x00000006e0900000, 0x00000006e0a00000, 0x00000006e0a00000|100%| O|  |TAMS 0x00000006e0a00000, 0x00000006e0900000| Complete 
|  10|0x00000006e0a00000, 0x00000006e0b00000, 0x00000006e0b00000|100%| O|  |TAMS 0x00000006e0b00000, 0x00000006e0a00000| Complete 
|  11|0x00000006e0b00000, 0x00000006e0c00000, 0x00000006e0c00000|100%| O|  |TAMS 0x00000006e0c00000, 0x00000006e0b00000| Untracked 
|  12|0x00000006e0c00000, 0x00000006e0d00000, 0x00000006e0d00000|100%| O|  |TAMS 0x00000006e0d00000, 0x00000006e0c00000| Untracked 
|  13|0x00000006e0d00000, 0x00000006e0e00000, 0x00000006e0e00000|100%| O|  |TAMS 0x00000006e0e00000, 0x00000006e0d00000| Untracked 
|  14|0x00000006e0e00000, 0x00000006e0f00000, 0x00000006e0f00000|100%|HS|  |TAMS 0x00000006e0f00000, 0x00000006e0e00000| Complete 
|  15|0x00000006e0f00000, 0x00000006e1000000, 0x00000006e1000000|100%| O|  |TAMS 0x00000006e1000000, 0x00000006e0f00000| Untracked 
|  16|0x00000006e1000000, 0x00000006e1100000, 0x00000006e1100000|100%| O|  |TAMS 0x00000006e1100000, 0x00000006e1000000| Untracked 
|  17|0x00000006e1100000, 0x00000006e1200000, 0x00000006e1200000|100%| O|  |TAMS 0x00000006e1200000, 0x00000006e1100000| Untracked 
|  18|0x00000006e1200000, 0x00000006e1300000, 0x00000006e1300000|100%| O|  |TAMS 0x00000006e1300000, 0x00000006e1200000| Untracked 
|  19|0x00000006e1300000, 0x00000006e1400000, 0x00000006e1400000|100%| O|  |TAMS 0x00000006e1400000, 0x00000006e1300000| Complete 
|  20|0x00000006e1400000, 0x00000006e1500000, 0x00000006e1500000|100%| O|  |TAMS 0x00000006e1500000, 0x00000006e1400000| Complete 
|  21|0x00000006e1500000, 0x00000006e1600000, 0x00000006e1600000|100%| O|  |TAMS 0x00000006e1600000, 0x00000006e1500000| Untracked 
|  22|0x00000006e1600000, 0x00000006e1700000, 0x00000006e1700000|100%| O|  |TAMS 0x00000006e1700000, 0x00000006e1600000| Untracked 
|  23|0x00000006e1700000, 0x00000006e1800000, 0x00000006e1800000|100%| O|  |TAMS 0x00000006e1800000, 0x00000006e1700000| Complete 
|  24|0x00000006e1800000, 0x00000006e1900000, 0x00000006e1900000|100%|HS|  |TAMS 0x00000006e1900000, 0x00000006e1800000| Complete 
|  25|0x00000006e1900000, 0x00000006e1a00000, 0x00000006e1a00000|100%|HS|  |TAMS 0x00000006e1a00000, 0x00000006e1900000| Complete 
|  26|0x00000006e1a00000, 0x00000006e1b00000, 0x00000006e1b00000|100%|HS|  |TAMS 0x00000006e1b00000, 0x00000006e1a00000| Complete 
|  27|0x00000006e1b00000, 0x00000006e1c00000, 0x00000006e1c00000|100%|HS|  |TAMS 0x00000006e1c00000, 0x00000006e1b00000| Complete 
|  28|0x00000006e1c00000, 0x00000006e1d00000, 0x00000006e1d00000|100%|HC|  |TAMS 0x00000006e1d00000, 0x00000006e1c00000| Complete 
|  29|0x00000006e1d00000, 0x00000006e1e00000, 0x00000006e1e00000|100%|HC|  |TAMS 0x00000006e1e00000, 0x00000006e1d00000| Complete 
|  30|0x00000006e1e00000, 0x00000006e1f00000, 0x00000006e1f00000|100%|HS|  |TAMS 0x00000006e1f00000, 0x00000006e1e00000| Complete 
|  31|0x00000006e1f00000, 0x00000006e2000000, 0x00000006e2000000|100%|HC|  |TAMS 0x00000006e2000000, 0x00000006e1f00000| Complete 
|  32|0x00000006e2000000, 0x00000006e2100000, 0x00000006e2100000|100%| O|  |TAMS 0x00000006e2100000, 0x00000006e2000000| Untracked 
|  33|0x00000006e2100000, 0x00000006e2200000, 0x00000006e2200000|100%| O|  |TAMS 0x00000006e2200000, 0x00000006e2100000| Untracked 
|  34|0x00000006e2200000, 0x00000006e2300000, 0x00000006e2300000|100%| O|  |TAMS 0x00000006e2300000, 0x00000006e2200000| Untracked 
|  35|0x00000006e2300000, 0x00000006e2400000, 0x00000006e2400000|100%| O|  |TAMS 0x00000006e2400000, 0x00000006e2300000| Untracked 
|  36|0x00000006e2400000, 0x00000006e2500000, 0x00000006e2500000|100%| O|  |TAMS 0x00000006e2500000, 0x00000006e2400000| Untracked 
|  37|0x00000006e2500000, 0x00000006e2600000, 0x00000006e2600000|100%| O|  |TAMS 0x00000006e2600000, 0x00000006e2500000| Untracked 
|  38|0x00000006e2600000, 0x00000006e2700000, 0x00000006e2700000|100%| O|  |TAMS 0x00000006e2700000, 0x00000006e2600000| Complete 
|  39|0x00000006e2700000, 0x00000006e2800000, 0x00000006e2800000|100%| O|  |TAMS 0x00000006e2800000, 0x00000006e2700000| Complete 
|  40|0x00000006e2800000, 0x00000006e2900000, 0x00000006e2900000|100%| O|  |TAMS 0x00000006e2900000, 0x00000006e2800000| Untracked 
|  41|0x00000006e2900000, 0x00000006e2a00000, 0x00000006e2a00000|100%| O|  |TAMS 0x00000006e2a00000, 0x00000006e2900000| Untracked 
|  42|0x00000006e2a00000, 0x00000006e2b00000, 0x00000006e2b00000|100%| O|  |TAMS 0x00000006e2b00000, 0x00000006e2a00000| Untracked 
|  43|0x00000006e2b00000, 0x00000006e2c00000, 0x00000006e2c00000|100%| O|  |TAMS 0x00000006e2c00000, 0x00000006e2b00000| Untracked 
|  44|0x00000006e2c00000, 0x00000006e2d00000, 0x00000006e2d00000|100%| O|  |TAMS 0x00000006e2d00000, 0x00000006e2c00000| Untracked 
|  45|0x00000006e2d00000, 0x00000006e2e00000, 0x00000006e2e00000|100%| O|  |TAMS 0x00000006e2e00000, 0x00000006e2d00000| Untracked 
|  46|0x00000006e2e00000, 0x00000006e2f00000, 0x00000006e2f00000|100%| O|  |TAMS 0x00000006e2f00000, 0x00000006e2e00000| Untracked 
|  47|0x00000006e2f00000, 0x00000006e3000000, 0x00000006e3000000|100%| O|  |TAMS 0x00000006e3000000, 0x00000006e2f00000| Complete 
|  48|0x00000006e3000000, 0x00000006e3100000, 0x00000006e3100000|100%| O|  |TAMS 0x00000006e3100000, 0x00000006e3000000| Untracked 
|  49|0x00000006e3100000, 0x00000006e3200000, 0x00000006e3200000|100%| O|  |TAMS 0x00000006e3200000, 0x00000006e3100000| Complete 
|  50|0x00000006e3200000, 0x00000006e3300000, 0x00000006e3300000|100%| O|  |TAMS 0x00000006e3300000, 0x00000006e3200000| Complete 
|  51|0x00000006e3300000, 0x00000006e3400000, 0x00000006e3400000|100%| O|  |TAMS 0x00000006e3400000, 0x00000006e3300000| Untracked 
|  52|0x00000006e3400000, 0x00000006e3500000, 0x00000006e3500000|100%| O|  |TAMS 0x00000006e3500000, 0x00000006e3400000| Complete 
|  53|0x00000006e3500000, 0x00000006e3600000, 0x00000006e3600000|100%| O|  |TAMS 0x00000006e3600000, 0x00000006e3500000| Untracked 
|  54|0x00000006e3600000, 0x00000006e3700000, 0x00000006e3700000|100%| O|  |TAMS 0x00000006e3700000, 0x00000006e3600000| Complete 
|  55|0x00000006e3700000, 0x00000006e3800000, 0x00000006e3800000|100%| O|  |TAMS 0x00000006e3800000, 0x00000006e3700000| Untracked 
|  56|0x00000006e3800000, 0x00000006e3900000, 0x00000006e3900000|100%| O|  |TAMS 0x00000006e3900000, 0x00000006e3800000| Untracked 
|  57|0x00000006e3900000, 0x00000006e3a00000, 0x00000006e3a00000|100%| O|  |TAMS 0x00000006e3a00000, 0x00000006e3900000| Complete 
|  58|0x00000006e3a00000, 0x00000006e3b00000, 0x00000006e3b00000|100%| O|  |TAMS 0x00000006e3b00000, 0x00000006e3a00000| Complete 
|  59|0x00000006e3b00000, 0x00000006e3c00000, 0x00000006e3c00000|100%| O|  |TAMS 0x00000006e3c00000, 0x00000006e3b00000| Untracked 
|  60|0x00000006e3c00000, 0x00000006e3d00000, 0x00000006e3d00000|100%| O|  |TAMS 0x00000006e3d00000, 0x00000006e3c00000| Untracked 
|  61|0x00000006e3d00000, 0x00000006e3e00000, 0x00000006e3e00000|100%| O|  |TAMS 0x00000006e3e00000, 0x00000006e3d00000| Untracked 
|  62|0x00000006e3e00000, 0x00000006e3f00000, 0x00000006e3f00000|100%| O|  |TAMS 0x00000006e3f00000, 0x00000006e3e00000| Complete 
|  63|0x00000006e3f00000, 0x00000006e4000000, 0x00000006e4000000|100%| O|  |TAMS 0x00000006e4000000, 0x00000006e3f00000| Complete 
|  64|0x00000006e4000000, 0x00000006e4100000, 0x00000006e4100000|100%| O|  |TAMS 0x00000006e4100000, 0x00000006e4000000| Complete 
|  65|0x00000006e4100000, 0x00000006e4200000, 0x00000006e4200000|100%| O|  |TAMS 0x00000006e4200000, 0x00000006e4100000| Complete 
|  66|0x00000006e4200000, 0x00000006e4300000, 0x00000006e4300000|100%| O|  |TAMS 0x00000006e4300000, 0x00000006e4200000| Complete 
|  67|0x00000006e4300000, 0x00000006e4400000, 0x00000006e4400000|100%| O|  |TAMS 0x00000006e4400000, 0x00000006e4300000| Complete 
|  68|0x00000006e4400000, 0x00000006e4500000, 0x00000006e4500000|100%| O|  |TAMS 0x00000006e4500000, 0x00000006e4400000| Untracked 
|  69|0x00000006e4500000, 0x00000006e4600000, 0x00000006e4600000|100%| O|  |TAMS 0x00000006e4600000, 0x00000006e4500000| Untracked 
|  70|0x00000006e4600000, 0x00000006e4700000, 0x00000006e4700000|100%| O|  |TAMS 0x00000006e4700000, 0x00000006e4600000| Untracked 
|  71|0x00000006e4700000, 0x00000006e4800000, 0x00000006e4800000|100%| O|  |TAMS 0x00000006e4800000, 0x00000006e4700000| Untracked 
|  72|0x00000006e4800000, 0x00000006e4900000, 0x00000006e4900000|100%| O|  |TAMS 0x00000006e4900000, 0x00000006e4800000| Untracked 
|  73|0x00000006e4900000, 0x00000006e4a00000, 0x00000006e4a00000|100%| O|  |TAMS 0x00000006e4a00000, 0x00000006e4900000| Untracked 
|  74|0x00000006e4a00000, 0x00000006e4b00000, 0x00000006e4b00000|100%| O|  |TAMS 0x00000006e4b00000, 0x00000006e4a00000| Untracked 
|  75|0x00000006e4b00000, 0x00000006e4c00000, 0x00000006e4c00000|100%| O|  |TAMS 0x00000006e4c00000, 0x00000006e4b00000| Complete 
|  76|0x00000006e4c00000, 0x00000006e4d00000, 0x00000006e4d00000|100%| O|  |TAMS 0x00000006e4d00000, 0x00000006e4c00000| Untracked 
|  77|0x00000006e4d00000, 0x00000006e4e00000, 0x00000006e4e00000|100%| O|  |TAMS 0x00000006e4e00000, 0x00000006e4d00000| Complete 
|  78|0x00000006e4e00000, 0x00000006e4f00000, 0x00000006e4f00000|100%| O|  |TAMS 0x00000006e4f00000, 0x00000006e4e00000| Untracked 
|  79|0x00000006e4f00000, 0x00000006e5000000, 0x00000006e5000000|100%|HS|  |TAMS 0x00000006e5000000, 0x00000006e4f00000| Complete 
|  80|0x00000006e5000000, 0x00000006e5100000, 0x00000006e5100000|100%| O|  |TAMS 0x00000006e5100000, 0x00000006e5000000| Complete 
|  81|0x00000006e5100000, 0x00000006e5200000, 0x00000006e5200000|100%| O|  |TAMS 0x00000006e5200000, 0x00000006e5100000| Untracked 
|  82|0x00000006e5200000, 0x00000006e5300000, 0x00000006e5300000|100%| O|  |TAMS 0x00000006e5300000, 0x00000006e5200000| Untracked 
|  83|0x00000006e5300000, 0x00000006e5400000, 0x00000006e5400000|100%| O|  |TAMS 0x00000006e5400000, 0x00000006e5300000| Untracked 
|  84|0x00000006e5400000, 0x00000006e5500000, 0x00000006e5500000|100%| O|  |TAMS 0x00000006e5500000, 0x00000006e5400000| Untracked 
|  85|0x00000006e5500000, 0x00000006e5600000, 0x00000006e5600000|100%| O|  |TAMS 0x00000006e5600000, 0x00000006e5500000| Untracked 
|  86|0x00000006e5600000, 0x00000006e5700000, 0x00000006e5700000|100%| O|  |TAMS 0x00000006e5700000, 0x00000006e5600000| Untracked 
|  87|0x00000006e5700000, 0x00000006e5800000, 0x00000006e5800000|100%| O|  |TAMS 0x00000006e5800000, 0x00000006e5700000| Complete 
|  88|0x00000006e5800000, 0x00000006e5900000, 0x00000006e5900000|100%| O|  |TAMS 0x00000006e5900000, 0x00000006e5800000| Complete 
|  89|0x00000006e5900000, 0x00000006e5a00000, 0x00000006e5a00000|100%| O|  |TAMS 0x00000006e5a00000, 0x00000006e5900000| Complete 
|  90|0x00000006e5a00000, 0x00000006e5b00000, 0x00000006e5b00000|100%| O|  |TAMS 0x00000006e5b00000, 0x00000006e5a00000| Complete 
|  91|0x00000006e5b00000, 0x00000006e5c00000, 0x00000006e5c00000|100%| O|  |TAMS 0x00000006e5c00000, 0x00000006e5b00000| Untracked 
|  92|0x00000006e5c00000, 0x00000006e5d00000, 0x00000006e5d00000|100%| O|  |TAMS 0x00000006e5d00000, 0x00000006e5c00000| Untracked 
|  93|0x00000006e5d00000, 0x00000006e5e00000, 0x00000006e5e00000|100%| O|  |TAMS 0x00000006e5e00000, 0x00000006e5d00000| Untracked 
|  94|0x00000006e5e00000, 0x00000006e5f00000, 0x00000006e5f00000|100%|HS|  |TAMS 0x00000006e5f00000, 0x00000006e5e00000| Complete 
|  95|0x00000006e5f00000, 0x00000006e6000000, 0x00000006e6000000|100%|HC|  |TAMS 0x00000006e6000000, 0x00000006e5f00000| Complete 
|  96|0x00000006e6000000, 0x00000006e6100000, 0x00000006e6100000|100%| O|  |TAMS 0x00000006e6100000, 0x00000006e6000000| Complete 
|  97|0x00000006e6100000, 0x00000006e6200000, 0x00000006e6200000|100%| O|  |TAMS 0x00000006e6200000, 0x00000006e6100000| Complete 
|  98|0x00000006e6200000, 0x00000006e6300000, 0x00000006e6300000|100%|HS|  |TAMS 0x00000006e6300000, 0x00000006e6200000| Complete 
|  99|0x00000006e6300000, 0x00000006e6400000, 0x00000006e6400000|100%|HC|  |TAMS 0x00000006e6400000, 0x00000006e6300000| Complete 
| 100|0x00000006e6400000, 0x00000006e6500000, 0x00000006e6500000|100%|HS|  |TAMS 0x00000006e6500000, 0x00000006e6400000| Complete 
| 101|0x00000006e6500000, 0x00000006e6600000, 0x00000006e6600000|100%|HS|  |TAMS 0x00000006e6600000, 0x00000006e6500000| Complete 
| 102|0x00000006e6600000, 0x00000006e6700000, 0x00000006e6700000|100%|HS|  |TAMS 0x00000006e6700000, 0x00000006e6600000| Complete 
| 103|0x00000006e6700000, 0x00000006e6800000, 0x00000006e6800000|100%|HS|  |TAMS 0x00000006e6800000, 0x00000006e6700000| Complete 
| 104|0x00000006e6800000, 0x00000006e6900000, 0x00000006e6900000|100%|HC|  |TAMS 0x00000006e6900000, 0x00000006e6800000| Complete 
| 105|0x00000006e6900000, 0x00000006e6a00000, 0x00000006e6a00000|100%|HC|  |TAMS 0x00000006e6a00000, 0x00000006e6900000| Complete 
| 106|0x00000006e6a00000, 0x00000006e6b00000, 0x00000006e6b00000|100%| O|  |TAMS 0x00000006e6b00000, 0x00000006e6a00000| Untracked 
| 107|0x00000006e6b00000, 0x00000006e6c00000, 0x00000006e6c00000|100%| O|  |TAMS 0x00000006e6c00000, 0x00000006e6b00000| Untracked 
| 108|0x00000006e6c00000, 0x00000006e6d00000, 0x00000006e6d00000|100%|HS|  |TAMS 0x00000006e6d00000, 0x00000006e6c00000| Complete 
| 109|0x00000006e6d00000, 0x00000006e6e00000, 0x00000006e6e00000|100%|HC|  |TAMS 0x00000006e6e00000, 0x00000006e6d00000| Complete 
| 110|0x00000006e6e00000, 0x00000006e6f00000, 0x00000006e6f00000|100%| O|  |TAMS 0x00000006e6f00000, 0x00000006e6e00000| Untracked 
| 111|0x00000006e6f00000, 0x00000006e7000000, 0x00000006e7000000|100%|HS|  |TAMS 0x00000006e7000000, 0x00000006e6f00000| Complete 
| 112|0x00000006e7000000, 0x00000006e7100000, 0x00000006e7100000|100%|HS|  |TAMS 0x00000006e7100000, 0x00000006e7000000| Complete 
| 113|0x00000006e7100000, 0x00000006e7200000, 0x00000006e7200000|100%| O|  |TAMS 0x00000006e7200000, 0x00000006e7100000| Untracked 
| 114|0x00000006e7200000, 0x00000006e7300000, 0x00000006e7300000|100%| O|  |TAMS 0x00000006e7300000, 0x00000006e7200000| Untracked 
| 115|0x00000006e7300000, 0x00000006e7400000, 0x00000006e7400000|100%| O|  |TAMS 0x00000006e7400000, 0x00000006e7300000| Untracked 
| 116|0x00000006e7400000, 0x00000006e7500000, 0x00000006e7500000|100%| O|  |TAMS 0x00000006e7500000, 0x00000006e7400000| Complete 
| 117|0x00000006e7500000, 0x00000006e7600000, 0x00000006e7600000|100%|HS|  |TAMS 0x00000006e7600000, 0x00000006e7500000| Complete 
| 118|0x00000006e7600000, 0x00000006e7700000, 0x00000006e7700000|100%|HC|  |TAMS 0x00000006e7700000, 0x00000006e7600000| Complete 
| 119|0x00000006e7700000, 0x00000006e7800000, 0x00000006e7800000|100%| O|  |TAMS 0x00000006e7800000, 0x00000006e7700000| Untracked 
| 120|0x00000006e7800000, 0x00000006e7900000, 0x00000006e7900000|100%|HS|  |TAMS 0x00000006e7900000, 0x00000006e7800000| Complete 
| 121|0x00000006e7900000, 0x00000006e7a00000, 0x00000006e7a00000|100%| O|  |TAMS 0x00000006e7a00000, 0x00000006e7900000| Untracked 
| 122|0x00000006e7a00000, 0x00000006e7b00000, 0x00000006e7b00000|100%|HS|  |TAMS 0x00000006e7b00000, 0x00000006e7a00000| Complete 
| 123|0x00000006e7b00000, 0x00000006e7c00000, 0x00000006e7c00000|100%| O|  |TAMS 0x00000006e7c00000, 0x00000006e7b00000| Untracked 
| 124|0x00000006e7c00000, 0x00000006e7d00000, 0x00000006e7d00000|100%| O|  |TAMS 0x00000006e7d00000, 0x00000006e7c00000| Untracked 
| 125|0x00000006e7d00000, 0x00000006e7e00000, 0x00000006e7e00000|100%| O|  |TAMS 0x00000006e7e00000, 0x00000006e7d00000| Untracked 
| 126|0x00000006e7e00000, 0x00000006e7f00000, 0x00000006e7f00000|100%| O|  |TAMS 0x00000006e7f00000, 0x00000006e7e00000| Untracked 
| 127|0x00000006e7f00000, 0x00000006e8000000, 0x00000006e8000000|100%| O|  |TAMS 0x00000006e8000000, 0x00000006e7f00000| Complete 
| 128|0x00000006e8000000, 0x00000006e8100000, 0x00000006e8100000|100%|HS|  |TAMS 0x00000006e8100000, 0x00000006e8000000| Complete 
| 129|0x00000006e8100000, 0x00000006e8200000, 0x00000006e8200000|100%|HC|  |TAMS 0x00000006e8200000, 0x00000006e8100000| Complete 
| 130|0x00000006e8200000, 0x00000006e8300000, 0x00000006e8300000|100%|HC|  |TAMS 0x00000006e8300000, 0x00000006e8200000| Complete 
| 131|0x00000006e8300000, 0x00000006e8400000, 0x00000006e8400000|100%| O|  |TAMS 0x00000006e8400000, 0x00000006e8300000| Untracked 
| 132|0x00000006e8400000, 0x00000006e8500000, 0x00000006e8500000|100%| O|  |TAMS 0x00000006e8500000, 0x00000006e8400000| Untracked 
| 133|0x00000006e8500000, 0x00000006e8600000, 0x00000006e8600000|100%| O|  |TAMS 0x00000006e8600000, 0x00000006e8500000| Complete 
| 134|0x00000006e8600000, 0x00000006e8700000, 0x00000006e8700000|100%| O|  |TAMS 0x00000006e8700000, 0x00000006e8600000| Untracked 
| 135|0x00000006e8700000, 0x00000006e8800000, 0x00000006e8800000|100%| O|  |TAMS 0x00000006e8800000, 0x00000006e8700000| Untracked 
| 136|0x00000006e8800000, 0x00000006e8900000, 0x00000006e8900000|100%| O|  |TAMS 0x00000006e8900000, 0x00000006e8800000| Untracked 
| 137|0x00000006e8900000, 0x00000006e8a00000, 0x00000006e8a00000|100%| O|  |TAMS 0x00000006e8a00000, 0x00000006e8900000| Untracked 
| 138|0x00000006e8a00000, 0x00000006e8b00000, 0x00000006e8b00000|100%| O|  |TAMS 0x00000006e8b00000, 0x00000006e8a00000| Untracked 
| 139|0x00000006e8b00000, 0x00000006e8c00000, 0x00000006e8c00000|100%| O|  |TAMS 0x00000006e8c00000, 0x00000006e8b00000| Complete 
| 140|0x00000006e8c00000, 0x00000006e8d00000, 0x00000006e8d00000|100%| O|  |TAMS 0x00000006e8d00000, 0x00000006e8c00000| Untracked 
| 141|0x00000006e8d00000, 0x00000006e8e00000, 0x00000006e8e00000|100%| O|  |TAMS 0x00000006e8e00000, 0x00000006e8d00000| Untracked 
| 142|0x00000006e8e00000, 0x00000006e8f00000, 0x00000006e8f00000|100%| O|  |TAMS 0x00000006e8f00000, 0x00000006e8e00000| Untracked 
| 143|0x00000006e8f00000, 0x00000006e9000000, 0x00000006e9000000|100%| O|  |TAMS 0x00000006e9000000, 0x00000006e8f00000| Untracked 
| 144|0x00000006e9000000, 0x00000006e9100000, 0x00000006e9100000|100%| O|  |TAMS 0x00000006e9100000, 0x00000006e9000000| Untracked 
| 145|0x00000006e9100000, 0x00000006e9200000, 0x00000006e9200000|100%| O|  |TAMS 0x00000006e9200000, 0x00000006e9100000| Untracked 
| 146|0x00000006e9200000, 0x00000006e9300000, 0x00000006e9300000|100%| O|  |TAMS 0x00000006e9300000, 0x00000006e9200000| Untracked 
| 147|0x00000006e9300000, 0x00000006e9400000, 0x00000006e9400000|100%| O|  |TAMS 0x00000006e9400000, 0x00000006e9300000| Untracked 
| 148|0x00000006e9400000, 0x00000006e9500000, 0x00000006e9500000|100%| O|  |TAMS 0x00000006e9500000, 0x00000006e9400000| Untracked 
| 149|0x00000006e9500000, 0x00000006e9600000, 0x00000006e9600000|100%| O|  |TAMS 0x00000006e9600000, 0x00000006e9500000| Untracked 
| 150|0x00000006e9600000, 0x00000006e9700000, 0x00000006e9700000|100%| O|  |TAMS 0x00000006e9700000, 0x00000006e9600000| Untracked 
| 151|0x00000006e9700000, 0x00000006e9800000, 0x00000006e9800000|100%| O|  |TAMS 0x00000006e9800000, 0x00000006e9700000| Untracked 
| 152|0x00000006e9800000, 0x00000006e9900000, 0x00000006e9900000|100%| O|  |TAMS 0x00000006e9900000, 0x00000006e9800000| Untracked 
| 153|0x00000006e9900000, 0x00000006e9a00000, 0x00000006e9a00000|100%| O|  |TAMS 0x00000006e9a00000, 0x00000006e9900000| Untracked 
| 154|0x00000006e9a00000, 0x00000006e9b00000, 0x00000006e9b00000|100%| O|  |TAMS 0x00000006e9b00000, 0x00000006e9a00000| Untracked 
| 155|0x00000006e9b00000, 0x00000006e9c00000, 0x00000006e9c00000|100%| O|  |TAMS 0x00000006e9c00000, 0x00000006e9b00000| Untracked 
| 156|0x00000006e9c00000, 0x00000006e9d00000, 0x00000006e9d00000|100%| O|  |TAMS 0x00000006e9d00000, 0x00000006e9c00000| Untracked 
| 157|0x00000006e9d00000, 0x00000006e9e00000, 0x00000006e9e00000|100%| O|  |TAMS 0x00000006e9e00000, 0x00000006e9d00000| Untracked 
| 158|0x00000006e9e00000, 0x00000006e9f00000, 0x00000006e9f00000|100%| O|  |TAMS 0x00000006e9f00000, 0x00000006e9e00000| Complete 
| 159|0x00000006e9f00000, 0x00000006ea000000, 0x00000006ea000000|100%| O|  |TAMS 0x00000006ea000000, 0x00000006e9f00000| Untracked 
| 160|0x00000006ea000000, 0x00000006ea100000, 0x00000006ea100000|100%| O|  |TAMS 0x00000006ea100000, 0x00000006ea000000| Untracked 
| 161|0x00000006ea100000, 0x00000006ea200000, 0x00000006ea200000|100%| O|  |TAMS 0x00000006ea200000, 0x00000006ea100000| Untracked 
| 162|0x00000006ea200000, 0x00000006ea300000, 0x00000006ea300000|100%| O|  |TAMS 0x00000006ea300000, 0x00000006ea200000| Untracked 
| 163|0x00000006ea300000, 0x00000006ea400000, 0x00000006ea400000|100%| O|  |TAMS 0x00000006ea400000, 0x00000006ea300000| Untracked 
| 164|0x00000006ea400000, 0x00000006ea500000, 0x00000006ea500000|100%| O|  |TAMS 0x00000006ea500000, 0x00000006ea400000| Untracked 
| 165|0x00000006ea500000, 0x00000006ea600000, 0x00000006ea600000|100%| O|  |TAMS 0x00000006ea600000, 0x00000006ea500000| Untracked 
| 166|0x00000006ea600000, 0x00000006ea700000, 0x00000006ea700000|100%| O|  |TAMS 0x00000006ea700000, 0x00000006ea600000| Untracked 
| 167|0x00000006ea700000, 0x00000006ea800000, 0x00000006ea800000|100%| O|  |TAMS 0x00000006ea800000, 0x00000006ea700000| Untracked 
| 168|0x00000006ea800000, 0x00000006ea900000, 0x00000006ea900000|100%| O|  |TAMS 0x00000006ea900000, 0x00000006ea800000| Untracked 
| 169|0x00000006ea900000, 0x00000006eaa00000, 0x00000006eaa00000|100%| O|  |TAMS 0x00000006eaa00000, 0x00000006ea900000| Untracked 
| 170|0x00000006eaa00000, 0x00000006eab00000, 0x00000006eab00000|100%| O|  |TAMS 0x00000006eab00000, 0x00000006eaa00000| Untracked 
| 171|0x00000006eab00000, 0x00000006eac00000, 0x00000006eac00000|100%| O|  |TAMS 0x00000006eac00000, 0x00000006eab00000| Untracked 
| 172|0x00000006eac00000, 0x00000006ead00000, 0x00000006ead00000|100%| O|  |TAMS 0x00000006ead00000, 0x00000006eac00000| Untracked 
| 173|0x00000006ead00000, 0x00000006eae00000, 0x00000006eae00000|100%| O|  |TAMS 0x00000006eae00000, 0x00000006ead00000| Untracked 
| 174|0x00000006eae00000, 0x00000006eaf00000, 0x00000006eaf00000|100%| O|  |TAMS 0x00000006eaf00000, 0x00000006eae00000| Untracked 
| 175|0x00000006eaf00000, 0x00000006eb000000, 0x00000006eb000000|100%| O|  |TAMS 0x00000006eb000000, 0x00000006eaf00000| Untracked 
| 176|0x00000006eb000000, 0x00000006eb100000, 0x00000006eb100000|100%| O|  |TAMS 0x00000006eb100000, 0x00000006eb000000| Untracked 
| 177|0x00000006eb100000, 0x00000006eb200000, 0x00000006eb200000|100%| O|  |TAMS 0x00000006eb200000, 0x00000006eb100000| Complete 
| 178|0x00000006eb200000, 0x00000006eb300000, 0x00000006eb300000|100%| O|  |TAMS 0x00000006eb300000, 0x00000006eb200000| Untracked 
| 179|0x00000006eb300000, 0x00000006eb400000, 0x00000006eb400000|100%| O|  |TAMS 0x00000006eb400000, 0x00000006eb300000| Untracked 
| 180|0x00000006eb400000, 0x00000006eb500000, 0x00000006eb500000|100%| O|  |TAMS 0x00000006eb500000, 0x00000006eb400000| Complete 
| 181|0x00000006eb500000, 0x00000006eb600000, 0x00000006eb600000|100%| O|  |TAMS 0x00000006eb580000, 0x00000006eb500000| Untracked 
| 182|0x00000006eb600000, 0x00000006eb700000, 0x00000006eb700000|100%| O|  |TAMS 0x00000006eb600000, 0x00000006eb600000| Untracked 
| 183|0x00000006eb700000, 0x00000006eb800000, 0x00000006eb800000|100%| O|  |TAMS 0x00000006eb700000, 0x00000006eb700000| Untracked 
| 184|0x00000006eb800000, 0x00000006eb900000, 0x00000006eb900000|100%| O|  |TAMS 0x00000006eb800000, 0x00000006eb800000| Untracked 
| 185|0x00000006eb900000, 0x00000006eba00000, 0x00000006eba00000|100%| O|  |TAMS 0x00000006eb900000, 0x00000006eb900000| Untracked 
| 186|0x00000006eba00000, 0x00000006ebb00000, 0x00000006ebb00000|100%| O|  |TAMS 0x00000006eba00000, 0x00000006eba00000| Untracked 
| 187|0x00000006ebb00000, 0x00000006ebc00000, 0x00000006ebc00000|100%| O|  |TAMS 0x00000006ebb00000, 0x00000006ebb00000| Untracked 
| 188|0x00000006ebc00000, 0x00000006ebd00000, 0x00000006ebd00000|100%| O|  |TAMS 0x00000006ebc00000, 0x00000006ebc00000| Untracked 
| 189|0x00000006ebd00000, 0x00000006ebe00000, 0x00000006ebe00000|100%| O|  |TAMS 0x00000006ebd00000, 0x00000006ebd00000| Untracked 
| 190|0x00000006ebe00000, 0x00000006ebf00000, 0x00000006ebf00000|100%| O|  |TAMS 0x00000006ebe00000, 0x00000006ebe00000| Untracked 
| 191|0x00000006ebf00000, 0x00000006ec000000, 0x00000006ec000000|100%| O|  |TAMS 0x00000006ebf00000, 0x00000006ebf00000| Untracked 
| 192|0x00000006ec000000, 0x00000006ec100000, 0x00000006ec100000|100%| O|  |TAMS 0x00000006ec000000, 0x00000006ec000000| Untracked 
| 193|0x00000006ec100000, 0x00000006ec180000, 0x00000006ec200000| 50%| O|  |TAMS 0x00000006ec100000, 0x00000006ec100000| Untracked 
| 194|0x00000006ec200000, 0x00000006ec200000, 0x00000006ec300000|  0%| F|  |TAMS 0x00000006ec200000, 0x00000006ec200000| Untracked 
| 195|0x00000006ec300000, 0x00000006ec300000, 0x00000006ec400000|  0%| F|  |TAMS 0x00000006ec300000, 0x00000006ec300000| Untracked 
| 196|0x00000006ec400000, 0x00000006ec400000, 0x00000006ec500000|  0%| F|  |TAMS 0x00000006ec400000, 0x00000006ec400000| Untracked 
| 197|0x00000006ec500000, 0x00000006ec500000, 0x00000006ec600000|  0%| F|  |TAMS 0x00000006ec500000, 0x00000006ec500000| Untracked 
| 198|0x00000006ec600000, 0x00000006ec600000, 0x00000006ec700000|  0%| F|  |TAMS 0x00000006ec600000, 0x00000006ec600000| Untracked 
| 199|0x00000006ec700000, 0x00000006ec700000, 0x00000006ec800000|  0%| F|  |TAMS 0x00000006ec700000, 0x00000006ec700000| Untracked 
| 200|0x00000006ec800000, 0x00000006ec800000, 0x00000006ec900000|  0%| F|  |TAMS 0x00000006ec800000, 0x00000006ec800000| Untracked 
| 201|0x00000006ec900000, 0x00000006ec900000, 0x00000006eca00000|  0%| F|  |TAMS 0x00000006ec900000, 0x00000006ec900000| Untracked 
| 202|0x00000006eca00000, 0x00000006eca00000, 0x00000006ecb00000|  0%| F|  |TAMS 0x00000006eca00000, 0x00000006eca00000| Untracked 
| 203|0x00000006ecb00000, 0x00000006ecb00000, 0x00000006ecc00000|  0%| F|  |TAMS 0x00000006ecb00000, 0x00000006ecb00000| Untracked 
| 204|0x00000006ecc00000, 0x00000006ecc00000, 0x00000006ecd00000|  0%| F|  |TAMS 0x00000006ecc00000, 0x00000006ecc00000| Untracked 
| 205|0x00000006ecd00000, 0x00000006ecd00000, 0x00000006ece00000|  0%| F|  |TAMS 0x00000006ecd00000, 0x00000006ecd00000| Untracked 
| 206|0x00000006ece00000, 0x00000006ece00000, 0x00000006ecf00000|  0%| F|  |TAMS 0x00000006ece00000, 0x00000006ece00000| Untracked 
| 207|0x00000006ecf00000, 0x00000006ecf00000, 0x00000006ed000000|  0%| F|  |TAMS 0x00000006ecf00000, 0x00000006ecf00000| Untracked 
| 208|0x00000006ed000000, 0x00000006ed000000, 0x00000006ed100000|  0%| F|  |TAMS 0x00000006ed000000, 0x00000006ed000000| Untracked 
| 209|0x00000006ed100000, 0x00000006ed100000, 0x00000006ed200000|  0%| F|  |TAMS 0x00000006ed100000, 0x00000006ed100000| Untracked 
| 210|0x00000006ed200000, 0x00000006ed200000, 0x00000006ed300000|  0%| F|  |TAMS 0x00000006ed200000, 0x00000006ed200000| Untracked 
| 211|0x00000006ed300000, 0x00000006ed300000, 0x00000006ed400000|  0%| F|  |TAMS 0x00000006ed300000, 0x00000006ed300000| Untracked 
| 212|0x00000006ed400000, 0x00000006ed400000, 0x00000006ed500000|  0%| F|  |TAMS 0x00000006ed400000, 0x00000006ed400000| Untracked 
| 213|0x00000006ed500000, 0x00000006ed500000, 0x00000006ed600000|  0%| F|  |TAMS 0x00000006ed500000, 0x00000006ed500000| Untracked 
| 214|0x00000006ed600000, 0x00000006ed600000, 0x00000006ed700000|  0%| F|  |TAMS 0x00000006ed600000, 0x00000006ed600000| Untracked 
| 215|0x00000006ed700000, 0x00000006ed700000, 0x00000006ed800000|  0%| F|  |TAMS 0x00000006ed700000, 0x00000006ed700000| Untracked 
| 216|0x00000006ed800000, 0x00000006ed800000, 0x00000006ed900000|  0%| F|  |TAMS 0x00000006ed800000, 0x00000006ed800000| Untracked 
| 217|0x00000006ed900000, 0x00000006ed900000, 0x00000006eda00000|  0%| F|  |TAMS 0x00000006ed900000, 0x00000006ed900000| Untracked 
| 218|0x00000006eda00000, 0x00000006eda00000, 0x00000006edb00000|  0%| F|  |TAMS 0x00000006eda00000, 0x00000006eda00000| Untracked 
| 219|0x00000006edb00000, 0x00000006edb00000, 0x00000006edc00000|  0%| F|  |TAMS 0x00000006edb00000, 0x00000006edb00000| Untracked 
| 220|0x00000006edc00000, 0x00000006edc00000, 0x00000006edd00000|  0%| F|  |TAMS 0x00000006edc00000, 0x00000006edc00000| Untracked 
| 221|0x00000006edd00000, 0x00000006edd00000, 0x00000006ede00000|  0%| F|  |TAMS 0x00000006edd00000, 0x00000006edd00000| Untracked 
| 222|0x00000006ede00000, 0x00000006ede00000, 0x00000006edf00000|  0%| F|  |TAMS 0x00000006ede00000, 0x00000006ede00000| Untracked 
| 223|0x00000006edf00000, 0x00000006edf00000, 0x00000006ee000000|  0%| F|  |TAMS 0x00000006edf00000, 0x00000006edf00000| Untracked 
| 224|0x00000006ee000000, 0x00000006ee000000, 0x00000006ee100000|  0%| F|  |TAMS 0x00000006ee000000, 0x00000006ee000000| Untracked 
| 225|0x00000006ee100000, 0x00000006ee100000, 0x00000006ee200000|  0%| F|  |TAMS 0x00000006ee100000, 0x00000006ee100000| Untracked 
| 226|0x00000006ee200000, 0x00000006ee200000, 0x00000006ee300000|  0%| F|  |TAMS 0x00000006ee200000, 0x00000006ee200000| Untracked 
| 227|0x00000006ee300000, 0x00000006ee300000, 0x00000006ee400000|  0%| F|  |TAMS 0x00000006ee300000, 0x00000006ee300000| Untracked 
| 228|0x00000006ee400000, 0x00000006ee400000, 0x00000006ee500000|  0%| F|  |TAMS 0x00000006ee400000, 0x00000006ee400000| Untracked 
| 229|0x00000006ee500000, 0x00000006ee500000, 0x00000006ee600000|  0%| F|  |TAMS 0x00000006ee500000, 0x00000006ee500000| Untracked 
| 230|0x00000006ee600000, 0x00000006ee600000, 0x00000006ee700000|  0%| F|  |TAMS 0x00000006ee600000, 0x00000006ee600000| Untracked 
| 231|0x00000006ee700000, 0x00000006ee700000, 0x00000006ee800000|  0%| F|  |TAMS 0x00000006ee700000, 0x00000006ee700000| Untracked 
| 232|0x00000006ee800000, 0x00000006ee800000, 0x00000006ee900000|  0%| F|  |TAMS 0x00000006ee800000, 0x00000006ee800000| Untracked 
| 233|0x00000006ee900000, 0x00000006ee900000, 0x00000006eea00000|  0%| F|  |TAMS 0x00000006ee900000, 0x00000006ee900000| Untracked 
| 234|0x00000006eea00000, 0x00000006eea00000, 0x00000006eeb00000|  0%| F|  |TAMS 0x00000006eea00000, 0x00000006eea00000| Untracked 
| 235|0x00000006eeb00000, 0x00000006eec00000, 0x00000006eec00000|100%| S|CS|TAMS 0x00000006eeb00000, 0x00000006eeb00000| Complete 
| 236|0x00000006eec00000, 0x00000006eed00000, 0x00000006eed00000|100%| S|CS|TAMS 0x00000006eec00000, 0x00000006eec00000| Complete 
| 237|0x00000006eed00000, 0x00000006eee00000, 0x00000006eee00000|100%| S|CS|TAMS 0x00000006eed00000, 0x00000006eed00000| Complete 
| 238|0x00000006eee00000, 0x00000006eef00000, 0x00000006eef00000|100%| S|CS|TAMS 0x00000006eee00000, 0x00000006eee00000| Complete 
| 239|0x00000006eef00000, 0x00000006eef00000, 0x00000006ef000000|  0%| F|  |TAMS 0x00000006eef00000, 0x00000006eef00000| Untracked 
| 240|0x00000006ef000000, 0x00000006ef000000, 0x00000006ef100000|  0%| F|  |TAMS 0x00000006ef000000, 0x00000006ef000000| Untracked 
| 241|0x00000006ef100000, 0x00000006ef100000, 0x00000006ef200000|  0%| F|  |TAMS 0x00000006ef100000, 0x00000006ef100000| Untracked 
| 242|0x00000006ef200000, 0x00000006ef200000, 0x00000006ef300000|  0%| F|  |TAMS 0x00000006ef200000, 0x00000006ef200000| Untracked 
| 243|0x00000006ef300000, 0x00000006ef300000, 0x00000006ef400000|  0%| F|  |TAMS 0x00000006ef300000, 0x00000006ef300000| Untracked 
| 244|0x00000006ef400000, 0x00000006ef400000, 0x00000006ef500000|  0%| F|  |TAMS 0x00000006ef400000, 0x00000006ef400000| Untracked 
| 245|0x00000006ef500000, 0x00000006ef500000, 0x00000006ef600000|  0%| F|  |TAMS 0x00000006ef500000, 0x00000006ef500000| Untracked 
| 246|0x00000006ef600000, 0x00000006ef600000, 0x00000006ef700000|  0%| F|  |TAMS 0x00000006ef600000, 0x00000006ef600000| Untracked 
| 247|0x00000006ef700000, 0x00000006ef700000, 0x00000006ef800000|  0%| F|  |TAMS 0x00000006ef700000, 0x00000006ef700000| Untracked 
| 248|0x00000006ef800000, 0x00000006ef800000, 0x00000006ef900000|  0%| F|  |TAMS 0x00000006ef800000, 0x00000006ef800000| Untracked 
| 249|0x00000006ef900000, 0x00000006ef900000, 0x00000006efa00000|  0%| F|  |TAMS 0x00000006ef900000, 0x00000006ef900000| Untracked 
| 250|0x00000006efa00000, 0x00000006efa00000, 0x00000006efb00000|  0%| F|  |TAMS 0x00000006efa00000, 0x00000006efa00000| Untracked 
| 251|0x00000006efb00000, 0x00000006efb00000, 0x00000006efc00000|  0%| F|  |TAMS 0x00000006efb00000, 0x00000006efb00000| Untracked 
| 252|0x00000006efc00000, 0x00000006efc00000, 0x00000006efd00000|  0%| F|  |TAMS 0x00000006efc00000, 0x00000006efc00000| Untracked 
| 253|0x00000006efd00000, 0x00000006efd00000, 0x00000006efe00000|  0%| F|  |TAMS 0x00000006efd00000, 0x00000006efd00000| Untracked 
| 254|0x00000006efe00000, 0x00000006efe00000, 0x00000006eff00000|  0%| F|  |TAMS 0x00000006efe00000, 0x00000006efe00000| Untracked 
| 255|0x00000006eff00000, 0x00000006eff00000, 0x00000006f0000000|  0%| F|  |TAMS 0x00000006eff00000, 0x00000006eff00000| Untracked 
| 256|0x00000006f0000000, 0x00000006f0000000, 0x00000006f0100000|  0%| F|  |TAMS 0x00000006f0000000, 0x00000006f0000000| Untracked 
| 257|0x00000006f0100000, 0x00000006f0100000, 0x00000006f0200000|  0%| F|  |TAMS 0x00000006f0100000, 0x00000006f0100000| Untracked 
| 258|0x00000006f0200000, 0x00000006f0200000, 0x00000006f0300000|  0%| F|  |TAMS 0x00000006f0200000, 0x00000006f0200000| Untracked 
| 259|0x00000006f0300000, 0x00000006f0300000, 0x00000006f0400000|  0%| F|  |TAMS 0x00000006f0300000, 0x00000006f0300000| Untracked 
| 260|0x00000006f0400000, 0x00000006f0400000, 0x00000006f0500000|  0%| F|  |TAMS 0x00000006f0400000, 0x00000006f0400000| Untracked 
| 261|0x00000006f0500000, 0x00000006f0500000, 0x00000006f0600000|  0%| F|  |TAMS 0x00000006f0500000, 0x00000006f0500000| Untracked 
| 262|0x00000006f0600000, 0x00000006f0600000, 0x00000006f0700000|  0%| F|  |TAMS 0x00000006f0600000, 0x00000006f0600000| Untracked 
| 263|0x00000006f0700000, 0x00000006f0700000, 0x00000006f0800000|  0%| F|  |TAMS 0x00000006f0700000, 0x00000006f0700000| Untracked 

Card table byte_map: [0x0000026793970000,0x0000026794270000] _byte_map_base: 0x0000026790270000

Marking Bits (Prev, Next): (CMBitMap*) 0x00000267fd1a6450, (CMBitMap*) 0x00000267fd1a6418
 Prev Bits: [0x0000026799370000, 0x000002679db70000)
 Next Bits: [0x0000026794b70000, 0x0000026799370000)

Polling page: 0x0000026780000000

Metaspace:

Usage:
  Non-class:     98.45 MB capacity,    96.93 MB ( 98%) used,     1.21 MB (  1%) free+waste,   312.13 KB ( <1%) overhead. 
      Class:     14.93 MB capacity,    14.03 MB ( 94%) used,   792.69 KB (  5%) free+waste,   136.25 KB ( <1%) overhead. 
       Both:    113.38 MB capacity,   110.95 MB ( 98%) used,     1.99 MB (  2%) free+waste,   448.38 KB ( <1%) overhead. 

Virtual space:
  Non-class space:      100.00 MB reserved,      98.58 MB ( 99%) committed 
      Class space:        1.00 GB reserved,      15.00 MB (  1%) committed 
             Both:        1.10 GB reserved,     113.58 MB ( 10%) committed 

Chunk freelists:
   Non-Class:  10.00 KB
       Class:  5.00 KB
        Both:  15.00 KB

MaxMetaspaceSize: 17179869184.00 GB
CompressedClassSpaceSize: 1.00 GB

CodeHeap 'non-profiled nmethods': size=120064Kb used=10222Kb max_used=10222Kb free=109841Kb
 bounds [0x000002678b500000, 0x000002678bf00000, 0x0000026792a40000]
CodeHeap 'profiled nmethods': size=120000Kb used=36652Kb max_used=36652Kb free=83348Kb
 bounds [0x0000026783fd0000, 0x00000267863a0000, 0x000002678b500000]
CodeHeap 'non-nmethods': size=5696Kb used=2346Kb max_used=2411Kb free=3350Kb
 bounds [0x0000026783a40000, 0x0000026783cb0000, 0x0000026783fd0000]
 total_blobs=17197 nmethods=16250 adapters=858
 compilation: enabled
              stopped_count=0, restarted_count=0
 full_count=0

Compilation events (20 events):
Event: 68.034 Thread 0x00000267a0ad0800 16414       4       com.android.tools.r8.internal.Dp1$$Lambda$1192/0x0000000800e98040::a (15 bytes)
Event: 68.035 Thread 0x00000267a6126000 nmethod 16411 0x000002678bef7f90 code [0x000002678bef8140, 0x000002678bef8288]
Event: 68.035 Thread 0x00000267a6126000 16417       4       com.android.tools.r8.graph.O0::b (8 bytes)
Event: 68.036 Thread 0x00000267a6126000 nmethod 16417 0x000002678bef8410 code [0x000002678bef85a0, 0x000002678bef8618]
Event: 68.036 Thread 0x00000267a6126000 16384       4       com.android.tools.r8.code.r1::<init> (8 bytes)
Event: 68.041 Thread 0x00000267a6126000 nmethod 16384 0x000002678bef8710 code [0x000002678bef88c0, 0x000002678bef8b78]
Event: 68.041 Thread 0x00000267a6126000 16344       4       com.android.tools.r8.code.S1::<init> (13 bytes)
Event: 68.043 Thread 0x00000267a0ad0800 nmethod 16414 0x000002678bef8e90 code [0x000002678bef9060, 0x000002678bef9518]
Event: 68.052 Thread 0x00000267a6126000 nmethod 16344 0x000002678bef9910 code [0x000002678bef9ac0, 0x000002678befa038]
Event: 68.312 Thread 0x00000267a0ad0800 16513       4       java.util.concurrent.locks.AbstractQueuedSynchronizer::enq (37 bytes)
Event: 68.318 Thread 0x00000267a0ad0800 nmethod 16513 0x000002678befa610 code [0x000002678befa7c0, 0x000002678befab48]
Event: 68.363 Thread 0x00000267a0ad0800 16514       4       java.util.concurrent.ConcurrentHashMap$BaseIterator::hasNext (13 bytes)
Event: 68.363 Thread 0x00000267a0ad0800 nmethod 16514 0x000002678befac10 code [0x000002678befada0, 0x000002678befae18]
Event: 68.363 Thread 0x00000267a0ad0800 16516       4       java.util.concurrent.ConcurrentHashMap$ValueIterator::next (34 bytes)
Event: 68.370 Thread 0x00000267a0ad0800 nmethod 16516 0x000002678befae90 code [0x000002678befb040, 0x000002678befb478]
Event: 68.370 Thread 0x00000267a0ad0800 16515       4       com.android.tools.r8.graph.S0::get (2 bytes)
Event: 68.370 Thread 0x00000267a0ad0800 nmethod 16515 0x000002678befb690 code [0x000002678befb820, 0x000002678befb878]
Event: 68.417 Thread 0x00000267a0ad3000 16517       3       java.util.concurrent.ForkJoinPool::externalSubmit (62 bytes)
Event: 68.418 Thread 0x00000267a0ad3000 nmethod 16517 0x000002678639a710 code [0x000002678639a900, 0x000002678639ae68]
Event: 68.418 Thread 0x00000267a0ad3000 16521   !   3       java.util.concurrent.ForkJoinPool::externalPush (228 bytes)

GC Heap History (20 events):
Event: 60.559 GC heap after
{Heap after GC invocations=29 (full 0):
 garbage-first heap   total 225280K, used 109851K [0x00000006e0000000, 0x0000000800000000)
  region size 1024K, 4 young (4096K), 4 survivors (4096K)
 Metaspace       used 100181K, capacity 102395K, committed 102484K, reserved 1138688K
  class space    used 12492K, capacity 13289K, committed 13312K, reserved 1048576K
}
Event: 60.689 GC heap before
{Heap before GC invocations=29 (full 0):
 garbage-first heap   total 225280K, used 115995K [0x00000006e0000000, 0x0000000800000000)
  region size 1024K, 11 young (11264K), 4 survivors (4096K)
 Metaspace       used 100198K, capacity 102396K, committed 102484K, reserved 1138688K
  class space    used 12492K, capacity 13289K, committed 13312K, reserved 1048576K
}
Event: 60.698 GC heap after
{Heap after GC invocations=30 (full 0):
 garbage-first heap   total 225280K, used 100554K [0x00000006e0000000, 0x0000000800000000)
  region size 1024K, 1 young (1024K), 1 survivors (1024K)
 Metaspace       used 100198K, capacity 102396K, committed 102484K, reserved 1138688K
  class space    used 12492K, capacity 13289K, committed 13312K, reserved 1048576K
}
Event: 61.908 GC heap before
{Heap before GC invocations=30 (full 0):
 garbage-first heap   total 225280K, used 166090K [0x00000006e0000000, 0x0000000800000000)
  region size 1024K, 65 young (66560K), 1 survivors (1024K)
 Metaspace       used 103083K, capacity 105256K, committed 105428K, reserved 1140736K
  class space    used 12825K, capacity 13634K, committed 13696K, reserved 1048576K
}
Event: 61.920 GC heap after
{Heap after GC invocations=31 (full 0):
 garbage-first heap   total 225280K, used 104363K [0x00000006e0000000, 0x0000000800000000)
  region size 1024K, 5 young (5120K), 5 survivors (5120K)
 Metaspace       used 103083K, capacity 105256K, committed 105428K, reserved 1140736K
  class space    used 12825K, capacity 13634K, committed 13696K, reserved 1048576K
}
Event: 63.010 GC heap before
{Heap before GC invocations=31 (full 0):
 garbage-first heap   total 225280K, used 168875K [0x00000006e0000000, 0x0000000800000000)
  region size 1024K, 69 young (70656K), 5 survivors (5120K)
 Metaspace       used 105629K, capacity 107890K, committed 107988K, reserved 1142784K
  class space    used 13116K, capacity 13928K, committed 13952K, reserved 1048576K
}
Event: 63.025 GC heap after
{Heap after GC invocations=32 (full 0):
 garbage-first heap   total 225280K, used 108136K [0x00000006e0000000, 0x0000000800000000)
  region size 1024K, 8 young (8192K), 8 survivors (8192K)
 Metaspace       used 105629K, capacity 107890K, committed 107988K, reserved 1142784K
  class space    used 13116K, capacity 13928K, committed 13952K, reserved 1048576K
}
Event: 63.573 GC heap before
{Heap before GC invocations=32 (full 0):
 garbage-first heap   total 225280K, used 146024K [0x00000006e0000000, 0x0000000800000000)
  region size 1024K, 47 young (48128K), 8 survivors (8192K)
 Metaspace       used 106049K, capacity 108381K, committed 108628K, reserved 1144832K
  class space    used 13163K, capacity 14041K, committed 14080K, reserved 1048576K
}
Event: 63.591 GC heap after
{Heap after GC invocations=33 (full 0):
 garbage-first heap   total 225280K, used 111052K [0x00000006e0000000, 0x0000000800000000)
  region size 1024K, 7 young (7168K), 7 survivors (7168K)
 Metaspace       used 106049K, capacity 108381K, committed 108628K, reserved 1144832K
  class space    used 13163K, capacity 14041K, committed 14080K, reserved 1048576K
}
Event: 64.624 GC heap before
{Heap before GC invocations=34 (full 0):
 garbage-first heap   total 225280K, used 199116K [0x00000006e0000000, 0x0000000800000000)
  region size 1024K, 65 young (66560K), 7 survivors (7168K)
 Metaspace       used 109460K, capacity 111859K, committed 111956K, reserved 1146880K
  class space    used 13626K, capacity 14521K, committed 14592K, reserved 1048576K
}
Event: 64.645 GC heap after
{Heap after GC invocations=35 (full 0):
 garbage-first heap   total 225280K, used 142069K [0x00000006e0000000, 0x0000000800000000)
  region size 1024K, 9 young (9216K), 9 survivors (9216K)
 Metaspace       used 109460K, capacity 111859K, committed 111956K, reserved 1146880K
  class space    used 13626K, capacity 14521K, committed 14592K, reserved 1048576K
}
Event: 64.669 GC heap before
{Heap before GC invocations=35 (full 0):
 garbage-first heap   total 225280K, used 144117K [0x00000006e0000000, 0x0000000800000000)
  region size 1024K, 11 young (11264K), 9 survivors (9216K)
 Metaspace       used 109461K, capacity 111859K, committed 111956K, reserved 1146880K
  class space    used 13626K, capacity 14521K, committed 14592K, reserved 1048576K
}
Event: 64.688 GC heap after
{Heap after GC invocations=36 (full 0):
 garbage-first heap   total 270336K, used 137209K [0x00000006e0000000, 0x0000000800000000)
  region size 1024K, 2 young (2048K), 2 survivors (2048K)
 Metaspace       used 109461K, capacity 111859K, committed 111956K, reserved 1146880K
  class space    used 13626K, capacity 14521K, committed 14592K, reserved 1048576K
}
Event: 65.005 GC heap before
{Heap before GC invocations=36 (full 0):
 garbage-first heap   total 270336K, used 158713K [0x00000006e0000000, 0x0000000800000000)
  region size 1024K, 24 young (24576K), 2 survivors (2048K)
 Metaspace       used 109493K, capacity 111859K, committed 111956K, reserved 1146880K
  class space    used 13628K, capacity 14521K, committed 14592K, reserved 1048576K
}
Event: 65.031 GC heap after
{Heap after GC invocations=37 (full 0):
 garbage-first heap   total 270336K, used 146365K [0x00000006e0000000, 0x0000000800000000)
  region size 1024K, 9 young (9216K), 9 survivors (9216K)
 Metaspace       used 109493K, capacity 111859K, committed 111956K, reserved 1146880K
  class space    used 13628K, capacity 14521K, committed 14592K, reserved 1048576K
}
Event: 66.123 GC heap before
{Heap before GC invocations=38 (full 0):
 garbage-first heap   total 270336K, used 205757K [0x00000006e0000000, 0x0000000800000000)
  region size 1024K, 66 young (67584K), 9 survivors (9216K)
 Metaspace       used 111749K, capacity 114187K, committed 114516K, reserved 1148928K
  class space    used 14101K, capacity 14997K, committed 15104K, reserved 1048576K
}
Event: 66.199 GC heap after
{Heap after GC invocations=39 (full 0):
 garbage-first heap   total 270336K, used 171307K [0x00000006e0000000, 0x0000000800000000)
  region size 1024K, 9 young (9216K), 9 survivors (9216K)
 Metaspace       used 111749K, capacity 114187K, committed 114516K, reserved 1148928K
  class space    used 14101K, capacity 14997K, committed 15104K, reserved 1048576K
}
Event: 66.613 GC heap before
{Heap before GC invocations=39 (full 0):
 garbage-first heap   total 270336K, used 211243K [0x00000006e0000000, 0x0000000800000000)
  region size 1024K, 48 young (49152K), 9 survivors (9216K)
 Metaspace       used 111814K, capacity 114254K, committed 114516K, reserved 1148928K
  class space    used 14101K, capacity 14997K, committed 15104K, reserved 1048576K
}
Event: 66.697 GC heap after
{Heap after GC invocations=40 (full 0):
 garbage-first heap   total 270336K, used 192000K [0x00000006e0000000, 0x0000000800000000)
  region size 1024K, 6 young (6144K), 6 survivors (6144K)
 Metaspace       used 111814K, capacity 114254K, committed 114516K, reserved 1148928K
  class space    used 14101K, capacity 14997K, committed 15104K, reserved 1048576K
}
Event: 68.418 GC heap before
{Heap before GC invocations=41 (full 0):
 garbage-first heap   total 270336K, used 216576K [0x00000006e0000000, 0x0000000800000000)
  region size 1024K, 31 young (31744K), 6 survivors (6144K)
 Metaspace       used 113616K, capacity 116101K, committed 116308K, reserved 1150976K
  class space    used 14362K, capacity 15291K, committed 15360K, reserved 1048576K
}

Deoptimization events (20 events):
Event: 67.114 Thread 0x00000267a826a000 DEOPT PACKING pc=0x000002678635a211 sp=0x000000ea4ebfe710
Event: 67.114 Thread 0x00000267a826a000 DEOPT UNPACKING pc=0x0000026783a66fde sp=0x000000ea4ebfe340 mode 0
Event: 67.439 Thread 0x00000267a8267000 Uncommon trap: trap_request=0xffffffde fr.pc=0x000002678be8c3d4 relative=0x0000000000000534
Event: 67.439 Thread 0x00000267a8267000 Uncommon trap: reason=class_check action=maybe_recompile pc=0x000002678be8c3d4 method=java.util.Map.computeIfAbsent(Ljava/lang/Object;Ljava/util/function/Function;)Ljava/lang/Object; @ 34 c2
Event: 67.439 Thread 0x00000267a8267000 DEOPT PACKING pc=0x000002678be8c3d4 sp=0x000000ea4e7fdf50
Event: 67.439 Thread 0x00000267a8267000 DEOPT UNPACKING pc=0x0000026783a6682f sp=0x000000ea4e7fdf00 mode 2
Event: 67.439 Thread 0x00000267a8267000 Uncommon trap: trap_request=0xffffffde fr.pc=0x000002678be8c3d4 relative=0x0000000000000534
Event: 67.439 Thread 0x00000267a8267000 Uncommon trap: reason=class_check action=maybe_recompile pc=0x000002678be8c3d4 method=java.util.Map.computeIfAbsent(Ljava/lang/Object;Ljava/util/function/Function;)Ljava/lang/Object; @ 34 c2
Event: 67.439 Thread 0x00000267a8267000 DEOPT PACKING pc=0x000002678be8c3d4 sp=0x000000ea4e7fdf50
Event: 67.439 Thread 0x00000267a8267000 DEOPT UNPACKING pc=0x0000026783a6682f sp=0x000000ea4e7fdf00 mode 2
Event: 67.440 Thread 0x00000267a8267000 Uncommon trap: trap_request=0xffffffde fr.pc=0x000002678be8c3d4 relative=0x0000000000000534
Event: 67.440 Thread 0x00000267a8267000 Uncommon trap: reason=class_check action=maybe_recompile pc=0x000002678be8c3d4 method=java.util.Map.computeIfAbsent(Ljava/lang/Object;Ljava/util/function/Function;)Ljava/lang/Object; @ 34 c2
Event: 67.440 Thread 0x00000267a8267000 DEOPT PACKING pc=0x000002678be8c3d4 sp=0x000000ea4e7fdf50
Event: 67.440 Thread 0x00000267a8267000 DEOPT UNPACKING pc=0x0000026783a6682f sp=0x000000ea4e7fdf00 mode 2
Event: 67.440 Thread 0x00000267a8267000 Uncommon trap: trap_request=0xffffffde fr.pc=0x000002678be8c3d4 relative=0x0000000000000534
Event: 67.440 Thread 0x00000267a8267000 Uncommon trap: reason=class_check action=maybe_recompile pc=0x000002678be8c3d4 method=java.util.Map.computeIfAbsent(Ljava/lang/Object;Ljava/util/function/Function;)Ljava/lang/Object; @ 34 c2
Event: 67.440 Thread 0x00000267a8267000 DEOPT PACKING pc=0x000002678be8c3d4 sp=0x000000ea4e7fdf50
Event: 67.440 Thread 0x00000267a8267000 DEOPT UNPACKING pc=0x0000026783a6682f sp=0x000000ea4e7fdf00 mode 2
Event: 67.562 Thread 0x00000267a826c000 DEOPT PACKING pc=0x0000026786382246 sp=0x000000ea4ecff1f0
Event: 67.562 Thread 0x00000267a826c000 DEOPT UNPACKING pc=0x0000026783a66fde sp=0x000000ea4ecfe7b0 mode 0

Classes redefined (0 events):
No events

Internal exceptions (20 events):
Event: 64.325 Thread 0x00000267a8264800 Exception <a 'java/lang/NoSuchMethodError'{0x00000006ead7fec0}: <clinit>> (0x00000006ead7fec0) thrown at [./src/hotspot/share/prims/jni.cpp, line 1362]
Event: 64.374 Thread 0x00000267a8263800 Exception <a 'sun/nio/fs/WindowsException'{0x00000006eaa00ce8}> (0x00000006eaa00ce8) thrown at [./src/hotspot/share/prims/jni.cpp, line 615]
Event: 64.374 Thread 0x00000267a8263800 Exception <a 'sun/nio/fs/WindowsException'{0x00000006eaa01b38}> (0x00000006eaa01b38) thrown at [./src/hotspot/share/prims/jni.cpp, line 615]
Event: 64.374 Thread 0x00000267a8263800 Exception <a 'sun/nio/fs/WindowsException'{0x00000006eaa01d90}> (0x00000006eaa01d90) thrown at [./src/hotspot/share/prims/jni.cpp, line 615]
Event: 64.399 Thread 0x00000267a8267800 Exception <a 'java/lang/NoSuchMethodError'{0x00000006eaae3558}: 'void java.lang.invoke.DirectMethodHandle$Holder.invokeStatic(java.lang.Object, long)'> (0x00000006eaae3558) thrown at [./src/hotspot/share/interpreter/linkResolver.cpp, line 773]
Event: 64.400 Thread 0x00000267a8267800 Exception <a 'java/lang/NoSuchMethodError'{0x00000006ea924a68}: 'java.lang.Object java.lang.invoke.DirectMethodHandle$Holder.invokeStatic(java.lang.Object, long)'> (0x00000006ea924a68) thrown at [./src/hotspot/share/interpreter/linkResolver.cpp, line 773]
Event: 64.400 Thread 0x00000267a8267800 Exception <a 'java/lang/NoSuchMethodError'{0x00000006ea9493e8}: 'java.lang.Object java.lang.invoke.Invokers$Holder.linkToTargetMethod(long, java.lang.Object)'> (0x00000006ea9493e8) thrown at [./src/hotspot/share/interpreter/linkResolver.cpp, line 773]
Event: 64.402 Thread 0x00000267a8267800 Exception <a 'java/lang/NoSuchMethodError'{0x00000006ea964480}: 'java.lang.Object java.lang.invoke.DirectMethodHandle$Holder.invokeStaticInit(java.lang.Object, java.lang.Object, long, java.lang.Object)'> (0x00000006ea964480) thrown at [./src/hotspot/share/interpreter/linkResolver.cpp, line 773]
Event: 64.403 Thread 0x00000267a8267800 Exception <a 'java/lang/NoSuchMethodError'{0x00000006ea96a870}: 'java.lang.Object java.lang.invoke.DirectMethodHandle$Holder.invokeStatic(java.lang.Object, java.lang.Object, long)'> (0x00000006ea96a870) thrown at [./src/hotspot/share/interpreter/linkResolver.cpp, line 773]
Event: 64.404 Thread 0x00000267a8267800 Exception <a 'java/lang/NoSuchMethodError'{0x00000006ea971048}: 'java.lang.Object java.lang.invoke.Invokers$Holder.linkToTargetMethod(java.lang.Object, long, java.lang.Object)'> (0x00000006ea971048) thrown at [./src/hotspot/share/interpreter/linkResolver.cpp, line 773]
Event: 64.424 Thread 0x00000267a8267000 Exception <a 'java/lang/NoSuchMethodError'{0x00000006ea84a3d0}: 'java.lang.Object java.lang.invoke.DirectMethodHandle$Holder.invokeStaticInit(java.lang.Object, java.lang.Object, java.lang.Object, java.lang.Object, java.lang.Object, java.lang.Object, java.lang.Object, java.lang.Object, java.lang.Object, java.lang.Object, java.lang.Object, java.lang.Object, java.lang.Object, java.lang.Object, java.lang.Object, java.lang.Object, java.lang.Object, java.lang.Object, int, java.lang.Object, java.lang.Object)'> (0
Event: 64.444 Thread 0x00000267a37e4800 Exception <a 'sun/nio/fs/WindowsException'{0x00000006ed1ab5b0}> (0x00000006ed1ab5b0) thrown at [./src/hotspot/share/prims/jni.cpp, line 615]
Event: 64.444 Thread 0x00000267a37e4800 Exception <a 'sun/nio/fs/WindowsException'{0x00000006ed1acec0}> (0x00000006ed1acec0) thrown at [./src/hotspot/share/prims/jni.cpp, line 615]
Event: 65.187 Thread 0x00000267a8267800 Exception <a 'java/lang/NoSuchMethodError'{0x00000006f005cc40}: 'int java.lang.invoke.DirectMethodHandle$Holder.invokeSpecialIFC(java.lang.Object, java.lang.Object, java.lang.Object)'> (0x00000006f005cc40) thrown at [./src/hotspot/share/interpreter/linkResolver.cpp, line 773]
Event: 65.447 Thread 0x00000267a8269800 Exception <a 'java/lang/NoSuchMethodError'{0x00000006ef79baa8}: 'java.lang.Object java.lang.invoke.DirectMethodHandle$Holder.newInvokeSpecial(java.lang.Object, int)'> (0x00000006ef79baa8) thrown at [./src/hotspot/share/interpreter/linkResolver.cpp, line 773]
Event: 65.555 Thread 0x00000267a865a000 Exception <a 'java/lang/IncompatibleClassChangeError'{0x00000006ef7ef9a0}: Found class java.lang.Object, but interface was expected> (0x00000006ef7ef9a0) thrown at [./src/hotspot/share/interpreter/linkResolver.cpp, line 839]
Event: 65.560 Thread 0x00000267a865a000 Exception <a 'java/lang/IncompatibleClassChangeError'{0x00000006ef4d8be0}: Found class java.lang.Object, but interface was expected> (0x00000006ef4d8be0) thrown at [./src/hotspot/share/interpreter/linkResolver.cpp, line 839]
Event: 65.561 Thread 0x00000267a865a000 Exception <a 'java/lang/IncompatibleClassChangeError'{0x00000006ef4eb418}: Found class java.lang.Object, but interface was expected> (0x00000006ef4eb418) thrown at [./src/hotspot/share/interpreter/linkResolver.cpp, line 839]
Event: 67.251 Thread 0x00000267a8267000 Exception <a 'java/lang/NoSuchMethodError'{0x00000006ef403f90}: 'int java.lang.invoke.DirectMethodHandle$Holder.invokeVirtual(java.lang.Object, java.lang.Object, java.lang.Object, java.lang.Object)'> (0x00000006ef403f90) thrown at [./src/hotspot/share/interpreter/linkResolver.cpp, line 773]
Event: 67.493 Thread 0x00000267a8267000 Exception <a 'java/lang/IncompatibleClassChangeError'{0x00000006ef3e7550}: Found class java.lang.Object, but interface was expected> (0x00000006ef3e7550) thrown at [./src/hotspot/share/interpreter/linkResolver.cpp, line 839]

Events (20 events):
Event: 68.417 loading class com/android/tools/r8/graph/j0 done
Event: 68.417 loading class com/android/tools/r8/graph/j0
Event: 68.417 loading class com/android/tools/r8/graph/j0 done
Event: 68.417 loading class com/android/tools/r8/graph/j0
Event: 68.417 loading class com/android/tools/r8/graph/j0 done
Event: 68.417 loading class com/android/tools/r8/graph/j0
Event: 68.417 loading class com/android/tools/r8/graph/j0 done
Event: 68.418 loading class com/android/tools/r8/internal/lf1
Event: 68.418 loading class com/android/tools/r8/internal/lf1 done
Event: 68.418 loading class com/android/tools/r8/internal/lf1
Event: 68.418 loading class com/android/tools/r8/internal/lf1 done
Event: 68.418 loading class com/android/tools/r8/graph/P2
Event: 68.418 loading class com/android/tools/r8/graph/P2 done
Event: 68.418 loading class com/android/tools/r8/graph/j0
Event: 68.418 loading class com/android/tools/r8/graph/j0 done
Event: 68.418 loading class com/android/tools/r8/ir/conversion/r
Event: 68.418 loading class com/android/tools/r8/ir/conversion/r done
Event: 68.418 loading class com/android/tools/r8/ir/conversion/r
Event: 68.418 loading class com/android/tools/r8/ir/conversion/r done
Event: 68.418 Executing VM operation: G1CollectForAllocation


Dynamic libraries:
0x00007ff6ac1e0000 - 0x00007ff6ac1ea000 	C:\Program Files\Android\Android Studio\jre\bin\java.exe
0x00007ffa2e970000 - 0x00007ffa2eb65000 	C:\Windows\SYSTEM32\ntdll.dll
0x00007ffa2d650000 - 0x00007ffa2d70e000 	C:\Windows\System32\KERNEL32.DLL
0x00007ffa2c1e0000 - 0x00007ffa2c4a8000 	C:\Windows\System32\KERNELBASE.dll
0x00007ffa2c890000 - 0x00007ffa2c990000 	C:\Windows\System32\ucrtbase.dll
0x00007ffa19610000 - 0x00007ffa19629000 	C:\Program Files\Android\Android Studio\jre\bin\jli.dll
0x00007ffa25050000 - 0x00007ffa25067000 	C:\Program Files\Android\Android Studio\jre\bin\VCRUNTIME140.dll
0x00007ffa2e050000 - 0x00007ffa2e1f0000 	C:\Windows\System32\USER32.dll
0x00007ffa2c990000 - 0x00007ffa2c9b2000 	C:\Windows\System32\win32u.dll
0x00007ffa24830000 - 0x00007ffa24aca000 	C:\Windows\WinSxS\amd64_microsoft.windows.common-controls_6595b64144ccf1df_6.0.19041.1110_none_60b5254171f9507e\COMCTL32.dll
0x00007ffa2d4e0000 - 0x00007ffa2d50b000 	C:\Windows\System32\GDI32.dll
0x00007ffa2c5b0000 - 0x00007ffa2c6bd000 	C:\Windows\System32\gdi32full.dll
0x00007ffa2d770000 - 0x00007ffa2d80e000 	C:\Windows\System32\msvcrt.dll
0x00007ffa2c080000 - 0x00007ffa2c11d000 	C:\Windows\System32\msvcp_win.dll
0x00007ffa2df60000 - 0x00007ffa2df90000 	C:\Windows\System32\IMM32.DLL
0x00007ffa2a8e0000 - 0x00007ffa2a946000 	C:\Windows\system32\nvinitx.dll
0x00007ffa2d5a0000 - 0x00007ffa2d64e000 	C:\Windows\System32\ADVAPI32.dll
0x00007ffa2e890000 - 0x00007ffa2e92c000 	C:\Windows\System32\sechost.dll
0x00007ffa2d890000 - 0x00007ffa2d9b5000 	C:\Windows\System32\RPCRT4.dll
0x00007ff9feb40000 - 0x00007ff9febdd000 	C:\Program Files\Android\Android Studio\jre\bin\msvcp140.dll
0x00007ff9f0760000 - 0x00007ff9f1235000 	C:\Program Files\Android\Android Studio\jre\bin\server\jvm.dll
0x00007ffa2ccb0000 - 0x00007ffa2ccb8000 	C:\Windows\System32\PSAPI.DLL
0x00007ffa24ad0000 - 0x00007ffa24ada000 	C:\Windows\SYSTEM32\VERSION.dll
0x00007ffa24ae0000 - 0x00007ffa24b07000 	C:\Windows\SYSTEM32\WINMM.dll
0x00007ffa0e0c0000 - 0x00007ffa0e0c9000 	C:\Windows\SYSTEM32\WSOCK32.dll
0x00007ffa2e820000 - 0x00007ffa2e88b000 	C:\Windows\System32\WS2_32.dll
0x00007ffa29ee0000 - 0x00007ffa29ef2000 	C:\Windows\SYSTEM32\kernel.appcore.dll
0x00007ffa15130000 - 0x00007ffa15141000 	C:\Program Files\Android\Android Studio\jre\bin\verify.dll
0x00007ffa18fb0000 - 0x00007ffa19194000 	C:\Windows\SYSTEM32\DBGHELP.DLL
0x00007ffa1a330000 - 0x00007ffa1a35c000 	C:\Windows\SYSTEM32\dbgcore.DLL
0x00007ffa2c120000 - 0x00007ffa2c1a2000 	C:\Windows\System32\bcryptPrimitives.dll
0x00007ffa0be20000 - 0x00007ffa0be49000 	C:\Program Files\Android\Android Studio\jre\bin\java.dll
0x00007ffa25040000 - 0x00007ffa2504b000 	C:\Program Files\Android\Android Studio\jre\bin\jimage.dll
0x00007ffa172e0000 - 0x00007ffa172f8000 	C:\Program Files\Android\Android Studio\jre\bin\zip.dll
0x00007ffa2ccc0000 - 0x00007ffa2d404000 	C:\Windows\System32\SHELL32.dll
0x00007ffa2a0e0000 - 0x00007ffa2a874000 	C:\Windows\SYSTEM32\windows.storage.dll
0x00007ffa2e1f0000 - 0x00007ffa2e545000 	C:\Windows\System32\combase.dll
0x00007ffa2bad0000 - 0x00007ffa2bafe000 	C:\Windows\SYSTEM32\Wldp.dll
0x00007ffa2df90000 - 0x00007ffa2e03d000 	C:\Windows\System32\SHCORE.dll
0x00007ffa2d830000 - 0x00007ffa2d885000 	C:\Windows\System32\shlwapi.dll
0x00007ffa2bfc0000 - 0x00007ffa2bfdf000 	C:\Windows\SYSTEM32\profapi.dll
0x00007ffa172c0000 - 0x00007ffa172da000 	C:\Program Files\Android\Android Studio\jre\bin\net.dll
0x00007ffa24f10000 - 0x00007ffa2501c000 	C:\Windows\SYSTEM32\WINHTTP.dll
0x00007ffa2b830000 - 0x00007ffa2b89a000 	C:\Windows\system32\mswsock.dll
0x00007ffa07780000 - 0x00007ffa07794000 	C:\Program Files\Android\Android Studio\jre\bin\nio.dll
0x00007ffa07b40000 - 0x00007ffa07b67000 	C:\Users\Arun Singh Rawat\.gradle\native\e1d6ef7f7dcc3fd88c89a11ec53ec762bb8ba0a96d01ffa2cd45eb1d1d8dd5c5\windows-amd64\native-platform.dll
0x00007ff9eeeb0000 - 0x00007ff9eeff4000 	C:\Users\Arun Singh Rawat\.gradle\native\5664cfc778a61ccfe75a443a1ab52a65af34e5dc3c78e0209fed803814484fcb\windows-amd64\native-platform-file-events.dll
0x00007ffa26120000 - 0x00007ffa2612a000 	C:\Program Files\Android\Android Studio\jre\bin\management.dll
0x00007ffa1eac0000 - 0x00007ffa1eacd000 	C:\Program Files\Android\Android Studio\jre\bin\management_ext.dll
0x00007ffa2ba20000 - 0x00007ffa2ba38000 	C:\Windows\SYSTEM32\CRYPTSP.dll
0x00007ffa2b140000 - 0x00007ffa2b174000 	C:\Windows\system32\rsaenh.dll
0x00007ffa2c1b0000 - 0x00007ffa2c1d7000 	C:\Windows\System32\bcrypt.dll
0x00007ffa2bf40000 - 0x00007ffa2bf6e000 	C:\Windows\SYSTEM32\USERENV.dll
0x00007ffa2ba40000 - 0x00007ffa2ba4c000 	C:\Windows\SYSTEM32\CRYPTBASE.dll
0x00007ffa2b4d0000 - 0x00007ffa2b50b000 	C:\Windows\SYSTEM32\IPHLPAPI.DLL
0x00007ffa2e040000 - 0x00007ffa2e048000 	C:\Windows\System32\NSI.dll
0x00007ffa20a10000 - 0x00007ffa20a27000 	C:\Windows\SYSTEM32\dhcpcsvc6.DLL
0x00007ffa20ae0000 - 0x00007ffa20afd000 	C:\Windows\SYSTEM32\dhcpcsvc.DLL
0x00007ffa2b520000 - 0x00007ffa2b5eb000 	C:\Windows\SYSTEM32\DNSAPI.dll
0x00007ffa2ad50000 - 0x00007ffa2ad83000 	C:\Windows\SYSTEM32\ntmarta.dll

dbghelp: loaded successfully - version: 4.0.5 - missing functions: none
symbol engine: initialized successfully - sym options: 0x614 - pdb path: .;C:\Program Files\Android\Android Studio\jre\bin;C:\Windows\SYSTEM32;C:\Windows\WinSxS\amd64_microsoft.windows.common-controls_6595b64144ccf1df_6.0.19041.1110_none_60b5254171f9507e;C:\Program Files\Android\Android Studio\jre\bin\server;C:\Users\Arun Singh Rawat\.gradle\native\e1d6ef7f7dcc3fd88c89a11ec53ec762bb8ba0a96d01ffa2cd45eb1d1d8dd5c5\windows-amd64;C:\Users\Arun Singh Rawat\.gradle\native\5664cfc778a61ccfe75a443a1ab52a65af34e5dc3c78e0209fed803814484fcb\windows-amd64

VM Arguments:
jvm_args: --add-opens=java.base/java.util=ALL-UNNAMED --add-opens=java.base/java.lang=ALL-UNNAMED --add-opens=java.base/java.lang.invoke=ALL-UNNAMED --add-opens=java.base/java.util=ALL-UNNAMED --add-opens=java.prefs/java.util.prefs=ALL-UNNAMED --add-opens=java.prefs/java.util.prefs=ALL-UNNAMED --add-opens=java.base/java.nio.charset=ALL-UNNAMED --add-opens=java.base/java.net=ALL-UNNAMED --add-opens=java.base/java.util.concurrent.atomic=ALL-UNNAMED -Xmx4608m -Dfile.encoding=windows-1252 -Duser.country=IN -Duser.language=en -Duser.variant 
java_command: org.gradle.launcher.daemon.bootstrap.GradleDaemon 7.2
java_class_path (initial): C:\Users\Arun Singh Rawat\.gradle\wrapper\dists\gradle-7.2-bin\2dnblmf4td7x66yl1d74lt32g\gradle-7.2\lib\gradle-launcher-7.2.jar
Launcher Type: SUN_STANDARD

[Global flags]
     intx CICompilerCount                          = 3                                         {product} {ergonomic}
     uint ConcGCThreads                            = 1                                         {product} {ergonomic}
     uint G1ConcRefinementThreads                  = 4                                         {product} {ergonomic}
   size_t G1HeapRegionSize                         = 1048576                                   {product} {ergonomic}
    uintx GCDrainStackTargetSize                   = 64                                        {product} {ergonomic}
   size_t InitialHeapSize                          = 132120576                                 {product} {ergonomic}
   size_t MarkStackSize                            = 4194304                                   {product} {ergonomic}
   size_t MaxHeapSize                              = 4831838208                                {product} {command line}
   size_t MaxNewSize                               = 2898264064                                {product} {ergonomic}
   size_t MinHeapDeltaBytes                        = 1048576                                   {product} {ergonomic}
    uintx NonNMethodCodeHeapSize                   = 5830732                                {pd product} {ergonomic}
    uintx NonProfiledCodeHeapSize                  = 122913754                              {pd product} {ergonomic}
    uintx ProfiledCodeHeapSize                     = 122913754                              {pd product} {ergonomic}
    uintx ReservedCodeCacheSize                    = 251658240                              {pd product} {ergonomic}
     bool SegmentedCodeCache                       = true                                      {product} {ergonomic}
     bool UseCompressedClassPointers               = true                                 {lp64_product} {ergonomic}
     bool UseCompressedOops                        = true                                 {lp64_product} {ergonomic}
     bool UseG1GC                                  = true                                      {product} {ergonomic}
     bool UseLargePagesIndividualAllocation        = false                                  {pd product} {ergonomic}

Logging:
Log output configuration:
 #0: stdout all=warning uptime,level,tags
 #1: stderr all=off uptime,level,tags

Environment Variables:
PATH=C:\Program Files (x86)\NVIDIA Corporation\PhysX\Common;C:\Program Files (x86)\Intel\iCLS Client\;C:\Program Files\Intel\iCLS Client\;C:\Windows\system32;C:\Windows;C:\Windows\System32\Wbem;C:\Windows\System32\WindowsPowerShell\v1.0\;C:\Windows\System32\OpenSSH\;C:\Program Files\Intel\Intel(R) Management Engine Components\DAL;C:\Program Files\Intel\Intel(R) Management Engine Components\IPT;C:\Program Files (x86)\Intel\Intel(R) Management Engine Components\DAL;C:\Program Files (x86)\Intel\Intel(R) Management Engine Components\IPT;C:\Program Files (x86)\Intel\OpenCL SDK\2.0\bin\x86;C:\Program Files (x86)\Intel\OpenCL SDK\2.0\bin\x64;E:\Git\cmd;C:\Users\Arun Singh Rawat\AppData\Local\Microsoft\WindowsApps;;.;
USERNAME=Arun Singh Rawat
OS=Windows_NT
PROCESSOR_IDENTIFIER=Intel64 Family 6 Model 58 Stepping 9, GenuineIntel



---------------  S Y S T E M  ---------------

OS: Windows 10 , 64 bit Build 19041 (10.0.19041.1503)
OS uptime: 1 days 5:48 hours

CPU:total 4 (initial active 4) (2 cores per cpu, 2 threads per core) family 6 model 58 stepping 9 microcode 0x21, cmov, cx8, fxsr, mmx, sse, sse2, sse3, ssse3, sse4.1, sse4.2, popcnt, avx, clmul, erms, ht, tsc, tscinvbit, tscinv

Memory: 4k page, system-wide physical 8052M (574M free)
TotalPageFile size 11855M (AvailPageFile size 34M)
current process WorkingSet (physical memory assigned to process): 598M, peak: 616M
current process commit charge ("private bytes"): 630M, peak: 830M

vm_info: OpenJDK 64-Bit Server VM (11.0.11+9-b60-7590822) for windows-amd64 JRE (11.0.11+9-b60-7590822), built on Jul 29 2021 21:43:44 by "builder" with MS VC++ 14.0 (VS2015)

END.
