#
# There is insufficient memory for the Java Runtime Environment to continue.
# Native memory allocation (mmap) failed to map 132120576 bytes for Failed to commit area from 0x0000000082200000 to 0x000000008a000000 of length 132120576.
# Possible reasons:
#   The system is out of physical RAM or swap space
#   The process is running with CompressedOops enabled, and the Java Heap may be blocking the growth of the native heap
# Possible solutions:
#   Reduce memory load on the system
#   Increase physical memory or swap space
#   Check if swap backing store is full
#   Decrease Java heap size (-Xmx/-Xms)
#   Decrease number of Java threads
#   Decrease Java thread stack sizes (-Xss)
#   Set larger code cache with -XX:ReservedCodeCacheSize=
# This output file may be truncated or incomplete.
#
#  Out of Memory Error (./src/hotspot/os/windows/os_windows.cpp:3301), pid=12944, tid=12936
#
# JRE version:  (11.0.11+9) (build )
# Java VM: OpenJDK 64-Bit Server VM (11.0.11+9-b60-7590822, mixed mode, sharing, tiered, compressed oops, g1 gc, windows-amd64)
# No core dump will be written. Minidumps are not enabled by default on client versions of Windows
#

---------------  S U M M A R Y ------------

Command Line: org.jetbrains.kotlin.cli.jvm.K2JVMCompiler @F:\MyATM\app\build\20220602_13549259629950264982.compiler.options

Host: Intel(R) Core(TM) i5-3230M CPU @ 2.60GHz, 4 cores, 7G,  Windows 10 , 64 bit Build 19041 (10.0.19041.1503)
Time: Thu Jun  2 21:08:39 2022 India Standard Time elapsed time: 0.017120 seconds (0d 0h 0m 0s)

---------------  T H R E A D  ---------------

Current thread (0x0000019f3bcae000):  JavaThread "Unknown thread" [_thread_in_vm, id=12936, stack(0x0000002fbe000000,0x0000002fbe100000)]

Stack: [0x0000002fbe000000,0x0000002fbe100000]
Native frames: (J=compiled Java code, j=interpreted, Vv=VM code, C=native code)
V  [jvm.dll+0x5f214a]
V  [jvm.dll+0x726fb5]
V  [jvm.dll+0x7285cd]
V  [jvm.dll+0x728c83]
V  [jvm.dll+0x243278]
V  [jvm.dll+0x5ef544]
V  [jvm.dll+0x5e4495]
V  [jvm.dll+0x2fec5b]
V  [jvm.dll+0x2febca]
V  [jvm.dll+0x2feaa2]
V  [jvm.dll+0x303986]
V  [jvm.dll+0x34c3a3]
V  [jvm.dll+0x34caa6]
V  [jvm.dll+0x34c4a3]
V  [jvm.dll+0x2d9688]
V  [jvm.dll+0x2da837]
V  [jvm.dll+0x705ba7]
V  [jvm.dll+0x70739c]
V  [jvm.dll+0x3598f9]
V  [jvm.dll+0x6e931e]
V  [jvm.dll+0x3c1c43]
V  [jvm.dll+0x3c3e81]
C  [jli.dll+0x5373]
C  [ucrtbase.dll+0x21bb2]
C  [KERNEL32.DLL+0x17034]
C  [ntdll.dll+0x52651]


---------------  P R O C E S S  ---------------

Threads class SMR info:
_java_thread_list=0x0000019f3bbd40b0, length=0, elements={
}

Java Threads: ( => current thread )

Other Threads:
  0x0000019f3bd12000 GCTaskThread "GC Thread#0" [stack: 0x0000002fbe100000,0x0000002fbe200000] [id=4244]
  0x0000019f3bd42800 ConcurrentGCThread "G1 Main Marker" [stack: 0x0000002fbe200000,0x0000002fbe300000] [id=12220]
  0x0000019f3bd44800 ConcurrentGCThread "G1 Conc#0" [stack: 0x0000002fbe300000,0x0000002fbe400000] [id=13780]

[error occurred during error reporting (printing all threads), id 0xc0000005, EXCEPTION_ACCESS_VIOLATION (0xc0000005) at pc=0x00007ff9f0a49c47]

VM state:not at safepoint (not fully initialized)

VM Mutex/Monitor currently owned by a thread:  ([mutex/lock_event])
[0x0000019f3bcab790] Heap_lock - owner thread: 0x0000019f3bcae000

Heap address: 0x0000000082200000, size: 2014 MB, Compressed Oops mode: Non-zero based: 0x0000000082200000
Narrow klass base: 0x0000000000000000, Narrow klass shift: 0

GC Heap History (0 events):
No events

Deoptimization events (0 events):
No events

Classes redefined (0 events):
No events

Internal exceptions (0 events):
No events

Events (1 events):
Event: 0.012 Loaded shared library C:\Program Files\Android\Android Studio\jre\bin\zip.dll


Dynamic libraries:
0x00007ff6ac1e0000 - 0x00007ff6ac1ea000 	C:\Program Files\Android\Android Studio\jre\bin\java.exe
0x00007ffa2e970000 - 0x00007ffa2eb65000 	C:\Windows\SYSTEM32\ntdll.dll
0x00007ffa2d650000 - 0x00007ffa2d70e000 	C:\Windows\System32\KERNEL32.DLL
0x00007ffa2c1e0000 - 0x00007ffa2c4a8000 	C:\Windows\System32\KERNELBASE.dll
0x00007ffa2c890000 - 0x00007ffa2c990000 	C:\Windows\System32\ucrtbase.dll
0x00007ffa19610000 - 0x00007ffa19629000 	C:\Program Files\Android\Android Studio\jre\bin\jli.dll
0x00007ffa25050000 - 0x00007ffa25067000 	C:\Program Files\Android\Android Studio\jre\bin\VCRUNTIME140.dll
0x00007ffa2e050000 - 0x00007ffa2e1f0000 	C:\Windows\System32\USER32.dll
0x00007ffa2c990000 - 0x00007ffa2c9b2000 	C:\Windows\System32\win32u.dll
0x00007ffa2d4e0000 - 0x00007ffa2d50b000 	C:\Windows\System32\GDI32.dll
0x00007ffa24830000 - 0x00007ffa24aca000 	C:\Windows\WinSxS\amd64_microsoft.windows.common-controls_6595b64144ccf1df_6.0.19041.1110_none_60b5254171f9507e\COMCTL32.dll
0x00007ffa2c5b0000 - 0x00007ffa2c6bd000 	C:\Windows\System32\gdi32full.dll
0x00007ffa2c080000 - 0x00007ffa2c11d000 	C:\Windows\System32\msvcp_win.dll
0x00007ffa2d770000 - 0x00007ffa2d80e000 	C:\Windows\System32\msvcrt.dll
0x00007ffa2df60000 - 0x00007ffa2df90000 	C:\Windows\System32\IMM32.DLL
0x00007ffa2a8e0000 - 0x00007ffa2a946000 	C:\Windows\system32\nvinitx.dll
0x00007ffa2d5a0000 - 0x00007ffa2d64e000 	C:\Windows\System32\ADVAPI32.dll
0x00007ffa2e890000 - 0x00007ffa2e92c000 	C:\Windows\System32\sechost.dll
0x00007ffa2d890000 - 0x00007ffa2d9b5000 	C:\Windows\System32\RPCRT4.dll
0x00007ff9feb40000 - 0x00007ff9febdd000 	C:\Program Files\Android\Android Studio\jre\bin\msvcp140.dll
0x00007ff9f0760000 - 0x00007ff9f1235000 	C:\Program Files\Android\Android Studio\jre\bin\server\jvm.dll
0x00007ffa2ccb0000 - 0x00007ffa2ccb8000 	C:\Windows\System32\PSAPI.DLL
0x00007ffa24ad0000 - 0x00007ffa24ada000 	C:\Windows\SYSTEM32\VERSION.dll
0x00007ffa24ae0000 - 0x00007ffa24b07000 	C:\Windows\SYSTEM32\WINMM.dll
0x00007ffa0e0c0000 - 0x00007ffa0e0c9000 	C:\Windows\SYSTEM32\WSOCK32.dll
0x00007ffa2e820000 - 0x00007ffa2e88b000 	C:\Windows\System32\WS2_32.dll
0x00007ffa29ee0000 - 0x00007ffa29ef2000 	C:\Windows\SYSTEM32\kernel.appcore.dll
0x00007ffa15130000 - 0x00007ffa15141000 	C:\Program Files\Android\Android Studio\jre\bin\verify.dll
0x00007ffa18fb0000 - 0x00007ffa19194000 	C:\Windows\SYSTEM32\DBGHELP.DLL
0x00007ffa1a330000 - 0x00007ffa1a35c000 	C:\Windows\SYSTEM32\dbgcore.DLL
0x00007ffa2c120000 - 0x00007ffa2c1a2000 	C:\Windows\System32\bcryptPrimitives.dll
0x00007ffa0be20000 - 0x00007ffa0be49000 	C:\Program Files\Android\Android Studio\jre\bin\java.dll
0x00007ffa25040000 - 0x00007ffa2504b000 	C:\Program Files\Android\Android Studio\jre\bin\jimage.dll
0x00007ffa172e0000 - 0x00007ffa172f8000 	C:\Program Files\Android\Android Studio\jre\bin\zip.dll

dbghelp: loaded successfully - version: 4.0.5 - missing functions: none
symbol engine: initialized successfully - sym options: 0x614 - pdb path: .;C:\Program Files\Android\Android Studio\jre\bin;C:\Windows\SYSTEM32;C:\Windows\WinSxS\amd64_microsoft.windows.common-controls_6595b64144ccf1df_6.0.19041.1110_none_60b5254171f9507e;C:\Program Files\Android\Android Studio\jre\bin\server

VM Arguments:
java_command: org.jetbrains.kotlin.cli.jvm.K2JVMCompiler @F:\MyATM\app\build\20220602_13549259629950264982.compiler.options
java_class_path (initial): C:\Users\Arun Singh Rawat\.gradle\caches\modules-2\files-2.1\org.jetbrains.kotlin\kotlin-compiler-embeddable\1.6.21\97bdd5a752ce73b58ef16c17bc7f0ea2faff7a2e\kotlin-compiler-embeddable-1.6.21.jar;C:\Users\Arun Singh Rawat\.gradle\caches\modules-2\files-2.1\org.jetbrains.kotlin\kotlin-reflect\1.6.21\5dc3574d9b7bebfcb4ec6b10ada4aaa9e140bd0b\kotlin-reflect-1.6.21.jar;C:\Users\Arun Singh Rawat\.gradle\caches\modules-2\files-2.1\org.jetbrains.kotlin\kotlin-stdlib\1.6.21\11ef67f1900634fd951bad28c53ec957fabbe5b8\kotlin-stdlib-1.6.21.jar;C:\Users\Arun Singh Rawat\.gradle\caches\modules-2\files-2.1\org.jetbrains.kotlin\kotlin-script-runtime\1.6.21\99c6675100da5d6d5b1c5a1032f27f28008d101b\kotlin-script-runtime-1.6.21.jar;C:\Users\Arun Singh Rawat\.gradle\caches\modules-2\files-2.1\org.jetbrains.kotlin\kotlin-daemon-embeddable\1.6.21\46b78cf392e1c4f10854c3cadba44abb7b82250f\kotlin-daemon-embeddable-1.6.21.jar;C:\Users\Arun Singh Rawat\.gradle\caches\modules-2\files-2.1\org.jetbrains.intellij.deps\trove4j\1.0.20200330\3afb14d5f9ceb459d724e907a21145e8ff394f02\trove4j-1.0.20200330.jar;C:\Users\Arun Singh Rawat\.gradle\caches\modules-2\files-2.1\net.java.dev.jna\jna\5.6.0\330f2244e9030119ab3030fc3fededc86713d9cc\jna-5.6.0.jar;C:\Users\Arun Singh Rawat\.gradle\caches\modules-2\files-2.1\org.jetbrains.kotlin\kotlin-stdlib-common\1.6.21\5e5b55c26dbc80372a920aef60eb774b714559b8\kotlin-stdlib-common-1.6.21.jar;C:\Users\Arun Singh Rawat\.gradle\caches\modules-2\files-2.1\org.jetbrains\annotations\13.0\919f0dfe192fb4e063e7dacadee7f8bb9a2672a9\annotations-13.0.jar
Launcher Type: SUN_STANDARD

[Global flags]
     intx CICompilerCount                          = 3                                         {product} {ergonomic}
     uint ConcGCThreads                            = 1                                         {product} {ergonomic}
     uint G1ConcRefinementThreads                  = 4                                         {product} {ergonomic}
   size_t G1HeapRegionSize                         = 1048576                                   {product} {ergonomic}
    uintx GCDrainStackTargetSize                   = 64                                        {product} {ergonomic}
   size_t InitialHeapSize                          = 132120576                                 {product} {ergonomic}
   size_t MarkStackSize                            = 4194304                                   {product} {ergonomic}
   size_t MaxHeapSize                              = 2111832064                                {product} {ergonomic}
   size_t MinHeapDeltaBytes                        = 1048576                                   {product} {ergonomic}
    uintx NonNMethodCodeHeapSize                   = 5830732                                {pd product} {ergonomic}
    uintx NonProfiledCodeHeapSize                  = 122913754                              {pd product} {ergonomic}
    uintx ProfiledCodeHeapSize                     = 122913754                              {pd product} {ergonomic}
    uintx ReservedCodeCacheSize                    = 251658240                              {pd product} {ergonomic}
     bool SegmentedCodeCache                       = true                                      {product} {ergonomic}
     bool UseCompressedClassPointers               = true                                 {lp64_product} {ergonomic}
     bool UseCompressedOops                        = true                                 {lp64_product} {ergonomic}
     bool UseG1GC                                  = true                                      {product} {ergonomic}
     bool UseLargePagesIndividualAllocation        = false                                  {pd product} {ergonomic}

Logging:
Log output configuration:
 #0: stdout all=warning uptime,level,tags
 #1: stderr all=off uptime,level,tags

Environment Variables:
PATH=C:\Program Files (x86)\NVIDIA Corporation\PhysX\Common;C:\Program Files (x86)\Intel\iCLS Client\;C:\Program Files\Intel\iCLS Client\;C:\Windows\system32;C:\Windows;C:\Windows\System32\Wbem;C:\Windows\System32\WindowsPowerShell\v1.0\;C:\Windows\System32\OpenSSH\;C:\Program Files\Intel\Intel(R) Management Engine Components\DAL;C:\Program Files\Intel\Intel(R) Management Engine Components\IPT;C:\Program Files (x86)\Intel\Intel(R) Management Engine Components\DAL;C:\Program Files (x86)\Intel\Intel(R) Management Engine Components\IPT;C:\Program Files (x86)\Intel\OpenCL SDK\2.0\bin\x86;C:\Program Files (x86)\Intel\OpenCL SDK\2.0\bin\x64;E:\Git\cmd;C:\Users\Arun Singh Rawat\AppData\Local\Microsoft\WindowsApps;;.;
USERNAME=Arun Singh Rawat
OS=Windows_NT
PROCESSOR_IDENTIFIER=Intel64 Family 6 Model 58 Stepping 9, GenuineIntel



---------------  S Y S T E M  ---------------

OS: Windows 10 , 64 bit Build 19041 (10.0.19041.1503)
OS uptime: 1 days 5:45 hours

CPU:total 4 (initial active 4) (2 cores per cpu, 2 threads per core) family 6 model 58 stepping 9 microcode 0x21, cmov, cx8, fxsr, mmx, sse, sse2, sse3, ssse3, sse4.1, sse4.2, popcnt, avx, clmul, erms, ht, tsc, tscinvbit, tscinv

Memory: 4k page, system-wide physical 8052M (659M free)
TotalPageFile size 11855M (AvailPageFile size 75M)
current process WorkingSet (physical memory assigned to process): 10M, peak: 10M
current process commit charge ("private bytes"): 51M, peak: 177M

vm_info: OpenJDK 64-Bit Server VM (11.0.11+9-b60-7590822) for windows-amd64 JRE (11.0.11+9-b60-7590822), built on Jul 29 2021 21:43:44 by "builder" with MS VC++ 14.0 (VS2015)

END.
